[2025-04-10T20:42:06.888+0000] {local_task_job_runner.py:123} INFO - ::group::Pre task execution logs
[2025-04-10T20:42:06.944+0000] {taskinstance.py:2614} INFO - Dependencies all met for dep_context=non-requeueable deps ti=<TaskInstance: etl_pipeline.transform_task scheduled__2025-04-09T00:00:00+00:00 [queued]>
[2025-04-10T20:42:06.976+0000] {taskinstance.py:2614} INFO - Dependencies all met for dep_context=requeueable deps ti=<TaskInstance: etl_pipeline.transform_task scheduled__2025-04-09T00:00:00+00:00 [queued]>
[2025-04-10T20:42:06.978+0000] {taskinstance.py:2867} INFO - Starting attempt 1 of 4
[2025-04-10T20:42:07.027+0000] {taskinstance.py:2890} INFO - Executing <Task(PythonOperator): transform_task> on 2025-04-09 00:00:00+00:00
[2025-04-10T20:42:07.037+0000] {standard_task_runner.py:104} INFO - Running: ['***', 'tasks', 'run', 'etl_pipeline', 'transform_task', 'scheduled__2025-04-09T00:00:00+00:00', '--job-id', '71', '--raw', '--subdir', 'DAGS_FOLDER/etl_pipeline.py', '--cfg-path', '/tmp/tmpdhecetru']
[2025-04-10T20:42:07.041+0000] {standard_task_runner.py:105} INFO - Job 71: Subtask transform_task
[2025-04-10T20:42:07.050+0000] {logging_mixin.py:190} WARNING - /home/***/.local/lib/python3.12/site-packages/***/task/task_runner/standard_task_runner.py:70 DeprecationWarning: This process (pid=172) is multi-threaded, use of fork() may lead to deadlocks in the child.
[2025-04-10T20:42:07.065+0000] {standard_task_runner.py:72} INFO - Started process 173 to run task
[2025-04-10T20:42:07.413+0000] {task_command.py:467} INFO - Running <TaskInstance: etl_pipeline.transform_task scheduled__2025-04-09T00:00:00+00:00 [running]> on host e5bea2914fd7
[2025-04-10T20:42:07.852+0000] {taskinstance.py:3134} INFO - Exporting env vars: AIRFLOW_CTX_DAG_OWNER='***' AIRFLOW_CTX_DAG_ID='etl_pipeline' AIRFLOW_CTX_TASK_ID='transform_task' AIRFLOW_CTX_EXECUTION_DATE='2025-04-09T00:00:00+00:00' AIRFLOW_CTX_TRY_NUMBER='1' AIRFLOW_CTX_DAG_RUN_ID='scheduled__2025-04-09T00:00:00+00:00'
[2025-04-10T20:42:07.867+0000] {taskinstance.py:732} INFO - ::endgroup::
[2025-04-10T20:42:07.998+0000] {etl_pipeline.py:32} INFO - Données brutes : {'time': ['2025-04-10', '2025-04-11', '2025-04-12', '2025-04-13', '2025-04-14', '2025-04-15', '2025-04-16'], 'temperature_2m_min': [5.4, 7.4, 10.9, 12.9, 9.8, 10.1, 6.9], 'temperature_2m_max': [16.8, 21.0, 19.1, 18.4, 17.7, 15.4, 15.8], 'weather_code': [3, 0, 61, 61, 3, 80, 3], 'precipitation_sum': [0.0, 0.0, 3.8, 0.3, 0.0, 2.1, 0.0]}
[2025-04-10T20:42:08.000+0000] {etl_pipeline.py:39} INFO - Données transformées : [('2025-04-10', 5.4, 16.8, 0.0, 3), ('2025-04-11', 7.4, 21.0, 0.0, 0), ('2025-04-12', 10.9, 19.1, 3.8, 61), ('2025-04-13', 12.9, 18.4, 0.3, 61), ('2025-04-14', 9.8, 17.7, 0.0, 3), ('2025-04-15', 10.1, 15.4, 2.1, 80), ('2025-04-16', 6.9, 15.8, 0.0, 3)]
[2025-04-10T20:42:08.009+0000] {python.py:240} INFO - Done. Returned value was: [('2025-04-10', 5.4, 16.8, 0.0, 3), ('2025-04-11', 7.4, 21.0, 0.0, 0), ('2025-04-12', 10.9, 19.1, 3.8, 61), ('2025-04-13', 12.9, 18.4, 0.3, 61), ('2025-04-14', 9.8, 17.7, 0.0, 3), ('2025-04-15', 10.1, 15.4, 2.1, 80), ('2025-04-16', 6.9, 15.8, 0.0, 3)]
[2025-04-10T20:42:08.075+0000] {taskinstance.py:341} INFO - ::group::Post task execution logs
[2025-04-10T20:42:08.086+0000] {taskinstance.py:353} INFO - Marking task as SUCCESS. dag_id=etl_pipeline, task_id=transform_task, run_id=scheduled__2025-04-09T00:00:00+00:00, execution_date=20250409T000000, start_date=20250410T204206, end_date=20250410T204208
[2025-04-10T20:42:08.202+0000] {local_task_job_runner.py:266} INFO - Task exited with return code 0
[2025-04-10T20:42:08.257+0000] {taskinstance.py:3901} INFO - 1 downstream tasks scheduled from follow-on schedule check
[2025-04-10T20:42:08.263+0000] {local_task_job_runner.py:245} INFO - ::endgroup::
