[2025-04-19T23:02:43.932+0000] {local_task_job_runner.py:123} INFO - ::group::Pre task execution logs
[2025-04-19T23:02:43.959+0000] {taskinstance.py:2614} INFO - Dependencies all met for dep_context=non-requeueable deps ti=<TaskInstance: etl_pipeline.transform_task scheduled__2025-04-18T00:00:00+00:00 [queued]>
[2025-04-19T23:02:43.973+0000] {taskinstance.py:2614} INFO - Dependencies all met for dep_context=requeueable deps ti=<TaskInstance: etl_pipeline.transform_task scheduled__2025-04-18T00:00:00+00:00 [queued]>
[2025-04-19T23:02:43.974+0000] {taskinstance.py:2867} INFO - Starting attempt 1 of 4
[2025-04-19T23:02:43.994+0000] {taskinstance.py:2890} INFO - Executing <Task(PythonOperator): transform_task> on 2025-04-18 00:00:00+00:00
[2025-04-19T23:02:44.003+0000] {standard_task_runner.py:104} INFO - Running: ['***', 'tasks', 'run', 'etl_pipeline', 'transform_task', 'scheduled__2025-04-18T00:00:00+00:00', '--job-id', '98', '--raw', '--subdir', 'DAGS_FOLDER/etl_pipeline.py', '--cfg-path', '/tmp/tmpbc1ecnt4']
[2025-04-19T23:02:44.005+0000] {standard_task_runner.py:105} INFO - Job 98: Subtask transform_task
[2025-04-19T23:02:44.006+0000] {logging_mixin.py:190} WARNING - /home/***/.local/lib/python3.12/site-packages/***/task/task_runner/standard_task_runner.py:70 DeprecationWarning: This process (pid=173) is multi-threaded, use of fork() may lead to deadlocks in the child.
[2025-04-19T23:02:44.007+0000] {standard_task_runner.py:72} INFO - Started process 174 to run task
[2025-04-19T23:02:44.058+0000] {task_command.py:467} INFO - Running <TaskInstance: etl_pipeline.transform_task scheduled__2025-04-18T00:00:00+00:00 [running]> on host e5bea2914fd7
[2025-04-19T23:02:44.164+0000] {taskinstance.py:3134} INFO - Exporting env vars: AIRFLOW_CTX_DAG_OWNER='***' AIRFLOW_CTX_DAG_ID='etl_pipeline' AIRFLOW_CTX_TASK_ID='transform_task' AIRFLOW_CTX_EXECUTION_DATE='2025-04-18T00:00:00+00:00' AIRFLOW_CTX_TRY_NUMBER='1' AIRFLOW_CTX_DAG_RUN_ID='scheduled__2025-04-18T00:00:00+00:00'
[2025-04-19T23:02:44.166+0000] {taskinstance.py:732} INFO - ::endgroup::
[2025-04-19T23:02:44.194+0000] {etl_pipeline.py:32} INFO - Données brutes : {'time': ['2025-04-20', '2025-04-21', '2025-04-22', '2025-04-23', '2025-04-24', '2025-04-25', '2025-04-26'], 'temperature_2m_min': [11.2, 9.8, 8.0, 9.6, 8.4, 6.5, 9.8], 'temperature_2m_max': [17.3, 18.2, 17.8, 13.5, 18.0, 17.9, 17.3], 'weather_code': [80, 80, 3, 63, 3, 3, 2], 'precipitation_sum': [4.0, 1.4, 0.0, 13.2, 0.0, 0.0, 0.0]}
[2025-04-19T23:02:44.195+0000] {etl_pipeline.py:39} INFO - Données transformées : [('2025-04-20', 11.2, 17.3, 4.0, 80), ('2025-04-21', 9.8, 18.2, 1.4, 80), ('2025-04-22', 8.0, 17.8, 0.0, 3), ('2025-04-23', 9.6, 13.5, 13.2, 63), ('2025-04-24', 8.4, 18.0, 0.0, 3), ('2025-04-25', 6.5, 17.9, 0.0, 3), ('2025-04-26', 9.8, 17.3, 0.0, 2)]
[2025-04-19T23:02:44.196+0000] {python.py:240} INFO - Done. Returned value was: [('2025-04-20', 11.2, 17.3, 4.0, 80), ('2025-04-21', 9.8, 18.2, 1.4, 80), ('2025-04-22', 8.0, 17.8, 0.0, 3), ('2025-04-23', 9.6, 13.5, 13.2, 63), ('2025-04-24', 8.4, 18.0, 0.0, 3), ('2025-04-25', 6.5, 17.9, 0.0, 3), ('2025-04-26', 9.8, 17.3, 0.0, 2)]
[2025-04-19T23:02:44.224+0000] {taskinstance.py:341} INFO - ::group::Post task execution logs
[2025-04-19T23:02:44.225+0000] {taskinstance.py:353} INFO - Marking task as SUCCESS. dag_id=etl_pipeline, task_id=transform_task, run_id=scheduled__2025-04-18T00:00:00+00:00, execution_date=20250418T000000, start_date=20250419T230243, end_date=20250419T230244
[2025-04-19T23:02:44.263+0000] {local_task_job_runner.py:266} INFO - Task exited with return code 0
[2025-04-19T23:02:44.290+0000] {taskinstance.py:3901} INFO - 1 downstream tasks scheduled from follow-on schedule check
[2025-04-19T23:02:44.292+0000] {local_task_job_runner.py:245} INFO - ::endgroup::
