[2025-04-16T18:42:33.363+0000] {local_task_job_runner.py:123} INFO - ::group::Pre task execution logs
[2025-04-16T18:42:33.401+0000] {taskinstance.py:2614} INFO - Dependencies all met for dep_context=non-requeueable deps ti=<TaskInstance: etl_pipeline.transform_task scheduled__2025-04-15T00:00:00+00:00 [queued]>
[2025-04-16T18:42:33.419+0000] {taskinstance.py:2614} INFO - Dependencies all met for dep_context=requeueable deps ti=<TaskInstance: etl_pipeline.transform_task scheduled__2025-04-15T00:00:00+00:00 [queued]>
[2025-04-16T18:42:33.420+0000] {taskinstance.py:2867} INFO - Starting attempt 1 of 4
[2025-04-16T18:42:33.447+0000] {taskinstance.py:2890} INFO - Executing <Task(PythonOperator): transform_task> on 2025-04-15 00:00:00+00:00
[2025-04-16T18:42:33.465+0000] {standard_task_runner.py:104} INFO - Running: ['***', 'tasks', 'run', 'etl_pipeline', 'transform_task', 'scheduled__2025-04-15T00:00:00+00:00', '--job-id', '86', '--raw', '--subdir', 'DAGS_FOLDER/etl_pipeline.py', '--cfg-path', '/tmp/tmpvn_uva18']
[2025-04-16T18:42:33.480+0000] {logging_mixin.py:190} WARNING - /home/***/.local/lib/python3.12/site-packages/***/task/task_runner/standard_task_runner.py:70 DeprecationWarning: This process (pid=193) is multi-threaded, use of fork() may lead to deadlocks in the child.
[2025-04-16T18:42:33.482+0000] {standard_task_runner.py:105} INFO - Job 86: Subtask transform_task
[2025-04-16T18:42:33.490+0000] {standard_task_runner.py:72} INFO - Started process 195 to run task
[2025-04-16T18:42:33.593+0000] {task_command.py:467} INFO - Running <TaskInstance: etl_pipeline.transform_task scheduled__2025-04-15T00:00:00+00:00 [running]> on host e5bea2914fd7
[2025-04-16T18:42:33.712+0000] {taskinstance.py:3134} INFO - Exporting env vars: AIRFLOW_CTX_DAG_OWNER='***' AIRFLOW_CTX_DAG_ID='etl_pipeline' AIRFLOW_CTX_TASK_ID='transform_task' AIRFLOW_CTX_EXECUTION_DATE='2025-04-15T00:00:00+00:00' AIRFLOW_CTX_TRY_NUMBER='1' AIRFLOW_CTX_DAG_RUN_ID='scheduled__2025-04-15T00:00:00+00:00'
[2025-04-16T18:42:33.713+0000] {taskinstance.py:732} INFO - ::endgroup::
[2025-04-16T18:42:33.744+0000] {etl_pipeline.py:32} INFO - Données brutes : {'time': ['2025-04-16', '2025-04-17', '2025-04-18', '2025-04-19', '2025-04-20', '2025-04-21', '2025-04-22'], 'temperature_2m_min': [8.4, 8.8, 7.8, 7.8, 8.7, 6.9, 10.1], 'temperature_2m_max': [14.6, 16.7, 17.6, 16.8, 15.5, 19.4, 19.2], 'weather_code': [3, 3, 3, 61, 80, 45, 3], 'precipitation_sum': [0.0, 0.0, 0.0, 0.3, 3.0, 0.0, 0.0]}
[2025-04-16T18:42:33.745+0000] {etl_pipeline.py:39} INFO - Données transformées : [('2025-04-16', 8.4, 14.6, 0.0, 3), ('2025-04-17', 8.8, 16.7, 0.0, 3), ('2025-04-18', 7.8, 17.6, 0.0, 3), ('2025-04-19', 7.8, 16.8, 0.3, 61), ('2025-04-20', 8.7, 15.5, 3.0, 80), ('2025-04-21', 6.9, 19.4, 0.0, 45), ('2025-04-22', 10.1, 19.2, 0.0, 3)]
[2025-04-16T18:42:33.746+0000] {python.py:240} INFO - Done. Returned value was: [('2025-04-16', 8.4, 14.6, 0.0, 3), ('2025-04-17', 8.8, 16.7, 0.0, 3), ('2025-04-18', 7.8, 17.6, 0.0, 3), ('2025-04-19', 7.8, 16.8, 0.3, 61), ('2025-04-20', 8.7, 15.5, 3.0, 80), ('2025-04-21', 6.9, 19.4, 0.0, 45), ('2025-04-22', 10.1, 19.2, 0.0, 3)]
[2025-04-16T18:42:33.777+0000] {taskinstance.py:341} INFO - ::group::Post task execution logs
[2025-04-16T18:42:33.778+0000] {taskinstance.py:353} INFO - Marking task as SUCCESS. dag_id=etl_pipeline, task_id=transform_task, run_id=scheduled__2025-04-15T00:00:00+00:00, execution_date=20250415T000000, start_date=20250416T184233, end_date=20250416T184233
[2025-04-16T18:42:33.827+0000] {local_task_job_runner.py:266} INFO - Task exited with return code 0
[2025-04-16T18:42:33.855+0000] {taskinstance.py:3901} INFO - 1 downstream tasks scheduled from follow-on schedule check
[2025-04-16T18:42:33.857+0000] {local_task_job_runner.py:245} INFO - ::endgroup::
