[2025-04-18T00:00:16.821+0000] {processor.py:186} INFO - Started process (PID=1313) to work on /opt/airflow/dags/etl_pipeline.py
[2025-04-18T00:00:16.823+0000] {processor.py:914} INFO - Processing file /opt/airflow/dags/etl_pipeline.py for tasks to queue
[2025-04-18T00:00:16.826+0000] {logging_mixin.py:190} INFO - [2025-04-18T00:00:16.826+0000] {dagbag.py:588} INFO - Filling up the DagBag from /opt/airflow/dags/etl_pipeline.py
[2025-04-18T00:00:16.872+0000] {processor.py:925} INFO - DAG(s) 'etl_pipeline' retrieved from /opt/airflow/dags/etl_pipeline.py
[2025-04-18T00:00:16.916+0000] {logging_mixin.py:190} INFO - [2025-04-18T00:00:16.915+0000] {dag.py:3239} INFO - Sync 1 DAGs
[2025-04-18T00:00:16.962+0000] {logging_mixin.py:190} INFO - [2025-04-18T00:00:16.962+0000] {dag.py:4180} INFO - Setting next_dagrun for etl_pipeline to 2025-04-18 00:00:00+00:00, run_after=2025-04-19 00:00:00+00:00
[2025-04-18T00:00:17.002+0000] {processor.py:208} INFO - Processing /opt/airflow/dags/etl_pipeline.py took 0.192 seconds
[2025-04-18T00:00:47.476+0000] {processor.py:186} INFO - Started process (PID=1318) to work on /opt/airflow/dags/etl_pipeline.py
[2025-04-18T00:00:47.479+0000] {processor.py:914} INFO - Processing file /opt/airflow/dags/etl_pipeline.py for tasks to queue
[2025-04-18T00:00:47.484+0000] {logging_mixin.py:190} INFO - [2025-04-18T00:00:47.483+0000] {dagbag.py:588} INFO - Filling up the DagBag from /opt/airflow/dags/etl_pipeline.py
[2025-04-18T00:00:47.556+0000] {processor.py:925} INFO - DAG(s) 'etl_pipeline' retrieved from /opt/airflow/dags/etl_pipeline.py
[2025-04-18T00:00:47.609+0000] {logging_mixin.py:190} INFO - [2025-04-18T00:00:47.609+0000] {dag.py:3239} INFO - Sync 1 DAGs
[2025-04-18T00:00:47.655+0000] {logging_mixin.py:190} INFO - [2025-04-18T00:00:47.655+0000] {dag.py:4180} INFO - Setting next_dagrun for etl_pipeline to 2025-04-18 00:00:00+00:00, run_after=2025-04-19 00:00:00+00:00
[2025-04-18T00:00:47.694+0000] {processor.py:208} INFO - Processing /opt/airflow/dags/etl_pipeline.py took 0.230 seconds
[2025-04-18T00:01:18.018+0000] {processor.py:186} INFO - Started process (PID=1323) to work on /opt/airflow/dags/etl_pipeline.py
[2025-04-18T00:01:18.021+0000] {processor.py:914} INFO - Processing file /opt/airflow/dags/etl_pipeline.py for tasks to queue
[2025-04-18T00:01:18.028+0000] {logging_mixin.py:190} INFO - [2025-04-18T00:01:18.027+0000] {dagbag.py:588} INFO - Filling up the DagBag from /opt/airflow/dags/etl_pipeline.py
[2025-04-18T00:01:18.099+0000] {processor.py:925} INFO - DAG(s) 'etl_pipeline' retrieved from /opt/airflow/dags/etl_pipeline.py
[2025-04-18T00:01:18.145+0000] {logging_mixin.py:190} INFO - [2025-04-18T00:01:18.145+0000] {dag.py:3239} INFO - Sync 1 DAGs
[2025-04-18T00:01:18.188+0000] {logging_mixin.py:190} INFO - [2025-04-18T00:01:18.188+0000] {dag.py:4180} INFO - Setting next_dagrun for etl_pipeline to 2025-04-18 00:00:00+00:00, run_after=2025-04-19 00:00:00+00:00
[2025-04-18T00:01:18.231+0000] {processor.py:208} INFO - Processing /opt/airflow/dags/etl_pipeline.py took 0.230 seconds
[2025-04-18T00:01:48.697+0000] {processor.py:186} INFO - Started process (PID=1328) to work on /opt/airflow/dags/etl_pipeline.py
[2025-04-18T00:01:48.699+0000] {processor.py:914} INFO - Processing file /opt/airflow/dags/etl_pipeline.py for tasks to queue
[2025-04-18T00:01:48.706+0000] {logging_mixin.py:190} INFO - [2025-04-18T00:01:48.703+0000] {dagbag.py:588} INFO - Filling up the DagBag from /opt/airflow/dags/etl_pipeline.py
[2025-04-18T00:01:48.749+0000] {processor.py:925} INFO - DAG(s) 'etl_pipeline' retrieved from /opt/airflow/dags/etl_pipeline.py
[2025-04-18T00:01:48.793+0000] {logging_mixin.py:190} INFO - [2025-04-18T00:01:48.792+0000] {dag.py:3239} INFO - Sync 1 DAGs
[2025-04-18T00:01:48.836+0000] {logging_mixin.py:190} INFO - [2025-04-18T00:01:48.835+0000] {dag.py:4180} INFO - Setting next_dagrun for etl_pipeline to 2025-04-18 00:00:00+00:00, run_after=2025-04-19 00:00:00+00:00
[2025-04-18T00:01:48.869+0000] {processor.py:208} INFO - Processing /opt/airflow/dags/etl_pipeline.py took 0.181 seconds
[2025-04-18T00:02:19.099+0000] {processor.py:186} INFO - Started process (PID=1333) to work on /opt/airflow/dags/etl_pipeline.py
[2025-04-18T00:02:19.101+0000] {processor.py:914} INFO - Processing file /opt/airflow/dags/etl_pipeline.py for tasks to queue
[2025-04-18T00:02:19.105+0000] {logging_mixin.py:190} INFO - [2025-04-18T00:02:19.105+0000] {dagbag.py:588} INFO - Filling up the DagBag from /opt/airflow/dags/etl_pipeline.py
[2025-04-18T00:02:19.151+0000] {processor.py:925} INFO - DAG(s) 'etl_pipeline' retrieved from /opt/airflow/dags/etl_pipeline.py
[2025-04-18T00:02:19.202+0000] {logging_mixin.py:190} INFO - [2025-04-18T00:02:19.201+0000] {dag.py:3239} INFO - Sync 1 DAGs
[2025-04-18T00:02:19.244+0000] {logging_mixin.py:190} INFO - [2025-04-18T00:02:19.243+0000] {dag.py:4180} INFO - Setting next_dagrun for etl_pipeline to 2025-04-18 00:00:00+00:00, run_after=2025-04-19 00:00:00+00:00
[2025-04-18T00:02:19.279+0000] {processor.py:208} INFO - Processing /opt/airflow/dags/etl_pipeline.py took 0.187 seconds
[2025-04-18T00:02:49.778+0000] {processor.py:186} INFO - Started process (PID=1338) to work on /opt/airflow/dags/etl_pipeline.py
[2025-04-18T00:02:49.780+0000] {processor.py:914} INFO - Processing file /opt/airflow/dags/etl_pipeline.py for tasks to queue
[2025-04-18T00:02:49.783+0000] {logging_mixin.py:190} INFO - [2025-04-18T00:02:49.783+0000] {dagbag.py:588} INFO - Filling up the DagBag from /opt/airflow/dags/etl_pipeline.py
[2025-04-18T00:02:49.823+0000] {processor.py:925} INFO - DAG(s) 'etl_pipeline' retrieved from /opt/airflow/dags/etl_pipeline.py
[2025-04-18T00:02:49.870+0000] {logging_mixin.py:190} INFO - [2025-04-18T00:02:49.869+0000] {dag.py:3239} INFO - Sync 1 DAGs
[2025-04-18T00:02:49.911+0000] {logging_mixin.py:190} INFO - [2025-04-18T00:02:49.911+0000] {dag.py:4180} INFO - Setting next_dagrun for etl_pipeline to 2025-04-18 00:00:00+00:00, run_after=2025-04-19 00:00:00+00:00
[2025-04-18T00:02:49.955+0000] {processor.py:208} INFO - Processing /opt/airflow/dags/etl_pipeline.py took 0.185 seconds
[2025-04-18T00:03:20.255+0000] {processor.py:186} INFO - Started process (PID=1343) to work on /opt/airflow/dags/etl_pipeline.py
[2025-04-18T00:03:20.257+0000] {processor.py:914} INFO - Processing file /opt/airflow/dags/etl_pipeline.py for tasks to queue
[2025-04-18T00:03:20.264+0000] {logging_mixin.py:190} INFO - [2025-04-18T00:03:20.260+0000] {dagbag.py:588} INFO - Filling up the DagBag from /opt/airflow/dags/etl_pipeline.py
[2025-04-18T00:03:20.310+0000] {processor.py:925} INFO - DAG(s) 'etl_pipeline' retrieved from /opt/airflow/dags/etl_pipeline.py
[2025-04-18T00:03:20.360+0000] {logging_mixin.py:190} INFO - [2025-04-18T00:03:20.359+0000] {dag.py:3239} INFO - Sync 1 DAGs
[2025-04-18T00:03:20.407+0000] {logging_mixin.py:190} INFO - [2025-04-18T00:03:20.407+0000] {dag.py:4180} INFO - Setting next_dagrun for etl_pipeline to 2025-04-18 00:00:00+00:00, run_after=2025-04-19 00:00:00+00:00
[2025-04-18T00:03:20.448+0000] {processor.py:208} INFO - Processing /opt/airflow/dags/etl_pipeline.py took 0.201 seconds
[2025-04-18T00:03:50.931+0000] {processor.py:186} INFO - Started process (PID=1348) to work on /opt/airflow/dags/etl_pipeline.py
[2025-04-18T00:03:50.933+0000] {processor.py:914} INFO - Processing file /opt/airflow/dags/etl_pipeline.py for tasks to queue
[2025-04-18T00:03:50.937+0000] {logging_mixin.py:190} INFO - [2025-04-18T00:03:50.936+0000] {dagbag.py:588} INFO - Filling up the DagBag from /opt/airflow/dags/etl_pipeline.py
[2025-04-18T00:03:50.987+0000] {processor.py:925} INFO - DAG(s) 'etl_pipeline' retrieved from /opt/airflow/dags/etl_pipeline.py
[2025-04-18T00:03:51.031+0000] {logging_mixin.py:190} INFO - [2025-04-18T00:03:51.030+0000] {dag.py:3239} INFO - Sync 1 DAGs
[2025-04-18T00:03:51.077+0000] {logging_mixin.py:190} INFO - [2025-04-18T00:03:51.076+0000] {dag.py:4180} INFO - Setting next_dagrun for etl_pipeline to 2025-04-18 00:00:00+00:00, run_after=2025-04-19 00:00:00+00:00
[2025-04-18T00:03:51.118+0000] {processor.py:208} INFO - Processing /opt/airflow/dags/etl_pipeline.py took 0.194 seconds
[2025-04-18T00:04:21.424+0000] {processor.py:186} INFO - Started process (PID=1353) to work on /opt/airflow/dags/etl_pipeline.py
[2025-04-18T00:04:21.426+0000] {processor.py:914} INFO - Processing file /opt/airflow/dags/etl_pipeline.py for tasks to queue
[2025-04-18T00:04:21.429+0000] {logging_mixin.py:190} INFO - [2025-04-18T00:04:21.429+0000] {dagbag.py:588} INFO - Filling up the DagBag from /opt/airflow/dags/etl_pipeline.py
[2025-04-18T00:04:21.477+0000] {processor.py:925} INFO - DAG(s) 'etl_pipeline' retrieved from /opt/airflow/dags/etl_pipeline.py
[2025-04-18T00:04:21.530+0000] {logging_mixin.py:190} INFO - [2025-04-18T00:04:21.529+0000] {dag.py:3239} INFO - Sync 1 DAGs
[2025-04-18T00:04:21.575+0000] {logging_mixin.py:190} INFO - [2025-04-18T00:04:21.575+0000] {dag.py:4180} INFO - Setting next_dagrun for etl_pipeline to 2025-04-18 00:00:00+00:00, run_after=2025-04-19 00:00:00+00:00
[2025-04-18T00:04:21.622+0000] {processor.py:208} INFO - Processing /opt/airflow/dags/etl_pipeline.py took 0.206 seconds
[2025-04-18T00:04:52.122+0000] {processor.py:186} INFO - Started process (PID=1358) to work on /opt/airflow/dags/etl_pipeline.py
[2025-04-18T00:04:52.124+0000] {processor.py:914} INFO - Processing file /opt/airflow/dags/etl_pipeline.py for tasks to queue
[2025-04-18T00:04:52.128+0000] {logging_mixin.py:190} INFO - [2025-04-18T00:04:52.127+0000] {dagbag.py:588} INFO - Filling up the DagBag from /opt/airflow/dags/etl_pipeline.py
[2025-04-18T00:04:52.179+0000] {processor.py:925} INFO - DAG(s) 'etl_pipeline' retrieved from /opt/airflow/dags/etl_pipeline.py
[2025-04-18T00:04:52.237+0000] {logging_mixin.py:190} INFO - [2025-04-18T00:04:52.237+0000] {dag.py:3239} INFO - Sync 1 DAGs
[2025-04-18T00:04:52.288+0000] {logging_mixin.py:190} INFO - [2025-04-18T00:04:52.287+0000] {dag.py:4180} INFO - Setting next_dagrun for etl_pipeline to 2025-04-18 00:00:00+00:00, run_after=2025-04-19 00:00:00+00:00
[2025-04-18T00:04:52.329+0000] {processor.py:208} INFO - Processing /opt/airflow/dags/etl_pipeline.py took 0.215 seconds
[2025-04-18T00:05:22.684+0000] {processor.py:186} INFO - Started process (PID=1363) to work on /opt/airflow/dags/etl_pipeline.py
[2025-04-18T00:05:22.686+0000] {processor.py:914} INFO - Processing file /opt/airflow/dags/etl_pipeline.py for tasks to queue
[2025-04-18T00:05:22.691+0000] {logging_mixin.py:190} INFO - [2025-04-18T00:05:22.690+0000] {dagbag.py:588} INFO - Filling up the DagBag from /opt/airflow/dags/etl_pipeline.py
[2025-04-18T00:05:22.735+0000] {processor.py:925} INFO - DAG(s) 'etl_pipeline' retrieved from /opt/airflow/dags/etl_pipeline.py
[2025-04-18T00:05:22.797+0000] {logging_mixin.py:190} INFO - [2025-04-18T00:05:22.796+0000] {dag.py:3239} INFO - Sync 1 DAGs
[2025-04-18T00:05:22.839+0000] {logging_mixin.py:190} INFO - [2025-04-18T00:05:22.838+0000] {dag.py:4180} INFO - Setting next_dagrun for etl_pipeline to 2025-04-18 00:00:00+00:00, run_after=2025-04-19 00:00:00+00:00
[2025-04-18T00:05:22.877+0000] {processor.py:208} INFO - Processing /opt/airflow/dags/etl_pipeline.py took 0.203 seconds
[2025-04-18T00:05:53.261+0000] {processor.py:186} INFO - Started process (PID=1368) to work on /opt/airflow/dags/etl_pipeline.py
[2025-04-18T00:05:53.263+0000] {processor.py:914} INFO - Processing file /opt/airflow/dags/etl_pipeline.py for tasks to queue
[2025-04-18T00:05:53.267+0000] {logging_mixin.py:190} INFO - [2025-04-18T00:05:53.266+0000] {dagbag.py:588} INFO - Filling up the DagBag from /opt/airflow/dags/etl_pipeline.py
[2025-04-18T00:05:53.318+0000] {processor.py:925} INFO - DAG(s) 'etl_pipeline' retrieved from /opt/airflow/dags/etl_pipeline.py
[2025-04-18T00:05:53.372+0000] {logging_mixin.py:190} INFO - [2025-04-18T00:05:53.372+0000] {dag.py:3239} INFO - Sync 1 DAGs
[2025-04-18T00:05:53.418+0000] {logging_mixin.py:190} INFO - [2025-04-18T00:05:53.418+0000] {dag.py:4180} INFO - Setting next_dagrun for etl_pipeline to 2025-04-18 00:00:00+00:00, run_after=2025-04-19 00:00:00+00:00
[2025-04-18T00:05:53.460+0000] {processor.py:208} INFO - Processing /opt/airflow/dags/etl_pipeline.py took 0.207 seconds
[2025-04-18T00:06:23.917+0000] {processor.py:186} INFO - Started process (PID=1373) to work on /opt/airflow/dags/etl_pipeline.py
[2025-04-18T00:06:23.918+0000] {processor.py:914} INFO - Processing file /opt/airflow/dags/etl_pipeline.py for tasks to queue
[2025-04-18T00:06:23.921+0000] {logging_mixin.py:190} INFO - [2025-04-18T00:06:23.921+0000] {dagbag.py:588} INFO - Filling up the DagBag from /opt/airflow/dags/etl_pipeline.py
[2025-04-18T00:06:23.955+0000] {processor.py:925} INFO - DAG(s) 'etl_pipeline' retrieved from /opt/airflow/dags/etl_pipeline.py
[2025-04-18T00:06:24.000+0000] {logging_mixin.py:190} INFO - [2025-04-18T00:06:24.000+0000] {dag.py:3239} INFO - Sync 1 DAGs
[2025-04-18T00:06:24.047+0000] {logging_mixin.py:190} INFO - [2025-04-18T00:06:24.047+0000] {dag.py:4180} INFO - Setting next_dagrun for etl_pipeline to 2025-04-18 00:00:00+00:00, run_after=2025-04-19 00:00:00+00:00
[2025-04-18T00:06:24.090+0000] {processor.py:208} INFO - Processing /opt/airflow/dags/etl_pipeline.py took 0.181 seconds
[2025-04-18T00:06:54.456+0000] {processor.py:186} INFO - Started process (PID=1378) to work on /opt/airflow/dags/etl_pipeline.py
[2025-04-18T00:06:54.458+0000] {processor.py:914} INFO - Processing file /opt/airflow/dags/etl_pipeline.py for tasks to queue
[2025-04-18T00:06:54.464+0000] {logging_mixin.py:190} INFO - [2025-04-18T00:06:54.463+0000] {dagbag.py:588} INFO - Filling up the DagBag from /opt/airflow/dags/etl_pipeline.py
[2025-04-18T00:06:54.537+0000] {processor.py:925} INFO - DAG(s) 'etl_pipeline' retrieved from /opt/airflow/dags/etl_pipeline.py
[2025-04-18T00:06:54.604+0000] {logging_mixin.py:190} INFO - [2025-04-18T00:06:54.604+0000] {dag.py:3239} INFO - Sync 1 DAGs
[2025-04-18T00:06:54.649+0000] {logging_mixin.py:190} INFO - [2025-04-18T00:06:54.649+0000] {dag.py:4180} INFO - Setting next_dagrun for etl_pipeline to 2025-04-18 00:00:00+00:00, run_after=2025-04-19 00:00:00+00:00
[2025-04-18T00:06:54.684+0000] {processor.py:208} INFO - Processing /opt/airflow/dags/etl_pipeline.py took 0.241 seconds
[2025-04-18T00:07:25.060+0000] {processor.py:186} INFO - Started process (PID=1383) to work on /opt/airflow/dags/etl_pipeline.py
[2025-04-18T00:07:25.063+0000] {processor.py:914} INFO - Processing file /opt/airflow/dags/etl_pipeline.py for tasks to queue
[2025-04-18T00:07:25.068+0000] {logging_mixin.py:190} INFO - [2025-04-18T00:07:25.068+0000] {dagbag.py:588} INFO - Filling up the DagBag from /opt/airflow/dags/etl_pipeline.py
[2025-04-18T00:07:25.144+0000] {processor.py:925} INFO - DAG(s) 'etl_pipeline' retrieved from /opt/airflow/dags/etl_pipeline.py
[2025-04-18T00:07:25.220+0000] {logging_mixin.py:190} INFO - [2025-04-18T00:07:25.219+0000] {dag.py:3239} INFO - Sync 1 DAGs
[2025-04-18T00:07:25.297+0000] {logging_mixin.py:190} INFO - [2025-04-18T00:07:25.296+0000] {dag.py:4180} INFO - Setting next_dagrun for etl_pipeline to 2025-04-18 00:00:00+00:00, run_after=2025-04-19 00:00:00+00:00
[2025-04-18T00:07:25.361+0000] {processor.py:208} INFO - Processing /opt/airflow/dags/etl_pipeline.py took 0.316 seconds
[2025-04-18T00:07:55.640+0000] {processor.py:186} INFO - Started process (PID=1388) to work on /opt/airflow/dags/etl_pipeline.py
[2025-04-18T00:07:55.642+0000] {processor.py:914} INFO - Processing file /opt/airflow/dags/etl_pipeline.py for tasks to queue
[2025-04-18T00:07:55.645+0000] {logging_mixin.py:190} INFO - [2025-04-18T00:07:55.645+0000] {dagbag.py:588} INFO - Filling up the DagBag from /opt/airflow/dags/etl_pipeline.py
[2025-04-18T00:07:55.687+0000] {processor.py:925} INFO - DAG(s) 'etl_pipeline' retrieved from /opt/airflow/dags/etl_pipeline.py
[2025-04-18T00:07:55.736+0000] {logging_mixin.py:190} INFO - [2025-04-18T00:07:55.736+0000] {dag.py:3239} INFO - Sync 1 DAGs
[2025-04-18T00:07:55.790+0000] {logging_mixin.py:190} INFO - [2025-04-18T00:07:55.789+0000] {dag.py:4180} INFO - Setting next_dagrun for etl_pipeline to 2025-04-18 00:00:00+00:00, run_after=2025-04-19 00:00:00+00:00
[2025-04-18T00:07:55.833+0000] {processor.py:208} INFO - Processing /opt/airflow/dags/etl_pipeline.py took 0.200 seconds
[2025-04-18T00:08:26.268+0000] {processor.py:186} INFO - Started process (PID=1393) to work on /opt/airflow/dags/etl_pipeline.py
[2025-04-18T00:08:26.270+0000] {processor.py:914} INFO - Processing file /opt/airflow/dags/etl_pipeline.py for tasks to queue
[2025-04-18T00:08:26.274+0000] {logging_mixin.py:190} INFO - [2025-04-18T00:08:26.273+0000] {dagbag.py:588} INFO - Filling up the DagBag from /opt/airflow/dags/etl_pipeline.py
[2025-04-18T00:08:26.319+0000] {processor.py:925} INFO - DAG(s) 'etl_pipeline' retrieved from /opt/airflow/dags/etl_pipeline.py
[2025-04-18T00:08:26.366+0000] {logging_mixin.py:190} INFO - [2025-04-18T00:08:26.365+0000] {dag.py:3239} INFO - Sync 1 DAGs
[2025-04-18T00:08:26.409+0000] {logging_mixin.py:190} INFO - [2025-04-18T00:08:26.409+0000] {dag.py:4180} INFO - Setting next_dagrun for etl_pipeline to 2025-04-18 00:00:00+00:00, run_after=2025-04-19 00:00:00+00:00
[2025-04-18T00:08:26.449+0000] {processor.py:208} INFO - Processing /opt/airflow/dags/etl_pipeline.py took 0.189 seconds
[2025-04-18T00:08:56.762+0000] {processor.py:186} INFO - Started process (PID=1398) to work on /opt/airflow/dags/etl_pipeline.py
[2025-04-18T00:08:56.764+0000] {processor.py:914} INFO - Processing file /opt/airflow/dags/etl_pipeline.py for tasks to queue
[2025-04-18T00:08:56.768+0000] {logging_mixin.py:190} INFO - [2025-04-18T00:08:56.767+0000] {dagbag.py:588} INFO - Filling up the DagBag from /opt/airflow/dags/etl_pipeline.py
[2025-04-18T00:08:56.810+0000] {processor.py:925} INFO - DAG(s) 'etl_pipeline' retrieved from /opt/airflow/dags/etl_pipeline.py
[2025-04-18T00:08:56.855+0000] {logging_mixin.py:190} INFO - [2025-04-18T00:08:56.855+0000] {dag.py:3239} INFO - Sync 1 DAGs
[2025-04-18T00:08:56.901+0000] {logging_mixin.py:190} INFO - [2025-04-18T00:08:56.901+0000] {dag.py:4180} INFO - Setting next_dagrun for etl_pipeline to 2025-04-18 00:00:00+00:00, run_after=2025-04-19 00:00:00+00:00
[2025-04-18T00:08:56.940+0000] {processor.py:208} INFO - Processing /opt/airflow/dags/etl_pipeline.py took 0.187 seconds
[2025-04-18T00:09:27.349+0000] {processor.py:186} INFO - Started process (PID=1403) to work on /opt/airflow/dags/etl_pipeline.py
[2025-04-18T00:09:27.352+0000] {processor.py:914} INFO - Processing file /opt/airflow/dags/etl_pipeline.py for tasks to queue
[2025-04-18T00:09:27.357+0000] {logging_mixin.py:190} INFO - [2025-04-18T00:09:27.356+0000] {dagbag.py:588} INFO - Filling up the DagBag from /opt/airflow/dags/etl_pipeline.py
[2025-04-18T00:09:27.449+0000] {processor.py:925} INFO - DAG(s) 'etl_pipeline' retrieved from /opt/airflow/dags/etl_pipeline.py
[2025-04-18T00:09:27.496+0000] {logging_mixin.py:190} INFO - [2025-04-18T00:09:27.495+0000] {dag.py:3239} INFO - Sync 1 DAGs
[2025-04-18T00:09:27.536+0000] {logging_mixin.py:190} INFO - [2025-04-18T00:09:27.536+0000] {dag.py:4180} INFO - Setting next_dagrun for etl_pipeline to 2025-04-18 00:00:00+00:00, run_after=2025-04-19 00:00:00+00:00
[2025-04-18T00:09:27.575+0000] {processor.py:208} INFO - Processing /opt/airflow/dags/etl_pipeline.py took 0.239 seconds
[2025-04-18T00:09:57.974+0000] {processor.py:186} INFO - Started process (PID=1408) to work on /opt/airflow/dags/etl_pipeline.py
[2025-04-18T00:09:57.976+0000] {processor.py:914} INFO - Processing file /opt/airflow/dags/etl_pipeline.py for tasks to queue
[2025-04-18T00:09:57.980+0000] {logging_mixin.py:190} INFO - [2025-04-18T00:09:57.980+0000] {dagbag.py:588} INFO - Filling up the DagBag from /opt/airflow/dags/etl_pipeline.py
[2025-04-18T00:09:58.056+0000] {processor.py:925} INFO - DAG(s) 'etl_pipeline' retrieved from /opt/airflow/dags/etl_pipeline.py
[2025-04-18T00:09:58.102+0000] {logging_mixin.py:190} INFO - [2025-04-18T00:09:58.101+0000] {dag.py:3239} INFO - Sync 1 DAGs
[2025-04-18T00:09:58.146+0000] {logging_mixin.py:190} INFO - [2025-04-18T00:09:58.145+0000] {dag.py:4180} INFO - Setting next_dagrun for etl_pipeline to 2025-04-18 00:00:00+00:00, run_after=2025-04-19 00:00:00+00:00
[2025-04-18T00:09:58.187+0000] {processor.py:208} INFO - Processing /opt/airflow/dags/etl_pipeline.py took 0.225 seconds
[2025-04-18T00:10:28.514+0000] {processor.py:186} INFO - Started process (PID=1413) to work on /opt/airflow/dags/etl_pipeline.py
[2025-04-18T00:10:28.517+0000] {processor.py:914} INFO - Processing file /opt/airflow/dags/etl_pipeline.py for tasks to queue
[2025-04-18T00:10:28.523+0000] {logging_mixin.py:190} INFO - [2025-04-18T00:10:28.522+0000] {dagbag.py:588} INFO - Filling up the DagBag from /opt/airflow/dags/etl_pipeline.py
[2025-04-18T00:10:28.594+0000] {processor.py:925} INFO - DAG(s) 'etl_pipeline' retrieved from /opt/airflow/dags/etl_pipeline.py
[2025-04-18T00:10:28.641+0000] {logging_mixin.py:190} INFO - [2025-04-18T00:10:28.641+0000] {dag.py:3239} INFO - Sync 1 DAGs
[2025-04-18T00:10:28.686+0000] {logging_mixin.py:190} INFO - [2025-04-18T00:10:28.685+0000] {dag.py:4180} INFO - Setting next_dagrun for etl_pipeline to 2025-04-18 00:00:00+00:00, run_after=2025-04-19 00:00:00+00:00
[2025-04-18T00:10:28.721+0000] {processor.py:208} INFO - Processing /opt/airflow/dags/etl_pipeline.py took 0.222 seconds
[2025-04-18T00:10:59.067+0000] {processor.py:186} INFO - Started process (PID=1418) to work on /opt/airflow/dags/etl_pipeline.py
[2025-04-18T00:10:59.069+0000] {processor.py:914} INFO - Processing file /opt/airflow/dags/etl_pipeline.py for tasks to queue
[2025-04-18T00:10:59.073+0000] {logging_mixin.py:190} INFO - [2025-04-18T00:10:59.073+0000] {dagbag.py:588} INFO - Filling up the DagBag from /opt/airflow/dags/etl_pipeline.py
[2025-04-18T00:10:59.120+0000] {processor.py:925} INFO - DAG(s) 'etl_pipeline' retrieved from /opt/airflow/dags/etl_pipeline.py
[2025-04-18T00:10:59.168+0000] {logging_mixin.py:190} INFO - [2025-04-18T00:10:59.167+0000] {dag.py:3239} INFO - Sync 1 DAGs
[2025-04-18T00:10:59.241+0000] {logging_mixin.py:190} INFO - [2025-04-18T00:10:59.241+0000] {dag.py:4180} INFO - Setting next_dagrun for etl_pipeline to 2025-04-18 00:00:00+00:00, run_after=2025-04-19 00:00:00+00:00
[2025-04-18T00:10:59.304+0000] {processor.py:208} INFO - Processing /opt/airflow/dags/etl_pipeline.py took 0.246 seconds
[2025-04-18T00:11:29.620+0000] {processor.py:186} INFO - Started process (PID=1423) to work on /opt/airflow/dags/etl_pipeline.py
[2025-04-18T00:11:29.622+0000] {processor.py:914} INFO - Processing file /opt/airflow/dags/etl_pipeline.py for tasks to queue
[2025-04-18T00:11:29.625+0000] {logging_mixin.py:190} INFO - [2025-04-18T00:11:29.625+0000] {dagbag.py:588} INFO - Filling up the DagBag from /opt/airflow/dags/etl_pipeline.py
[2025-04-18T00:11:29.662+0000] {processor.py:925} INFO - DAG(s) 'etl_pipeline' retrieved from /opt/airflow/dags/etl_pipeline.py
[2025-04-18T00:11:29.716+0000] {logging_mixin.py:190} INFO - [2025-04-18T00:11:29.715+0000] {dag.py:3239} INFO - Sync 1 DAGs
[2025-04-18T00:11:29.759+0000] {logging_mixin.py:190} INFO - [2025-04-18T00:11:29.759+0000] {dag.py:4180} INFO - Setting next_dagrun for etl_pipeline to 2025-04-18 00:00:00+00:00, run_after=2025-04-19 00:00:00+00:00
[2025-04-18T00:11:29.796+0000] {processor.py:208} INFO - Processing /opt/airflow/dags/etl_pipeline.py took 0.184 seconds
[2025-04-18T00:12:00.102+0000] {processor.py:186} INFO - Started process (PID=1428) to work on /opt/airflow/dags/etl_pipeline.py
[2025-04-18T00:12:00.104+0000] {processor.py:914} INFO - Processing file /opt/airflow/dags/etl_pipeline.py for tasks to queue
[2025-04-18T00:12:00.107+0000] {logging_mixin.py:190} INFO - [2025-04-18T00:12:00.106+0000] {dagbag.py:588} INFO - Filling up the DagBag from /opt/airflow/dags/etl_pipeline.py
[2025-04-18T00:12:00.152+0000] {processor.py:925} INFO - DAG(s) 'etl_pipeline' retrieved from /opt/airflow/dags/etl_pipeline.py
[2025-04-18T00:12:00.203+0000] {logging_mixin.py:190} INFO - [2025-04-18T00:12:00.203+0000] {dag.py:3239} INFO - Sync 1 DAGs
[2025-04-18T00:12:00.248+0000] {logging_mixin.py:190} INFO - [2025-04-18T00:12:00.247+0000] {dag.py:4180} INFO - Setting next_dagrun for etl_pipeline to 2025-04-18 00:00:00+00:00, run_after=2025-04-19 00:00:00+00:00
[2025-04-18T00:12:00.282+0000] {processor.py:208} INFO - Processing /opt/airflow/dags/etl_pipeline.py took 0.188 seconds
[2025-04-18T00:12:30.759+0000] {processor.py:186} INFO - Started process (PID=1433) to work on /opt/airflow/dags/etl_pipeline.py
[2025-04-18T00:12:30.761+0000] {processor.py:914} INFO - Processing file /opt/airflow/dags/etl_pipeline.py for tasks to queue
[2025-04-18T00:12:30.765+0000] {logging_mixin.py:190} INFO - [2025-04-18T00:12:30.764+0000] {dagbag.py:588} INFO - Filling up the DagBag from /opt/airflow/dags/etl_pipeline.py
[2025-04-18T00:12:30.812+0000] {processor.py:925} INFO - DAG(s) 'etl_pipeline' retrieved from /opt/airflow/dags/etl_pipeline.py
[2025-04-18T00:12:30.865+0000] {logging_mixin.py:190} INFO - [2025-04-18T00:12:30.865+0000] {dag.py:3239} INFO - Sync 1 DAGs
[2025-04-18T00:12:30.914+0000] {logging_mixin.py:190} INFO - [2025-04-18T00:12:30.913+0000] {dag.py:4180} INFO - Setting next_dagrun for etl_pipeline to 2025-04-18 00:00:00+00:00, run_after=2025-04-19 00:00:00+00:00
[2025-04-18T00:12:30.956+0000] {processor.py:208} INFO - Processing /opt/airflow/dags/etl_pipeline.py took 0.205 seconds
[2025-04-18T00:13:01.334+0000] {processor.py:186} INFO - Started process (PID=1438) to work on /opt/airflow/dags/etl_pipeline.py
[2025-04-18T00:13:01.336+0000] {processor.py:914} INFO - Processing file /opt/airflow/dags/etl_pipeline.py for tasks to queue
[2025-04-18T00:13:01.340+0000] {logging_mixin.py:190} INFO - [2025-04-18T00:13:01.339+0000] {dagbag.py:588} INFO - Filling up the DagBag from /opt/airflow/dags/etl_pipeline.py
[2025-04-18T00:13:01.381+0000] {processor.py:925} INFO - DAG(s) 'etl_pipeline' retrieved from /opt/airflow/dags/etl_pipeline.py
[2025-04-18T00:13:01.425+0000] {logging_mixin.py:190} INFO - [2025-04-18T00:13:01.425+0000] {dag.py:3239} INFO - Sync 1 DAGs
[2025-04-18T00:13:01.474+0000] {logging_mixin.py:190} INFO - [2025-04-18T00:13:01.473+0000] {dag.py:4180} INFO - Setting next_dagrun for etl_pipeline to 2025-04-18 00:00:00+00:00, run_after=2025-04-19 00:00:00+00:00
[2025-04-18T00:13:01.512+0000] {processor.py:208} INFO - Processing /opt/airflow/dags/etl_pipeline.py took 0.186 seconds
[2025-04-18T00:13:31.844+0000] {processor.py:186} INFO - Started process (PID=1443) to work on /opt/airflow/dags/etl_pipeline.py
[2025-04-18T00:13:31.846+0000] {processor.py:914} INFO - Processing file /opt/airflow/dags/etl_pipeline.py for tasks to queue
[2025-04-18T00:13:31.849+0000] {logging_mixin.py:190} INFO - [2025-04-18T00:13:31.849+0000] {dagbag.py:588} INFO - Filling up the DagBag from /opt/airflow/dags/etl_pipeline.py
[2025-04-18T00:13:31.903+0000] {processor.py:925} INFO - DAG(s) 'etl_pipeline' retrieved from /opt/airflow/dags/etl_pipeline.py
[2025-04-18T00:13:31.952+0000] {logging_mixin.py:190} INFO - [2025-04-18T00:13:31.951+0000] {dag.py:3239} INFO - Sync 1 DAGs
[2025-04-18T00:13:31.993+0000] {logging_mixin.py:190} INFO - [2025-04-18T00:13:31.992+0000] {dag.py:4180} INFO - Setting next_dagrun for etl_pipeline to 2025-04-18 00:00:00+00:00, run_after=2025-04-19 00:00:00+00:00
[2025-04-18T00:13:32.033+0000] {processor.py:208} INFO - Processing /opt/airflow/dags/etl_pipeline.py took 0.196 seconds
[2025-04-18T00:14:02.466+0000] {processor.py:186} INFO - Started process (PID=1448) to work on /opt/airflow/dags/etl_pipeline.py
[2025-04-18T00:14:02.469+0000] {processor.py:914} INFO - Processing file /opt/airflow/dags/etl_pipeline.py for tasks to queue
[2025-04-18T00:14:02.474+0000] {logging_mixin.py:190} INFO - [2025-04-18T00:14:02.473+0000] {dagbag.py:588} INFO - Filling up the DagBag from /opt/airflow/dags/etl_pipeline.py
[2025-04-18T00:14:02.548+0000] {processor.py:925} INFO - DAG(s) 'etl_pipeline' retrieved from /opt/airflow/dags/etl_pipeline.py
[2025-04-18T00:14:02.616+0000] {logging_mixin.py:190} INFO - [2025-04-18T00:14:02.615+0000] {dag.py:3239} INFO - Sync 1 DAGs
[2025-04-18T00:14:02.681+0000] {logging_mixin.py:190} INFO - [2025-04-18T00:14:02.681+0000] {dag.py:4180} INFO - Setting next_dagrun for etl_pipeline to 2025-04-18 00:00:00+00:00, run_after=2025-04-19 00:00:00+00:00
[2025-04-18T00:14:02.723+0000] {processor.py:208} INFO - Processing /opt/airflow/dags/etl_pipeline.py took 0.275 seconds
[2025-04-18T00:14:32.916+0000] {processor.py:186} INFO - Started process (PID=1453) to work on /opt/airflow/dags/etl_pipeline.py
[2025-04-18T00:14:32.918+0000] {processor.py:914} INFO - Processing file /opt/airflow/dags/etl_pipeline.py for tasks to queue
[2025-04-18T00:14:32.922+0000] {logging_mixin.py:190} INFO - [2025-04-18T00:14:32.921+0000] {dagbag.py:588} INFO - Filling up the DagBag from /opt/airflow/dags/etl_pipeline.py
[2025-04-18T00:14:32.970+0000] {processor.py:925} INFO - DAG(s) 'etl_pipeline' retrieved from /opt/airflow/dags/etl_pipeline.py
[2025-04-18T00:14:33.018+0000] {logging_mixin.py:190} INFO - [2025-04-18T00:14:33.017+0000] {dag.py:3239} INFO - Sync 1 DAGs
[2025-04-18T00:14:33.058+0000] {logging_mixin.py:190} INFO - [2025-04-18T00:14:33.058+0000] {dag.py:4180} INFO - Setting next_dagrun for etl_pipeline to 2025-04-18 00:00:00+00:00, run_after=2025-04-19 00:00:00+00:00
[2025-04-18T00:14:33.103+0000] {processor.py:208} INFO - Processing /opt/airflow/dags/etl_pipeline.py took 0.195 seconds
[2025-04-18T00:15:03.392+0000] {processor.py:186} INFO - Started process (PID=1458) to work on /opt/airflow/dags/etl_pipeline.py
[2025-04-18T00:15:03.395+0000] {processor.py:914} INFO - Processing file /opt/airflow/dags/etl_pipeline.py for tasks to queue
[2025-04-18T00:15:03.400+0000] {logging_mixin.py:190} INFO - [2025-04-18T00:15:03.399+0000] {dagbag.py:588} INFO - Filling up the DagBag from /opt/airflow/dags/etl_pipeline.py
[2025-04-18T00:15:03.453+0000] {processor.py:925} INFO - DAG(s) 'etl_pipeline' retrieved from /opt/airflow/dags/etl_pipeline.py
[2025-04-18T00:15:03.496+0000] {logging_mixin.py:190} INFO - [2025-04-18T00:15:03.496+0000] {dag.py:3239} INFO - Sync 1 DAGs
[2025-04-18T00:15:03.541+0000] {logging_mixin.py:190} INFO - [2025-04-18T00:15:03.540+0000] {dag.py:4180} INFO - Setting next_dagrun for etl_pipeline to 2025-04-18 00:00:00+00:00, run_after=2025-04-19 00:00:00+00:00
[2025-04-18T00:15:03.582+0000] {processor.py:208} INFO - Processing /opt/airflow/dags/etl_pipeline.py took 0.205 seconds
[2025-04-18T00:15:34.055+0000] {processor.py:186} INFO - Started process (PID=1463) to work on /opt/airflow/dags/etl_pipeline.py
[2025-04-18T00:15:34.057+0000] {processor.py:914} INFO - Processing file /opt/airflow/dags/etl_pipeline.py for tasks to queue
[2025-04-18T00:15:34.060+0000] {logging_mixin.py:190} INFO - [2025-04-18T00:15:34.060+0000] {dagbag.py:588} INFO - Filling up the DagBag from /opt/airflow/dags/etl_pipeline.py
[2025-04-18T00:15:34.105+0000] {processor.py:925} INFO - DAG(s) 'etl_pipeline' retrieved from /opt/airflow/dags/etl_pipeline.py
[2025-04-18T00:15:34.156+0000] {logging_mixin.py:190} INFO - [2025-04-18T00:15:34.155+0000] {dag.py:3239} INFO - Sync 1 DAGs
[2025-04-18T00:15:34.197+0000] {logging_mixin.py:190} INFO - [2025-04-18T00:15:34.196+0000] {dag.py:4180} INFO - Setting next_dagrun for etl_pipeline to 2025-04-18 00:00:00+00:00, run_after=2025-04-19 00:00:00+00:00
[2025-04-18T00:15:34.240+0000] {processor.py:208} INFO - Processing /opt/airflow/dags/etl_pipeline.py took 0.192 seconds
[2025-04-18T00:16:04.572+0000] {processor.py:186} INFO - Started process (PID=1468) to work on /opt/airflow/dags/etl_pipeline.py
[2025-04-18T00:16:04.574+0000] {processor.py:914} INFO - Processing file /opt/airflow/dags/etl_pipeline.py for tasks to queue
[2025-04-18T00:16:04.577+0000] {logging_mixin.py:190} INFO - [2025-04-18T00:16:04.577+0000] {dagbag.py:588} INFO - Filling up the DagBag from /opt/airflow/dags/etl_pipeline.py
[2025-04-18T00:16:04.627+0000] {processor.py:925} INFO - DAG(s) 'etl_pipeline' retrieved from /opt/airflow/dags/etl_pipeline.py
[2025-04-18T00:16:04.679+0000] {logging_mixin.py:190} INFO - [2025-04-18T00:16:04.678+0000] {dag.py:3239} INFO - Sync 1 DAGs
[2025-04-18T00:16:04.721+0000] {logging_mixin.py:190} INFO - [2025-04-18T00:16:04.720+0000] {dag.py:4180} INFO - Setting next_dagrun for etl_pipeline to 2025-04-18 00:00:00+00:00, run_after=2025-04-19 00:00:00+00:00
[2025-04-18T00:16:04.762+0000] {processor.py:208} INFO - Processing /opt/airflow/dags/etl_pipeline.py took 0.198 seconds
[2025-04-18T00:16:35.251+0000] {processor.py:186} INFO - Started process (PID=1473) to work on /opt/airflow/dags/etl_pipeline.py
[2025-04-18T00:16:35.253+0000] {processor.py:914} INFO - Processing file /opt/airflow/dags/etl_pipeline.py for tasks to queue
[2025-04-18T00:16:35.259+0000] {logging_mixin.py:190} INFO - [2025-04-18T00:16:35.258+0000] {dagbag.py:588} INFO - Filling up the DagBag from /opt/airflow/dags/etl_pipeline.py
[2025-04-18T00:16:35.331+0000] {processor.py:925} INFO - DAG(s) 'etl_pipeline' retrieved from /opt/airflow/dags/etl_pipeline.py
[2025-04-18T00:16:35.402+0000] {logging_mixin.py:190} INFO - [2025-04-18T00:16:35.401+0000] {dag.py:3239} INFO - Sync 1 DAGs
[2025-04-18T00:16:35.471+0000] {logging_mixin.py:190} INFO - [2025-04-18T00:16:35.471+0000] {dag.py:4180} INFO - Setting next_dagrun for etl_pipeline to 2025-04-18 00:00:00+00:00, run_after=2025-04-19 00:00:00+00:00
[2025-04-18T00:16:35.507+0000] {processor.py:208} INFO - Processing /opt/airflow/dags/etl_pipeline.py took 0.269 seconds
[2025-04-18T00:17:05.718+0000] {processor.py:186} INFO - Started process (PID=1478) to work on /opt/airflow/dags/etl_pipeline.py
[2025-04-18T00:17:05.720+0000] {processor.py:914} INFO - Processing file /opt/airflow/dags/etl_pipeline.py for tasks to queue
[2025-04-18T00:17:05.726+0000] {logging_mixin.py:190} INFO - [2025-04-18T00:17:05.725+0000] {dagbag.py:588} INFO - Filling up the DagBag from /opt/airflow/dags/etl_pipeline.py
[2025-04-18T00:17:05.795+0000] {processor.py:925} INFO - DAG(s) 'etl_pipeline' retrieved from /opt/airflow/dags/etl_pipeline.py
[2025-04-18T00:17:05.858+0000] {logging_mixin.py:190} INFO - [2025-04-18T00:17:05.858+0000] {dag.py:3239} INFO - Sync 1 DAGs
[2025-04-18T00:17:05.903+0000] {logging_mixin.py:190} INFO - [2025-04-18T00:17:05.903+0000] {dag.py:4180} INFO - Setting next_dagrun for etl_pipeline to 2025-04-18 00:00:00+00:00, run_after=2025-04-19 00:00:00+00:00
[2025-04-18T00:17:05.937+0000] {processor.py:208} INFO - Processing /opt/airflow/dags/etl_pipeline.py took 0.236 seconds
[2025-04-18T00:17:36.412+0000] {processor.py:186} INFO - Started process (PID=1483) to work on /opt/airflow/dags/etl_pipeline.py
[2025-04-18T00:17:36.418+0000] {processor.py:914} INFO - Processing file /opt/airflow/dags/etl_pipeline.py for tasks to queue
[2025-04-18T00:17:36.422+0000] {logging_mixin.py:190} INFO - [2025-04-18T00:17:36.421+0000] {dagbag.py:588} INFO - Filling up the DagBag from /opt/airflow/dags/etl_pipeline.py
[2025-04-18T00:17:36.463+0000] {processor.py:925} INFO - DAG(s) 'etl_pipeline' retrieved from /opt/airflow/dags/etl_pipeline.py
[2025-04-18T00:17:36.513+0000] {logging_mixin.py:190} INFO - [2025-04-18T00:17:36.513+0000] {dag.py:3239} INFO - Sync 1 DAGs
[2025-04-18T00:17:36.555+0000] {logging_mixin.py:190} INFO - [2025-04-18T00:17:36.554+0000] {dag.py:4180} INFO - Setting next_dagrun for etl_pipeline to 2025-04-18 00:00:00+00:00, run_after=2025-04-19 00:00:00+00:00
[2025-04-18T00:17:36.591+0000] {processor.py:208} INFO - Processing /opt/airflow/dags/etl_pipeline.py took 0.188 seconds
[2025-04-18T00:18:06.920+0000] {processor.py:186} INFO - Started process (PID=1488) to work on /opt/airflow/dags/etl_pipeline.py
[2025-04-18T00:18:06.922+0000] {processor.py:914} INFO - Processing file /opt/airflow/dags/etl_pipeline.py for tasks to queue
[2025-04-18T00:18:06.926+0000] {logging_mixin.py:190} INFO - [2025-04-18T00:18:06.926+0000] {dagbag.py:588} INFO - Filling up the DagBag from /opt/airflow/dags/etl_pipeline.py
[2025-04-18T00:18:06.974+0000] {processor.py:925} INFO - DAG(s) 'etl_pipeline' retrieved from /opt/airflow/dags/etl_pipeline.py
[2025-04-18T00:18:07.020+0000] {logging_mixin.py:190} INFO - [2025-04-18T00:18:07.019+0000] {dag.py:3239} INFO - Sync 1 DAGs
[2025-04-18T00:18:07.064+0000] {logging_mixin.py:190} INFO - [2025-04-18T00:18:07.063+0000] {dag.py:4180} INFO - Setting next_dagrun for etl_pipeline to 2025-04-18 00:00:00+00:00, run_after=2025-04-19 00:00:00+00:00
[2025-04-18T00:18:07.104+0000] {processor.py:208} INFO - Processing /opt/airflow/dags/etl_pipeline.py took 0.192 seconds
[2025-04-18T00:18:37.501+0000] {processor.py:186} INFO - Started process (PID=1493) to work on /opt/airflow/dags/etl_pipeline.py
[2025-04-18T00:18:37.503+0000] {processor.py:914} INFO - Processing file /opt/airflow/dags/etl_pipeline.py for tasks to queue
[2025-04-18T00:18:37.506+0000] {logging_mixin.py:190} INFO - [2025-04-18T00:18:37.506+0000] {dagbag.py:588} INFO - Filling up the DagBag from /opt/airflow/dags/etl_pipeline.py
[2025-04-18T00:18:37.555+0000] {processor.py:925} INFO - DAG(s) 'etl_pipeline' retrieved from /opt/airflow/dags/etl_pipeline.py
[2025-04-18T00:18:37.611+0000] {logging_mixin.py:190} INFO - [2025-04-18T00:18:37.611+0000] {dag.py:3239} INFO - Sync 1 DAGs
[2025-04-18T00:18:37.663+0000] {logging_mixin.py:190} INFO - [2025-04-18T00:18:37.662+0000] {dag.py:4180} INFO - Setting next_dagrun for etl_pipeline to 2025-04-18 00:00:00+00:00, run_after=2025-04-19 00:00:00+00:00
[2025-04-18T00:18:37.702+0000] {processor.py:208} INFO - Processing /opt/airflow/dags/etl_pipeline.py took 0.209 seconds
[2025-04-18T00:19:08.035+0000] {processor.py:186} INFO - Started process (PID=1498) to work on /opt/airflow/dags/etl_pipeline.py
[2025-04-18T00:19:08.038+0000] {processor.py:914} INFO - Processing file /opt/airflow/dags/etl_pipeline.py for tasks to queue
[2025-04-18T00:19:08.044+0000] {logging_mixin.py:190} INFO - [2025-04-18T00:19:08.043+0000] {dagbag.py:588} INFO - Filling up the DagBag from /opt/airflow/dags/etl_pipeline.py
[2025-04-18T00:19:08.130+0000] {processor.py:925} INFO - DAG(s) 'etl_pipeline' retrieved from /opt/airflow/dags/etl_pipeline.py
[2025-04-18T00:19:08.207+0000] {logging_mixin.py:190} INFO - [2025-04-18T00:19:08.206+0000] {dag.py:3239} INFO - Sync 1 DAGs
[2025-04-18T00:19:08.251+0000] {logging_mixin.py:190} INFO - [2025-04-18T00:19:08.251+0000] {dag.py:4180} INFO - Setting next_dagrun for etl_pipeline to 2025-04-18 00:00:00+00:00, run_after=2025-04-19 00:00:00+00:00
[2025-04-18T00:19:08.290+0000] {processor.py:208} INFO - Processing /opt/airflow/dags/etl_pipeline.py took 0.272 seconds
[2025-04-18T00:19:38.814+0000] {processor.py:186} INFO - Started process (PID=1503) to work on /opt/airflow/dags/etl_pipeline.py
[2025-04-18T00:19:38.817+0000] {processor.py:914} INFO - Processing file /opt/airflow/dags/etl_pipeline.py for tasks to queue
[2025-04-18T00:19:38.825+0000] {logging_mixin.py:190} INFO - [2025-04-18T00:19:38.824+0000] {dagbag.py:588} INFO - Filling up the DagBag from /opt/airflow/dags/etl_pipeline.py
[2025-04-18T00:19:38.870+0000] {processor.py:925} INFO - DAG(s) 'etl_pipeline' retrieved from /opt/airflow/dags/etl_pipeline.py
[2025-04-18T00:19:38.915+0000] {logging_mixin.py:190} INFO - [2025-04-18T00:19:38.915+0000] {dag.py:3239} INFO - Sync 1 DAGs
[2025-04-18T00:19:38.963+0000] {logging_mixin.py:190} INFO - [2025-04-18T00:19:38.963+0000] {dag.py:4180} INFO - Setting next_dagrun for etl_pipeline to 2025-04-18 00:00:00+00:00, run_after=2025-04-19 00:00:00+00:00
[2025-04-18T00:19:38.998+0000] {processor.py:208} INFO - Processing /opt/airflow/dags/etl_pipeline.py took 0.198 seconds
[2025-04-18T00:20:09.245+0000] {processor.py:186} INFO - Started process (PID=1508) to work on /opt/airflow/dags/etl_pipeline.py
[2025-04-18T00:20:09.251+0000] {processor.py:914} INFO - Processing file /opt/airflow/dags/etl_pipeline.py for tasks to queue
[2025-04-18T00:20:09.256+0000] {logging_mixin.py:190} INFO - [2025-04-18T00:20:09.255+0000] {dagbag.py:588} INFO - Filling up the DagBag from /opt/airflow/dags/etl_pipeline.py
[2025-04-18T00:20:09.315+0000] {processor.py:925} INFO - DAG(s) 'etl_pipeline' retrieved from /opt/airflow/dags/etl_pipeline.py
[2025-04-18T00:20:09.384+0000] {logging_mixin.py:190} INFO - [2025-04-18T00:20:09.384+0000] {dag.py:3239} INFO - Sync 1 DAGs
[2025-04-18T00:20:09.468+0000] {logging_mixin.py:190} INFO - [2025-04-18T00:20:09.467+0000] {dag.py:4180} INFO - Setting next_dagrun for etl_pipeline to 2025-04-18 00:00:00+00:00, run_after=2025-04-19 00:00:00+00:00
[2025-04-18T00:20:09.502+0000] {processor.py:208} INFO - Processing /opt/airflow/dags/etl_pipeline.py took 0.265 seconds
[2025-04-18T00:20:39.930+0000] {processor.py:186} INFO - Started process (PID=1513) to work on /opt/airflow/dags/etl_pipeline.py
[2025-04-18T00:20:39.932+0000] {processor.py:914} INFO - Processing file /opt/airflow/dags/etl_pipeline.py for tasks to queue
[2025-04-18T00:20:39.935+0000] {logging_mixin.py:190} INFO - [2025-04-18T00:20:39.934+0000] {dagbag.py:588} INFO - Filling up the DagBag from /opt/airflow/dags/etl_pipeline.py
[2025-04-18T00:20:39.973+0000] {processor.py:925} INFO - DAG(s) 'etl_pipeline' retrieved from /opt/airflow/dags/etl_pipeline.py
[2025-04-18T00:20:40.020+0000] {logging_mixin.py:190} INFO - [2025-04-18T00:20:40.019+0000] {dag.py:3239} INFO - Sync 1 DAGs
[2025-04-18T00:20:40.065+0000] {logging_mixin.py:190} INFO - [2025-04-18T00:20:40.064+0000] {dag.py:4180} INFO - Setting next_dagrun for etl_pipeline to 2025-04-18 00:00:00+00:00, run_after=2025-04-19 00:00:00+00:00
[2025-04-18T00:20:40.100+0000] {processor.py:208} INFO - Processing /opt/airflow/dags/etl_pipeline.py took 0.179 seconds
[2025-04-18T00:21:10.551+0000] {processor.py:186} INFO - Started process (PID=1518) to work on /opt/airflow/dags/etl_pipeline.py
[2025-04-18T00:21:10.554+0000] {processor.py:914} INFO - Processing file /opt/airflow/dags/etl_pipeline.py for tasks to queue
[2025-04-18T00:21:10.560+0000] {logging_mixin.py:190} INFO - [2025-04-18T00:21:10.559+0000] {dagbag.py:588} INFO - Filling up the DagBag from /opt/airflow/dags/etl_pipeline.py
[2025-04-18T00:21:10.643+0000] {processor.py:925} INFO - DAG(s) 'etl_pipeline' retrieved from /opt/airflow/dags/etl_pipeline.py
[2025-04-18T00:21:10.692+0000] {logging_mixin.py:190} INFO - [2025-04-18T00:21:10.691+0000] {dag.py:3239} INFO - Sync 1 DAGs
[2025-04-18T00:21:10.738+0000] {logging_mixin.py:190} INFO - [2025-04-18T00:21:10.738+0000] {dag.py:4180} INFO - Setting next_dagrun for etl_pipeline to 2025-04-18 00:00:00+00:00, run_after=2025-04-19 00:00:00+00:00
[2025-04-18T00:21:10.780+0000] {processor.py:208} INFO - Processing /opt/airflow/dags/etl_pipeline.py took 0.248 seconds
[2025-04-18T00:21:41.105+0000] {processor.py:186} INFO - Started process (PID=1523) to work on /opt/airflow/dags/etl_pipeline.py
[2025-04-18T00:21:41.108+0000] {processor.py:914} INFO - Processing file /opt/airflow/dags/etl_pipeline.py for tasks to queue
[2025-04-18T00:21:41.113+0000] {logging_mixin.py:190} INFO - [2025-04-18T00:21:41.112+0000] {dagbag.py:588} INFO - Filling up the DagBag from /opt/airflow/dags/etl_pipeline.py
[2025-04-18T00:21:41.179+0000] {processor.py:925} INFO - DAG(s) 'etl_pipeline' retrieved from /opt/airflow/dags/etl_pipeline.py
[2025-04-18T00:21:41.258+0000] {logging_mixin.py:190} INFO - [2025-04-18T00:21:41.258+0000] {dag.py:3239} INFO - Sync 1 DAGs
[2025-04-18T00:21:41.304+0000] {logging_mixin.py:190} INFO - [2025-04-18T00:21:41.304+0000] {dag.py:4180} INFO - Setting next_dagrun for etl_pipeline to 2025-04-18 00:00:00+00:00, run_after=2025-04-19 00:00:00+00:00
[2025-04-18T00:21:41.343+0000] {processor.py:208} INFO - Processing /opt/airflow/dags/etl_pipeline.py took 0.250 seconds
[2025-04-18T00:22:11.820+0000] {processor.py:186} INFO - Started process (PID=1528) to work on /opt/airflow/dags/etl_pipeline.py
[2025-04-18T00:22:11.822+0000] {processor.py:914} INFO - Processing file /opt/airflow/dags/etl_pipeline.py for tasks to queue
[2025-04-18T00:22:11.827+0000] {logging_mixin.py:190} INFO - [2025-04-18T00:22:11.826+0000] {dagbag.py:588} INFO - Filling up the DagBag from /opt/airflow/dags/etl_pipeline.py
[2025-04-18T00:22:11.872+0000] {processor.py:925} INFO - DAG(s) 'etl_pipeline' retrieved from /opt/airflow/dags/etl_pipeline.py
[2025-04-18T00:22:11.920+0000] {logging_mixin.py:190} INFO - [2025-04-18T00:22:11.920+0000] {dag.py:3239} INFO - Sync 1 DAGs
[2025-04-18T00:22:11.968+0000] {logging_mixin.py:190} INFO - [2025-04-18T00:22:11.968+0000] {dag.py:4180} INFO - Setting next_dagrun for etl_pipeline to 2025-04-18 00:00:00+00:00, run_after=2025-04-19 00:00:00+00:00
[2025-04-18T00:22:12.005+0000] {processor.py:208} INFO - Processing /opt/airflow/dags/etl_pipeline.py took 0.193 seconds
[2025-04-18T00:22:42.352+0000] {processor.py:186} INFO - Started process (PID=1533) to work on /opt/airflow/dags/etl_pipeline.py
[2025-04-18T00:22:42.356+0000] {processor.py:914} INFO - Processing file /opt/airflow/dags/etl_pipeline.py for tasks to queue
[2025-04-18T00:22:42.361+0000] {logging_mixin.py:190} INFO - [2025-04-18T00:22:42.360+0000] {dagbag.py:588} INFO - Filling up the DagBag from /opt/airflow/dags/etl_pipeline.py
[2025-04-18T00:22:42.404+0000] {processor.py:925} INFO - DAG(s) 'etl_pipeline' retrieved from /opt/airflow/dags/etl_pipeline.py
[2025-04-18T00:22:42.461+0000] {logging_mixin.py:190} INFO - [2025-04-18T00:22:42.461+0000] {dag.py:3239} INFO - Sync 1 DAGs
[2025-04-18T00:22:42.503+0000] {logging_mixin.py:190} INFO - [2025-04-18T00:22:42.503+0000] {dag.py:4180} INFO - Setting next_dagrun for etl_pipeline to 2025-04-18 00:00:00+00:00, run_after=2025-04-19 00:00:00+00:00
[2025-04-18T00:22:42.543+0000] {processor.py:208} INFO - Processing /opt/airflow/dags/etl_pipeline.py took 0.199 seconds
[2025-04-18T00:23:12.978+0000] {processor.py:186} INFO - Started process (PID=1538) to work on /opt/airflow/dags/etl_pipeline.py
[2025-04-18T00:23:12.980+0000] {processor.py:914} INFO - Processing file /opt/airflow/dags/etl_pipeline.py for tasks to queue
[2025-04-18T00:23:12.984+0000] {logging_mixin.py:190} INFO - [2025-04-18T00:23:12.983+0000] {dagbag.py:588} INFO - Filling up the DagBag from /opt/airflow/dags/etl_pipeline.py
[2025-04-18T00:23:13.039+0000] {processor.py:925} INFO - DAG(s) 'etl_pipeline' retrieved from /opt/airflow/dags/etl_pipeline.py
[2025-04-18T00:23:13.108+0000] {logging_mixin.py:190} INFO - [2025-04-18T00:23:13.108+0000] {dag.py:3239} INFO - Sync 1 DAGs
[2025-04-18T00:23:13.151+0000] {logging_mixin.py:190} INFO - [2025-04-18T00:23:13.151+0000] {dag.py:4180} INFO - Setting next_dagrun for etl_pipeline to 2025-04-18 00:00:00+00:00, run_after=2025-04-19 00:00:00+00:00
[2025-04-18T00:23:13.192+0000] {processor.py:208} INFO - Processing /opt/airflow/dags/etl_pipeline.py took 0.222 seconds
[2025-04-18T00:23:43.492+0000] {processor.py:186} INFO - Started process (PID=1543) to work on /opt/airflow/dags/etl_pipeline.py
[2025-04-18T00:23:43.495+0000] {processor.py:914} INFO - Processing file /opt/airflow/dags/etl_pipeline.py for tasks to queue
[2025-04-18T00:23:43.500+0000] {logging_mixin.py:190} INFO - [2025-04-18T00:23:43.499+0000] {dagbag.py:588} INFO - Filling up the DagBag from /opt/airflow/dags/etl_pipeline.py
[2025-04-18T00:23:43.556+0000] {processor.py:925} INFO - DAG(s) 'etl_pipeline' retrieved from /opt/airflow/dags/etl_pipeline.py
[2025-04-18T00:23:43.602+0000] {logging_mixin.py:190} INFO - [2025-04-18T00:23:43.602+0000] {dag.py:3239} INFO - Sync 1 DAGs
[2025-04-18T00:23:43.654+0000] {logging_mixin.py:190} INFO - [2025-04-18T00:23:43.653+0000] {dag.py:4180} INFO - Setting next_dagrun for etl_pipeline to 2025-04-18 00:00:00+00:00, run_after=2025-04-19 00:00:00+00:00
[2025-04-18T00:23:43.703+0000] {processor.py:208} INFO - Processing /opt/airflow/dags/etl_pipeline.py took 0.220 seconds
[2025-04-18T00:24:14.151+0000] {processor.py:186} INFO - Started process (PID=1548) to work on /opt/airflow/dags/etl_pipeline.py
[2025-04-18T00:24:14.153+0000] {processor.py:914} INFO - Processing file /opt/airflow/dags/etl_pipeline.py for tasks to queue
[2025-04-18T00:24:14.157+0000] {logging_mixin.py:190} INFO - [2025-04-18T00:24:14.157+0000] {dagbag.py:588} INFO - Filling up the DagBag from /opt/airflow/dags/etl_pipeline.py
[2025-04-18T00:24:14.209+0000] {processor.py:925} INFO - DAG(s) 'etl_pipeline' retrieved from /opt/airflow/dags/etl_pipeline.py
[2025-04-18T00:24:14.251+0000] {logging_mixin.py:190} INFO - [2025-04-18T00:24:14.250+0000] {dag.py:3239} INFO - Sync 1 DAGs
[2025-04-18T00:24:14.293+0000] {logging_mixin.py:190} INFO - [2025-04-18T00:24:14.293+0000] {dag.py:4180} INFO - Setting next_dagrun for etl_pipeline to 2025-04-18 00:00:00+00:00, run_after=2025-04-19 00:00:00+00:00
[2025-04-18T00:24:14.337+0000] {processor.py:208} INFO - Processing /opt/airflow/dags/etl_pipeline.py took 0.193 seconds
[2025-04-18T00:24:44.693+0000] {processor.py:186} INFO - Started process (PID=1553) to work on /opt/airflow/dags/etl_pipeline.py
[2025-04-18T00:24:44.696+0000] {processor.py:914} INFO - Processing file /opt/airflow/dags/etl_pipeline.py for tasks to queue
[2025-04-18T00:24:44.700+0000] {logging_mixin.py:190} INFO - [2025-04-18T00:24:44.699+0000] {dagbag.py:588} INFO - Filling up the DagBag from /opt/airflow/dags/etl_pipeline.py
[2025-04-18T00:24:44.742+0000] {processor.py:925} INFO - DAG(s) 'etl_pipeline' retrieved from /opt/airflow/dags/etl_pipeline.py
[2025-04-18T00:24:44.794+0000] {logging_mixin.py:190} INFO - [2025-04-18T00:24:44.793+0000] {dag.py:3239} INFO - Sync 1 DAGs
[2025-04-18T00:24:44.843+0000] {logging_mixin.py:190} INFO - [2025-04-18T00:24:44.842+0000] {dag.py:4180} INFO - Setting next_dagrun for etl_pipeline to 2025-04-18 00:00:00+00:00, run_after=2025-04-19 00:00:00+00:00
[2025-04-18T00:24:44.879+0000] {processor.py:208} INFO - Processing /opt/airflow/dags/etl_pipeline.py took 0.194 seconds
[2025-04-18T00:25:15.340+0000] {processor.py:186} INFO - Started process (PID=1558) to work on /opt/airflow/dags/etl_pipeline.py
[2025-04-18T00:25:15.342+0000] {processor.py:914} INFO - Processing file /opt/airflow/dags/etl_pipeline.py for tasks to queue
[2025-04-18T00:25:15.345+0000] {logging_mixin.py:190} INFO - [2025-04-18T00:25:15.345+0000] {dagbag.py:588} INFO - Filling up the DagBag from /opt/airflow/dags/etl_pipeline.py
[2025-04-18T00:25:15.403+0000] {processor.py:925} INFO - DAG(s) 'etl_pipeline' retrieved from /opt/airflow/dags/etl_pipeline.py
[2025-04-18T00:25:15.450+0000] {logging_mixin.py:190} INFO - [2025-04-18T00:25:15.449+0000] {dag.py:3239} INFO - Sync 1 DAGs
[2025-04-18T00:25:15.497+0000] {logging_mixin.py:190} INFO - [2025-04-18T00:25:15.496+0000] {dag.py:4180} INFO - Setting next_dagrun for etl_pipeline to 2025-04-18 00:00:00+00:00, run_after=2025-04-19 00:00:00+00:00
[2025-04-18T00:25:15.531+0000] {processor.py:208} INFO - Processing /opt/airflow/dags/etl_pipeline.py took 0.198 seconds
[2025-04-18T00:25:45.838+0000] {processor.py:186} INFO - Started process (PID=1563) to work on /opt/airflow/dags/etl_pipeline.py
[2025-04-18T00:25:45.840+0000] {processor.py:914} INFO - Processing file /opt/airflow/dags/etl_pipeline.py for tasks to queue
[2025-04-18T00:25:45.844+0000] {logging_mixin.py:190} INFO - [2025-04-18T00:25:45.843+0000] {dagbag.py:588} INFO - Filling up the DagBag from /opt/airflow/dags/etl_pipeline.py
[2025-04-18T00:25:45.892+0000] {processor.py:925} INFO - DAG(s) 'etl_pipeline' retrieved from /opt/airflow/dags/etl_pipeline.py
[2025-04-18T00:25:45.943+0000] {logging_mixin.py:190} INFO - [2025-04-18T00:25:45.942+0000] {dag.py:3239} INFO - Sync 1 DAGs
[2025-04-18T00:25:45.992+0000] {logging_mixin.py:190} INFO - [2025-04-18T00:25:45.991+0000] {dag.py:4180} INFO - Setting next_dagrun for etl_pipeline to 2025-04-18 00:00:00+00:00, run_after=2025-04-19 00:00:00+00:00
[2025-04-18T00:25:46.035+0000] {processor.py:208} INFO - Processing /opt/airflow/dags/etl_pipeline.py took 0.206 seconds
[2025-04-18T00:26:16.511+0000] {processor.py:186} INFO - Started process (PID=1568) to work on /opt/airflow/dags/etl_pipeline.py
[2025-04-18T00:26:16.513+0000] {processor.py:914} INFO - Processing file /opt/airflow/dags/etl_pipeline.py for tasks to queue
[2025-04-18T00:26:16.517+0000] {logging_mixin.py:190} INFO - [2025-04-18T00:26:16.517+0000] {dagbag.py:588} INFO - Filling up the DagBag from /opt/airflow/dags/etl_pipeline.py
[2025-04-18T00:26:16.611+0000] {processor.py:925} INFO - DAG(s) 'etl_pipeline' retrieved from /opt/airflow/dags/etl_pipeline.py
[2025-04-18T00:26:16.668+0000] {logging_mixin.py:190} INFO - [2025-04-18T00:26:16.668+0000] {dag.py:3239} INFO - Sync 1 DAGs
[2025-04-18T00:26:16.717+0000] {logging_mixin.py:190} INFO - [2025-04-18T00:26:16.717+0000] {dag.py:4180} INFO - Setting next_dagrun for etl_pipeline to 2025-04-18 00:00:00+00:00, run_after=2025-04-19 00:00:00+00:00
[2025-04-18T00:26:16.759+0000] {processor.py:208} INFO - Processing /opt/airflow/dags/etl_pipeline.py took 0.256 seconds
[2025-04-18T00:26:47.085+0000] {processor.py:186} INFO - Started process (PID=1573) to work on /opt/airflow/dags/etl_pipeline.py
[2025-04-18T00:26:47.088+0000] {processor.py:914} INFO - Processing file /opt/airflow/dags/etl_pipeline.py for tasks to queue
[2025-04-18T00:26:47.093+0000] {logging_mixin.py:190} INFO - [2025-04-18T00:26:47.092+0000] {dagbag.py:588} INFO - Filling up the DagBag from /opt/airflow/dags/etl_pipeline.py
[2025-04-18T00:26:47.159+0000] {processor.py:925} INFO - DAG(s) 'etl_pipeline' retrieved from /opt/airflow/dags/etl_pipeline.py
[2025-04-18T00:26:47.201+0000] {logging_mixin.py:190} INFO - [2025-04-18T00:26:47.201+0000] {dag.py:3239} INFO - Sync 1 DAGs
[2025-04-18T00:26:47.248+0000] {logging_mixin.py:190} INFO - [2025-04-18T00:26:47.248+0000] {dag.py:4180} INFO - Setting next_dagrun for etl_pipeline to 2025-04-18 00:00:00+00:00, run_after=2025-04-19 00:00:00+00:00
[2025-04-18T00:26:47.290+0000] {processor.py:208} INFO - Processing /opt/airflow/dags/etl_pipeline.py took 0.221 seconds
[2025-04-18T00:27:17.634+0000] {processor.py:186} INFO - Started process (PID=1578) to work on /opt/airflow/dags/etl_pipeline.py
[2025-04-18T00:27:17.636+0000] {processor.py:914} INFO - Processing file /opt/airflow/dags/etl_pipeline.py for tasks to queue
[2025-04-18T00:27:17.640+0000] {logging_mixin.py:190} INFO - [2025-04-18T00:27:17.639+0000] {dagbag.py:588} INFO - Filling up the DagBag from /opt/airflow/dags/etl_pipeline.py
[2025-04-18T00:27:17.687+0000] {processor.py:925} INFO - DAG(s) 'etl_pipeline' retrieved from /opt/airflow/dags/etl_pipeline.py
[2025-04-18T00:27:17.732+0000] {logging_mixin.py:190} INFO - [2025-04-18T00:27:17.731+0000] {dag.py:3239} INFO - Sync 1 DAGs
[2025-04-18T00:27:17.785+0000] {logging_mixin.py:190} INFO - [2025-04-18T00:27:17.784+0000] {dag.py:4180} INFO - Setting next_dagrun for etl_pipeline to 2025-04-18 00:00:00+00:00, run_after=2025-04-19 00:00:00+00:00
[2025-04-18T00:27:17.819+0000] {processor.py:208} INFO - Processing /opt/airflow/dags/etl_pipeline.py took 0.192 seconds
[2025-04-18T00:27:48.125+0000] {processor.py:186} INFO - Started process (PID=1583) to work on /opt/airflow/dags/etl_pipeline.py
[2025-04-18T00:27:48.130+0000] {processor.py:914} INFO - Processing file /opt/airflow/dags/etl_pipeline.py for tasks to queue
[2025-04-18T00:27:48.135+0000] {logging_mixin.py:190} INFO - [2025-04-18T00:27:48.134+0000] {dagbag.py:588} INFO - Filling up the DagBag from /opt/airflow/dags/etl_pipeline.py
[2025-04-18T00:27:48.184+0000] {processor.py:925} INFO - DAG(s) 'etl_pipeline' retrieved from /opt/airflow/dags/etl_pipeline.py
[2025-04-18T00:27:48.234+0000] {logging_mixin.py:190} INFO - [2025-04-18T00:27:48.234+0000] {dag.py:3239} INFO - Sync 1 DAGs
[2025-04-18T00:27:48.279+0000] {logging_mixin.py:190} INFO - [2025-04-18T00:27:48.279+0000] {dag.py:4180} INFO - Setting next_dagrun for etl_pipeline to 2025-04-18 00:00:00+00:00, run_after=2025-04-19 00:00:00+00:00
[2025-04-18T00:27:48.321+0000] {processor.py:208} INFO - Processing /opt/airflow/dags/etl_pipeline.py took 0.204 seconds
[2025-04-18T00:28:18.777+0000] {processor.py:186} INFO - Started process (PID=1588) to work on /opt/airflow/dags/etl_pipeline.py
[2025-04-18T00:28:18.779+0000] {processor.py:914} INFO - Processing file /opt/airflow/dags/etl_pipeline.py for tasks to queue
[2025-04-18T00:28:18.782+0000] {logging_mixin.py:190} INFO - [2025-04-18T00:28:18.781+0000] {dagbag.py:588} INFO - Filling up the DagBag from /opt/airflow/dags/etl_pipeline.py
[2025-04-18T00:28:18.826+0000] {processor.py:925} INFO - DAG(s) 'etl_pipeline' retrieved from /opt/airflow/dags/etl_pipeline.py
[2025-04-18T00:28:18.870+0000] {logging_mixin.py:190} INFO - [2025-04-18T00:28:18.870+0000] {dag.py:3239} INFO - Sync 1 DAGs
[2025-04-18T00:28:18.915+0000] {logging_mixin.py:190} INFO - [2025-04-18T00:28:18.914+0000] {dag.py:4180} INFO - Setting next_dagrun for etl_pipeline to 2025-04-18 00:00:00+00:00, run_after=2025-04-19 00:00:00+00:00
[2025-04-18T00:28:18.955+0000] {processor.py:208} INFO - Processing /opt/airflow/dags/etl_pipeline.py took 0.186 seconds
[2025-04-18T00:28:49.280+0000] {processor.py:186} INFO - Started process (PID=1593) to work on /opt/airflow/dags/etl_pipeline.py
[2025-04-18T00:28:49.283+0000] {processor.py:914} INFO - Processing file /opt/airflow/dags/etl_pipeline.py for tasks to queue
[2025-04-18T00:28:49.286+0000] {logging_mixin.py:190} INFO - [2025-04-18T00:28:49.286+0000] {dagbag.py:588} INFO - Filling up the DagBag from /opt/airflow/dags/etl_pipeline.py
[2025-04-18T00:28:49.329+0000] {processor.py:925} INFO - DAG(s) 'etl_pipeline' retrieved from /opt/airflow/dags/etl_pipeline.py
[2025-04-18T00:28:49.376+0000] {logging_mixin.py:190} INFO - [2025-04-18T00:28:49.375+0000] {dag.py:3239} INFO - Sync 1 DAGs
[2025-04-18T00:28:49.424+0000] {logging_mixin.py:190} INFO - [2025-04-18T00:28:49.424+0000] {dag.py:4180} INFO - Setting next_dagrun for etl_pipeline to 2025-04-18 00:00:00+00:00, run_after=2025-04-19 00:00:00+00:00
[2025-04-18T00:28:49.469+0000] {processor.py:208} INFO - Processing /opt/airflow/dags/etl_pipeline.py took 0.201 seconds
[2025-04-18T00:29:19.882+0000] {processor.py:186} INFO - Started process (PID=1598) to work on /opt/airflow/dags/etl_pipeline.py
[2025-04-18T00:29:19.884+0000] {processor.py:914} INFO - Processing file /opt/airflow/dags/etl_pipeline.py for tasks to queue
[2025-04-18T00:29:19.888+0000] {logging_mixin.py:190} INFO - [2025-04-18T00:29:19.888+0000] {dagbag.py:588} INFO - Filling up the DagBag from /opt/airflow/dags/etl_pipeline.py
[2025-04-18T00:29:19.928+0000] {processor.py:925} INFO - DAG(s) 'etl_pipeline' retrieved from /opt/airflow/dags/etl_pipeline.py
[2025-04-18T00:29:19.986+0000] {logging_mixin.py:190} INFO - [2025-04-18T00:29:19.986+0000] {dag.py:3239} INFO - Sync 1 DAGs
[2025-04-18T00:29:20.026+0000] {logging_mixin.py:190} INFO - [2025-04-18T00:29:20.025+0000] {dag.py:4180} INFO - Setting next_dagrun for etl_pipeline to 2025-04-18 00:00:00+00:00, run_after=2025-04-19 00:00:00+00:00
[2025-04-18T00:29:20.065+0000] {processor.py:208} INFO - Processing /opt/airflow/dags/etl_pipeline.py took 0.191 seconds
[2025-04-18T00:29:50.408+0000] {processor.py:186} INFO - Started process (PID=1603) to work on /opt/airflow/dags/etl_pipeline.py
[2025-04-18T00:29:50.410+0000] {processor.py:914} INFO - Processing file /opt/airflow/dags/etl_pipeline.py for tasks to queue
[2025-04-18T00:29:50.415+0000] {logging_mixin.py:190} INFO - [2025-04-18T00:29:50.415+0000] {dagbag.py:588} INFO - Filling up the DagBag from /opt/airflow/dags/etl_pipeline.py
[2025-04-18T00:29:50.478+0000] {processor.py:925} INFO - DAG(s) 'etl_pipeline' retrieved from /opt/airflow/dags/etl_pipeline.py
[2025-04-18T00:29:50.522+0000] {logging_mixin.py:190} INFO - [2025-04-18T00:29:50.522+0000] {dag.py:3239} INFO - Sync 1 DAGs
[2025-04-18T00:29:50.569+0000] {logging_mixin.py:190} INFO - [2025-04-18T00:29:50.569+0000] {dag.py:4180} INFO - Setting next_dagrun for etl_pipeline to 2025-04-18 00:00:00+00:00, run_after=2025-04-19 00:00:00+00:00
[2025-04-18T00:29:50.619+0000] {processor.py:208} INFO - Processing /opt/airflow/dags/etl_pipeline.py took 0.223 seconds
[2025-04-18T00:30:21.176+0000] {processor.py:186} INFO - Started process (PID=1608) to work on /opt/airflow/dags/etl_pipeline.py
[2025-04-18T00:30:21.178+0000] {processor.py:914} INFO - Processing file /opt/airflow/dags/etl_pipeline.py for tasks to queue
[2025-04-18T00:30:21.181+0000] {logging_mixin.py:190} INFO - [2025-04-18T00:30:21.181+0000] {dagbag.py:588} INFO - Filling up the DagBag from /opt/airflow/dags/etl_pipeline.py
[2025-04-18T00:30:21.216+0000] {processor.py:925} INFO - DAG(s) 'etl_pipeline' retrieved from /opt/airflow/dags/etl_pipeline.py
[2025-04-18T00:30:21.262+0000] {logging_mixin.py:190} INFO - [2025-04-18T00:30:21.262+0000] {dag.py:3239} INFO - Sync 1 DAGs
[2025-04-18T00:30:21.306+0000] {logging_mixin.py:190} INFO - [2025-04-18T00:30:21.305+0000] {dag.py:4180} INFO - Setting next_dagrun for etl_pipeline to 2025-04-18 00:00:00+00:00, run_after=2025-04-19 00:00:00+00:00
[2025-04-18T00:30:21.343+0000] {processor.py:208} INFO - Processing /opt/airflow/dags/etl_pipeline.py took 0.174 seconds
[2025-04-18T00:30:51.649+0000] {processor.py:186} INFO - Started process (PID=1613) to work on /opt/airflow/dags/etl_pipeline.py
[2025-04-18T00:30:51.652+0000] {processor.py:914} INFO - Processing file /opt/airflow/dags/etl_pipeline.py for tasks to queue
[2025-04-18T00:30:51.661+0000] {logging_mixin.py:190} INFO - [2025-04-18T00:30:51.660+0000] {dagbag.py:588} INFO - Filling up the DagBag from /opt/airflow/dags/etl_pipeline.py
[2025-04-18T00:30:51.708+0000] {processor.py:925} INFO - DAG(s) 'etl_pipeline' retrieved from /opt/airflow/dags/etl_pipeline.py
[2025-04-18T00:30:51.761+0000] {logging_mixin.py:190} INFO - [2025-04-18T00:30:51.760+0000] {dag.py:3239} INFO - Sync 1 DAGs
[2025-04-18T00:30:51.807+0000] {logging_mixin.py:190} INFO - [2025-04-18T00:30:51.807+0000] {dag.py:4180} INFO - Setting next_dagrun for etl_pipeline to 2025-04-18 00:00:00+00:00, run_after=2025-04-19 00:00:00+00:00
[2025-04-18T00:30:51.848+0000] {processor.py:208} INFO - Processing /opt/airflow/dags/etl_pipeline.py took 0.216 seconds
[2025-04-18T00:31:22.388+0000] {processor.py:186} INFO - Started process (PID=1618) to work on /opt/airflow/dags/etl_pipeline.py
[2025-04-18T00:31:22.390+0000] {processor.py:914} INFO - Processing file /opt/airflow/dags/etl_pipeline.py for tasks to queue
[2025-04-18T00:31:22.394+0000] {logging_mixin.py:190} INFO - [2025-04-18T00:31:22.393+0000] {dagbag.py:588} INFO - Filling up the DagBag from /opt/airflow/dags/etl_pipeline.py
[2025-04-18T00:31:22.440+0000] {processor.py:925} INFO - DAG(s) 'etl_pipeline' retrieved from /opt/airflow/dags/etl_pipeline.py
[2025-04-18T00:31:22.489+0000] {logging_mixin.py:190} INFO - [2025-04-18T00:31:22.488+0000] {dag.py:3239} INFO - Sync 1 DAGs
[2025-04-18T00:31:22.533+0000] {logging_mixin.py:190} INFO - [2025-04-18T00:31:22.533+0000] {dag.py:4180} INFO - Setting next_dagrun for etl_pipeline to 2025-04-18 00:00:00+00:00, run_after=2025-04-19 00:00:00+00:00
[2025-04-18T00:31:22.568+0000] {processor.py:208} INFO - Processing /opt/airflow/dags/etl_pipeline.py took 0.187 seconds
[2025-04-18T00:31:52.951+0000] {processor.py:186} INFO - Started process (PID=1623) to work on /opt/airflow/dags/etl_pipeline.py
[2025-04-18T00:31:52.953+0000] {processor.py:914} INFO - Processing file /opt/airflow/dags/etl_pipeline.py for tasks to queue
[2025-04-18T00:31:52.958+0000] {logging_mixin.py:190} INFO - [2025-04-18T00:31:52.958+0000] {dagbag.py:588} INFO - Filling up the DagBag from /opt/airflow/dags/etl_pipeline.py
[2025-04-18T00:31:53.005+0000] {processor.py:925} INFO - DAG(s) 'etl_pipeline' retrieved from /opt/airflow/dags/etl_pipeline.py
[2025-04-18T00:31:53.058+0000] {logging_mixin.py:190} INFO - [2025-04-18T00:31:53.057+0000] {dag.py:3239} INFO - Sync 1 DAGs
[2025-04-18T00:31:53.107+0000] {logging_mixin.py:190} INFO - [2025-04-18T00:31:53.107+0000] {dag.py:4180} INFO - Setting next_dagrun for etl_pipeline to 2025-04-18 00:00:00+00:00, run_after=2025-04-19 00:00:00+00:00
[2025-04-18T00:31:53.145+0000] {processor.py:208} INFO - Processing /opt/airflow/dags/etl_pipeline.py took 0.203 seconds
[2025-04-18T00:32:23.439+0000] {processor.py:186} INFO - Started process (PID=1628) to work on /opt/airflow/dags/etl_pipeline.py
[2025-04-18T00:32:23.441+0000] {processor.py:914} INFO - Processing file /opt/airflow/dags/etl_pipeline.py for tasks to queue
[2025-04-18T00:32:23.445+0000] {logging_mixin.py:190} INFO - [2025-04-18T00:32:23.444+0000] {dagbag.py:588} INFO - Filling up the DagBag from /opt/airflow/dags/etl_pipeline.py
[2025-04-18T00:32:23.487+0000] {processor.py:925} INFO - DAG(s) 'etl_pipeline' retrieved from /opt/airflow/dags/etl_pipeline.py
[2025-04-18T00:32:23.542+0000] {logging_mixin.py:190} INFO - [2025-04-18T00:32:23.541+0000] {dag.py:3239} INFO - Sync 1 DAGs
[2025-04-18T00:32:23.591+0000] {logging_mixin.py:190} INFO - [2025-04-18T00:32:23.591+0000] {dag.py:4180} INFO - Setting next_dagrun for etl_pipeline to 2025-04-18 00:00:00+00:00, run_after=2025-04-19 00:00:00+00:00
[2025-04-18T00:32:25.203+0000] {processor.py:208} INFO - Processing /opt/airflow/dags/etl_pipeline.py took 1.772 seconds
[2025-04-18T00:32:55.721+0000] {processor.py:186} INFO - Started process (PID=1633) to work on /opt/airflow/dags/etl_pipeline.py
[2025-04-18T00:32:55.723+0000] {processor.py:914} INFO - Processing file /opt/airflow/dags/etl_pipeline.py for tasks to queue
[2025-04-18T00:32:55.727+0000] {logging_mixin.py:190} INFO - [2025-04-18T00:32:55.727+0000] {dagbag.py:588} INFO - Filling up the DagBag from /opt/airflow/dags/etl_pipeline.py
[2025-04-18T00:32:55.786+0000] {processor.py:925} INFO - DAG(s) 'etl_pipeline' retrieved from /opt/airflow/dags/etl_pipeline.py
[2025-04-18T00:32:55.840+0000] {logging_mixin.py:190} INFO - [2025-04-18T00:32:55.840+0000] {dag.py:3239} INFO - Sync 1 DAGs
[2025-04-18T00:32:55.888+0000] {logging_mixin.py:190} INFO - [2025-04-18T00:32:55.888+0000] {dag.py:4180} INFO - Setting next_dagrun for etl_pipeline to 2025-04-18 00:00:00+00:00, run_after=2025-04-19 00:00:00+00:00
[2025-04-18T00:32:55.932+0000] {processor.py:208} INFO - Processing /opt/airflow/dags/etl_pipeline.py took 0.221 seconds
[2025-04-18T00:33:26.189+0000] {processor.py:186} INFO - Started process (PID=1638) to work on /opt/airflow/dags/etl_pipeline.py
[2025-04-18T00:33:26.191+0000] {processor.py:914} INFO - Processing file /opt/airflow/dags/etl_pipeline.py for tasks to queue
[2025-04-18T00:33:26.196+0000] {logging_mixin.py:190} INFO - [2025-04-18T00:33:26.196+0000] {dagbag.py:588} INFO - Filling up the DagBag from /opt/airflow/dags/etl_pipeline.py
[2025-04-18T00:33:26.253+0000] {processor.py:925} INFO - DAG(s) 'etl_pipeline' retrieved from /opt/airflow/dags/etl_pipeline.py
[2025-04-18T00:33:26.318+0000] {logging_mixin.py:190} INFO - [2025-04-18T00:33:26.318+0000] {dag.py:3239} INFO - Sync 1 DAGs
[2025-04-18T00:33:26.368+0000] {logging_mixin.py:190} INFO - [2025-04-18T00:33:26.367+0000] {dag.py:4180} INFO - Setting next_dagrun for etl_pipeline to 2025-04-18 00:00:00+00:00, run_after=2025-04-19 00:00:00+00:00
[2025-04-18T00:33:26.410+0000] {processor.py:208} INFO - Processing /opt/airflow/dags/etl_pipeline.py took 0.231 seconds
[2025-04-18T00:33:56.686+0000] {processor.py:186} INFO - Started process (PID=1643) to work on /opt/airflow/dags/etl_pipeline.py
[2025-04-18T00:33:56.688+0000] {processor.py:914} INFO - Processing file /opt/airflow/dags/etl_pipeline.py for tasks to queue
[2025-04-18T00:33:56.692+0000] {logging_mixin.py:190} INFO - [2025-04-18T00:33:56.691+0000] {dagbag.py:588} INFO - Filling up the DagBag from /opt/airflow/dags/etl_pipeline.py
[2025-04-18T00:33:56.741+0000] {processor.py:925} INFO - DAG(s) 'etl_pipeline' retrieved from /opt/airflow/dags/etl_pipeline.py
[2025-04-18T00:33:56.795+0000] {logging_mixin.py:190} INFO - [2025-04-18T00:33:56.795+0000] {dag.py:3239} INFO - Sync 1 DAGs
[2025-04-18T00:33:56.844+0000] {logging_mixin.py:190} INFO - [2025-04-18T00:33:56.843+0000] {dag.py:4180} INFO - Setting next_dagrun for etl_pipeline to 2025-04-18 00:00:00+00:00, run_after=2025-04-19 00:00:00+00:00
[2025-04-18T00:33:56.883+0000] {processor.py:208} INFO - Processing /opt/airflow/dags/etl_pipeline.py took 0.207 seconds
[2025-04-18T00:34:27.320+0000] {processor.py:186} INFO - Started process (PID=1648) to work on /opt/airflow/dags/etl_pipeline.py
[2025-04-18T00:34:27.322+0000] {processor.py:914} INFO - Processing file /opt/airflow/dags/etl_pipeline.py for tasks to queue
[2025-04-18T00:34:27.327+0000] {logging_mixin.py:190} INFO - [2025-04-18T00:34:27.326+0000] {dagbag.py:588} INFO - Filling up the DagBag from /opt/airflow/dags/etl_pipeline.py
[2025-04-18T00:34:27.383+0000] {processor.py:925} INFO - DAG(s) 'etl_pipeline' retrieved from /opt/airflow/dags/etl_pipeline.py
[2025-04-18T00:34:27.439+0000] {logging_mixin.py:190} INFO - [2025-04-18T00:34:27.438+0000] {dag.py:3239} INFO - Sync 1 DAGs
[2025-04-18T00:34:27.491+0000] {logging_mixin.py:190} INFO - [2025-04-18T00:34:27.490+0000] {dag.py:4180} INFO - Setting next_dagrun for etl_pipeline to 2025-04-18 00:00:00+00:00, run_after=2025-04-19 00:00:00+00:00
[2025-04-18T00:34:27.530+0000] {processor.py:208} INFO - Processing /opt/airflow/dags/etl_pipeline.py took 0.227 seconds
[2025-04-18T00:34:57.848+0000] {processor.py:186} INFO - Started process (PID=1653) to work on /opt/airflow/dags/etl_pipeline.py
[2025-04-18T00:34:57.855+0000] {processor.py:914} INFO - Processing file /opt/airflow/dags/etl_pipeline.py for tasks to queue
[2025-04-18T00:34:57.861+0000] {logging_mixin.py:190} INFO - [2025-04-18T00:34:57.860+0000] {dagbag.py:588} INFO - Filling up the DagBag from /opt/airflow/dags/etl_pipeline.py
[2025-04-18T00:34:57.931+0000] {processor.py:925} INFO - DAG(s) 'etl_pipeline' retrieved from /opt/airflow/dags/etl_pipeline.py
[2025-04-18T00:34:57.976+0000] {logging_mixin.py:190} INFO - [2025-04-18T00:34:57.975+0000] {dag.py:3239} INFO - Sync 1 DAGs
[2025-04-18T00:34:58.021+0000] {logging_mixin.py:190} INFO - [2025-04-18T00:34:58.020+0000] {dag.py:4180} INFO - Setting next_dagrun for etl_pipeline to 2025-04-18 00:00:00+00:00, run_after=2025-04-19 00:00:00+00:00
[2025-04-18T00:34:58.074+0000] {processor.py:208} INFO - Processing /opt/airflow/dags/etl_pipeline.py took 0.242 seconds
[2025-04-18T00:35:28.513+0000] {processor.py:186} INFO - Started process (PID=1658) to work on /opt/airflow/dags/etl_pipeline.py
[2025-04-18T00:35:28.515+0000] {processor.py:914} INFO - Processing file /opt/airflow/dags/etl_pipeline.py for tasks to queue
[2025-04-18T00:35:28.518+0000] {logging_mixin.py:190} INFO - [2025-04-18T00:35:28.518+0000] {dagbag.py:588} INFO - Filling up the DagBag from /opt/airflow/dags/etl_pipeline.py
[2025-04-18T00:35:28.570+0000] {processor.py:925} INFO - DAG(s) 'etl_pipeline' retrieved from /opt/airflow/dags/etl_pipeline.py
[2025-04-18T00:35:28.617+0000] {logging_mixin.py:190} INFO - [2025-04-18T00:35:28.616+0000] {dag.py:3239} INFO - Sync 1 DAGs
[2025-04-18T00:35:28.660+0000] {logging_mixin.py:190} INFO - [2025-04-18T00:35:28.659+0000] {dag.py:4180} INFO - Setting next_dagrun for etl_pipeline to 2025-04-18 00:00:00+00:00, run_after=2025-04-19 00:00:00+00:00
[2025-04-18T00:35:28.698+0000] {processor.py:208} INFO - Processing /opt/airflow/dags/etl_pipeline.py took 0.193 seconds
[2025-04-18T00:35:59.088+0000] {processor.py:186} INFO - Started process (PID=1663) to work on /opt/airflow/dags/etl_pipeline.py
[2025-04-18T00:35:59.090+0000] {processor.py:914} INFO - Processing file /opt/airflow/dags/etl_pipeline.py for tasks to queue
[2025-04-18T00:35:59.093+0000] {logging_mixin.py:190} INFO - [2025-04-18T00:35:59.093+0000] {dagbag.py:588} INFO - Filling up the DagBag from /opt/airflow/dags/etl_pipeline.py
[2025-04-18T00:35:59.141+0000] {processor.py:925} INFO - DAG(s) 'etl_pipeline' retrieved from /opt/airflow/dags/etl_pipeline.py
[2025-04-18T00:35:59.190+0000] {logging_mixin.py:190} INFO - [2025-04-18T00:35:59.190+0000] {dag.py:3239} INFO - Sync 1 DAGs
[2025-04-18T00:35:59.238+0000] {logging_mixin.py:190} INFO - [2025-04-18T00:35:59.238+0000] {dag.py:4180} INFO - Setting next_dagrun for etl_pipeline to 2025-04-18 00:00:00+00:00, run_after=2025-04-19 00:00:00+00:00
[2025-04-18T00:35:59.275+0000] {processor.py:208} INFO - Processing /opt/airflow/dags/etl_pipeline.py took 0.196 seconds
[2025-04-18T00:36:29.783+0000] {processor.py:186} INFO - Started process (PID=1668) to work on /opt/airflow/dags/etl_pipeline.py
[2025-04-18T00:36:29.786+0000] {processor.py:914} INFO - Processing file /opt/airflow/dags/etl_pipeline.py for tasks to queue
[2025-04-18T00:36:29.790+0000] {logging_mixin.py:190} INFO - [2025-04-18T00:36:29.790+0000] {dagbag.py:588} INFO - Filling up the DagBag from /opt/airflow/dags/etl_pipeline.py
[2025-04-18T00:36:29.837+0000] {processor.py:925} INFO - DAG(s) 'etl_pipeline' retrieved from /opt/airflow/dags/etl_pipeline.py
[2025-04-18T00:36:29.887+0000] {logging_mixin.py:190} INFO - [2025-04-18T00:36:29.886+0000] {dag.py:3239} INFO - Sync 1 DAGs
[2025-04-18T00:36:29.928+0000] {logging_mixin.py:190} INFO - [2025-04-18T00:36:29.928+0000] {dag.py:4180} INFO - Setting next_dagrun for etl_pipeline to 2025-04-18 00:00:00+00:00, run_after=2025-04-19 00:00:00+00:00
[2025-04-18T00:36:29.964+0000] {processor.py:208} INFO - Processing /opt/airflow/dags/etl_pipeline.py took 0.190 seconds
[2025-04-18T00:37:00.230+0000] {processor.py:186} INFO - Started process (PID=1673) to work on /opt/airflow/dags/etl_pipeline.py
[2025-04-18T00:37:00.232+0000] {processor.py:914} INFO - Processing file /opt/airflow/dags/etl_pipeline.py for tasks to queue
[2025-04-18T00:37:00.236+0000] {logging_mixin.py:190} INFO - [2025-04-18T00:37:00.235+0000] {dagbag.py:588} INFO - Filling up the DagBag from /opt/airflow/dags/etl_pipeline.py
[2025-04-18T00:37:00.286+0000] {processor.py:925} INFO - DAG(s) 'etl_pipeline' retrieved from /opt/airflow/dags/etl_pipeline.py
[2025-04-18T00:37:00.330+0000] {logging_mixin.py:190} INFO - [2025-04-18T00:37:00.329+0000] {dag.py:3239} INFO - Sync 1 DAGs
[2025-04-18T00:37:00.378+0000] {logging_mixin.py:190} INFO - [2025-04-18T00:37:00.378+0000] {dag.py:4180} INFO - Setting next_dagrun for etl_pipeline to 2025-04-18 00:00:00+00:00, run_after=2025-04-19 00:00:00+00:00
[2025-04-18T00:37:00.414+0000] {processor.py:208} INFO - Processing /opt/airflow/dags/etl_pipeline.py took 0.192 seconds
[2025-04-18T00:37:30.670+0000] {processor.py:186} INFO - Started process (PID=1678) to work on /opt/airflow/dags/etl_pipeline.py
[2025-04-18T00:37:30.672+0000] {processor.py:914} INFO - Processing file /opt/airflow/dags/etl_pipeline.py for tasks to queue
[2025-04-18T00:37:30.676+0000] {logging_mixin.py:190} INFO - [2025-04-18T00:37:30.676+0000] {dagbag.py:588} INFO - Filling up the DagBag from /opt/airflow/dags/etl_pipeline.py
[2025-04-18T00:37:30.727+0000] {processor.py:925} INFO - DAG(s) 'etl_pipeline' retrieved from /opt/airflow/dags/etl_pipeline.py
[2025-04-18T00:37:30.776+0000] {logging_mixin.py:190} INFO - [2025-04-18T00:37:30.775+0000] {dag.py:3239} INFO - Sync 1 DAGs
[2025-04-18T00:37:30.818+0000] {logging_mixin.py:190} INFO - [2025-04-18T00:37:30.818+0000] {dag.py:4180} INFO - Setting next_dagrun for etl_pipeline to 2025-04-18 00:00:00+00:00, run_after=2025-04-19 00:00:00+00:00
[2025-04-18T00:37:30.854+0000] {processor.py:208} INFO - Processing /opt/airflow/dags/etl_pipeline.py took 0.191 seconds
[2025-04-18T00:38:01.428+0000] {processor.py:186} INFO - Started process (PID=1683) to work on /opt/airflow/dags/etl_pipeline.py
[2025-04-18T00:38:01.430+0000] {processor.py:914} INFO - Processing file /opt/airflow/dags/etl_pipeline.py for tasks to queue
[2025-04-18T00:38:01.433+0000] {logging_mixin.py:190} INFO - [2025-04-18T00:38:01.432+0000] {dagbag.py:588} INFO - Filling up the DagBag from /opt/airflow/dags/etl_pipeline.py
[2025-04-18T00:38:01.479+0000] {processor.py:925} INFO - DAG(s) 'etl_pipeline' retrieved from /opt/airflow/dags/etl_pipeline.py
[2025-04-18T00:38:01.523+0000] {logging_mixin.py:190} INFO - [2025-04-18T00:38:01.522+0000] {dag.py:3239} INFO - Sync 1 DAGs
[2025-04-18T00:38:01.571+0000] {logging_mixin.py:190} INFO - [2025-04-18T00:38:01.571+0000] {dag.py:4180} INFO - Setting next_dagrun for etl_pipeline to 2025-04-18 00:00:00+00:00, run_after=2025-04-19 00:00:00+00:00
[2025-04-18T00:38:02.037+0000] {processor.py:208} INFO - Processing /opt/airflow/dags/etl_pipeline.py took 0.616 seconds
[2025-04-18T00:38:32.635+0000] {processor.py:186} INFO - Started process (PID=1688) to work on /opt/airflow/dags/etl_pipeline.py
[2025-04-18T00:38:32.638+0000] {processor.py:914} INFO - Processing file /opt/airflow/dags/etl_pipeline.py for tasks to queue
[2025-04-18T00:38:32.644+0000] {logging_mixin.py:190} INFO - [2025-04-18T00:38:32.642+0000] {dagbag.py:588} INFO - Filling up the DagBag from /opt/airflow/dags/etl_pipeline.py
[2025-04-18T00:38:32.723+0000] {processor.py:925} INFO - DAG(s) 'etl_pipeline' retrieved from /opt/airflow/dags/etl_pipeline.py
[2025-04-18T00:38:32.777+0000] {logging_mixin.py:190} INFO - [2025-04-18T00:38:32.776+0000] {dag.py:3239} INFO - Sync 1 DAGs
[2025-04-18T00:38:32.822+0000] {logging_mixin.py:190} INFO - [2025-04-18T00:38:32.822+0000] {dag.py:4180} INFO - Setting next_dagrun for etl_pipeline to 2025-04-18 00:00:00+00:00, run_after=2025-04-19 00:00:00+00:00
[2025-04-18T00:38:32.863+0000] {processor.py:208} INFO - Processing /opt/airflow/dags/etl_pipeline.py took 0.239 seconds
[2025-04-18T00:39:03.089+0000] {processor.py:186} INFO - Started process (PID=1693) to work on /opt/airflow/dags/etl_pipeline.py
[2025-04-18T00:39:03.091+0000] {processor.py:914} INFO - Processing file /opt/airflow/dags/etl_pipeline.py for tasks to queue
[2025-04-18T00:39:03.095+0000] {logging_mixin.py:190} INFO - [2025-04-18T00:39:03.094+0000] {dagbag.py:588} INFO - Filling up the DagBag from /opt/airflow/dags/etl_pipeline.py
[2025-04-18T00:39:03.136+0000] {processor.py:925} INFO - DAG(s) 'etl_pipeline' retrieved from /opt/airflow/dags/etl_pipeline.py
[2025-04-18T00:39:03.183+0000] {logging_mixin.py:190} INFO - [2025-04-18T00:39:03.183+0000] {dag.py:3239} INFO - Sync 1 DAGs
[2025-04-18T00:39:03.226+0000] {logging_mixin.py:190} INFO - [2025-04-18T00:39:03.225+0000] {dag.py:4180} INFO - Setting next_dagrun for etl_pipeline to 2025-04-18 00:00:00+00:00, run_after=2025-04-19 00:00:00+00:00
[2025-04-18T00:39:03.276+0000] {processor.py:208} INFO - Processing /opt/airflow/dags/etl_pipeline.py took 0.199 seconds
[2025-04-18T00:39:33.589+0000] {processor.py:186} INFO - Started process (PID=1698) to work on /opt/airflow/dags/etl_pipeline.py
[2025-04-18T00:39:33.591+0000] {processor.py:914} INFO - Processing file /opt/airflow/dags/etl_pipeline.py for tasks to queue
[2025-04-18T00:39:33.597+0000] {logging_mixin.py:190} INFO - [2025-04-18T00:39:33.596+0000] {dagbag.py:588} INFO - Filling up the DagBag from /opt/airflow/dags/etl_pipeline.py
[2025-04-18T00:39:33.677+0000] {processor.py:925} INFO - DAG(s) 'etl_pipeline' retrieved from /opt/airflow/dags/etl_pipeline.py
[2025-04-18T00:39:33.740+0000] {logging_mixin.py:190} INFO - [2025-04-18T00:39:33.739+0000] {dag.py:3239} INFO - Sync 1 DAGs
[2025-04-18T00:39:33.784+0000] {logging_mixin.py:190} INFO - [2025-04-18T00:39:33.784+0000] {dag.py:4180} INFO - Setting next_dagrun for etl_pipeline to 2025-04-18 00:00:00+00:00, run_after=2025-04-19 00:00:00+00:00
[2025-04-18T00:39:33.821+0000] {processor.py:208} INFO - Processing /opt/airflow/dags/etl_pipeline.py took 0.246 seconds
[2025-04-18T00:40:04.194+0000] {processor.py:186} INFO - Started process (PID=1703) to work on /opt/airflow/dags/etl_pipeline.py
[2025-04-18T00:40:04.196+0000] {processor.py:914} INFO - Processing file /opt/airflow/dags/etl_pipeline.py for tasks to queue
[2025-04-18T00:40:04.201+0000] {logging_mixin.py:190} INFO - [2025-04-18T00:40:04.200+0000] {dagbag.py:588} INFO - Filling up the DagBag from /opt/airflow/dags/etl_pipeline.py
[2025-04-18T00:40:04.251+0000] {processor.py:925} INFO - DAG(s) 'etl_pipeline' retrieved from /opt/airflow/dags/etl_pipeline.py
[2025-04-18T00:40:04.304+0000] {logging_mixin.py:190} INFO - [2025-04-18T00:40:04.304+0000] {dag.py:3239} INFO - Sync 1 DAGs
[2025-04-18T00:40:04.344+0000] {logging_mixin.py:190} INFO - [2025-04-18T00:40:04.344+0000] {dag.py:4180} INFO - Setting next_dagrun for etl_pipeline to 2025-04-18 00:00:00+00:00, run_after=2025-04-19 00:00:00+00:00
[2025-04-18T00:40:04.386+0000] {processor.py:208} INFO - Processing /opt/airflow/dags/etl_pipeline.py took 0.206 seconds
[2025-04-18T00:40:34.812+0000] {processor.py:186} INFO - Started process (PID=1708) to work on /opt/airflow/dags/etl_pipeline.py
[2025-04-18T00:40:34.816+0000] {processor.py:914} INFO - Processing file /opt/airflow/dags/etl_pipeline.py for tasks to queue
[2025-04-18T00:40:34.825+0000] {logging_mixin.py:190} INFO - [2025-04-18T00:40:34.824+0000] {dagbag.py:588} INFO - Filling up the DagBag from /opt/airflow/dags/etl_pipeline.py
[2025-04-18T00:40:34.920+0000] {processor.py:925} INFO - DAG(s) 'etl_pipeline' retrieved from /opt/airflow/dags/etl_pipeline.py
[2025-04-18T00:40:34.988+0000] {logging_mixin.py:190} INFO - [2025-04-18T00:40:34.987+0000] {dag.py:3239} INFO - Sync 1 DAGs
[2025-04-18T00:40:35.045+0000] {logging_mixin.py:190} INFO - [2025-04-18T00:40:35.045+0000] {dag.py:4180} INFO - Setting next_dagrun for etl_pipeline to 2025-04-18 00:00:00+00:00, run_after=2025-04-19 00:00:00+00:00
[2025-04-18T00:40:35.089+0000] {processor.py:208} INFO - Processing /opt/airflow/dags/etl_pipeline.py took 0.304 seconds
[2025-04-18T00:41:05.407+0000] {processor.py:186} INFO - Started process (PID=1713) to work on /opt/airflow/dags/etl_pipeline.py
[2025-04-18T00:41:05.409+0000] {processor.py:914} INFO - Processing file /opt/airflow/dags/etl_pipeline.py for tasks to queue
[2025-04-18T00:41:05.413+0000] {logging_mixin.py:190} INFO - [2025-04-18T00:41:05.412+0000] {dagbag.py:588} INFO - Filling up the DagBag from /opt/airflow/dags/etl_pipeline.py
[2025-04-18T00:41:05.490+0000] {processor.py:925} INFO - DAG(s) 'etl_pipeline' retrieved from /opt/airflow/dags/etl_pipeline.py
[2025-04-18T00:41:05.608+0000] {logging_mixin.py:190} INFO - [2025-04-18T00:41:05.607+0000] {dag.py:3239} INFO - Sync 1 DAGs
[2025-04-18T00:41:05.657+0000] {logging_mixin.py:190} INFO - [2025-04-18T00:41:05.656+0000] {dag.py:4180} INFO - Setting next_dagrun for etl_pipeline to 2025-04-18 00:00:00+00:00, run_after=2025-04-19 00:00:00+00:00
[2025-04-18T00:41:05.701+0000] {processor.py:208} INFO - Processing /opt/airflow/dags/etl_pipeline.py took 0.302 seconds
[2025-04-18T00:41:36.138+0000] {processor.py:186} INFO - Started process (PID=1718) to work on /opt/airflow/dags/etl_pipeline.py
[2025-04-18T00:41:36.140+0000] {processor.py:914} INFO - Processing file /opt/airflow/dags/etl_pipeline.py for tasks to queue
[2025-04-18T00:41:36.144+0000] {logging_mixin.py:190} INFO - [2025-04-18T00:41:36.144+0000] {dagbag.py:588} INFO - Filling up the DagBag from /opt/airflow/dags/etl_pipeline.py
[2025-04-18T00:41:36.192+0000] {processor.py:925} INFO - DAG(s) 'etl_pipeline' retrieved from /opt/airflow/dags/etl_pipeline.py
[2025-04-18T00:41:36.250+0000] {logging_mixin.py:190} INFO - [2025-04-18T00:41:36.249+0000] {dag.py:3239} INFO - Sync 1 DAGs
[2025-04-18T00:41:36.289+0000] {logging_mixin.py:190} INFO - [2025-04-18T00:41:36.289+0000] {dag.py:4180} INFO - Setting next_dagrun for etl_pipeline to 2025-04-18 00:00:00+00:00, run_after=2025-04-19 00:00:00+00:00
[2025-04-18T00:41:36.328+0000] {processor.py:208} INFO - Processing /opt/airflow/dags/etl_pipeline.py took 0.198 seconds
[2025-04-18T00:42:06.683+0000] {processor.py:186} INFO - Started process (PID=1723) to work on /opt/airflow/dags/etl_pipeline.py
[2025-04-18T00:42:06.686+0000] {processor.py:914} INFO - Processing file /opt/airflow/dags/etl_pipeline.py for tasks to queue
[2025-04-18T00:42:06.691+0000] {logging_mixin.py:190} INFO - [2025-04-18T00:42:06.690+0000] {dagbag.py:588} INFO - Filling up the DagBag from /opt/airflow/dags/etl_pipeline.py
[2025-04-18T00:42:06.769+0000] {processor.py:925} INFO - DAG(s) 'etl_pipeline' retrieved from /opt/airflow/dags/etl_pipeline.py
[2025-04-18T00:42:06.845+0000] {logging_mixin.py:190} INFO - [2025-04-18T00:42:06.844+0000] {dag.py:3239} INFO - Sync 1 DAGs
[2025-04-18T00:42:06.887+0000] {logging_mixin.py:190} INFO - [2025-04-18T00:42:06.886+0000] {dag.py:4180} INFO - Setting next_dagrun for etl_pipeline to 2025-04-18 00:00:00+00:00, run_after=2025-04-19 00:00:00+00:00
[2025-04-18T00:42:06.926+0000] {processor.py:208} INFO - Processing /opt/airflow/dags/etl_pipeline.py took 0.255 seconds
[2025-04-18T00:42:37.248+0000] {processor.py:186} INFO - Started process (PID=1728) to work on /opt/airflow/dags/etl_pipeline.py
[2025-04-18T00:42:37.250+0000] {processor.py:914} INFO - Processing file /opt/airflow/dags/etl_pipeline.py for tasks to queue
[2025-04-18T00:42:37.255+0000] {logging_mixin.py:190} INFO - [2025-04-18T00:42:37.254+0000] {dagbag.py:588} INFO - Filling up the DagBag from /opt/airflow/dags/etl_pipeline.py
[2025-04-18T00:42:37.304+0000] {processor.py:925} INFO - DAG(s) 'etl_pipeline' retrieved from /opt/airflow/dags/etl_pipeline.py
[2025-04-18T00:42:37.357+0000] {logging_mixin.py:190} INFO - [2025-04-18T00:42:37.356+0000] {dag.py:3239} INFO - Sync 1 DAGs
[2025-04-18T00:42:37.400+0000] {logging_mixin.py:190} INFO - [2025-04-18T00:42:37.399+0000] {dag.py:4180} INFO - Setting next_dagrun for etl_pipeline to 2025-04-18 00:00:00+00:00, run_after=2025-04-19 00:00:00+00:00
[2025-04-18T00:42:37.439+0000] {processor.py:208} INFO - Processing /opt/airflow/dags/etl_pipeline.py took 0.202 seconds
[2025-04-18T00:43:07.912+0000] {processor.py:186} INFO - Started process (PID=1733) to work on /opt/airflow/dags/etl_pipeline.py
[2025-04-18T00:43:07.918+0000] {processor.py:914} INFO - Processing file /opt/airflow/dags/etl_pipeline.py for tasks to queue
[2025-04-18T00:43:07.922+0000] {logging_mixin.py:190} INFO - [2025-04-18T00:43:07.922+0000] {dagbag.py:588} INFO - Filling up the DagBag from /opt/airflow/dags/etl_pipeline.py
[2025-04-18T00:43:07.963+0000] {processor.py:925} INFO - DAG(s) 'etl_pipeline' retrieved from /opt/airflow/dags/etl_pipeline.py
[2025-04-18T00:43:08.011+0000] {logging_mixin.py:190} INFO - [2025-04-18T00:43:08.010+0000] {dag.py:3239} INFO - Sync 1 DAGs
[2025-04-18T00:43:08.058+0000] {logging_mixin.py:190} INFO - [2025-04-18T00:43:08.058+0000] {dag.py:4180} INFO - Setting next_dagrun for etl_pipeline to 2025-04-18 00:00:00+00:00, run_after=2025-04-19 00:00:00+00:00
[2025-04-18T00:43:08.102+0000] {processor.py:208} INFO - Processing /opt/airflow/dags/etl_pipeline.py took 0.209 seconds
