[2025-05-08T12:25:18.879+0000] {local_task_job_runner.py:123} INFO - ::group::Pre task execution logs
[2025-05-08T12:25:18.905+0000] {taskinstance.py:2614} INFO - Dependencies all met for dep_context=non-requeueable deps ti=<TaskInstance: etl_pipeline.transform_task scheduled__2025-05-07T00:00:00+00:00 [queued]>
[2025-05-08T12:25:18.921+0000] {taskinstance.py:2614} INFO - Dependencies all met for dep_context=requeueable deps ti=<TaskInstance: etl_pipeline.transform_task scheduled__2025-05-07T00:00:00+00:00 [queued]>
[2025-05-08T12:25:18.921+0000] {taskinstance.py:2867} INFO - Starting attempt 1 of 4
[2025-05-08T12:25:18.939+0000] {taskinstance.py:2890} INFO - Executing <Task(PythonOperator): transform_task> on 2025-05-07 00:00:00+00:00
[2025-05-08T12:25:18.948+0000] {standard_task_runner.py:104} INFO - Running: ['***', 'tasks', 'run', 'etl_pipeline', 'transform_task', 'scheduled__2025-05-07T00:00:00+00:00', '--job-id', '185', '--raw', '--subdir', 'DAGS_FOLDER/etl_pipeline.py', '--cfg-path', '/tmp/tmpcl8pspjz']
[2025-05-08T12:25:18.950+0000] {standard_task_runner.py:105} INFO - Job 185: Subtask transform_task
[2025-05-08T12:25:18.951+0000] {logging_mixin.py:190} WARNING - /home/***/.local/lib/python3.12/site-packages/***/task/task_runner/standard_task_runner.py:70 DeprecationWarning: This process (pid=173) is multi-threaded, use of fork() may lead to deadlocks in the child.
[2025-05-08T12:25:18.952+0000] {standard_task_runner.py:72} INFO - Started process 174 to run task
[2025-05-08T12:25:19.007+0000] {task_command.py:467} INFO - Running <TaskInstance: etl_pipeline.transform_task scheduled__2025-05-07T00:00:00+00:00 [running]> on host e5bea2914fd7
[2025-05-08T12:25:19.107+0000] {taskinstance.py:3134} INFO - Exporting env vars: AIRFLOW_CTX_DAG_OWNER='***' AIRFLOW_CTX_DAG_ID='etl_pipeline' AIRFLOW_CTX_TASK_ID='transform_task' AIRFLOW_CTX_EXECUTION_DATE='2025-05-07T00:00:00+00:00' AIRFLOW_CTX_TRY_NUMBER='1' AIRFLOW_CTX_DAG_RUN_ID='scheduled__2025-05-07T00:00:00+00:00'
[2025-05-08T12:25:19.108+0000] {taskinstance.py:732} INFO - ::endgroup::
[2025-05-08T12:25:19.135+0000] {etl_pipeline.py:32} INFO - Données brutes : {'time': ['2025-05-08', '2025-05-09', '2025-05-10', '2025-05-11', '2025-05-12', '2025-05-13', '2025-05-14'], 'temperature_2m_min': [9.3, 9.8, 10.9, 13.6, 14.0, 14.6, 10.1], 'temperature_2m_max': [19.0, 19.9, 22.7, 24.5, 22.8, 20.8, 20.4], 'weather_code': [3, 3, 2, 80, 95, 80, 3], 'precipitation_sum': [0.0, 0.0, 0.0, 0.6, 5.1, 5.4, 0.0]}
[2025-05-08T12:25:19.136+0000] {etl_pipeline.py:39} INFO - Données transformées : [('2025-05-08', 9.3, 19.0, 0.0, 3), ('2025-05-09', 9.8, 19.9, 0.0, 3), ('2025-05-10', 10.9, 22.7, 0.0, 2), ('2025-05-11', 13.6, 24.5, 0.6, 80), ('2025-05-12', 14.0, 22.8, 5.1, 95), ('2025-05-13', 14.6, 20.8, 5.4, 80), ('2025-05-14', 10.1, 20.4, 0.0, 3)]
[2025-05-08T12:25:19.136+0000] {python.py:240} INFO - Done. Returned value was: [('2025-05-08', 9.3, 19.0, 0.0, 3), ('2025-05-09', 9.8, 19.9, 0.0, 3), ('2025-05-10', 10.9, 22.7, 0.0, 2), ('2025-05-11', 13.6, 24.5, 0.6, 80), ('2025-05-12', 14.0, 22.8, 5.1, 95), ('2025-05-13', 14.6, 20.8, 5.4, 80), ('2025-05-14', 10.1, 20.4, 0.0, 3)]
[2025-05-08T12:25:19.162+0000] {taskinstance.py:341} INFO - ::group::Post task execution logs
[2025-05-08T12:25:19.163+0000] {taskinstance.py:353} INFO - Marking task as SUCCESS. dag_id=etl_pipeline, task_id=transform_task, run_id=scheduled__2025-05-07T00:00:00+00:00, execution_date=20250507T000000, start_date=20250508T122518, end_date=20250508T122519
[2025-05-08T12:25:19.209+0000] {local_task_job_runner.py:266} INFO - Task exited with return code 0
[2025-05-08T12:25:19.235+0000] {taskinstance.py:3901} INFO - 1 downstream tasks scheduled from follow-on schedule check
[2025-05-08T12:25:19.237+0000] {local_task_job_runner.py:245} INFO - ::endgroup::
