[2025-05-02T00:37:12.617+0000] {local_task_job_runner.py:123} INFO - ::group::Pre task execution logs
[2025-05-02T00:37:12.648+0000] {taskinstance.py:2614} INFO - Dependencies all met for dep_context=non-requeueable deps ti=<TaskInstance: etl_pipeline.transform_task scheduled__2025-05-01T00:00:00+00:00 [queued]>
[2025-05-02T00:37:12.673+0000] {taskinstance.py:2614} INFO - Dependencies all met for dep_context=requeueable deps ti=<TaskInstance: etl_pipeline.transform_task scheduled__2025-05-01T00:00:00+00:00 [queued]>
[2025-05-02T00:37:12.674+0000] {taskinstance.py:2867} INFO - Starting attempt 1 of 4
[2025-05-02T00:37:12.696+0000] {taskinstance.py:2890} INFO - Executing <Task(PythonOperator): transform_task> on 2025-05-01 00:00:00+00:00
[2025-05-02T00:37:12.712+0000] {standard_task_runner.py:104} INFO - Running: ['***', 'tasks', 'run', 'etl_pipeline', 'transform_task', 'scheduled__2025-05-01T00:00:00+00:00', '--job-id', '162', '--raw', '--subdir', 'DAGS_FOLDER/etl_pipeline.py', '--cfg-path', '/tmp/tmp8zujqile']
[2025-05-02T00:37:12.715+0000] {standard_task_runner.py:105} INFO - Job 162: Subtask transform_task
[2025-05-02T00:37:12.716+0000] {logging_mixin.py:190} WARNING - /home/***/.local/lib/python3.12/site-packages/***/task/task_runner/standard_task_runner.py:70 DeprecationWarning: This process (pid=1362) is multi-threaded, use of fork() may lead to deadlocks in the child.
[2025-05-02T00:37:12.717+0000] {standard_task_runner.py:72} INFO - Started process 1363 to run task
[2025-05-02T00:37:12.780+0000] {task_command.py:467} INFO - Running <TaskInstance: etl_pipeline.transform_task scheduled__2025-05-01T00:00:00+00:00 [running]> on host e5bea2914fd7
[2025-05-02T00:37:12.900+0000] {taskinstance.py:3134} INFO - Exporting env vars: AIRFLOW_CTX_DAG_OWNER='***' AIRFLOW_CTX_DAG_ID='etl_pipeline' AIRFLOW_CTX_TASK_ID='transform_task' AIRFLOW_CTX_EXECUTION_DATE='2025-05-01T00:00:00+00:00' AIRFLOW_CTX_TRY_NUMBER='1' AIRFLOW_CTX_DAG_RUN_ID='scheduled__2025-05-01T00:00:00+00:00'
[2025-05-02T00:37:12.901+0000] {taskinstance.py:732} INFO - ::endgroup::
[2025-05-02T00:37:12.934+0000] {etl_pipeline.py:32} INFO - Données brutes : {'time': ['2025-05-02', '2025-05-03', '2025-05-04', '2025-05-05', '2025-05-06', '2025-05-07', '2025-05-08'], 'temperature_2m_min': [17.4, 16.6, 10.5, 6.4, 7.3, 6.6, 7.3], 'temperature_2m_max': [28.1, 23.7, 16.9, 17.3, 17.5, 16.7, 16.6], 'weather_code': [3, 95, 61, 1, 2, 2, 61], 'precipitation_sum': [0.0, 9.6, 0.6, 0.0, 0.0, 0.0, 0.0]}
[2025-05-02T00:37:12.935+0000] {etl_pipeline.py:39} INFO - Données transformées : [('2025-05-02', 17.4, 28.1, 0.0, 3), ('2025-05-03', 16.6, 23.7, 9.6, 95), ('2025-05-04', 10.5, 16.9, 0.6, 61), ('2025-05-05', 6.4, 17.3, 0.0, 1), ('2025-05-06', 7.3, 17.5, 0.0, 2), ('2025-05-07', 6.6, 16.7, 0.0, 2), ('2025-05-08', 7.3, 16.6, 0.0, 61)]
[2025-05-02T00:37:12.935+0000] {python.py:240} INFO - Done. Returned value was: [('2025-05-02', 17.4, 28.1, 0.0, 3), ('2025-05-03', 16.6, 23.7, 9.6, 95), ('2025-05-04', 10.5, 16.9, 0.6, 61), ('2025-05-05', 6.4, 17.3, 0.0, 1), ('2025-05-06', 7.3, 17.5, 0.0, 2), ('2025-05-07', 6.6, 16.7, 0.0, 2), ('2025-05-08', 7.3, 16.6, 0.0, 61)]
[2025-05-02T00:37:12.965+0000] {taskinstance.py:341} INFO - ::group::Post task execution logs
[2025-05-02T00:37:12.966+0000] {taskinstance.py:353} INFO - Marking task as SUCCESS. dag_id=etl_pipeline, task_id=transform_task, run_id=scheduled__2025-05-01T00:00:00+00:00, execution_date=20250501T000000, start_date=20250502T003712, end_date=20250502T003712
[2025-05-02T00:37:13.015+0000] {local_task_job_runner.py:266} INFO - Task exited with return code 0
[2025-05-02T00:37:13.050+0000] {taskinstance.py:3901} INFO - 1 downstream tasks scheduled from follow-on schedule check
[2025-05-02T00:37:13.052+0000] {local_task_job_runner.py:245} INFO - ::endgroup::
