[2025-04-12T21:10:19.395+0000] {local_task_job_runner.py:123} INFO - ::group::Pre task execution logs
[2025-04-12T21:10:19.437+0000] {taskinstance.py:2614} INFO - Dependencies all met for dep_context=non-requeueable deps ti=<TaskInstance: etl_pipeline.transform_task scheduled__2025-04-10T00:00:00+00:00 [queued]>
[2025-04-12T21:10:19.461+0000] {taskinstance.py:2614} INFO - Dependencies all met for dep_context=requeueable deps ti=<TaskInstance: etl_pipeline.transform_task scheduled__2025-04-10T00:00:00+00:00 [queued]>
[2025-04-12T21:10:19.462+0000] {taskinstance.py:2867} INFO - Starting attempt 1 of 4
[2025-04-12T21:10:19.523+0000] {taskinstance.py:2890} INFO - Executing <Task(PythonOperator): transform_task> on 2025-04-10 00:00:00+00:00
[2025-04-12T21:10:19.539+0000] {standard_task_runner.py:104} INFO - Running: ['***', 'tasks', 'run', 'etl_pipeline', 'transform_task', 'scheduled__2025-04-10T00:00:00+00:00', '--job-id', '77', '--raw', '--subdir', 'DAGS_FOLDER/etl_pipeline.py', '--cfg-path', '/tmp/tmpu9da0h0n']
[2025-04-12T21:10:19.543+0000] {standard_task_runner.py:105} INFO - Job 77: Subtask transform_task
[2025-04-12T21:10:19.547+0000] {logging_mixin.py:190} WARNING - /home/***/.local/lib/python3.12/site-packages/***/task/task_runner/standard_task_runner.py:70 DeprecationWarning: This process (pid=177) is multi-threaded, use of fork() may lead to deadlocks in the child.
[2025-04-12T21:10:19.550+0000] {standard_task_runner.py:72} INFO - Started process 180 to run task
[2025-04-12T21:10:19.654+0000] {task_command.py:467} INFO - Running <TaskInstance: etl_pipeline.transform_task scheduled__2025-04-10T00:00:00+00:00 [running]> on host e5bea2914fd7
[2025-04-12T21:10:19.832+0000] {taskinstance.py:3134} INFO - Exporting env vars: AIRFLOW_CTX_DAG_OWNER='***' AIRFLOW_CTX_DAG_ID='etl_pipeline' AIRFLOW_CTX_TASK_ID='transform_task' AIRFLOW_CTX_EXECUTION_DATE='2025-04-10T00:00:00+00:00' AIRFLOW_CTX_TRY_NUMBER='1' AIRFLOW_CTX_DAG_RUN_ID='scheduled__2025-04-10T00:00:00+00:00'
[2025-04-12T21:10:19.834+0000] {taskinstance.py:732} INFO - ::endgroup::
[2025-04-12T21:10:19.884+0000] {etl_pipeline.py:32} INFO - Données brutes : {'time': ['2025-04-12', '2025-04-13', '2025-04-14', '2025-04-15', '2025-04-16', '2025-04-17', '2025-04-18'], 'temperature_2m_min': [10.4, 13.7, 10.4, 11.0, 8.7, 7.8, 10.4], 'temperature_2m_max': [21.6, 19.9, 19.8, 17.9, 15.1, 15.6, 18.6], 'weather_code': [61, 61, 3, 80, 3, 61, 3], 'precipitation_sum': [2.0, 1.7, 0.0, 4.2, 0.0, 0.3, 0.3]}
[2025-04-12T21:10:19.886+0000] {etl_pipeline.py:39} INFO - Données transformées : [('2025-04-12', 10.4, 21.6, 2.0, 61), ('2025-04-13', 13.7, 19.9, 1.7, 61), ('2025-04-14', 10.4, 19.8, 0.0, 3), ('2025-04-15', 11.0, 17.9, 4.2, 80), ('2025-04-16', 8.7, 15.1, 0.0, 3), ('2025-04-17', 7.8, 15.6, 0.3, 61), ('2025-04-18', 10.4, 18.6, 0.3, 3)]
[2025-04-12T21:10:19.888+0000] {python.py:240} INFO - Done. Returned value was: [('2025-04-12', 10.4, 21.6, 2.0, 61), ('2025-04-13', 13.7, 19.9, 1.7, 61), ('2025-04-14', 10.4, 19.8, 0.0, 3), ('2025-04-15', 11.0, 17.9, 4.2, 80), ('2025-04-16', 8.7, 15.1, 0.0, 3), ('2025-04-17', 7.8, 15.6, 0.3, 61), ('2025-04-18', 10.4, 18.6, 0.3, 3)]
[2025-04-12T21:10:19.936+0000] {taskinstance.py:341} INFO - ::group::Post task execution logs
[2025-04-12T21:10:19.938+0000] {taskinstance.py:353} INFO - Marking task as SUCCESS. dag_id=etl_pipeline, task_id=transform_task, run_id=scheduled__2025-04-10T00:00:00+00:00, execution_date=20250410T000000, start_date=20250412T211019, end_date=20250412T211019
[2025-04-12T21:10:20.021+0000] {local_task_job_runner.py:266} INFO - Task exited with return code 0
[2025-04-12T21:10:20.059+0000] {taskinstance.py:3901} INFO - 1 downstream tasks scheduled from follow-on schedule check
[2025-04-12T21:10:20.064+0000] {local_task_job_runner.py:245} INFO - ::endgroup::
