[2025-04-06T19:48:09.778+0000] {processor.py:186} INFO - Started process (PID=165) to work on /opt/airflow/dags/etl_pipeline.py
[2025-04-06T19:48:09.787+0000] {processor.py:914} INFO - Processing file /opt/airflow/dags/etl_pipeline.py for tasks to queue
[2025-04-06T19:48:09.810+0000] {logging_mixin.py:190} INFO - [2025-04-06T19:48:09.807+0000] {dagbag.py:588} INFO - Filling up the DagBag from /opt/airflow/dags/etl_pipeline.py
[2025-04-06T19:48:09.902+0000] {processor.py:925} INFO - DAG(s) 'etl_pipeline' retrieved from /opt/airflow/dags/etl_pipeline.py
[2025-04-06T19:48:10.090+0000] {logging_mixin.py:190} INFO - [2025-04-06T19:48:10.089+0000] {dag.py:3239} INFO - Sync 1 DAGs
[2025-04-06T19:48:10.161+0000] {logging_mixin.py:190} INFO - [2025-04-06T19:48:10.160+0000] {dag.py:4180} INFO - Setting next_dagrun for etl_pipeline to 2025-04-06 00:00:00+00:00, run_after=2025-04-07 00:00:00+00:00
[2025-04-06T19:48:10.207+0000] {processor.py:208} INFO - Processing /opt/airflow/dags/etl_pipeline.py took 0.475 seconds
[2025-04-06T19:48:40.593+0000] {processor.py:186} INFO - Started process (PID=170) to work on /opt/airflow/dags/etl_pipeline.py
[2025-04-06T19:48:40.599+0000] {processor.py:914} INFO - Processing file /opt/airflow/dags/etl_pipeline.py for tasks to queue
[2025-04-06T19:48:40.612+0000] {logging_mixin.py:190} INFO - [2025-04-06T19:48:40.610+0000] {dagbag.py:588} INFO - Filling up the DagBag from /opt/airflow/dags/etl_pipeline.py
[2025-04-06T19:48:40.697+0000] {processor.py:925} INFO - DAG(s) 'etl_pipeline' retrieved from /opt/airflow/dags/etl_pipeline.py
[2025-04-06T19:48:40.843+0000] {logging_mixin.py:190} INFO - [2025-04-06T19:48:40.842+0000] {dag.py:3239} INFO - Sync 1 DAGs
[2025-04-06T19:48:40.942+0000] {logging_mixin.py:190} INFO - [2025-04-06T19:48:40.942+0000] {dag.py:4180} INFO - Setting next_dagrun for etl_pipeline to 2025-04-06 00:00:00+00:00, run_after=2025-04-07 00:00:00+00:00
[2025-04-06T19:48:40.985+0000] {processor.py:208} INFO - Processing /opt/airflow/dags/etl_pipeline.py took 0.453 seconds
[2025-04-06T19:50:07.739+0000] {processor.py:186} INFO - Started process (PID=165) to work on /opt/airflow/dags/etl_pipeline.py
[2025-04-06T19:50:07.744+0000] {processor.py:914} INFO - Processing file /opt/airflow/dags/etl_pipeline.py for tasks to queue
[2025-04-06T19:50:07.750+0000] {logging_mixin.py:190} INFO - [2025-04-06T19:50:07.750+0000] {dagbag.py:588} INFO - Filling up the DagBag from /opt/airflow/dags/etl_pipeline.py
[2025-04-06T19:50:07.806+0000] {processor.py:925} INFO - DAG(s) 'etl_pipeline' retrieved from /opt/airflow/dags/etl_pipeline.py
[2025-04-06T19:50:07.889+0000] {logging_mixin.py:190} INFO - [2025-04-06T19:50:07.889+0000] {dag.py:3239} INFO - Sync 1 DAGs
[2025-04-06T19:50:07.934+0000] {logging_mixin.py:190} INFO - [2025-04-06T19:50:07.933+0000] {dag.py:4180} INFO - Setting next_dagrun for etl_pipeline to 2025-04-06 00:00:00+00:00, run_after=2025-04-07 00:00:00+00:00
[2025-04-06T19:50:07.970+0000] {processor.py:208} INFO - Processing /opt/airflow/dags/etl_pipeline.py took 0.248 seconds
[2025-04-06T19:50:38.052+0000] {processor.py:186} INFO - Started process (PID=170) to work on /opt/airflow/dags/etl_pipeline.py
[2025-04-06T19:50:38.053+0000] {processor.py:914} INFO - Processing file /opt/airflow/dags/etl_pipeline.py for tasks to queue
[2025-04-06T19:50:38.056+0000] {logging_mixin.py:190} INFO - [2025-04-06T19:50:38.056+0000] {dagbag.py:588} INFO - Filling up the DagBag from /opt/airflow/dags/etl_pipeline.py
[2025-04-06T19:50:38.089+0000] {processor.py:925} INFO - DAG(s) 'etl_pipeline' retrieved from /opt/airflow/dags/etl_pipeline.py
[2025-04-06T19:50:38.123+0000] {logging_mixin.py:190} INFO - [2025-04-06T19:50:38.123+0000] {dag.py:3239} INFO - Sync 1 DAGs
[2025-04-06T19:50:38.162+0000] {logging_mixin.py:190} INFO - [2025-04-06T19:50:38.161+0000] {dag.py:4180} INFO - Setting next_dagrun for etl_pipeline to 2025-04-06 00:00:00+00:00, run_after=2025-04-07 00:00:00+00:00
[2025-04-06T19:50:38.197+0000] {processor.py:208} INFO - Processing /opt/airflow/dags/etl_pipeline.py took 0.151 seconds
[2025-04-06T19:51:08.311+0000] {processor.py:186} INFO - Started process (PID=175) to work on /opt/airflow/dags/etl_pipeline.py
[2025-04-06T19:51:08.313+0000] {processor.py:914} INFO - Processing file /opt/airflow/dags/etl_pipeline.py for tasks to queue
[2025-04-06T19:51:08.316+0000] {logging_mixin.py:190} INFO - [2025-04-06T19:51:08.315+0000] {dagbag.py:588} INFO - Filling up the DagBag from /opt/airflow/dags/etl_pipeline.py
[2025-04-06T19:51:08.343+0000] {processor.py:925} INFO - DAG(s) 'etl_pipeline' retrieved from /opt/airflow/dags/etl_pipeline.py
[2025-04-06T19:51:08.376+0000] {logging_mixin.py:190} INFO - [2025-04-06T19:51:08.376+0000] {dag.py:3239} INFO - Sync 1 DAGs
[2025-04-06T19:51:08.412+0000] {logging_mixin.py:190} INFO - [2025-04-06T19:51:08.412+0000] {dag.py:4180} INFO - Setting next_dagrun for etl_pipeline to 2025-04-06 00:00:00+00:00, run_after=2025-04-07 00:00:00+00:00
[2025-04-06T19:51:08.437+0000] {processor.py:208} INFO - Processing /opt/airflow/dags/etl_pipeline.py took 0.131 seconds
[2025-04-06T19:51:38.757+0000] {processor.py:186} INFO - Started process (PID=180) to work on /opt/airflow/dags/etl_pipeline.py
[2025-04-06T19:51:38.759+0000] {processor.py:914} INFO - Processing file /opt/airflow/dags/etl_pipeline.py for tasks to queue
[2025-04-06T19:51:38.761+0000] {logging_mixin.py:190} INFO - [2025-04-06T19:51:38.761+0000] {dagbag.py:588} INFO - Filling up the DagBag from /opt/airflow/dags/etl_pipeline.py
[2025-04-06T19:51:38.808+0000] {processor.py:925} INFO - DAG(s) 'etl_pipeline' retrieved from /opt/airflow/dags/etl_pipeline.py
[2025-04-06T19:51:38.927+0000] {logging_mixin.py:190} INFO - [2025-04-06T19:51:38.926+0000] {dag.py:3239} INFO - Sync 1 DAGs
[2025-04-06T19:51:39.001+0000] {logging_mixin.py:190} INFO - [2025-04-06T19:51:39.000+0000] {dag.py:4180} INFO - Setting next_dagrun for etl_pipeline to 2025-04-06 00:00:00+00:00, run_after=2025-04-07 00:00:00+00:00
[2025-04-06T19:51:39.043+0000] {processor.py:208} INFO - Processing /opt/airflow/dags/etl_pipeline.py took 0.297 seconds
[2025-04-06T19:52:09.313+0000] {processor.py:186} INFO - Started process (PID=185) to work on /opt/airflow/dags/etl_pipeline.py
[2025-04-06T19:52:09.315+0000] {processor.py:914} INFO - Processing file /opt/airflow/dags/etl_pipeline.py for tasks to queue
[2025-04-06T19:52:09.317+0000] {logging_mixin.py:190} INFO - [2025-04-06T19:52:09.317+0000] {dagbag.py:588} INFO - Filling up the DagBag from /opt/airflow/dags/etl_pipeline.py
[2025-04-06T19:52:09.358+0000] {processor.py:925} INFO - DAG(s) 'etl_pipeline' retrieved from /opt/airflow/dags/etl_pipeline.py
[2025-04-06T19:52:09.426+0000] {logging_mixin.py:190} INFO - [2025-04-06T19:52:09.425+0000] {dag.py:3239} INFO - Sync 1 DAGs
[2025-04-06T19:52:09.526+0000] {logging_mixin.py:190} INFO - [2025-04-06T19:52:09.525+0000] {dag.py:4180} INFO - Setting next_dagrun for etl_pipeline to 2025-04-06 00:00:00+00:00, run_after=2025-04-07 00:00:00+00:00
[2025-04-06T19:52:09.574+0000] {processor.py:208} INFO - Processing /opt/airflow/dags/etl_pipeline.py took 0.267 seconds
[2025-04-06T19:52:39.904+0000] {processor.py:186} INFO - Started process (PID=190) to work on /opt/airflow/dags/etl_pipeline.py
[2025-04-06T19:52:39.917+0000] {processor.py:914} INFO - Processing file /opt/airflow/dags/etl_pipeline.py for tasks to queue
[2025-04-06T19:52:39.933+0000] {logging_mixin.py:190} INFO - [2025-04-06T19:52:39.932+0000] {dagbag.py:588} INFO - Filling up the DagBag from /opt/airflow/dags/etl_pipeline.py
[2025-04-06T19:52:40.023+0000] {processor.py:925} INFO - DAG(s) 'etl_pipeline' retrieved from /opt/airflow/dags/etl_pipeline.py
[2025-04-06T19:52:40.146+0000] {logging_mixin.py:190} INFO - [2025-04-06T19:52:40.146+0000] {dag.py:3239} INFO - Sync 1 DAGs
[2025-04-06T19:52:40.213+0000] {logging_mixin.py:190} INFO - [2025-04-06T19:52:40.213+0000] {dag.py:4180} INFO - Setting next_dagrun for etl_pipeline to 2025-04-06 00:00:00+00:00, run_after=2025-04-07 00:00:00+00:00
[2025-04-06T19:52:40.269+0000] {processor.py:208} INFO - Processing /opt/airflow/dags/etl_pipeline.py took 0.402 seconds
[2025-04-06T19:53:10.549+0000] {processor.py:186} INFO - Started process (PID=195) to work on /opt/airflow/dags/etl_pipeline.py
[2025-04-06T19:53:10.550+0000] {processor.py:914} INFO - Processing file /opt/airflow/dags/etl_pipeline.py for tasks to queue
[2025-04-06T19:53:10.560+0000] {logging_mixin.py:190} INFO - [2025-04-06T19:53:10.556+0000] {dagbag.py:588} INFO - Filling up the DagBag from /opt/airflow/dags/etl_pipeline.py
[2025-04-06T19:53:10.591+0000] {processor.py:925} INFO - DAG(s) 'etl_pipeline' retrieved from /opt/airflow/dags/etl_pipeline.py
[2025-04-06T19:53:10.659+0000] {logging_mixin.py:190} INFO - [2025-04-06T19:53:10.658+0000] {dag.py:3239} INFO - Sync 1 DAGs
[2025-04-06T19:53:10.716+0000] {logging_mixin.py:190} INFO - [2025-04-06T19:53:10.716+0000] {dag.py:4180} INFO - Setting next_dagrun for etl_pipeline to 2025-04-06 00:00:00+00:00, run_after=2025-04-07 00:00:00+00:00
[2025-04-06T19:53:10.745+0000] {processor.py:208} INFO - Processing /opt/airflow/dags/etl_pipeline.py took 0.202 seconds
[2025-04-06T19:53:40.796+0000] {processor.py:186} INFO - Started process (PID=200) to work on /opt/airflow/dags/etl_pipeline.py
[2025-04-06T19:53:40.797+0000] {processor.py:914} INFO - Processing file /opt/airflow/dags/etl_pipeline.py for tasks to queue
[2025-04-06T19:53:40.799+0000] {logging_mixin.py:190} INFO - [2025-04-06T19:53:40.799+0000] {dagbag.py:588} INFO - Filling up the DagBag from /opt/airflow/dags/etl_pipeline.py
[2025-04-06T19:53:40.826+0000] {processor.py:925} INFO - DAG(s) 'etl_pipeline' retrieved from /opt/airflow/dags/etl_pipeline.py
[2025-04-06T19:53:40.865+0000] {logging_mixin.py:190} INFO - [2025-04-06T19:53:40.865+0000] {dag.py:3239} INFO - Sync 1 DAGs
[2025-04-06T19:53:40.996+0000] {logging_mixin.py:190} INFO - [2025-04-06T19:53:40.995+0000] {dag.py:4180} INFO - Setting next_dagrun for etl_pipeline to 2025-04-06 00:00:00+00:00, run_after=2025-04-07 00:00:00+00:00
[2025-04-06T19:53:41.044+0000] {processor.py:208} INFO - Processing /opt/airflow/dags/etl_pipeline.py took 0.253 seconds
[2025-04-06T19:54:11.277+0000] {processor.py:186} INFO - Started process (PID=205) to work on /opt/airflow/dags/etl_pipeline.py
[2025-04-06T19:54:11.278+0000] {processor.py:914} INFO - Processing file /opt/airflow/dags/etl_pipeline.py for tasks to queue
[2025-04-06T19:54:11.280+0000] {logging_mixin.py:190} INFO - [2025-04-06T19:54:11.280+0000] {dagbag.py:588} INFO - Filling up the DagBag from /opt/airflow/dags/etl_pipeline.py
[2025-04-06T19:54:11.312+0000] {processor.py:925} INFO - DAG(s) 'etl_pipeline' retrieved from /opt/airflow/dags/etl_pipeline.py
[2025-04-06T19:54:11.373+0000] {logging_mixin.py:190} INFO - [2025-04-06T19:54:11.373+0000] {dag.py:3239} INFO - Sync 1 DAGs
[2025-04-06T19:54:11.422+0000] {logging_mixin.py:190} INFO - [2025-04-06T19:54:11.421+0000] {dag.py:4180} INFO - Setting next_dagrun for etl_pipeline to 2025-04-06 00:00:00+00:00, run_after=2025-04-07 00:00:00+00:00
[2025-04-06T19:54:11.455+0000] {processor.py:208} INFO - Processing /opt/airflow/dags/etl_pipeline.py took 0.184 seconds
[2025-04-06T19:54:41.549+0000] {processor.py:186} INFO - Started process (PID=210) to work on /opt/airflow/dags/etl_pipeline.py
[2025-04-06T19:54:41.550+0000] {processor.py:914} INFO - Processing file /opt/airflow/dags/etl_pipeline.py for tasks to queue
[2025-04-06T19:54:41.552+0000] {logging_mixin.py:190} INFO - [2025-04-06T19:54:41.552+0000] {dagbag.py:588} INFO - Filling up the DagBag from /opt/airflow/dags/etl_pipeline.py
[2025-04-06T19:54:41.575+0000] {processor.py:925} INFO - DAG(s) 'etl_pipeline' retrieved from /opt/airflow/dags/etl_pipeline.py
[2025-04-06T19:54:41.608+0000] {logging_mixin.py:190} INFO - [2025-04-06T19:54:41.607+0000] {dag.py:3239} INFO - Sync 1 DAGs
[2025-04-06T19:54:41.636+0000] {logging_mixin.py:190} INFO - [2025-04-06T19:54:41.636+0000] {dag.py:4180} INFO - Setting next_dagrun for etl_pipeline to 2025-04-06 00:00:00+00:00, run_after=2025-04-07 00:00:00+00:00
[2025-04-06T19:54:41.661+0000] {processor.py:208} INFO - Processing /opt/airflow/dags/etl_pipeline.py took 0.117 seconds
[2025-04-06T19:55:11.868+0000] {processor.py:186} INFO - Started process (PID=215) to work on /opt/airflow/dags/etl_pipeline.py
[2025-04-06T19:55:11.870+0000] {processor.py:914} INFO - Processing file /opt/airflow/dags/etl_pipeline.py for tasks to queue
[2025-04-06T19:55:11.872+0000] {logging_mixin.py:190} INFO - [2025-04-06T19:55:11.872+0000] {dagbag.py:588} INFO - Filling up the DagBag from /opt/airflow/dags/etl_pipeline.py
[2025-04-06T19:55:11.899+0000] {processor.py:925} INFO - DAG(s) 'etl_pipeline' retrieved from /opt/airflow/dags/etl_pipeline.py
[2025-04-06T19:55:11.929+0000] {logging_mixin.py:190} INFO - [2025-04-06T19:55:11.929+0000] {dag.py:3239} INFO - Sync 1 DAGs
[2025-04-06T19:55:11.958+0000] {logging_mixin.py:190} INFO - [2025-04-06T19:55:11.958+0000] {dag.py:4180} INFO - Setting next_dagrun for etl_pipeline to 2025-04-06 00:00:00+00:00, run_after=2025-04-07 00:00:00+00:00
[2025-04-06T19:55:11.982+0000] {processor.py:208} INFO - Processing /opt/airflow/dags/etl_pipeline.py took 0.119 seconds
[2025-04-06T19:55:42.264+0000] {processor.py:186} INFO - Started process (PID=220) to work on /opt/airflow/dags/etl_pipeline.py
[2025-04-06T19:55:42.268+0000] {processor.py:914} INFO - Processing file /opt/airflow/dags/etl_pipeline.py for tasks to queue
[2025-04-06T19:55:42.272+0000] {logging_mixin.py:190} INFO - [2025-04-06T19:55:42.271+0000] {dagbag.py:588} INFO - Filling up the DagBag from /opt/airflow/dags/etl_pipeline.py
[2025-04-06T19:55:42.404+0000] {processor.py:925} INFO - DAG(s) 'etl_pipeline' retrieved from /opt/airflow/dags/etl_pipeline.py
[2025-04-06T19:55:42.521+0000] {logging_mixin.py:190} INFO - [2025-04-06T19:55:42.521+0000] {dag.py:3239} INFO - Sync 1 DAGs
[2025-04-06T19:55:42.647+0000] {logging_mixin.py:190} INFO - [2025-04-06T19:55:42.646+0000] {dag.py:4180} INFO - Setting next_dagrun for etl_pipeline to 2025-04-06 00:00:00+00:00, run_after=2025-04-07 00:00:00+00:00
[2025-04-06T19:55:42.717+0000] {processor.py:208} INFO - Processing /opt/airflow/dags/etl_pipeline.py took 0.489 seconds
[2025-04-06T19:56:12.997+0000] {processor.py:186} INFO - Started process (PID=225) to work on /opt/airflow/dags/etl_pipeline.py
[2025-04-06T19:56:12.998+0000] {processor.py:914} INFO - Processing file /opt/airflow/dags/etl_pipeline.py for tasks to queue
[2025-04-06T19:56:13.002+0000] {logging_mixin.py:190} INFO - [2025-04-06T19:56:13.002+0000] {dagbag.py:588} INFO - Filling up the DagBag from /opt/airflow/dags/etl_pipeline.py
[2025-04-06T19:56:13.025+0000] {processor.py:925} INFO - DAG(s) 'etl_pipeline' retrieved from /opt/airflow/dags/etl_pipeline.py
[2025-04-06T19:56:13.058+0000] {logging_mixin.py:190} INFO - [2025-04-06T19:56:13.057+0000] {dag.py:3239} INFO - Sync 1 DAGs
[2025-04-06T19:56:13.097+0000] {logging_mixin.py:190} INFO - [2025-04-06T19:56:13.097+0000] {dag.py:4180} INFO - Setting next_dagrun for etl_pipeline to 2025-04-06 00:00:00+00:00, run_after=2025-04-07 00:00:00+00:00
[2025-04-06T19:56:13.127+0000] {processor.py:208} INFO - Processing /opt/airflow/dags/etl_pipeline.py took 0.135 seconds
[2025-04-06T19:56:43.236+0000] {processor.py:186} INFO - Started process (PID=230) to work on /opt/airflow/dags/etl_pipeline.py
[2025-04-06T19:56:43.237+0000] {processor.py:914} INFO - Processing file /opt/airflow/dags/etl_pipeline.py for tasks to queue
[2025-04-06T19:56:43.240+0000] {logging_mixin.py:190} INFO - [2025-04-06T19:56:43.239+0000] {dagbag.py:588} INFO - Filling up the DagBag from /opt/airflow/dags/etl_pipeline.py
[2025-04-06T19:56:43.264+0000] {processor.py:925} INFO - DAG(s) 'etl_pipeline' retrieved from /opt/airflow/dags/etl_pipeline.py
[2025-04-06T19:56:43.296+0000] {logging_mixin.py:190} INFO - [2025-04-06T19:56:43.296+0000] {dag.py:3239} INFO - Sync 1 DAGs
[2025-04-06T19:56:43.322+0000] {logging_mixin.py:190} INFO - [2025-04-06T19:56:43.322+0000] {dag.py:4180} INFO - Setting next_dagrun for etl_pipeline to 2025-04-06 00:00:00+00:00, run_after=2025-04-07 00:00:00+00:00
[2025-04-06T19:56:43.345+0000] {processor.py:208} INFO - Processing /opt/airflow/dags/etl_pipeline.py took 0.116 seconds
[2025-04-06T19:57:13.667+0000] {processor.py:186} INFO - Started process (PID=235) to work on /opt/airflow/dags/etl_pipeline.py
[2025-04-06T19:57:13.668+0000] {processor.py:914} INFO - Processing file /opt/airflow/dags/etl_pipeline.py for tasks to queue
[2025-04-06T19:57:13.672+0000] {logging_mixin.py:190} INFO - [2025-04-06T19:57:13.671+0000] {dagbag.py:588} INFO - Filling up the DagBag from /opt/airflow/dags/etl_pipeline.py
[2025-04-06T19:57:13.703+0000] {processor.py:925} INFO - DAG(s) 'etl_pipeline' retrieved from /opt/airflow/dags/etl_pipeline.py
[2025-04-06T19:57:13.735+0000] {logging_mixin.py:190} INFO - [2025-04-06T19:57:13.734+0000] {dag.py:3239} INFO - Sync 1 DAGs
[2025-04-06T19:57:13.769+0000] {logging_mixin.py:190} INFO - [2025-04-06T19:57:13.769+0000] {dag.py:4180} INFO - Setting next_dagrun for etl_pipeline to 2025-04-06 00:00:00+00:00, run_after=2025-04-07 00:00:00+00:00
[2025-04-06T19:57:13.795+0000] {processor.py:208} INFO - Processing /opt/airflow/dags/etl_pipeline.py took 0.133 seconds
[2025-04-06T19:57:43.922+0000] {processor.py:186} INFO - Started process (PID=240) to work on /opt/airflow/dags/etl_pipeline.py
[2025-04-06T19:57:43.923+0000] {processor.py:914} INFO - Processing file /opt/airflow/dags/etl_pipeline.py for tasks to queue
[2025-04-06T19:57:43.926+0000] {logging_mixin.py:190} INFO - [2025-04-06T19:57:43.926+0000] {dagbag.py:588} INFO - Filling up the DagBag from /opt/airflow/dags/etl_pipeline.py
[2025-04-06T19:57:43.957+0000] {processor.py:925} INFO - DAG(s) 'etl_pipeline' retrieved from /opt/airflow/dags/etl_pipeline.py
[2025-04-06T19:57:43.991+0000] {logging_mixin.py:190} INFO - [2025-04-06T19:57:43.991+0000] {dag.py:3239} INFO - Sync 1 DAGs
[2025-04-06T19:57:44.017+0000] {logging_mixin.py:190} INFO - [2025-04-06T19:57:44.017+0000] {dag.py:4180} INFO - Setting next_dagrun for etl_pipeline to 2025-04-06 00:00:00+00:00, run_after=2025-04-07 00:00:00+00:00
[2025-04-06T19:57:44.043+0000] {processor.py:208} INFO - Processing /opt/airflow/dags/etl_pipeline.py took 0.129 seconds
[2025-04-06T19:58:14.352+0000] {processor.py:186} INFO - Started process (PID=245) to work on /opt/airflow/dags/etl_pipeline.py
[2025-04-06T19:58:14.353+0000] {processor.py:914} INFO - Processing file /opt/airflow/dags/etl_pipeline.py for tasks to queue
[2025-04-06T19:58:14.355+0000] {logging_mixin.py:190} INFO - [2025-04-06T19:58:14.355+0000] {dagbag.py:588} INFO - Filling up the DagBag from /opt/airflow/dags/etl_pipeline.py
[2025-04-06T19:58:14.379+0000] {processor.py:925} INFO - DAG(s) 'etl_pipeline' retrieved from /opt/airflow/dags/etl_pipeline.py
[2025-04-06T19:58:14.413+0000] {logging_mixin.py:190} INFO - [2025-04-06T19:58:14.413+0000] {dag.py:3239} INFO - Sync 1 DAGs
[2025-04-06T19:58:14.442+0000] {logging_mixin.py:190} INFO - [2025-04-06T19:58:14.442+0000] {dag.py:4180} INFO - Setting next_dagrun for etl_pipeline to 2025-04-06 00:00:00+00:00, run_after=2025-04-07 00:00:00+00:00
[2025-04-06T19:58:14.465+0000] {processor.py:208} INFO - Processing /opt/airflow/dags/etl_pipeline.py took 0.119 seconds
[2025-04-06T19:58:44.627+0000] {processor.py:186} INFO - Started process (PID=250) to work on /opt/airflow/dags/etl_pipeline.py
[2025-04-06T19:58:44.628+0000] {processor.py:914} INFO - Processing file /opt/airflow/dags/etl_pipeline.py for tasks to queue
[2025-04-06T19:58:44.630+0000] {logging_mixin.py:190} INFO - [2025-04-06T19:58:44.630+0000] {dagbag.py:588} INFO - Filling up the DagBag from /opt/airflow/dags/etl_pipeline.py
[2025-04-06T19:58:44.657+0000] {processor.py:925} INFO - DAG(s) 'etl_pipeline' retrieved from /opt/airflow/dags/etl_pipeline.py
[2025-04-06T19:58:44.691+0000] {logging_mixin.py:190} INFO - [2025-04-06T19:58:44.691+0000] {dag.py:3239} INFO - Sync 1 DAGs
[2025-04-06T19:58:44.717+0000] {logging_mixin.py:190} INFO - [2025-04-06T19:58:44.717+0000] {dag.py:4180} INFO - Setting next_dagrun for etl_pipeline to 2025-04-06 00:00:00+00:00, run_after=2025-04-07 00:00:00+00:00
[2025-04-06T19:58:44.816+0000] {processor.py:208} INFO - Processing /opt/airflow/dags/etl_pipeline.py took 0.195 seconds
[2025-04-06T19:59:14.988+0000] {processor.py:186} INFO - Started process (PID=255) to work on /opt/airflow/dags/etl_pipeline.py
[2025-04-06T19:59:14.990+0000] {processor.py:914} INFO - Processing file /opt/airflow/dags/etl_pipeline.py for tasks to queue
[2025-04-06T19:59:14.999+0000] {logging_mixin.py:190} INFO - [2025-04-06T19:59:14.999+0000] {dagbag.py:588} INFO - Filling up the DagBag from /opt/airflow/dags/etl_pipeline.py
[2025-04-06T19:59:15.036+0000] {processor.py:925} INFO - DAG(s) 'etl_pipeline' retrieved from /opt/airflow/dags/etl_pipeline.py
[2025-04-06T19:59:15.087+0000] {logging_mixin.py:190} INFO - [2025-04-06T19:59:15.086+0000] {dag.py:3239} INFO - Sync 1 DAGs
[2025-04-06T19:59:15.175+0000] {logging_mixin.py:190} INFO - [2025-04-06T19:59:15.175+0000] {dag.py:4180} INFO - Setting next_dagrun for etl_pipeline to 2025-04-06 00:00:00+00:00, run_after=2025-04-07 00:00:00+00:00
[2025-04-06T19:59:15.211+0000] {processor.py:208} INFO - Processing /opt/airflow/dags/etl_pipeline.py took 0.228 seconds
[2025-04-06T20:05:29.438+0000] {processor.py:186} INFO - Started process (PID=166) to work on /opt/airflow/dags/etl_pipeline.py
[2025-04-06T20:05:29.439+0000] {processor.py:914} INFO - Processing file /opt/airflow/dags/etl_pipeline.py for tasks to queue
[2025-04-06T20:05:29.442+0000] {logging_mixin.py:190} INFO - [2025-04-06T20:05:29.441+0000] {dagbag.py:588} INFO - Filling up the DagBag from /opt/airflow/dags/etl_pipeline.py
[2025-04-06T20:05:29.543+0000] {processor.py:925} INFO - DAG(s) 'etl_pipeline' retrieved from /opt/airflow/dags/etl_pipeline.py
[2025-04-06T20:05:29.750+0000] {logging_mixin.py:190} INFO - [2025-04-06T20:05:29.749+0000] {dag.py:3239} INFO - Sync 1 DAGs
[2025-04-06T20:05:29.800+0000] {logging_mixin.py:190} INFO - [2025-04-06T20:05:29.800+0000] {dag.py:4180} INFO - Setting next_dagrun for etl_pipeline to 2025-04-06 00:00:00+00:00, run_after=2025-04-07 00:00:00+00:00
[2025-04-06T20:05:29.850+0000] {processor.py:208} INFO - Processing /opt/airflow/dags/etl_pipeline.py took 0.421 seconds
[2025-04-06T20:06:00.163+0000] {processor.py:186} INFO - Started process (PID=171) to work on /opt/airflow/dags/etl_pipeline.py
[2025-04-06T20:06:00.165+0000] {processor.py:914} INFO - Processing file /opt/airflow/dags/etl_pipeline.py for tasks to queue
[2025-04-06T20:06:00.170+0000] {logging_mixin.py:190} INFO - [2025-04-06T20:06:00.169+0000] {dagbag.py:588} INFO - Filling up the DagBag from /opt/airflow/dags/etl_pipeline.py
[2025-04-06T20:06:00.230+0000] {processor.py:925} INFO - DAG(s) 'etl_pipeline' retrieved from /opt/airflow/dags/etl_pipeline.py
[2025-04-06T20:06:00.292+0000] {logging_mixin.py:190} INFO - [2025-04-06T20:06:00.292+0000] {dag.py:3239} INFO - Sync 1 DAGs
[2025-04-06T20:06:00.333+0000] {logging_mixin.py:190} INFO - [2025-04-06T20:06:00.333+0000] {dag.py:4180} INFO - Setting next_dagrun for etl_pipeline to 2025-04-06 00:00:00+00:00, run_after=2025-04-07 00:00:00+00:00
[2025-04-06T20:06:00.364+0000] {processor.py:208} INFO - Processing /opt/airflow/dags/etl_pipeline.py took 0.214 seconds
[2025-04-06T20:06:30.597+0000] {processor.py:186} INFO - Started process (PID=176) to work on /opt/airflow/dags/etl_pipeline.py
[2025-04-06T20:06:30.599+0000] {processor.py:914} INFO - Processing file /opt/airflow/dags/etl_pipeline.py for tasks to queue
[2025-04-06T20:06:30.607+0000] {logging_mixin.py:190} INFO - [2025-04-06T20:06:30.606+0000] {dagbag.py:588} INFO - Filling up the DagBag from /opt/airflow/dags/etl_pipeline.py
[2025-04-06T20:06:30.663+0000] {processor.py:925} INFO - DAG(s) 'etl_pipeline' retrieved from /opt/airflow/dags/etl_pipeline.py
[2025-04-06T20:06:30.794+0000] {logging_mixin.py:190} INFO - [2025-04-06T20:06:30.794+0000] {dag.py:3239} INFO - Sync 1 DAGs
[2025-04-06T20:06:30.846+0000] {logging_mixin.py:190} INFO - [2025-04-06T20:06:30.846+0000] {dag.py:4180} INFO - Setting next_dagrun for etl_pipeline to 2025-04-06 00:00:00+00:00, run_after=2025-04-07 00:00:00+00:00
[2025-04-06T20:06:30.877+0000] {processor.py:208} INFO - Processing /opt/airflow/dags/etl_pipeline.py took 0.322 seconds
[2025-04-06T20:07:01.170+0000] {processor.py:186} INFO - Started process (PID=181) to work on /opt/airflow/dags/etl_pipeline.py
[2025-04-06T20:07:01.175+0000] {processor.py:914} INFO - Processing file /opt/airflow/dags/etl_pipeline.py for tasks to queue
[2025-04-06T20:07:01.183+0000] {logging_mixin.py:190} INFO - [2025-04-06T20:07:01.182+0000] {dagbag.py:588} INFO - Filling up the DagBag from /opt/airflow/dags/etl_pipeline.py
[2025-04-06T20:07:01.224+0000] {processor.py:925} INFO - DAG(s) 'etl_pipeline' retrieved from /opt/airflow/dags/etl_pipeline.py
[2025-04-06T20:07:01.288+0000] {logging_mixin.py:190} INFO - [2025-04-06T20:07:01.288+0000] {dag.py:3239} INFO - Sync 1 DAGs
[2025-04-06T20:07:01.323+0000] {logging_mixin.py:190} INFO - [2025-04-06T20:07:01.323+0000] {dag.py:4180} INFO - Setting next_dagrun for etl_pipeline to 2025-04-06 00:00:00+00:00, run_after=2025-04-07 00:00:00+00:00
[2025-04-06T20:07:01.349+0000] {processor.py:208} INFO - Processing /opt/airflow/dags/etl_pipeline.py took 0.194 seconds
[2025-04-06T20:07:31.613+0000] {processor.py:186} INFO - Started process (PID=186) to work on /opt/airflow/dags/etl_pipeline.py
[2025-04-06T20:07:31.614+0000] {processor.py:914} INFO - Processing file /opt/airflow/dags/etl_pipeline.py for tasks to queue
[2025-04-06T20:07:31.617+0000] {logging_mixin.py:190} INFO - [2025-04-06T20:07:31.616+0000] {dagbag.py:588} INFO - Filling up the DagBag from /opt/airflow/dags/etl_pipeline.py
[2025-04-06T20:07:31.640+0000] {processor.py:925} INFO - DAG(s) 'etl_pipeline' retrieved from /opt/airflow/dags/etl_pipeline.py
[2025-04-06T20:07:31.674+0000] {logging_mixin.py:190} INFO - [2025-04-06T20:07:31.674+0000] {dag.py:3239} INFO - Sync 1 DAGs
[2025-04-06T20:07:31.709+0000] {logging_mixin.py:190} INFO - [2025-04-06T20:07:31.709+0000] {dag.py:4180} INFO - Setting next_dagrun for etl_pipeline to 2025-04-06 00:00:00+00:00, run_after=2025-04-07 00:00:00+00:00
[2025-04-06T20:07:31.738+0000] {processor.py:208} INFO - Processing /opt/airflow/dags/etl_pipeline.py took 0.131 seconds
[2025-04-06T20:08:01.854+0000] {processor.py:186} INFO - Started process (PID=191) to work on /opt/airflow/dags/etl_pipeline.py
[2025-04-06T20:08:01.856+0000] {processor.py:914} INFO - Processing file /opt/airflow/dags/etl_pipeline.py for tasks to queue
[2025-04-06T20:08:01.858+0000] {logging_mixin.py:190} INFO - [2025-04-06T20:08:01.857+0000] {dagbag.py:588} INFO - Filling up the DagBag from /opt/airflow/dags/etl_pipeline.py
[2025-04-06T20:08:01.891+0000] {processor.py:925} INFO - DAG(s) 'etl_pipeline' retrieved from /opt/airflow/dags/etl_pipeline.py
[2025-04-06T20:08:01.927+0000] {logging_mixin.py:190} INFO - [2025-04-06T20:08:01.927+0000] {dag.py:3239} INFO - Sync 1 DAGs
[2025-04-06T20:08:01.957+0000] {logging_mixin.py:190} INFO - [2025-04-06T20:08:01.956+0000] {dag.py:4180} INFO - Setting next_dagrun for etl_pipeline to 2025-04-06 00:00:00+00:00, run_after=2025-04-07 00:00:00+00:00
[2025-04-06T20:08:01.979+0000] {processor.py:208} INFO - Processing /opt/airflow/dags/etl_pipeline.py took 0.130 seconds
[2025-04-06T20:08:32.258+0000] {processor.py:186} INFO - Started process (PID=196) to work on /opt/airflow/dags/etl_pipeline.py
[2025-04-06T20:08:32.259+0000] {processor.py:914} INFO - Processing file /opt/airflow/dags/etl_pipeline.py for tasks to queue
[2025-04-06T20:08:32.268+0000] {logging_mixin.py:190} INFO - [2025-04-06T20:08:32.267+0000] {dagbag.py:588} INFO - Filling up the DagBag from /opt/airflow/dags/etl_pipeline.py
[2025-04-06T20:08:32.294+0000] {processor.py:925} INFO - DAG(s) 'etl_pipeline' retrieved from /opt/airflow/dags/etl_pipeline.py
[2025-04-06T20:08:32.324+0000] {logging_mixin.py:190} INFO - [2025-04-06T20:08:32.323+0000] {dag.py:3239} INFO - Sync 1 DAGs
[2025-04-06T20:08:32.348+0000] {logging_mixin.py:190} INFO - [2025-04-06T20:08:32.348+0000] {dag.py:4180} INFO - Setting next_dagrun for etl_pipeline to 2025-04-06 00:00:00+00:00, run_after=2025-04-07 00:00:00+00:00
[2025-04-06T20:08:32.369+0000] {processor.py:208} INFO - Processing /opt/airflow/dags/etl_pipeline.py took 0.123 seconds
[2025-04-06T20:09:02.514+0000] {processor.py:186} INFO - Started process (PID=201) to work on /opt/airflow/dags/etl_pipeline.py
[2025-04-06T20:09:02.515+0000] {processor.py:914} INFO - Processing file /opt/airflow/dags/etl_pipeline.py for tasks to queue
[2025-04-06T20:09:02.518+0000] {logging_mixin.py:190} INFO - [2025-04-06T20:09:02.518+0000] {dagbag.py:588} INFO - Filling up the DagBag from /opt/airflow/dags/etl_pipeline.py
[2025-04-06T20:09:02.542+0000] {processor.py:925} INFO - DAG(s) 'etl_pipeline' retrieved from /opt/airflow/dags/etl_pipeline.py
[2025-04-06T20:09:02.575+0000] {logging_mixin.py:190} INFO - [2025-04-06T20:09:02.575+0000] {dag.py:3239} INFO - Sync 1 DAGs
[2025-04-06T20:09:02.601+0000] {logging_mixin.py:190} INFO - [2025-04-06T20:09:02.600+0000] {dag.py:4180} INFO - Setting next_dagrun for etl_pipeline to 2025-04-06 00:00:00+00:00, run_after=2025-04-07 00:00:00+00:00
[2025-04-06T20:09:02.628+0000] {processor.py:208} INFO - Processing /opt/airflow/dags/etl_pipeline.py took 0.120 seconds
[2025-04-06T20:09:32.883+0000] {processor.py:186} INFO - Started process (PID=206) to work on /opt/airflow/dags/etl_pipeline.py
[2025-04-06T20:09:32.884+0000] {processor.py:914} INFO - Processing file /opt/airflow/dags/etl_pipeline.py for tasks to queue
[2025-04-06T20:09:32.886+0000] {logging_mixin.py:190} INFO - [2025-04-06T20:09:32.886+0000] {dagbag.py:588} INFO - Filling up the DagBag from /opt/airflow/dags/etl_pipeline.py
[2025-04-06T20:09:32.915+0000] {processor.py:925} INFO - DAG(s) 'etl_pipeline' retrieved from /opt/airflow/dags/etl_pipeline.py
[2025-04-06T20:09:32.949+0000] {logging_mixin.py:190} INFO - [2025-04-06T20:09:32.949+0000] {dag.py:3239} INFO - Sync 1 DAGs
[2025-04-06T20:09:32.986+0000] {logging_mixin.py:190} INFO - [2025-04-06T20:09:32.986+0000] {dag.py:4180} INFO - Setting next_dagrun for etl_pipeline to 2025-04-06 00:00:00+00:00, run_after=2025-04-07 00:00:00+00:00
[2025-04-06T20:09:33.018+0000] {processor.py:208} INFO - Processing /opt/airflow/dags/etl_pipeline.py took 0.140 seconds
[2025-04-06T20:10:59.892+0000] {processor.py:186} INFO - Started process (PID=165) to work on /opt/airflow/dags/etl_pipeline.py
[2025-04-06T20:10:59.893+0000] {processor.py:914} INFO - Processing file /opt/airflow/dags/etl_pipeline.py for tasks to queue
[2025-04-06T20:10:59.895+0000] {logging_mixin.py:190} INFO - [2025-04-06T20:10:59.895+0000] {dagbag.py:588} INFO - Filling up the DagBag from /opt/airflow/dags/etl_pipeline.py
[2025-04-06T20:10:59.953+0000] {processor.py:925} INFO - DAG(s) 'etl_pipeline' retrieved from /opt/airflow/dags/etl_pipeline.py
[2025-04-06T20:11:00.021+0000] {logging_mixin.py:190} INFO - [2025-04-06T20:11:00.021+0000] {dag.py:3239} INFO - Sync 1 DAGs
[2025-04-06T20:11:00.063+0000] {logging_mixin.py:190} INFO - [2025-04-06T20:11:00.063+0000] {dag.py:4180} INFO - Setting next_dagrun for etl_pipeline to 2025-04-06 00:00:00+00:00, run_after=2025-04-07 00:00:00+00:00
[2025-04-06T20:11:00.093+0000] {processor.py:208} INFO - Processing /opt/airflow/dags/etl_pipeline.py took 0.209 seconds
[2025-04-06T20:11:30.158+0000] {processor.py:186} INFO - Started process (PID=170) to work on /opt/airflow/dags/etl_pipeline.py
[2025-04-06T20:11:30.159+0000] {processor.py:914} INFO - Processing file /opt/airflow/dags/etl_pipeline.py for tasks to queue
[2025-04-06T20:11:30.163+0000] {logging_mixin.py:190} INFO - [2025-04-06T20:11:30.163+0000] {dagbag.py:588} INFO - Filling up the DagBag from /opt/airflow/dags/etl_pipeline.py
[2025-04-06T20:11:30.195+0000] {processor.py:925} INFO - DAG(s) 'etl_pipeline' retrieved from /opt/airflow/dags/etl_pipeline.py
[2025-04-06T20:11:30.236+0000] {logging_mixin.py:190} INFO - [2025-04-06T20:11:30.236+0000] {dag.py:3239} INFO - Sync 1 DAGs
[2025-04-06T20:11:30.270+0000] {logging_mixin.py:190} INFO - [2025-04-06T20:11:30.270+0000] {dag.py:4180} INFO - Setting next_dagrun for etl_pipeline to 2025-04-06 00:00:00+00:00, run_after=2025-04-07 00:00:00+00:00
[2025-04-06T20:11:30.294+0000] {processor.py:208} INFO - Processing /opt/airflow/dags/etl_pipeline.py took 0.145 seconds
[2025-04-06T20:12:00.418+0000] {processor.py:186} INFO - Started process (PID=175) to work on /opt/airflow/dags/etl_pipeline.py
[2025-04-06T20:12:00.419+0000] {processor.py:914} INFO - Processing file /opt/airflow/dags/etl_pipeline.py for tasks to queue
[2025-04-06T20:12:00.423+0000] {logging_mixin.py:190} INFO - [2025-04-06T20:12:00.422+0000] {dagbag.py:588} INFO - Filling up the DagBag from /opt/airflow/dags/etl_pipeline.py
[2025-04-06T20:12:00.453+0000] {processor.py:925} INFO - DAG(s) 'etl_pipeline' retrieved from /opt/airflow/dags/etl_pipeline.py
[2025-04-06T20:12:00.494+0000] {logging_mixin.py:190} INFO - [2025-04-06T20:12:00.494+0000] {dag.py:3239} INFO - Sync 1 DAGs
[2025-04-06T20:12:00.525+0000] {logging_mixin.py:190} INFO - [2025-04-06T20:12:00.525+0000] {dag.py:4180} INFO - Setting next_dagrun for etl_pipeline to 2025-04-06 00:00:00+00:00, run_after=2025-04-07 00:00:00+00:00
[2025-04-06T20:12:00.551+0000] {processor.py:208} INFO - Processing /opt/airflow/dags/etl_pipeline.py took 0.141 seconds
[2025-04-06T20:12:30.790+0000] {processor.py:186} INFO - Started process (PID=180) to work on /opt/airflow/dags/etl_pipeline.py
[2025-04-06T20:12:30.791+0000] {processor.py:914} INFO - Processing file /opt/airflow/dags/etl_pipeline.py for tasks to queue
[2025-04-06T20:12:30.794+0000] {logging_mixin.py:190} INFO - [2025-04-06T20:12:30.793+0000] {dagbag.py:588} INFO - Filling up the DagBag from /opt/airflow/dags/etl_pipeline.py
[2025-04-06T20:12:30.822+0000] {processor.py:925} INFO - DAG(s) 'etl_pipeline' retrieved from /opt/airflow/dags/etl_pipeline.py
[2025-04-06T20:12:30.860+0000] {logging_mixin.py:190} INFO - [2025-04-06T20:12:30.859+0000] {dag.py:3239} INFO - Sync 1 DAGs
[2025-04-06T20:12:30.893+0000] {logging_mixin.py:190} INFO - [2025-04-06T20:12:30.893+0000] {dag.py:4180} INFO - Setting next_dagrun for etl_pipeline to 2025-04-06 00:00:00+00:00, run_after=2025-04-07 00:00:00+00:00
[2025-04-06T20:12:30.921+0000] {processor.py:208} INFO - Processing /opt/airflow/dags/etl_pipeline.py took 0.136 seconds
[2025-04-06T20:13:01.044+0000] {processor.py:186} INFO - Started process (PID=185) to work on /opt/airflow/dags/etl_pipeline.py
[2025-04-06T20:13:01.046+0000] {processor.py:914} INFO - Processing file /opt/airflow/dags/etl_pipeline.py for tasks to queue
[2025-04-06T20:13:01.048+0000] {logging_mixin.py:190} INFO - [2025-04-06T20:13:01.048+0000] {dagbag.py:588} INFO - Filling up the DagBag from /opt/airflow/dags/etl_pipeline.py
[2025-04-06T20:13:01.077+0000] {processor.py:925} INFO - DAG(s) 'etl_pipeline' retrieved from /opt/airflow/dags/etl_pipeline.py
[2025-04-06T20:13:01.110+0000] {logging_mixin.py:190} INFO - [2025-04-06T20:13:01.110+0000] {dag.py:3239} INFO - Sync 1 DAGs
[2025-04-06T20:13:01.141+0000] {logging_mixin.py:190} INFO - [2025-04-06T20:13:01.140+0000] {dag.py:4180} INFO - Setting next_dagrun for etl_pipeline to 2025-04-06 00:00:00+00:00, run_after=2025-04-07 00:00:00+00:00
[2025-04-06T20:13:01.166+0000] {processor.py:208} INFO - Processing /opt/airflow/dags/etl_pipeline.py took 0.128 seconds
[2025-04-06T20:13:31.445+0000] {processor.py:186} INFO - Started process (PID=190) to work on /opt/airflow/dags/etl_pipeline.py
[2025-04-06T20:13:31.446+0000] {processor.py:914} INFO - Processing file /opt/airflow/dags/etl_pipeline.py for tasks to queue
[2025-04-06T20:13:31.452+0000] {logging_mixin.py:190} INFO - [2025-04-06T20:13:31.451+0000] {dagbag.py:588} INFO - Filling up the DagBag from /opt/airflow/dags/etl_pipeline.py
[2025-04-06T20:13:31.486+0000] {processor.py:925} INFO - DAG(s) 'etl_pipeline' retrieved from /opt/airflow/dags/etl_pipeline.py
[2025-04-06T20:13:31.526+0000] {logging_mixin.py:190} INFO - [2025-04-06T20:13:31.526+0000] {dag.py:3239} INFO - Sync 1 DAGs
[2025-04-06T20:13:31.562+0000] {logging_mixin.py:190} INFO - [2025-04-06T20:13:31.562+0000] {dag.py:4180} INFO - Setting next_dagrun for etl_pipeline to 2025-04-06 00:00:00+00:00, run_after=2025-04-07 00:00:00+00:00
[2025-04-06T20:13:31.587+0000] {processor.py:208} INFO - Processing /opt/airflow/dags/etl_pipeline.py took 0.148 seconds
[2025-04-06T20:14:01.799+0000] {processor.py:186} INFO - Started process (PID=195) to work on /opt/airflow/dags/etl_pipeline.py
[2025-04-06T20:14:01.806+0000] {processor.py:914} INFO - Processing file /opt/airflow/dags/etl_pipeline.py for tasks to queue
[2025-04-06T20:14:01.831+0000] {logging_mixin.py:190} INFO - [2025-04-06T20:14:01.829+0000] {dagbag.py:588} INFO - Filling up the DagBag from /opt/airflow/dags/etl_pipeline.py
[2025-04-06T20:14:01.892+0000] {processor.py:925} INFO - DAG(s) 'etl_pipeline' retrieved from /opt/airflow/dags/etl_pipeline.py
[2025-04-06T20:14:02.113+0000] {logging_mixin.py:190} INFO - [2025-04-06T20:14:02.113+0000] {dag.py:3239} INFO - Sync 1 DAGs
[2025-04-06T20:14:02.586+0000] {logging_mixin.py:190} INFO - [2025-04-06T20:14:02.585+0000] {dag.py:4180} INFO - Setting next_dagrun for etl_pipeline to 2025-04-06 00:00:00+00:00, run_after=2025-04-07 00:00:00+00:00
[2025-04-06T20:14:02.673+0000] {processor.py:208} INFO - Processing /opt/airflow/dags/etl_pipeline.py took 0.949 seconds
[2025-04-06T20:14:33.010+0000] {processor.py:186} INFO - Started process (PID=201) to work on /opt/airflow/dags/etl_pipeline.py
[2025-04-06T20:14:33.012+0000] {processor.py:914} INFO - Processing file /opt/airflow/dags/etl_pipeline.py for tasks to queue
[2025-04-06T20:14:33.016+0000] {logging_mixin.py:190} INFO - [2025-04-06T20:14:33.016+0000] {dagbag.py:588} INFO - Filling up the DagBag from /opt/airflow/dags/etl_pipeline.py
[2025-04-06T20:14:33.047+0000] {processor.py:925} INFO - DAG(s) 'etl_pipeline' retrieved from /opt/airflow/dags/etl_pipeline.py
[2025-04-06T20:14:33.080+0000] {logging_mixin.py:190} INFO - [2025-04-06T20:14:33.080+0000] {dag.py:3239} INFO - Sync 1 DAGs
[2025-04-06T20:14:33.133+0000] {logging_mixin.py:190} INFO - [2025-04-06T20:14:33.132+0000] {dag.py:4180} INFO - Setting next_dagrun for etl_pipeline to 2025-04-06 00:00:00+00:00, run_after=2025-04-07 00:00:00+00:00
[2025-04-06T20:14:33.162+0000] {processor.py:208} INFO - Processing /opt/airflow/dags/etl_pipeline.py took 0.158 seconds
[2025-04-06T20:15:03.299+0000] {processor.py:186} INFO - Started process (PID=208) to work on /opt/airflow/dags/etl_pipeline.py
[2025-04-06T20:15:03.300+0000] {processor.py:914} INFO - Processing file /opt/airflow/dags/etl_pipeline.py for tasks to queue
[2025-04-06T20:15:03.303+0000] {logging_mixin.py:190} INFO - [2025-04-06T20:15:03.303+0000] {dagbag.py:588} INFO - Filling up the DagBag from /opt/airflow/dags/etl_pipeline.py
[2025-04-06T20:15:03.333+0000] {processor.py:925} INFO - DAG(s) 'etl_pipeline' retrieved from /opt/airflow/dags/etl_pipeline.py
[2025-04-06T20:15:03.368+0000] {logging_mixin.py:190} INFO - [2025-04-06T20:15:03.368+0000] {dag.py:3239} INFO - Sync 1 DAGs
[2025-04-06T20:15:03.399+0000] {logging_mixin.py:190} INFO - [2025-04-06T20:15:03.399+0000] {dag.py:4180} INFO - Setting next_dagrun for etl_pipeline to 2025-04-06 00:00:00+00:00, run_after=2025-04-07 00:00:00+00:00
[2025-04-06T20:15:03.425+0000] {processor.py:208} INFO - Processing /opt/airflow/dags/etl_pipeline.py took 0.134 seconds
[2025-04-06T20:15:33.689+0000] {processor.py:186} INFO - Started process (PID=213) to work on /opt/airflow/dags/etl_pipeline.py
[2025-04-06T20:15:33.691+0000] {processor.py:914} INFO - Processing file /opt/airflow/dags/etl_pipeline.py for tasks to queue
[2025-04-06T20:15:33.694+0000] {logging_mixin.py:190} INFO - [2025-04-06T20:15:33.694+0000] {dagbag.py:588} INFO - Filling up the DagBag from /opt/airflow/dags/etl_pipeline.py
[2025-04-06T20:15:33.724+0000] {processor.py:925} INFO - DAG(s) 'etl_pipeline' retrieved from /opt/airflow/dags/etl_pipeline.py
[2025-04-06T20:15:33.763+0000] {logging_mixin.py:190} INFO - [2025-04-06T20:15:33.763+0000] {dag.py:3239} INFO - Sync 1 DAGs
[2025-04-06T20:15:33.801+0000] {logging_mixin.py:190} INFO - [2025-04-06T20:15:33.801+0000] {dag.py:4180} INFO - Setting next_dagrun for etl_pipeline to 2025-04-06 00:00:00+00:00, run_after=2025-04-07 00:00:00+00:00
[2025-04-06T20:15:33.830+0000] {processor.py:208} INFO - Processing /opt/airflow/dags/etl_pipeline.py took 0.146 seconds
[2025-04-06T20:16:04.017+0000] {processor.py:186} INFO - Started process (PID=218) to work on /opt/airflow/dags/etl_pipeline.py
[2025-04-06T20:16:04.019+0000] {processor.py:914} INFO - Processing file /opt/airflow/dags/etl_pipeline.py for tasks to queue
[2025-04-06T20:16:04.025+0000] {logging_mixin.py:190} INFO - [2025-04-06T20:16:04.024+0000] {dagbag.py:588} INFO - Filling up the DagBag from /opt/airflow/dags/etl_pipeline.py
[2025-04-06T20:16:04.058+0000] {processor.py:925} INFO - DAG(s) 'etl_pipeline' retrieved from /opt/airflow/dags/etl_pipeline.py
[2025-04-06T20:16:04.089+0000] {logging_mixin.py:190} INFO - [2025-04-06T20:16:04.089+0000] {dag.py:3239} INFO - Sync 1 DAGs
[2025-04-06T20:16:04.118+0000] {logging_mixin.py:190} INFO - [2025-04-06T20:16:04.118+0000] {dag.py:4180} INFO - Setting next_dagrun for etl_pipeline to 2025-04-06 00:00:00+00:00, run_after=2025-04-07 00:00:00+00:00
[2025-04-06T20:16:04.145+0000] {processor.py:208} INFO - Processing /opt/airflow/dags/etl_pipeline.py took 0.138 seconds
[2025-04-06T20:16:57.572+0000] {processor.py:186} INFO - Started process (PID=164) to work on /opt/airflow/dags/etl_pipeline.py
[2025-04-06T20:16:57.573+0000] {processor.py:914} INFO - Processing file /opt/airflow/dags/etl_pipeline.py for tasks to queue
[2025-04-06T20:16:57.576+0000] {logging_mixin.py:190} INFO - [2025-04-06T20:16:57.575+0000] {dagbag.py:588} INFO - Filling up the DagBag from /opt/airflow/dags/etl_pipeline.py
[2025-04-06T20:16:57.623+0000] {processor.py:925} INFO - DAG(s) 'etl_pipeline' retrieved from /opt/airflow/dags/etl_pipeline.py
[2025-04-06T20:16:57.682+0000] {logging_mixin.py:190} INFO - [2025-04-06T20:16:57.681+0000] {dag.py:3239} INFO - Sync 1 DAGs
[2025-04-06T20:16:57.712+0000] {logging_mixin.py:190} INFO - [2025-04-06T20:16:57.711+0000] {dag.py:4180} INFO - Setting next_dagrun for etl_pipeline to 2025-04-06 00:00:00+00:00, run_after=2025-04-07 00:00:00+00:00
[2025-04-06T20:16:57.735+0000] {processor.py:208} INFO - Processing /opt/airflow/dags/etl_pipeline.py took 0.171 seconds
[2025-04-06T20:17:27.835+0000] {processor.py:186} INFO - Started process (PID=173) to work on /opt/airflow/dags/etl_pipeline.py
[2025-04-06T20:17:27.837+0000] {processor.py:914} INFO - Processing file /opt/airflow/dags/etl_pipeline.py for tasks to queue
[2025-04-06T20:17:27.839+0000] {logging_mixin.py:190} INFO - [2025-04-06T20:17:27.839+0000] {dagbag.py:588} INFO - Filling up the DagBag from /opt/airflow/dags/etl_pipeline.py
[2025-04-06T20:17:27.867+0000] {processor.py:925} INFO - DAG(s) 'etl_pipeline' retrieved from /opt/airflow/dags/etl_pipeline.py
[2025-04-06T20:17:27.898+0000] {logging_mixin.py:190} INFO - [2025-04-06T20:17:27.898+0000] {dag.py:3239} INFO - Sync 1 DAGs
[2025-04-06T20:17:27.931+0000] {logging_mixin.py:190} INFO - [2025-04-06T20:17:27.931+0000] {dag.py:4180} INFO - Setting next_dagrun for etl_pipeline to 2025-04-06 00:00:00+00:00, run_after=2025-04-07 00:00:00+00:00
[2025-04-06T20:17:27.958+0000] {processor.py:208} INFO - Processing /opt/airflow/dags/etl_pipeline.py took 0.128 seconds
[2025-04-06T20:17:58.291+0000] {processor.py:186} INFO - Started process (PID=184) to work on /opt/airflow/dags/etl_pipeline.py
[2025-04-06T20:17:58.292+0000] {processor.py:914} INFO - Processing file /opt/airflow/dags/etl_pipeline.py for tasks to queue
[2025-04-06T20:17:58.307+0000] {logging_mixin.py:190} INFO - [2025-04-06T20:17:58.306+0000] {dagbag.py:588} INFO - Filling up the DagBag from /opt/airflow/dags/etl_pipeline.py
[2025-04-06T20:17:58.388+0000] {processor.py:925} INFO - DAG(s) 'etl_pipeline' retrieved from /opt/airflow/dags/etl_pipeline.py
[2025-04-06T20:17:58.426+0000] {logging_mixin.py:190} INFO - [2025-04-06T20:17:58.426+0000] {dag.py:3239} INFO - Sync 1 DAGs
[2025-04-06T20:17:58.451+0000] {logging_mixin.py:190} INFO - [2025-04-06T20:17:58.451+0000] {dag.py:4180} INFO - Setting next_dagrun for etl_pipeline to 2025-04-06 00:00:00+00:00, run_after=2025-04-07 00:00:00+00:00
[2025-04-06T20:17:58.481+0000] {processor.py:208} INFO - Processing /opt/airflow/dags/etl_pipeline.py took 0.245 seconds
[2025-04-06T20:18:28.743+0000] {processor.py:186} INFO - Started process (PID=189) to work on /opt/airflow/dags/etl_pipeline.py
[2025-04-06T20:18:28.745+0000] {processor.py:914} INFO - Processing file /opt/airflow/dags/etl_pipeline.py for tasks to queue
[2025-04-06T20:18:28.748+0000] {logging_mixin.py:190} INFO - [2025-04-06T20:18:28.748+0000] {dagbag.py:588} INFO - Filling up the DagBag from /opt/airflow/dags/etl_pipeline.py
[2025-04-06T20:18:28.809+0000] {processor.py:925} INFO - DAG(s) 'etl_pipeline' retrieved from /opt/airflow/dags/etl_pipeline.py
[2025-04-06T20:18:28.888+0000] {logging_mixin.py:190} INFO - [2025-04-06T20:18:28.887+0000] {dag.py:3239} INFO - Sync 1 DAGs
[2025-04-06T20:18:28.958+0000] {logging_mixin.py:190} INFO - [2025-04-06T20:18:28.958+0000] {dag.py:4180} INFO - Setting next_dagrun for etl_pipeline to 2025-04-06 00:00:00+00:00, run_after=2025-04-07 00:00:00+00:00
[2025-04-06T20:18:29.008+0000] {processor.py:208} INFO - Processing /opt/airflow/dags/etl_pipeline.py took 0.271 seconds
[2025-04-06T20:20:53.237+0000] {processor.py:186} INFO - Started process (PID=165) to work on /opt/airflow/dags/etl_pipeline.py
[2025-04-06T20:20:53.237+0000] {processor.py:914} INFO - Processing file /opt/airflow/dags/etl_pipeline.py for tasks to queue
[2025-04-06T20:20:53.240+0000] {logging_mixin.py:190} INFO - [2025-04-06T20:20:53.239+0000] {dagbag.py:588} INFO - Filling up the DagBag from /opt/airflow/dags/etl_pipeline.py
[2025-04-06T20:20:53.292+0000] {processor.py:925} INFO - DAG(s) 'etl_pipeline' retrieved from /opt/airflow/dags/etl_pipeline.py
[2025-04-06T20:20:53.360+0000] {logging_mixin.py:190} INFO - [2025-04-06T20:20:53.360+0000] {dag.py:3239} INFO - Sync 1 DAGs
[2025-04-06T20:20:53.407+0000] {logging_mixin.py:190} INFO - [2025-04-06T20:20:53.407+0000] {dag.py:4180} INFO - Setting next_dagrun for etl_pipeline to 2025-04-06 00:00:00+00:00, run_after=2025-04-07 00:00:00+00:00
[2025-04-06T20:20:53.432+0000] {processor.py:208} INFO - Processing /opt/airflow/dags/etl_pipeline.py took 0.203 seconds
[2025-04-06T20:21:23.545+0000] {processor.py:186} INFO - Started process (PID=170) to work on /opt/airflow/dags/etl_pipeline.py
[2025-04-06T20:21:23.546+0000] {processor.py:914} INFO - Processing file /opt/airflow/dags/etl_pipeline.py for tasks to queue
[2025-04-06T20:21:23.550+0000] {logging_mixin.py:190} INFO - [2025-04-06T20:21:23.549+0000] {dagbag.py:588} INFO - Filling up the DagBag from /opt/airflow/dags/etl_pipeline.py
[2025-04-06T20:21:23.579+0000] {processor.py:925} INFO - DAG(s) 'etl_pipeline' retrieved from /opt/airflow/dags/etl_pipeline.py
[2025-04-06T20:21:23.615+0000] {logging_mixin.py:190} INFO - [2025-04-06T20:21:23.615+0000] {dag.py:3239} INFO - Sync 1 DAGs
[2025-04-06T20:21:23.648+0000] {logging_mixin.py:190} INFO - [2025-04-06T20:21:23.648+0000] {dag.py:4180} INFO - Setting next_dagrun for etl_pipeline to 2025-04-06 00:00:00+00:00, run_after=2025-04-07 00:00:00+00:00
[2025-04-06T20:21:23.675+0000] {processor.py:208} INFO - Processing /opt/airflow/dags/etl_pipeline.py took 0.136 seconds
[2025-04-06T20:21:53.948+0000] {processor.py:186} INFO - Started process (PID=175) to work on /opt/airflow/dags/etl_pipeline.py
[2025-04-06T20:21:53.950+0000] {processor.py:914} INFO - Processing file /opt/airflow/dags/etl_pipeline.py for tasks to queue
[2025-04-06T20:21:53.957+0000] {logging_mixin.py:190} INFO - [2025-04-06T20:21:53.956+0000] {dagbag.py:588} INFO - Filling up the DagBag from /opt/airflow/dags/etl_pipeline.py
[2025-04-06T20:21:53.997+0000] {processor.py:925} INFO - DAG(s) 'etl_pipeline' retrieved from /opt/airflow/dags/etl_pipeline.py
[2025-04-06T20:21:54.055+0000] {logging_mixin.py:190} INFO - [2025-04-06T20:21:54.055+0000] {dag.py:3239} INFO - Sync 1 DAGs
[2025-04-06T20:21:54.103+0000] {logging_mixin.py:190} INFO - [2025-04-06T20:21:54.102+0000] {dag.py:4180} INFO - Setting next_dagrun for etl_pipeline to 2025-04-06 00:00:00+00:00, run_after=2025-04-07 00:00:00+00:00
[2025-04-06T20:21:54.128+0000] {processor.py:208} INFO - Processing /opt/airflow/dags/etl_pipeline.py took 0.195 seconds
[2025-04-06T20:22:24.208+0000] {processor.py:186} INFO - Started process (PID=180) to work on /opt/airflow/dags/etl_pipeline.py
[2025-04-06T20:22:24.209+0000] {processor.py:914} INFO - Processing file /opt/airflow/dags/etl_pipeline.py for tasks to queue
[2025-04-06T20:22:24.212+0000] {logging_mixin.py:190} INFO - [2025-04-06T20:22:24.212+0000] {dagbag.py:588} INFO - Filling up the DagBag from /opt/airflow/dags/etl_pipeline.py
[2025-04-06T20:22:24.242+0000] {processor.py:925} INFO - DAG(s) 'etl_pipeline' retrieved from /opt/airflow/dags/etl_pipeline.py
[2025-04-06T20:22:24.287+0000] {logging_mixin.py:190} INFO - [2025-04-06T20:22:24.286+0000] {dag.py:3239} INFO - Sync 1 DAGs
[2025-04-06T20:22:24.317+0000] {logging_mixin.py:190} INFO - [2025-04-06T20:22:24.317+0000] {dag.py:4180} INFO - Setting next_dagrun for etl_pipeline to 2025-04-06 00:00:00+00:00, run_after=2025-04-07 00:00:00+00:00
[2025-04-06T20:22:24.342+0000] {processor.py:208} INFO - Processing /opt/airflow/dags/etl_pipeline.py took 0.141 seconds
[2025-04-06T20:22:54.481+0000] {processor.py:186} INFO - Started process (PID=185) to work on /opt/airflow/dags/etl_pipeline.py
[2025-04-06T20:22:54.483+0000] {processor.py:914} INFO - Processing file /opt/airflow/dags/etl_pipeline.py for tasks to queue
[2025-04-06T20:22:54.485+0000] {logging_mixin.py:190} INFO - [2025-04-06T20:22:54.484+0000] {dagbag.py:588} INFO - Filling up the DagBag from /opt/airflow/dags/etl_pipeline.py
[2025-04-06T20:22:54.511+0000] {processor.py:925} INFO - DAG(s) 'etl_pipeline' retrieved from /opt/airflow/dags/etl_pipeline.py
[2025-04-06T20:22:54.545+0000] {logging_mixin.py:190} INFO - [2025-04-06T20:22:54.545+0000] {dag.py:3239} INFO - Sync 1 DAGs
[2025-04-06T20:22:54.575+0000] {logging_mixin.py:190} INFO - [2025-04-06T20:22:54.574+0000] {dag.py:4180} INFO - Setting next_dagrun for etl_pipeline to 2025-04-06 00:00:00+00:00, run_after=2025-04-07 00:00:00+00:00
[2025-04-06T20:22:54.600+0000] {processor.py:208} INFO - Processing /opt/airflow/dags/etl_pipeline.py took 0.124 seconds
[2025-04-06T20:23:24.860+0000] {processor.py:186} INFO - Started process (PID=190) to work on /opt/airflow/dags/etl_pipeline.py
[2025-04-06T20:23:24.861+0000] {processor.py:914} INFO - Processing file /opt/airflow/dags/etl_pipeline.py for tasks to queue
[2025-04-06T20:23:24.864+0000] {logging_mixin.py:190} INFO - [2025-04-06T20:23:24.863+0000] {dagbag.py:588} INFO - Filling up the DagBag from /opt/airflow/dags/etl_pipeline.py
[2025-04-06T20:23:24.888+0000] {processor.py:925} INFO - DAG(s) 'etl_pipeline' retrieved from /opt/airflow/dags/etl_pipeline.py
[2025-04-06T20:23:24.921+0000] {logging_mixin.py:190} INFO - [2025-04-06T20:23:24.921+0000] {dag.py:3239} INFO - Sync 1 DAGs
[2025-04-06T20:23:24.949+0000] {logging_mixin.py:190} INFO - [2025-04-06T20:23:24.949+0000] {dag.py:4180} INFO - Setting next_dagrun for etl_pipeline to 2025-04-06 00:00:00+00:00, run_after=2025-04-07 00:00:00+00:00
[2025-04-06T20:23:24.972+0000] {processor.py:208} INFO - Processing /opt/airflow/dags/etl_pipeline.py took 0.116 seconds
[2025-04-06T20:23:55.127+0000] {processor.py:186} INFO - Started process (PID=195) to work on /opt/airflow/dags/etl_pipeline.py
[2025-04-06T20:23:55.128+0000] {processor.py:914} INFO - Processing file /opt/airflow/dags/etl_pipeline.py for tasks to queue
[2025-04-06T20:23:55.131+0000] {logging_mixin.py:190} INFO - [2025-04-06T20:23:55.130+0000] {dagbag.py:588} INFO - Filling up the DagBag from /opt/airflow/dags/etl_pipeline.py
[2025-04-06T20:23:55.153+0000] {processor.py:925} INFO - DAG(s) 'etl_pipeline' retrieved from /opt/airflow/dags/etl_pipeline.py
[2025-04-06T20:23:55.186+0000] {logging_mixin.py:190} INFO - [2025-04-06T20:23:55.186+0000] {dag.py:3239} INFO - Sync 1 DAGs
[2025-04-06T20:23:55.212+0000] {logging_mixin.py:190} INFO - [2025-04-06T20:23:55.211+0000] {dag.py:4180} INFO - Setting next_dagrun for etl_pipeline to 2025-04-06 00:00:00+00:00, run_after=2025-04-07 00:00:00+00:00
[2025-04-06T20:23:55.232+0000] {processor.py:208} INFO - Processing /opt/airflow/dags/etl_pipeline.py took 0.110 seconds
[2025-04-06T20:24:25.501+0000] {processor.py:186} INFO - Started process (PID=200) to work on /opt/airflow/dags/etl_pipeline.py
[2025-04-06T20:24:25.502+0000] {processor.py:914} INFO - Processing file /opt/airflow/dags/etl_pipeline.py for tasks to queue
[2025-04-06T20:24:25.506+0000] {logging_mixin.py:190} INFO - [2025-04-06T20:24:25.505+0000] {dagbag.py:588} INFO - Filling up the DagBag from /opt/airflow/dags/etl_pipeline.py
[2025-04-06T20:24:25.551+0000] {processor.py:925} INFO - DAG(s) 'etl_pipeline' retrieved from /opt/airflow/dags/etl_pipeline.py
[2025-04-06T20:24:25.608+0000] {logging_mixin.py:190} INFO - [2025-04-06T20:24:25.608+0000] {dag.py:3239} INFO - Sync 1 DAGs
[2025-04-06T20:24:25.635+0000] {logging_mixin.py:190} INFO - [2025-04-06T20:24:25.635+0000] {dag.py:4180} INFO - Setting next_dagrun for etl_pipeline to 2025-04-06 00:00:00+00:00, run_after=2025-04-07 00:00:00+00:00
[2025-04-06T20:24:25.656+0000] {processor.py:208} INFO - Processing /opt/airflow/dags/etl_pipeline.py took 0.161 seconds
[2025-04-06T20:24:55.759+0000] {processor.py:186} INFO - Started process (PID=205) to work on /opt/airflow/dags/etl_pipeline.py
[2025-04-06T20:24:55.760+0000] {processor.py:914} INFO - Processing file /opt/airflow/dags/etl_pipeline.py for tasks to queue
[2025-04-06T20:24:55.773+0000] {logging_mixin.py:190} INFO - [2025-04-06T20:24:55.772+0000] {dagbag.py:588} INFO - Filling up the DagBag from /opt/airflow/dags/etl_pipeline.py
[2025-04-06T20:24:55.807+0000] {processor.py:925} INFO - DAG(s) 'etl_pipeline' retrieved from /opt/airflow/dags/etl_pipeline.py
[2025-04-06T20:24:55.873+0000] {logging_mixin.py:190} INFO - [2025-04-06T20:24:55.872+0000] {dag.py:3239} INFO - Sync 1 DAGs
[2025-04-06T20:24:55.928+0000] {logging_mixin.py:190} INFO - [2025-04-06T20:24:55.928+0000] {dag.py:4180} INFO - Setting next_dagrun for etl_pipeline to 2025-04-06 00:00:00+00:00, run_after=2025-04-07 00:00:00+00:00
[2025-04-06T20:24:55.959+0000] {processor.py:208} INFO - Processing /opt/airflow/dags/etl_pipeline.py took 0.206 seconds
[2025-04-06T20:25:26.162+0000] {processor.py:186} INFO - Started process (PID=210) to work on /opt/airflow/dags/etl_pipeline.py
[2025-04-06T20:25:26.163+0000] {processor.py:914} INFO - Processing file /opt/airflow/dags/etl_pipeline.py for tasks to queue
[2025-04-06T20:25:26.167+0000] {logging_mixin.py:190} INFO - [2025-04-06T20:25:26.166+0000] {dagbag.py:588} INFO - Filling up the DagBag from /opt/airflow/dags/etl_pipeline.py
[2025-04-06T20:25:26.199+0000] {processor.py:925} INFO - DAG(s) 'etl_pipeline' retrieved from /opt/airflow/dags/etl_pipeline.py
[2025-04-06T20:25:26.240+0000] {logging_mixin.py:190} INFO - [2025-04-06T20:25:26.239+0000] {dag.py:3239} INFO - Sync 1 DAGs
[2025-04-06T20:25:26.270+0000] {logging_mixin.py:190} INFO - [2025-04-06T20:25:26.270+0000] {dag.py:4180} INFO - Setting next_dagrun for etl_pipeline to 2025-04-06 00:00:00+00:00, run_after=2025-04-07 00:00:00+00:00
[2025-04-06T20:25:26.296+0000] {processor.py:208} INFO - Processing /opt/airflow/dags/etl_pipeline.py took 0.140 seconds
[2025-04-06T20:25:56.507+0000] {processor.py:186} INFO - Started process (PID=215) to work on /opt/airflow/dags/etl_pipeline.py
[2025-04-06T20:25:56.508+0000] {processor.py:914} INFO - Processing file /opt/airflow/dags/etl_pipeline.py for tasks to queue
[2025-04-06T20:25:56.510+0000] {logging_mixin.py:190} INFO - [2025-04-06T20:25:56.510+0000] {dagbag.py:588} INFO - Filling up the DagBag from /opt/airflow/dags/etl_pipeline.py
[2025-04-06T20:25:56.534+0000] {processor.py:925} INFO - DAG(s) 'etl_pipeline' retrieved from /opt/airflow/dags/etl_pipeline.py
[2025-04-06T20:25:56.568+0000] {logging_mixin.py:190} INFO - [2025-04-06T20:25:56.568+0000] {dag.py:3239} INFO - Sync 1 DAGs
[2025-04-06T20:25:56.595+0000] {logging_mixin.py:190} INFO - [2025-04-06T20:25:56.595+0000] {dag.py:4180} INFO - Setting next_dagrun for etl_pipeline to 2025-04-06 00:00:00+00:00, run_after=2025-04-07 00:00:00+00:00
[2025-04-06T20:25:56.617+0000] {processor.py:208} INFO - Processing /opt/airflow/dags/etl_pipeline.py took 0.116 seconds
[2025-04-06T20:26:26.793+0000] {processor.py:186} INFO - Started process (PID=220) to work on /opt/airflow/dags/etl_pipeline.py
[2025-04-06T20:26:26.794+0000] {processor.py:914} INFO - Processing file /opt/airflow/dags/etl_pipeline.py for tasks to queue
[2025-04-06T20:26:26.796+0000] {logging_mixin.py:190} INFO - [2025-04-06T20:26:26.796+0000] {dagbag.py:588} INFO - Filling up the DagBag from /opt/airflow/dags/etl_pipeline.py
[2025-04-06T20:26:26.821+0000] {processor.py:925} INFO - DAG(s) 'etl_pipeline' retrieved from /opt/airflow/dags/etl_pipeline.py
[2025-04-06T20:26:26.850+0000] {logging_mixin.py:190} INFO - [2025-04-06T20:26:26.850+0000] {dag.py:3239} INFO - Sync 1 DAGs
[2025-04-06T20:26:26.877+0000] {logging_mixin.py:190} INFO - [2025-04-06T20:26:26.877+0000] {dag.py:4180} INFO - Setting next_dagrun for etl_pipeline to 2025-04-06 00:00:00+00:00, run_after=2025-04-07 00:00:00+00:00
[2025-04-06T20:26:26.899+0000] {processor.py:208} INFO - Processing /opt/airflow/dags/etl_pipeline.py took 0.112 seconds
[2025-04-06T20:26:57.137+0000] {processor.py:186} INFO - Started process (PID=225) to work on /opt/airflow/dags/etl_pipeline.py
[2025-04-06T20:26:57.138+0000] {processor.py:914} INFO - Processing file /opt/airflow/dags/etl_pipeline.py for tasks to queue
[2025-04-06T20:26:57.140+0000] {logging_mixin.py:190} INFO - [2025-04-06T20:26:57.140+0000] {dagbag.py:588} INFO - Filling up the DagBag from /opt/airflow/dags/etl_pipeline.py
[2025-04-06T20:26:57.166+0000] {processor.py:925} INFO - DAG(s) 'etl_pipeline' retrieved from /opt/airflow/dags/etl_pipeline.py
[2025-04-06T20:26:57.195+0000] {logging_mixin.py:190} INFO - [2025-04-06T20:26:57.195+0000] {dag.py:3239} INFO - Sync 1 DAGs
[2025-04-06T20:26:57.239+0000] {logging_mixin.py:190} INFO - [2025-04-06T20:26:57.239+0000] {dag.py:4180} INFO - Setting next_dagrun for etl_pipeline to 2025-04-06 00:00:00+00:00, run_after=2025-04-07 00:00:00+00:00
[2025-04-06T20:26:57.265+0000] {processor.py:208} INFO - Processing /opt/airflow/dags/etl_pipeline.py took 0.134 seconds
[2025-04-06T20:27:27.402+0000] {processor.py:186} INFO - Started process (PID=230) to work on /opt/airflow/dags/etl_pipeline.py
[2025-04-06T20:27:27.403+0000] {processor.py:914} INFO - Processing file /opt/airflow/dags/etl_pipeline.py for tasks to queue
[2025-04-06T20:27:27.406+0000] {logging_mixin.py:190} INFO - [2025-04-06T20:27:27.405+0000] {dagbag.py:588} INFO - Filling up the DagBag from /opt/airflow/dags/etl_pipeline.py
[2025-04-06T20:27:27.433+0000] {processor.py:925} INFO - DAG(s) 'etl_pipeline' retrieved from /opt/airflow/dags/etl_pipeline.py
[2025-04-06T20:27:27.466+0000] {logging_mixin.py:190} INFO - [2025-04-06T20:27:27.466+0000] {dag.py:3239} INFO - Sync 1 DAGs
[2025-04-06T20:27:27.492+0000] {logging_mixin.py:190} INFO - [2025-04-06T20:27:27.492+0000] {dag.py:4180} INFO - Setting next_dagrun for etl_pipeline to 2025-04-06 00:00:00+00:00, run_after=2025-04-07 00:00:00+00:00
[2025-04-06T20:27:27.528+0000] {processor.py:208} INFO - Processing /opt/airflow/dags/etl_pipeline.py took 0.132 seconds
[2025-04-06T20:27:57.813+0000] {processor.py:186} INFO - Started process (PID=235) to work on /opt/airflow/dags/etl_pipeline.py
[2025-04-06T20:27:57.814+0000] {processor.py:914} INFO - Processing file /opt/airflow/dags/etl_pipeline.py for tasks to queue
[2025-04-06T20:27:57.816+0000] {logging_mixin.py:190} INFO - [2025-04-06T20:27:57.816+0000] {dagbag.py:588} INFO - Filling up the DagBag from /opt/airflow/dags/etl_pipeline.py
[2025-04-06T20:27:57.840+0000] {processor.py:925} INFO - DAG(s) 'etl_pipeline' retrieved from /opt/airflow/dags/etl_pipeline.py
[2025-04-06T20:27:57.872+0000] {logging_mixin.py:190} INFO - [2025-04-06T20:27:57.872+0000] {dag.py:3239} INFO - Sync 1 DAGs
[2025-04-06T20:27:57.904+0000] {logging_mixin.py:190} INFO - [2025-04-06T20:27:57.903+0000] {dag.py:4180} INFO - Setting next_dagrun for etl_pipeline to 2025-04-06 00:00:00+00:00, run_after=2025-04-07 00:00:00+00:00
[2025-04-06T20:27:57.934+0000] {processor.py:208} INFO - Processing /opt/airflow/dags/etl_pipeline.py took 0.133 seconds
[2025-04-06T20:28:28.059+0000] {processor.py:186} INFO - Started process (PID=240) to work on /opt/airflow/dags/etl_pipeline.py
[2025-04-06T20:28:28.061+0000] {processor.py:914} INFO - Processing file /opt/airflow/dags/etl_pipeline.py for tasks to queue
[2025-04-06T20:28:28.063+0000] {logging_mixin.py:190} INFO - [2025-04-06T20:28:28.063+0000] {dagbag.py:588} INFO - Filling up the DagBag from /opt/airflow/dags/etl_pipeline.py
[2025-04-06T20:28:28.087+0000] {processor.py:925} INFO - DAG(s) 'etl_pipeline' retrieved from /opt/airflow/dags/etl_pipeline.py
[2025-04-06T20:28:28.117+0000] {logging_mixin.py:190} INFO - [2025-04-06T20:28:28.116+0000] {dag.py:3239} INFO - Sync 1 DAGs
[2025-04-06T20:28:28.146+0000] {logging_mixin.py:190} INFO - [2025-04-06T20:28:28.146+0000] {dag.py:4180} INFO - Setting next_dagrun for etl_pipeline to 2025-04-06 00:00:00+00:00, run_after=2025-04-07 00:00:00+00:00
[2025-04-06T20:28:28.169+0000] {processor.py:208} INFO - Processing /opt/airflow/dags/etl_pipeline.py took 0.114 seconds
[2025-04-06T20:29:52.994+0000] {processor.py:186} INFO - Started process (PID=165) to work on /opt/airflow/dags/etl_pipeline.py
[2025-04-06T20:29:52.995+0000] {processor.py:914} INFO - Processing file /opt/airflow/dags/etl_pipeline.py for tasks to queue
[2025-04-06T20:29:52.998+0000] {logging_mixin.py:190} INFO - [2025-04-06T20:29:52.998+0000] {dagbag.py:588} INFO - Filling up the DagBag from /opt/airflow/dags/etl_pipeline.py
[2025-04-06T20:29:53.056+0000] {processor.py:925} INFO - DAG(s) 'etl_pipeline' retrieved from /opt/airflow/dags/etl_pipeline.py
[2025-04-06T20:29:53.150+0000] {logging_mixin.py:190} INFO - [2025-04-06T20:29:53.150+0000] {dag.py:3239} INFO - Sync 1 DAGs
[2025-04-06T20:29:53.223+0000] {logging_mixin.py:190} INFO - [2025-04-06T20:29:53.223+0000] {dag.py:4180} INFO - Setting next_dagrun for etl_pipeline to 2025-04-06 00:00:00+00:00, run_after=2025-04-07 00:00:00+00:00
[2025-04-06T20:29:53.295+0000] {processor.py:208} INFO - Processing /opt/airflow/dags/etl_pipeline.py took 0.307 seconds
[2025-04-06T20:30:23.623+0000] {processor.py:186} INFO - Started process (PID=170) to work on /opt/airflow/dags/etl_pipeline.py
[2025-04-06T20:30:23.626+0000] {processor.py:914} INFO - Processing file /opt/airflow/dags/etl_pipeline.py for tasks to queue
[2025-04-06T20:30:23.630+0000] {logging_mixin.py:190} INFO - [2025-04-06T20:30:23.630+0000] {dagbag.py:588} INFO - Filling up the DagBag from /opt/airflow/dags/etl_pipeline.py
[2025-04-06T20:30:23.666+0000] {processor.py:925} INFO - DAG(s) 'etl_pipeline' retrieved from /opt/airflow/dags/etl_pipeline.py
[2025-04-06T20:30:23.715+0000] {logging_mixin.py:190} INFO - [2025-04-06T20:30:23.715+0000] {dag.py:3239} INFO - Sync 1 DAGs
[2025-04-06T20:30:23.753+0000] {logging_mixin.py:190} INFO - [2025-04-06T20:30:23.753+0000] {dag.py:4180} INFO - Setting next_dagrun for etl_pipeline to 2025-04-06 00:00:00+00:00, run_after=2025-04-07 00:00:00+00:00
[2025-04-06T20:30:23.782+0000] {processor.py:208} INFO - Processing /opt/airflow/dags/etl_pipeline.py took 0.168 seconds
[2025-04-06T20:30:53.916+0000] {processor.py:186} INFO - Started process (PID=175) to work on /opt/airflow/dags/etl_pipeline.py
[2025-04-06T20:30:53.917+0000] {processor.py:914} INFO - Processing file /opt/airflow/dags/etl_pipeline.py for tasks to queue
[2025-04-06T20:30:53.921+0000] {logging_mixin.py:190} INFO - [2025-04-06T20:30:53.921+0000] {dagbag.py:588} INFO - Filling up the DagBag from /opt/airflow/dags/etl_pipeline.py
[2025-04-06T20:30:53.973+0000] {processor.py:925} INFO - DAG(s) 'etl_pipeline' retrieved from /opt/airflow/dags/etl_pipeline.py
[2025-04-06T20:30:54.030+0000] {logging_mixin.py:190} INFO - [2025-04-06T20:30:54.030+0000] {dag.py:3239} INFO - Sync 1 DAGs
[2025-04-06T20:30:54.071+0000] {logging_mixin.py:190} INFO - [2025-04-06T20:30:54.070+0000] {dag.py:4180} INFO - Setting next_dagrun for etl_pipeline to 2025-04-06 00:00:00+00:00, run_after=2025-04-07 00:00:00+00:00
[2025-04-06T20:30:54.106+0000] {processor.py:208} INFO - Processing /opt/airflow/dags/etl_pipeline.py took 0.199 seconds
[2025-04-06T20:31:24.563+0000] {processor.py:186} INFO - Started process (PID=180) to work on /opt/airflow/dags/etl_pipeline.py
[2025-04-06T20:31:24.565+0000] {processor.py:914} INFO - Processing file /opt/airflow/dags/etl_pipeline.py for tasks to queue
[2025-04-06T20:31:24.571+0000] {logging_mixin.py:190} INFO - [2025-04-06T20:31:24.570+0000] {dagbag.py:588} INFO - Filling up the DagBag from /opt/airflow/dags/etl_pipeline.py
[2025-04-06T20:31:24.631+0000] {processor.py:925} INFO - DAG(s) 'etl_pipeline' retrieved from /opt/airflow/dags/etl_pipeline.py
[2025-04-06T20:31:24.703+0000] {logging_mixin.py:190} INFO - [2025-04-06T20:31:24.703+0000] {dag.py:3239} INFO - Sync 1 DAGs
[2025-04-06T20:31:24.775+0000] {logging_mixin.py:190} INFO - [2025-04-06T20:31:24.774+0000] {dag.py:4180} INFO - Setting next_dagrun for etl_pipeline to 2025-04-06 00:00:00+00:00, run_after=2025-04-07 00:00:00+00:00
[2025-04-06T20:31:24.826+0000] {processor.py:208} INFO - Processing /opt/airflow/dags/etl_pipeline.py took 0.274 seconds
[2025-04-06T20:31:55.075+0000] {processor.py:186} INFO - Started process (PID=185) to work on /opt/airflow/dags/etl_pipeline.py
[2025-04-06T20:31:55.079+0000] {processor.py:914} INFO - Processing file /opt/airflow/dags/etl_pipeline.py for tasks to queue
[2025-04-06T20:31:55.086+0000] {logging_mixin.py:190} INFO - [2025-04-06T20:31:55.085+0000] {dagbag.py:588} INFO - Filling up the DagBag from /opt/airflow/dags/etl_pipeline.py
[2025-04-06T20:31:55.179+0000] {processor.py:925} INFO - DAG(s) 'etl_pipeline' retrieved from /opt/airflow/dags/etl_pipeline.py
[2025-04-06T20:31:55.259+0000] {logging_mixin.py:190} INFO - [2025-04-06T20:31:55.258+0000] {dag.py:3239} INFO - Sync 1 DAGs
[2025-04-06T20:31:55.311+0000] {logging_mixin.py:190} INFO - [2025-04-06T20:31:55.311+0000] {dag.py:4180} INFO - Setting next_dagrun for etl_pipeline to 2025-04-06 00:00:00+00:00, run_after=2025-04-07 00:00:00+00:00
[2025-04-06T20:31:55.355+0000] {processor.py:208} INFO - Processing /opt/airflow/dags/etl_pipeline.py took 0.309 seconds
[2025-04-06T20:32:25.745+0000] {processor.py:186} INFO - Started process (PID=190) to work on /opt/airflow/dags/etl_pipeline.py
[2025-04-06T20:32:25.747+0000] {processor.py:914} INFO - Processing file /opt/airflow/dags/etl_pipeline.py for tasks to queue
[2025-04-06T20:32:25.752+0000] {logging_mixin.py:190} INFO - [2025-04-06T20:32:25.751+0000] {dagbag.py:588} INFO - Filling up the DagBag from /opt/airflow/dags/etl_pipeline.py
[2025-04-06T20:32:25.803+0000] {processor.py:925} INFO - DAG(s) 'etl_pipeline' retrieved from /opt/airflow/dags/etl_pipeline.py
[2025-04-06T20:32:25.889+0000] {logging_mixin.py:190} INFO - [2025-04-06T20:32:25.889+0000] {dag.py:3239} INFO - Sync 1 DAGs
[2025-04-06T20:32:25.941+0000] {logging_mixin.py:190} INFO - [2025-04-06T20:32:25.940+0000] {dag.py:4180} INFO - Setting next_dagrun for etl_pipeline to 2025-04-06 00:00:00+00:00, run_after=2025-04-07 00:00:00+00:00
[2025-04-06T20:32:25.986+0000] {processor.py:208} INFO - Processing /opt/airflow/dags/etl_pipeline.py took 0.254 seconds
[2025-04-06T20:32:56.313+0000] {processor.py:186} INFO - Started process (PID=195) to work on /opt/airflow/dags/etl_pipeline.py
[2025-04-06T20:32:56.315+0000] {processor.py:914} INFO - Processing file /opt/airflow/dags/etl_pipeline.py for tasks to queue
[2025-04-06T20:32:56.322+0000] {logging_mixin.py:190} INFO - [2025-04-06T20:32:56.321+0000] {dagbag.py:588} INFO - Filling up the DagBag from /opt/airflow/dags/etl_pipeline.py
[2025-04-06T20:32:56.471+0000] {processor.py:925} INFO - DAG(s) 'etl_pipeline' retrieved from /opt/airflow/dags/etl_pipeline.py
[2025-04-06T20:32:56.584+0000] {logging_mixin.py:190} INFO - [2025-04-06T20:32:56.584+0000] {dag.py:3239} INFO - Sync 1 DAGs
[2025-04-06T20:32:56.670+0000] {logging_mixin.py:190} INFO - [2025-04-06T20:32:56.669+0000] {dag.py:4180} INFO - Setting next_dagrun for etl_pipeline to 2025-04-06 00:00:00+00:00, run_after=2025-04-07 00:00:00+00:00
[2025-04-06T20:32:56.732+0000] {processor.py:208} INFO - Processing /opt/airflow/dags/etl_pipeline.py took 0.434 seconds
[2025-04-06T20:33:27.040+0000] {processor.py:186} INFO - Started process (PID=200) to work on /opt/airflow/dags/etl_pipeline.py
[2025-04-06T20:33:27.042+0000] {processor.py:914} INFO - Processing file /opt/airflow/dags/etl_pipeline.py for tasks to queue
[2025-04-06T20:33:27.050+0000] {logging_mixin.py:190} INFO - [2025-04-06T20:33:27.048+0000] {dagbag.py:588} INFO - Filling up the DagBag from /opt/airflow/dags/etl_pipeline.py
[2025-04-06T20:33:27.140+0000] {processor.py:925} INFO - DAG(s) 'etl_pipeline' retrieved from /opt/airflow/dags/etl_pipeline.py
[2025-04-06T20:33:27.241+0000] {logging_mixin.py:190} INFO - [2025-04-06T20:33:27.240+0000] {dag.py:3239} INFO - Sync 1 DAGs
[2025-04-06T20:33:27.319+0000] {logging_mixin.py:190} INFO - [2025-04-06T20:33:27.318+0000] {dag.py:4180} INFO - Setting next_dagrun for etl_pipeline to 2025-04-06 00:00:00+00:00, run_after=2025-04-07 00:00:00+00:00
[2025-04-06T20:33:27.379+0000] {processor.py:208} INFO - Processing /opt/airflow/dags/etl_pipeline.py took 0.358 seconds
[2025-04-06T20:33:57.762+0000] {processor.py:186} INFO - Started process (PID=205) to work on /opt/airflow/dags/etl_pipeline.py
[2025-04-06T20:33:57.764+0000] {processor.py:914} INFO - Processing file /opt/airflow/dags/etl_pipeline.py for tasks to queue
[2025-04-06T20:33:57.770+0000] {logging_mixin.py:190} INFO - [2025-04-06T20:33:57.770+0000] {dagbag.py:588} INFO - Filling up the DagBag from /opt/airflow/dags/etl_pipeline.py
[2025-04-06T20:33:57.823+0000] {processor.py:925} INFO - DAG(s) 'etl_pipeline' retrieved from /opt/airflow/dags/etl_pipeline.py
[2025-04-06T20:33:57.883+0000] {logging_mixin.py:190} INFO - [2025-04-06T20:33:57.882+0000] {dag.py:3239} INFO - Sync 1 DAGs
[2025-04-06T20:33:57.937+0000] {logging_mixin.py:190} INFO - [2025-04-06T20:33:57.937+0000] {dag.py:4180} INFO - Setting next_dagrun for etl_pipeline to 2025-04-06 00:00:00+00:00, run_after=2025-04-07 00:00:00+00:00
[2025-04-06T20:33:57.989+0000] {processor.py:208} INFO - Processing /opt/airflow/dags/etl_pipeline.py took 0.249 seconds
[2025-04-06T20:34:28.349+0000] {processor.py:186} INFO - Started process (PID=210) to work on /opt/airflow/dags/etl_pipeline.py
[2025-04-06T20:34:28.352+0000] {processor.py:914} INFO - Processing file /opt/airflow/dags/etl_pipeline.py for tasks to queue
[2025-04-06T20:34:28.356+0000] {logging_mixin.py:190} INFO - [2025-04-06T20:34:28.355+0000] {dagbag.py:588} INFO - Filling up the DagBag from /opt/airflow/dags/etl_pipeline.py
[2025-04-06T20:34:28.411+0000] {processor.py:925} INFO - DAG(s) 'etl_pipeline' retrieved from /opt/airflow/dags/etl_pipeline.py
[2025-04-06T20:34:28.464+0000] {logging_mixin.py:190} INFO - [2025-04-06T20:34:28.463+0000] {dag.py:3239} INFO - Sync 1 DAGs
[2025-04-06T20:34:28.522+0000] {logging_mixin.py:190} INFO - [2025-04-06T20:34:28.521+0000] {dag.py:4180} INFO - Setting next_dagrun for etl_pipeline to 2025-04-06 00:00:00+00:00, run_after=2025-04-07 00:00:00+00:00
[2025-04-06T20:34:28.562+0000] {processor.py:208} INFO - Processing /opt/airflow/dags/etl_pipeline.py took 0.222 seconds
[2025-04-06T20:34:58.931+0000] {processor.py:186} INFO - Started process (PID=215) to work on /opt/airflow/dags/etl_pipeline.py
[2025-04-06T20:34:58.933+0000] {processor.py:914} INFO - Processing file /opt/airflow/dags/etl_pipeline.py for tasks to queue
[2025-04-06T20:34:58.938+0000] {logging_mixin.py:190} INFO - [2025-04-06T20:34:58.937+0000] {dagbag.py:588} INFO - Filling up the DagBag from /opt/airflow/dags/etl_pipeline.py
[2025-04-06T20:34:58.988+0000] {processor.py:925} INFO - DAG(s) 'etl_pipeline' retrieved from /opt/airflow/dags/etl_pipeline.py
[2025-04-06T20:34:59.040+0000] {logging_mixin.py:190} INFO - [2025-04-06T20:34:59.039+0000] {dag.py:3239} INFO - Sync 1 DAGs
[2025-04-06T20:34:59.083+0000] {logging_mixin.py:190} INFO - [2025-04-06T20:34:59.082+0000] {dag.py:4180} INFO - Setting next_dagrun for etl_pipeline to 2025-04-06 00:00:00+00:00, run_after=2025-04-07 00:00:00+00:00
[2025-04-06T20:34:59.122+0000] {processor.py:208} INFO - Processing /opt/airflow/dags/etl_pipeline.py took 0.201 seconds
[2025-04-06T20:35:29.659+0000] {processor.py:186} INFO - Started process (PID=220) to work on /opt/airflow/dags/etl_pipeline.py
[2025-04-06T20:35:29.661+0000] {processor.py:914} INFO - Processing file /opt/airflow/dags/etl_pipeline.py for tasks to queue
[2025-04-06T20:35:29.666+0000] {logging_mixin.py:190} INFO - [2025-04-06T20:35:29.665+0000] {dagbag.py:588} INFO - Filling up the DagBag from /opt/airflow/dags/etl_pipeline.py
[2025-04-06T20:35:29.712+0000] {processor.py:925} INFO - DAG(s) 'etl_pipeline' retrieved from /opt/airflow/dags/etl_pipeline.py
[2025-04-06T20:35:29.762+0000] {logging_mixin.py:190} INFO - [2025-04-06T20:35:29.761+0000] {dag.py:3239} INFO - Sync 1 DAGs
[2025-04-06T20:35:29.811+0000] {logging_mixin.py:190} INFO - [2025-04-06T20:35:29.810+0000] {dag.py:4180} INFO - Setting next_dagrun for etl_pipeline to 2025-04-06 00:00:00+00:00, run_after=2025-04-07 00:00:00+00:00
[2025-04-06T20:35:29.850+0000] {processor.py:208} INFO - Processing /opt/airflow/dags/etl_pipeline.py took 0.201 seconds
[2025-04-06T20:36:00.138+0000] {processor.py:186} INFO - Started process (PID=225) to work on /opt/airflow/dags/etl_pipeline.py
[2025-04-06T20:36:00.141+0000] {processor.py:914} INFO - Processing file /opt/airflow/dags/etl_pipeline.py for tasks to queue
[2025-04-06T20:36:00.146+0000] {logging_mixin.py:190} INFO - [2025-04-06T20:36:00.146+0000] {dagbag.py:588} INFO - Filling up the DagBag from /opt/airflow/dags/etl_pipeline.py
[2025-04-06T20:36:00.194+0000] {processor.py:925} INFO - DAG(s) 'etl_pipeline' retrieved from /opt/airflow/dags/etl_pipeline.py
[2025-04-06T20:36:00.250+0000] {logging_mixin.py:190} INFO - [2025-04-06T20:36:00.249+0000] {dag.py:3239} INFO - Sync 1 DAGs
[2025-04-06T20:36:00.302+0000] {logging_mixin.py:190} INFO - [2025-04-06T20:36:00.301+0000] {dag.py:4180} INFO - Setting next_dagrun for etl_pipeline to 2025-04-06 00:00:00+00:00, run_after=2025-04-07 00:00:00+00:00
[2025-04-06T20:36:00.349+0000] {processor.py:208} INFO - Processing /opt/airflow/dags/etl_pipeline.py took 0.219 seconds
[2025-04-06T20:36:30.823+0000] {processor.py:186} INFO - Started process (PID=230) to work on /opt/airflow/dags/etl_pipeline.py
[2025-04-06T20:36:30.825+0000] {processor.py:914} INFO - Processing file /opt/airflow/dags/etl_pipeline.py for tasks to queue
[2025-04-06T20:36:30.830+0000] {logging_mixin.py:190} INFO - [2025-04-06T20:36:30.829+0000] {dagbag.py:588} INFO - Filling up the DagBag from /opt/airflow/dags/etl_pipeline.py
[2025-04-06T20:36:30.913+0000] {processor.py:925} INFO - DAG(s) 'etl_pipeline' retrieved from /opt/airflow/dags/etl_pipeline.py
[2025-04-06T20:36:30.957+0000] {logging_mixin.py:190} INFO - [2025-04-06T20:36:30.957+0000] {dag.py:3239} INFO - Sync 1 DAGs
[2025-04-06T20:36:31.000+0000] {logging_mixin.py:190} INFO - [2025-04-06T20:36:30.999+0000] {dag.py:4180} INFO - Setting next_dagrun for etl_pipeline to 2025-04-06 00:00:00+00:00, run_after=2025-04-07 00:00:00+00:00
[2025-04-06T20:36:31.034+0000] {processor.py:208} INFO - Processing /opt/airflow/dags/etl_pipeline.py took 0.220 seconds
[2025-04-06T20:37:01.275+0000] {processor.py:186} INFO - Started process (PID=235) to work on /opt/airflow/dags/etl_pipeline.py
[2025-04-06T20:37:01.277+0000] {processor.py:914} INFO - Processing file /opt/airflow/dags/etl_pipeline.py for tasks to queue
[2025-04-06T20:37:01.280+0000] {logging_mixin.py:190} INFO - [2025-04-06T20:37:01.279+0000] {dagbag.py:588} INFO - Filling up the DagBag from /opt/airflow/dags/etl_pipeline.py
[2025-04-06T20:37:01.324+0000] {processor.py:925} INFO - DAG(s) 'etl_pipeline' retrieved from /opt/airflow/dags/etl_pipeline.py
[2025-04-06T20:37:01.371+0000] {logging_mixin.py:190} INFO - [2025-04-06T20:37:01.370+0000] {dag.py:3239} INFO - Sync 1 DAGs
[2025-04-06T20:37:01.414+0000] {logging_mixin.py:190} INFO - [2025-04-06T20:37:01.414+0000] {dag.py:4180} INFO - Setting next_dagrun for etl_pipeline to 2025-04-06 00:00:00+00:00, run_after=2025-04-07 00:00:00+00:00
[2025-04-06T20:37:01.450+0000] {processor.py:208} INFO - Processing /opt/airflow/dags/etl_pipeline.py took 0.183 seconds
[2025-04-06T20:37:31.945+0000] {processor.py:186} INFO - Started process (PID=240) to work on /opt/airflow/dags/etl_pipeline.py
[2025-04-06T20:37:31.947+0000] {processor.py:914} INFO - Processing file /opt/airflow/dags/etl_pipeline.py for tasks to queue
[2025-04-06T20:37:31.952+0000] {logging_mixin.py:190} INFO - [2025-04-06T20:37:31.951+0000] {dagbag.py:588} INFO - Filling up the DagBag from /opt/airflow/dags/etl_pipeline.py
[2025-04-06T20:37:31.993+0000] {processor.py:925} INFO - DAG(s) 'etl_pipeline' retrieved from /opt/airflow/dags/etl_pipeline.py
[2025-04-06T20:37:32.044+0000] {logging_mixin.py:190} INFO - [2025-04-06T20:37:32.044+0000] {dag.py:3239} INFO - Sync 1 DAGs
[2025-04-06T20:37:32.092+0000] {logging_mixin.py:190} INFO - [2025-04-06T20:37:32.092+0000] {dag.py:4180} INFO - Setting next_dagrun for etl_pipeline to 2025-04-06 00:00:00+00:00, run_after=2025-04-07 00:00:00+00:00
[2025-04-06T20:37:32.138+0000] {processor.py:208} INFO - Processing /opt/airflow/dags/etl_pipeline.py took 0.201 seconds
[2025-04-06T20:38:02.457+0000] {processor.py:186} INFO - Started process (PID=245) to work on /opt/airflow/dags/etl_pipeline.py
[2025-04-06T20:38:02.459+0000] {processor.py:914} INFO - Processing file /opt/airflow/dags/etl_pipeline.py for tasks to queue
[2025-04-06T20:38:02.463+0000] {logging_mixin.py:190} INFO - [2025-04-06T20:38:02.462+0000] {dagbag.py:588} INFO - Filling up the DagBag from /opt/airflow/dags/etl_pipeline.py
[2025-04-06T20:38:02.506+0000] {processor.py:925} INFO - DAG(s) 'etl_pipeline' retrieved from /opt/airflow/dags/etl_pipeline.py
[2025-04-06T20:38:02.560+0000] {logging_mixin.py:190} INFO - [2025-04-06T20:38:02.559+0000] {dag.py:3239} INFO - Sync 1 DAGs
[2025-04-06T20:38:02.608+0000] {logging_mixin.py:190} INFO - [2025-04-06T20:38:02.607+0000] {dag.py:4180} INFO - Setting next_dagrun for etl_pipeline to 2025-04-06 00:00:00+00:00, run_after=2025-04-07 00:00:00+00:00
[2025-04-06T20:38:02.655+0000] {processor.py:208} INFO - Processing /opt/airflow/dags/etl_pipeline.py took 0.206 seconds
[2025-04-06T20:38:33.097+0000] {processor.py:186} INFO - Started process (PID=250) to work on /opt/airflow/dags/etl_pipeline.py
[2025-04-06T20:38:33.099+0000] {processor.py:914} INFO - Processing file /opt/airflow/dags/etl_pipeline.py for tasks to queue
[2025-04-06T20:38:33.104+0000] {logging_mixin.py:190} INFO - [2025-04-06T20:38:33.103+0000] {dagbag.py:588} INFO - Filling up the DagBag from /opt/airflow/dags/etl_pipeline.py
[2025-04-06T20:38:33.162+0000] {processor.py:925} INFO - DAG(s) 'etl_pipeline' retrieved from /opt/airflow/dags/etl_pipeline.py
[2025-04-06T20:38:33.216+0000] {logging_mixin.py:190} INFO - [2025-04-06T20:38:33.216+0000] {dag.py:3239} INFO - Sync 1 DAGs
[2025-04-06T20:38:33.266+0000] {logging_mixin.py:190} INFO - [2025-04-06T20:38:33.266+0000] {dag.py:4180} INFO - Setting next_dagrun for etl_pipeline to 2025-04-06 00:00:00+00:00, run_after=2025-04-07 00:00:00+00:00
[2025-04-06T20:38:33.310+0000] {processor.py:208} INFO - Processing /opt/airflow/dags/etl_pipeline.py took 0.223 seconds
[2025-04-06T20:39:03.570+0000] {processor.py:186} INFO - Started process (PID=255) to work on /opt/airflow/dags/etl_pipeline.py
[2025-04-06T20:39:03.571+0000] {processor.py:914} INFO - Processing file /opt/airflow/dags/etl_pipeline.py for tasks to queue
[2025-04-06T20:39:03.580+0000] {logging_mixin.py:190} INFO - [2025-04-06T20:39:03.579+0000] {dagbag.py:588} INFO - Filling up the DagBag from /opt/airflow/dags/etl_pipeline.py
[2025-04-06T20:39:03.730+0000] {processor.py:925} INFO - DAG(s) 'etl_pipeline' retrieved from /opt/airflow/dags/etl_pipeline.py
[2025-04-06T20:39:03.896+0000] {logging_mixin.py:190} INFO - [2025-04-06T20:39:03.896+0000] {dag.py:3239} INFO - Sync 1 DAGs
[2025-04-06T20:39:04.002+0000] {logging_mixin.py:190} INFO - [2025-04-06T20:39:04.001+0000] {dag.py:4180} INFO - Setting next_dagrun for etl_pipeline to 2025-04-06 00:00:00+00:00, run_after=2025-04-07 00:00:00+00:00
[2025-04-06T20:39:04.129+0000] {processor.py:208} INFO - Processing /opt/airflow/dags/etl_pipeline.py took 0.571 seconds
[2025-04-06T20:39:34.619+0000] {processor.py:186} INFO - Started process (PID=260) to work on /opt/airflow/dags/etl_pipeline.py
[2025-04-06T20:39:34.621+0000] {processor.py:914} INFO - Processing file /opt/airflow/dags/etl_pipeline.py for tasks to queue
[2025-04-06T20:39:34.625+0000] {logging_mixin.py:190} INFO - [2025-04-06T20:39:34.624+0000] {dagbag.py:588} INFO - Filling up the DagBag from /opt/airflow/dags/etl_pipeline.py
[2025-04-06T20:39:34.685+0000] {processor.py:925} INFO - DAG(s) 'etl_pipeline' retrieved from /opt/airflow/dags/etl_pipeline.py
[2025-04-06T20:39:34.837+0000] {logging_mixin.py:190} INFO - [2025-04-06T20:39:34.836+0000] {dag.py:3239} INFO - Sync 1 DAGs
[2025-04-06T20:39:34.938+0000] {logging_mixin.py:190} INFO - [2025-04-06T20:39:34.937+0000] {dag.py:4180} INFO - Setting next_dagrun for etl_pipeline to 2025-04-06 00:00:00+00:00, run_after=2025-04-07 00:00:00+00:00
[2025-04-06T20:39:35.017+0000] {processor.py:208} INFO - Processing /opt/airflow/dags/etl_pipeline.py took 0.412 seconds
[2025-04-06T20:40:05.554+0000] {processor.py:186} INFO - Started process (PID=265) to work on /opt/airflow/dags/etl_pipeline.py
[2025-04-06T20:40:05.571+0000] {processor.py:914} INFO - Processing file /opt/airflow/dags/etl_pipeline.py for tasks to queue
[2025-04-06T20:40:05.630+0000] {logging_mixin.py:190} INFO - [2025-04-06T20:40:05.622+0000] {dagbag.py:588} INFO - Filling up the DagBag from /opt/airflow/dags/etl_pipeline.py
[2025-04-06T20:40:05.747+0000] {processor.py:925} INFO - DAG(s) 'etl_pipeline' retrieved from /opt/airflow/dags/etl_pipeline.py
[2025-04-06T20:40:05.844+0000] {logging_mixin.py:190} INFO - [2025-04-06T20:40:05.844+0000] {dag.py:3239} INFO - Sync 1 DAGs
[2025-04-06T20:40:05.928+0000] {logging_mixin.py:190} INFO - [2025-04-06T20:40:05.927+0000] {dag.py:4180} INFO - Setting next_dagrun for etl_pipeline to 2025-04-06 00:00:00+00:00, run_after=2025-04-07 00:00:00+00:00
[2025-04-06T20:40:06.043+0000] {processor.py:208} INFO - Processing /opt/airflow/dags/etl_pipeline.py took 0.560 seconds
[2025-04-06T20:40:36.345+0000] {processor.py:186} INFO - Started process (PID=270) to work on /opt/airflow/dags/etl_pipeline.py
[2025-04-06T20:40:36.347+0000] {processor.py:914} INFO - Processing file /opt/airflow/dags/etl_pipeline.py for tasks to queue
[2025-04-06T20:40:36.351+0000] {logging_mixin.py:190} INFO - [2025-04-06T20:40:36.351+0000] {dagbag.py:588} INFO - Filling up the DagBag from /opt/airflow/dags/etl_pipeline.py
[2025-04-06T20:40:36.397+0000] {processor.py:925} INFO - DAG(s) 'etl_pipeline' retrieved from /opt/airflow/dags/etl_pipeline.py
[2025-04-06T20:40:36.451+0000] {logging_mixin.py:190} INFO - [2025-04-06T20:40:36.450+0000] {dag.py:3239} INFO - Sync 1 DAGs
[2025-04-06T20:40:36.498+0000] {logging_mixin.py:190} INFO - [2025-04-06T20:40:36.498+0000] {dag.py:4180} INFO - Setting next_dagrun for etl_pipeline to 2025-04-06 00:00:00+00:00, run_after=2025-04-07 00:00:00+00:00
[2025-04-06T20:40:36.533+0000] {processor.py:208} INFO - Processing /opt/airflow/dags/etl_pipeline.py took 0.196 seconds
[2025-04-06T20:41:06.945+0000] {processor.py:186} INFO - Started process (PID=275) to work on /opt/airflow/dags/etl_pipeline.py
[2025-04-06T20:41:06.949+0000] {processor.py:914} INFO - Processing file /opt/airflow/dags/etl_pipeline.py for tasks to queue
[2025-04-06T20:41:06.954+0000] {logging_mixin.py:190} INFO - [2025-04-06T20:41:06.953+0000] {dagbag.py:588} INFO - Filling up the DagBag from /opt/airflow/dags/etl_pipeline.py
[2025-04-06T20:41:07.007+0000] {processor.py:925} INFO - DAG(s) 'etl_pipeline' retrieved from /opt/airflow/dags/etl_pipeline.py
[2025-04-06T20:41:07.060+0000] {logging_mixin.py:190} INFO - [2025-04-06T20:41:07.059+0000] {dag.py:3239} INFO - Sync 1 DAGs
[2025-04-06T20:41:07.106+0000] {logging_mixin.py:190} INFO - [2025-04-06T20:41:07.106+0000] {dag.py:4180} INFO - Setting next_dagrun for etl_pipeline to 2025-04-06 00:00:00+00:00, run_after=2025-04-07 00:00:00+00:00
[2025-04-06T20:41:07.147+0000] {processor.py:208} INFO - Processing /opt/airflow/dags/etl_pipeline.py took 0.211 seconds
[2025-04-06T20:41:37.439+0000] {processor.py:186} INFO - Started process (PID=280) to work on /opt/airflow/dags/etl_pipeline.py
[2025-04-06T20:41:37.441+0000] {processor.py:914} INFO - Processing file /opt/airflow/dags/etl_pipeline.py for tasks to queue
[2025-04-06T20:41:37.446+0000] {logging_mixin.py:190} INFO - [2025-04-06T20:41:37.446+0000] {dagbag.py:588} INFO - Filling up the DagBag from /opt/airflow/dags/etl_pipeline.py
[2025-04-06T20:41:37.508+0000] {processor.py:925} INFO - DAG(s) 'etl_pipeline' retrieved from /opt/airflow/dags/etl_pipeline.py
[2025-04-06T20:41:37.584+0000] {logging_mixin.py:190} INFO - [2025-04-06T20:41:37.583+0000] {dag.py:3239} INFO - Sync 1 DAGs
[2025-04-06T20:41:37.780+0000] {logging_mixin.py:190} INFO - [2025-04-06T20:41:37.779+0000] {dag.py:4180} INFO - Setting next_dagrun for etl_pipeline to 2025-04-06 00:00:00+00:00, run_after=2025-04-07 00:00:00+00:00
[2025-04-06T20:41:37.897+0000] {processor.py:208} INFO - Processing /opt/airflow/dags/etl_pipeline.py took 0.473 seconds
