[2025-04-29T19:42:36.168+0000] {processor.py:186} INFO - Started process (PID=164) to work on /opt/airflow/dags/etl_pipeline.py
[2025-04-29T19:42:36.169+0000] {processor.py:914} INFO - Processing file /opt/airflow/dags/etl_pipeline.py for tasks to queue
[2025-04-29T19:42:36.172+0000] {logging_mixin.py:190} INFO - [2025-04-29T19:42:36.172+0000] {dagbag.py:588} INFO - Filling up the DagBag from /opt/airflow/dags/etl_pipeline.py
[2025-04-29T19:42:36.207+0000] {processor.py:925} INFO - DAG(s) 'etl_pipeline' retrieved from /opt/airflow/dags/etl_pipeline.py
[2025-04-29T19:42:36.252+0000] {logging_mixin.py:190} INFO - [2025-04-29T19:42:36.252+0000] {dag.py:3239} INFO - Sync 1 DAGs
[2025-04-29T19:42:36.292+0000] {logging_mixin.py:190} INFO - [2025-04-29T19:42:36.292+0000] {dag.py:4180} INFO - Setting next_dagrun for etl_pipeline to 2025-04-29 00:00:00+00:00, run_after=2025-04-30 00:00:00+00:00
[2025-04-29T19:42:36.327+0000] {processor.py:208} INFO - Processing /opt/airflow/dags/etl_pipeline.py took 0.166 seconds
[2025-04-29T19:43:06.472+0000] {processor.py:186} INFO - Started process (PID=188) to work on /opt/airflow/dags/etl_pipeline.py
[2025-04-29T19:43:06.473+0000] {processor.py:914} INFO - Processing file /opt/airflow/dags/etl_pipeline.py for tasks to queue
[2025-04-29T19:43:06.476+0000] {logging_mixin.py:190} INFO - [2025-04-29T19:43:06.476+0000] {dagbag.py:588} INFO - Filling up the DagBag from /opt/airflow/dags/etl_pipeline.py
[2025-04-29T19:43:06.504+0000] {processor.py:925} INFO - DAG(s) 'etl_pipeline' retrieved from /opt/airflow/dags/etl_pipeline.py
[2025-04-29T19:43:06.542+0000] {logging_mixin.py:190} INFO - [2025-04-29T19:43:06.542+0000] {dag.py:3239} INFO - Sync 1 DAGs
[2025-04-29T19:43:06.573+0000] {logging_mixin.py:190} INFO - [2025-04-29T19:43:06.573+0000] {dag.py:4180} INFO - Setting next_dagrun for etl_pipeline to 2025-04-29 00:00:00+00:00, run_after=2025-04-30 00:00:00+00:00
[2025-04-29T19:43:06.595+0000] {processor.py:208} INFO - Processing /opt/airflow/dags/etl_pipeline.py took 0.131 seconds
[2025-04-29T19:43:36.802+0000] {processor.py:186} INFO - Started process (PID=193) to work on /opt/airflow/dags/etl_pipeline.py
[2025-04-29T19:43:36.804+0000] {processor.py:914} INFO - Processing file /opt/airflow/dags/etl_pipeline.py for tasks to queue
[2025-04-29T19:43:36.809+0000] {logging_mixin.py:190} INFO - [2025-04-29T19:43:36.808+0000] {dagbag.py:588} INFO - Filling up the DagBag from /opt/airflow/dags/etl_pipeline.py
[2025-04-29T19:43:36.851+0000] {processor.py:925} INFO - DAG(s) 'etl_pipeline' retrieved from /opt/airflow/dags/etl_pipeline.py
[2025-04-29T19:43:36.887+0000] {logging_mixin.py:190} INFO - [2025-04-29T19:43:36.887+0000] {dag.py:3239} INFO - Sync 1 DAGs
[2025-04-29T19:43:36.920+0000] {logging_mixin.py:190} INFO - [2025-04-29T19:43:36.919+0000] {dag.py:4180} INFO - Setting next_dagrun for etl_pipeline to 2025-04-29 00:00:00+00:00, run_after=2025-04-30 00:00:00+00:00
[2025-04-29T19:43:36.945+0000] {processor.py:208} INFO - Processing /opt/airflow/dags/etl_pipeline.py took 0.153 seconds
[2025-04-29T19:44:07.127+0000] {processor.py:186} INFO - Started process (PID=198) to work on /opt/airflow/dags/etl_pipeline.py
[2025-04-29T19:44:07.130+0000] {processor.py:914} INFO - Processing file /opt/airflow/dags/etl_pipeline.py for tasks to queue
[2025-04-29T19:44:07.133+0000] {logging_mixin.py:190} INFO - [2025-04-29T19:44:07.133+0000] {dagbag.py:588} INFO - Filling up the DagBag from /opt/airflow/dags/etl_pipeline.py
[2025-04-29T19:44:07.158+0000] {processor.py:925} INFO - DAG(s) 'etl_pipeline' retrieved from /opt/airflow/dags/etl_pipeline.py
[2025-04-29T19:44:07.186+0000] {logging_mixin.py:190} INFO - [2025-04-29T19:44:07.186+0000] {dag.py:3239} INFO - Sync 1 DAGs
[2025-04-29T19:44:07.212+0000] {logging_mixin.py:190} INFO - [2025-04-29T19:44:07.212+0000] {dag.py:4180} INFO - Setting next_dagrun for etl_pipeline to 2025-04-29 00:00:00+00:00, run_after=2025-04-30 00:00:00+00:00
[2025-04-29T19:44:07.235+0000] {processor.py:208} INFO - Processing /opt/airflow/dags/etl_pipeline.py took 0.125 seconds
[2025-04-29T19:44:37.436+0000] {processor.py:186} INFO - Started process (PID=203) to work on /opt/airflow/dags/etl_pipeline.py
[2025-04-29T19:44:37.437+0000] {processor.py:914} INFO - Processing file /opt/airflow/dags/etl_pipeline.py for tasks to queue
[2025-04-29T19:44:37.439+0000] {logging_mixin.py:190} INFO - [2025-04-29T19:44:37.439+0000] {dagbag.py:588} INFO - Filling up the DagBag from /opt/airflow/dags/etl_pipeline.py
[2025-04-29T19:44:37.463+0000] {processor.py:925} INFO - DAG(s) 'etl_pipeline' retrieved from /opt/airflow/dags/etl_pipeline.py
[2025-04-29T19:44:37.489+0000] {logging_mixin.py:190} INFO - [2025-04-29T19:44:37.489+0000] {dag.py:3239} INFO - Sync 1 DAGs
[2025-04-29T19:44:37.514+0000] {logging_mixin.py:190} INFO - [2025-04-29T19:44:37.514+0000] {dag.py:4180} INFO - Setting next_dagrun for etl_pipeline to 2025-04-29 00:00:00+00:00, run_after=2025-04-30 00:00:00+00:00
[2025-04-29T19:44:37.535+0000] {processor.py:208} INFO - Processing /opt/airflow/dags/etl_pipeline.py took 0.106 seconds
[2025-04-29T19:45:07.737+0000] {processor.py:186} INFO - Started process (PID=208) to work on /opt/airflow/dags/etl_pipeline.py
[2025-04-29T19:45:07.738+0000] {processor.py:914} INFO - Processing file /opt/airflow/dags/etl_pipeline.py for tasks to queue
[2025-04-29T19:45:07.741+0000] {logging_mixin.py:190} INFO - [2025-04-29T19:45:07.740+0000] {dagbag.py:588} INFO - Filling up the DagBag from /opt/airflow/dags/etl_pipeline.py
[2025-04-29T19:45:07.768+0000] {processor.py:925} INFO - DAG(s) 'etl_pipeline' retrieved from /opt/airflow/dags/etl_pipeline.py
[2025-04-29T19:45:07.802+0000] {logging_mixin.py:190} INFO - [2025-04-29T19:45:07.802+0000] {dag.py:3239} INFO - Sync 1 DAGs
[2025-04-29T19:45:07.834+0000] {logging_mixin.py:190} INFO - [2025-04-29T19:45:07.834+0000] {dag.py:4180} INFO - Setting next_dagrun for etl_pipeline to 2025-04-29 00:00:00+00:00, run_after=2025-04-30 00:00:00+00:00
[2025-04-29T19:45:07.861+0000] {processor.py:208} INFO - Processing /opt/airflow/dags/etl_pipeline.py took 0.130 seconds
[2025-04-29T19:45:38.041+0000] {processor.py:186} INFO - Started process (PID=213) to work on /opt/airflow/dags/etl_pipeline.py
[2025-04-29T19:45:38.042+0000] {processor.py:914} INFO - Processing file /opt/airflow/dags/etl_pipeline.py for tasks to queue
[2025-04-29T19:45:38.044+0000] {logging_mixin.py:190} INFO - [2025-04-29T19:45:38.044+0000] {dagbag.py:588} INFO - Filling up the DagBag from /opt/airflow/dags/etl_pipeline.py
[2025-04-29T19:45:38.068+0000] {processor.py:925} INFO - DAG(s) 'etl_pipeline' retrieved from /opt/airflow/dags/etl_pipeline.py
[2025-04-29T19:45:38.097+0000] {logging_mixin.py:190} INFO - [2025-04-29T19:45:38.097+0000] {dag.py:3239} INFO - Sync 1 DAGs
[2025-04-29T19:45:38.128+0000] {logging_mixin.py:190} INFO - [2025-04-29T19:45:38.127+0000] {dag.py:4180} INFO - Setting next_dagrun for etl_pipeline to 2025-04-29 00:00:00+00:00, run_after=2025-04-30 00:00:00+00:00
[2025-04-29T19:45:38.152+0000] {processor.py:208} INFO - Processing /opt/airflow/dags/etl_pipeline.py took 0.116 seconds
[2025-04-29T19:46:08.347+0000] {processor.py:186} INFO - Started process (PID=218) to work on /opt/airflow/dags/etl_pipeline.py
[2025-04-29T19:46:08.348+0000] {processor.py:914} INFO - Processing file /opt/airflow/dags/etl_pipeline.py for tasks to queue
[2025-04-29T19:46:08.352+0000] {logging_mixin.py:190} INFO - [2025-04-29T19:46:08.351+0000] {dagbag.py:588} INFO - Filling up the DagBag from /opt/airflow/dags/etl_pipeline.py
[2025-04-29T19:46:08.407+0000] {processor.py:925} INFO - DAG(s) 'etl_pipeline' retrieved from /opt/airflow/dags/etl_pipeline.py
[2025-04-29T19:46:08.459+0000] {logging_mixin.py:190} INFO - [2025-04-29T19:46:08.459+0000] {dag.py:3239} INFO - Sync 1 DAGs
[2025-04-29T19:46:08.502+0000] {logging_mixin.py:190} INFO - [2025-04-29T19:46:08.502+0000] {dag.py:4180} INFO - Setting next_dagrun for etl_pipeline to 2025-04-29 00:00:00+00:00, run_after=2025-04-30 00:00:00+00:00
[2025-04-29T19:46:08.528+0000] {processor.py:208} INFO - Processing /opt/airflow/dags/etl_pipeline.py took 0.188 seconds
[2025-04-29T19:46:38.637+0000] {processor.py:186} INFO - Started process (PID=223) to work on /opt/airflow/dags/etl_pipeline.py
[2025-04-29T19:46:38.638+0000] {processor.py:914} INFO - Processing file /opt/airflow/dags/etl_pipeline.py for tasks to queue
[2025-04-29T19:46:38.642+0000] {logging_mixin.py:190} INFO - [2025-04-29T19:46:38.641+0000] {dagbag.py:588} INFO - Filling up the DagBag from /opt/airflow/dags/etl_pipeline.py
[2025-04-29T19:46:38.672+0000] {processor.py:925} INFO - DAG(s) 'etl_pipeline' retrieved from /opt/airflow/dags/etl_pipeline.py
[2025-04-29T19:46:38.709+0000] {logging_mixin.py:190} INFO - [2025-04-29T19:46:38.709+0000] {dag.py:3239} INFO - Sync 1 DAGs
[2025-04-29T19:46:38.740+0000] {logging_mixin.py:190} INFO - [2025-04-29T19:46:38.740+0000] {dag.py:4180} INFO - Setting next_dagrun for etl_pipeline to 2025-04-29 00:00:00+00:00, run_after=2025-04-30 00:00:00+00:00
[2025-04-29T19:46:38.763+0000] {processor.py:208} INFO - Processing /opt/airflow/dags/etl_pipeline.py took 0.135 seconds
[2025-04-29T19:47:09.012+0000] {processor.py:186} INFO - Started process (PID=228) to work on /opt/airflow/dags/etl_pipeline.py
[2025-04-29T19:47:09.013+0000] {processor.py:914} INFO - Processing file /opt/airflow/dags/etl_pipeline.py for tasks to queue
[2025-04-29T19:47:09.016+0000] {logging_mixin.py:190} INFO - [2025-04-29T19:47:09.016+0000] {dagbag.py:588} INFO - Filling up the DagBag from /opt/airflow/dags/etl_pipeline.py
[2025-04-29T19:47:09.042+0000] {processor.py:925} INFO - DAG(s) 'etl_pipeline' retrieved from /opt/airflow/dags/etl_pipeline.py
[2025-04-29T19:47:09.078+0000] {logging_mixin.py:190} INFO - [2025-04-29T19:47:09.078+0000] {dag.py:3239} INFO - Sync 1 DAGs
[2025-04-29T19:47:09.106+0000] {logging_mixin.py:190} INFO - [2025-04-29T19:47:09.105+0000] {dag.py:4180} INFO - Setting next_dagrun for etl_pipeline to 2025-04-29 00:00:00+00:00, run_after=2025-04-30 00:00:00+00:00
[2025-04-29T19:47:09.129+0000] {processor.py:208} INFO - Processing /opt/airflow/dags/etl_pipeline.py took 0.122 seconds
[2025-04-29T19:47:39.291+0000] {processor.py:186} INFO - Started process (PID=233) to work on /opt/airflow/dags/etl_pipeline.py
[2025-04-29T19:47:39.293+0000] {processor.py:914} INFO - Processing file /opt/airflow/dags/etl_pipeline.py for tasks to queue
[2025-04-29T19:47:39.295+0000] {logging_mixin.py:190} INFO - [2025-04-29T19:47:39.295+0000] {dagbag.py:588} INFO - Filling up the DagBag from /opt/airflow/dags/etl_pipeline.py
[2025-04-29T19:47:39.319+0000] {processor.py:925} INFO - DAG(s) 'etl_pipeline' retrieved from /opt/airflow/dags/etl_pipeline.py
[2025-04-29T19:47:39.354+0000] {logging_mixin.py:190} INFO - [2025-04-29T19:47:39.354+0000] {dag.py:3239} INFO - Sync 1 DAGs
[2025-04-29T19:47:39.386+0000] {logging_mixin.py:190} INFO - [2025-04-29T19:47:39.386+0000] {dag.py:4180} INFO - Setting next_dagrun for etl_pipeline to 2025-04-29 00:00:00+00:00, run_after=2025-04-30 00:00:00+00:00
[2025-04-29T19:47:39.410+0000] {processor.py:208} INFO - Processing /opt/airflow/dags/etl_pipeline.py took 0.124 seconds
[2025-04-29T19:48:09.609+0000] {processor.py:186} INFO - Started process (PID=238) to work on /opt/airflow/dags/etl_pipeline.py
[2025-04-29T19:48:09.610+0000] {processor.py:914} INFO - Processing file /opt/airflow/dags/etl_pipeline.py for tasks to queue
[2025-04-29T19:48:09.613+0000] {logging_mixin.py:190} INFO - [2025-04-29T19:48:09.612+0000] {dagbag.py:588} INFO - Filling up the DagBag from /opt/airflow/dags/etl_pipeline.py
[2025-04-29T19:48:09.641+0000] {processor.py:925} INFO - DAG(s) 'etl_pipeline' retrieved from /opt/airflow/dags/etl_pipeline.py
[2025-04-29T19:48:09.674+0000] {logging_mixin.py:190} INFO - [2025-04-29T19:48:09.673+0000] {dag.py:3239} INFO - Sync 1 DAGs
[2025-04-29T19:48:09.704+0000] {logging_mixin.py:190} INFO - [2025-04-29T19:48:09.704+0000] {dag.py:4180} INFO - Setting next_dagrun for etl_pipeline to 2025-04-29 00:00:00+00:00, run_after=2025-04-30 00:00:00+00:00
[2025-04-29T19:48:09.729+0000] {processor.py:208} INFO - Processing /opt/airflow/dags/etl_pipeline.py took 0.126 seconds
[2025-04-29T19:48:39.899+0000] {processor.py:186} INFO - Started process (PID=243) to work on /opt/airflow/dags/etl_pipeline.py
[2025-04-29T19:48:39.901+0000] {processor.py:914} INFO - Processing file /opt/airflow/dags/etl_pipeline.py for tasks to queue
[2025-04-29T19:48:39.904+0000] {logging_mixin.py:190} INFO - [2025-04-29T19:48:39.904+0000] {dagbag.py:588} INFO - Filling up the DagBag from /opt/airflow/dags/etl_pipeline.py
[2025-04-29T19:48:39.932+0000] {processor.py:925} INFO - DAG(s) 'etl_pipeline' retrieved from /opt/airflow/dags/etl_pipeline.py
[2025-04-29T19:48:39.969+0000] {logging_mixin.py:190} INFO - [2025-04-29T19:48:39.969+0000] {dag.py:3239} INFO - Sync 1 DAGs
[2025-04-29T19:48:40.001+0000] {logging_mixin.py:190} INFO - [2025-04-29T19:48:40.001+0000] {dag.py:4180} INFO - Setting next_dagrun for etl_pipeline to 2025-04-29 00:00:00+00:00, run_after=2025-04-30 00:00:00+00:00
[2025-04-29T19:48:40.022+0000] {processor.py:208} INFO - Processing /opt/airflow/dags/etl_pipeline.py took 0.131 seconds
[2025-04-29T19:49:10.206+0000] {processor.py:186} INFO - Started process (PID=248) to work on /opt/airflow/dags/etl_pipeline.py
[2025-04-29T19:49:10.207+0000] {processor.py:914} INFO - Processing file /opt/airflow/dags/etl_pipeline.py for tasks to queue
[2025-04-29T19:49:10.209+0000] {logging_mixin.py:190} INFO - [2025-04-29T19:49:10.209+0000] {dagbag.py:588} INFO - Filling up the DagBag from /opt/airflow/dags/etl_pipeline.py
[2025-04-29T19:49:10.232+0000] {processor.py:925} INFO - DAG(s) 'etl_pipeline' retrieved from /opt/airflow/dags/etl_pipeline.py
[2025-04-29T19:49:10.260+0000] {logging_mixin.py:190} INFO - [2025-04-29T19:49:10.259+0000] {dag.py:3239} INFO - Sync 1 DAGs
[2025-04-29T19:49:10.286+0000] {logging_mixin.py:190} INFO - [2025-04-29T19:49:10.285+0000] {dag.py:4180} INFO - Setting next_dagrun for etl_pipeline to 2025-04-29 00:00:00+00:00, run_after=2025-04-30 00:00:00+00:00
[2025-04-29T19:49:10.307+0000] {processor.py:208} INFO - Processing /opt/airflow/dags/etl_pipeline.py took 0.106 seconds
[2025-04-29T19:49:40.509+0000] {processor.py:186} INFO - Started process (PID=253) to work on /opt/airflow/dags/etl_pipeline.py
[2025-04-29T19:49:40.510+0000] {processor.py:914} INFO - Processing file /opt/airflow/dags/etl_pipeline.py for tasks to queue
[2025-04-29T19:49:40.513+0000] {logging_mixin.py:190} INFO - [2025-04-29T19:49:40.512+0000] {dagbag.py:588} INFO - Filling up the DagBag from /opt/airflow/dags/etl_pipeline.py
[2025-04-29T19:49:40.538+0000] {processor.py:925} INFO - DAG(s) 'etl_pipeline' retrieved from /opt/airflow/dags/etl_pipeline.py
[2025-04-29T19:49:40.568+0000] {logging_mixin.py:190} INFO - [2025-04-29T19:49:40.567+0000] {dag.py:3239} INFO - Sync 1 DAGs
[2025-04-29T19:49:40.594+0000] {logging_mixin.py:190} INFO - [2025-04-29T19:49:40.594+0000] {dag.py:4180} INFO - Setting next_dagrun for etl_pipeline to 2025-04-29 00:00:00+00:00, run_after=2025-04-30 00:00:00+00:00
[2025-04-29T19:49:40.618+0000] {processor.py:208} INFO - Processing /opt/airflow/dags/etl_pipeline.py took 0.116 seconds
[2025-04-29T19:50:10.783+0000] {processor.py:186} INFO - Started process (PID=258) to work on /opt/airflow/dags/etl_pipeline.py
[2025-04-29T19:50:10.784+0000] {processor.py:914} INFO - Processing file /opt/airflow/dags/etl_pipeline.py for tasks to queue
[2025-04-29T19:50:10.787+0000] {logging_mixin.py:190} INFO - [2025-04-29T19:50:10.787+0000] {dagbag.py:588} INFO - Filling up the DagBag from /opt/airflow/dags/etl_pipeline.py
[2025-04-29T19:50:10.814+0000] {processor.py:925} INFO - DAG(s) 'etl_pipeline' retrieved from /opt/airflow/dags/etl_pipeline.py
[2025-04-29T19:50:10.853+0000] {logging_mixin.py:190} INFO - [2025-04-29T19:50:10.852+0000] {dag.py:3239} INFO - Sync 1 DAGs
[2025-04-29T19:50:10.883+0000] {logging_mixin.py:190} INFO - [2025-04-29T19:50:10.882+0000] {dag.py:4180} INFO - Setting next_dagrun for etl_pipeline to 2025-04-29 00:00:00+00:00, run_after=2025-04-30 00:00:00+00:00
[2025-04-29T19:50:10.907+0000] {processor.py:208} INFO - Processing /opt/airflow/dags/etl_pipeline.py took 0.131 seconds
[2025-04-29T19:50:41.084+0000] {processor.py:186} INFO - Started process (PID=263) to work on /opt/airflow/dags/etl_pipeline.py
[2025-04-29T19:50:41.086+0000] {processor.py:914} INFO - Processing file /opt/airflow/dags/etl_pipeline.py for tasks to queue
[2025-04-29T19:50:41.088+0000] {logging_mixin.py:190} INFO - [2025-04-29T19:50:41.088+0000] {dagbag.py:588} INFO - Filling up the DagBag from /opt/airflow/dags/etl_pipeline.py
[2025-04-29T19:50:41.110+0000] {processor.py:925} INFO - DAG(s) 'etl_pipeline' retrieved from /opt/airflow/dags/etl_pipeline.py
[2025-04-29T19:50:41.148+0000] {logging_mixin.py:190} INFO - [2025-04-29T19:50:41.147+0000] {dag.py:3239} INFO - Sync 1 DAGs
[2025-04-29T19:50:41.175+0000] {logging_mixin.py:190} INFO - [2025-04-29T19:50:41.175+0000] {dag.py:4180} INFO - Setting next_dagrun for etl_pipeline to 2025-04-29 00:00:00+00:00, run_after=2025-04-30 00:00:00+00:00
[2025-04-29T19:50:41.197+0000] {processor.py:208} INFO - Processing /opt/airflow/dags/etl_pipeline.py took 0.118 seconds
[2025-04-29T19:51:11.428+0000] {processor.py:186} INFO - Started process (PID=268) to work on /opt/airflow/dags/etl_pipeline.py
[2025-04-29T19:51:11.431+0000] {processor.py:914} INFO - Processing file /opt/airflow/dags/etl_pipeline.py for tasks to queue
[2025-04-29T19:51:11.435+0000] {logging_mixin.py:190} INFO - [2025-04-29T19:51:11.434+0000] {dagbag.py:588} INFO - Filling up the DagBag from /opt/airflow/dags/etl_pipeline.py
[2025-04-29T19:51:11.477+0000] {processor.py:925} INFO - DAG(s) 'etl_pipeline' retrieved from /opt/airflow/dags/etl_pipeline.py
[2025-04-29T19:51:11.519+0000] {logging_mixin.py:190} INFO - [2025-04-29T19:51:11.519+0000] {dag.py:3239} INFO - Sync 1 DAGs
[2025-04-29T19:51:11.553+0000] {logging_mixin.py:190} INFO - [2025-04-29T19:51:11.553+0000] {dag.py:4180} INFO - Setting next_dagrun for etl_pipeline to 2025-04-29 00:00:00+00:00, run_after=2025-04-30 00:00:00+00:00
[2025-04-29T19:51:11.576+0000] {processor.py:208} INFO - Processing /opt/airflow/dags/etl_pipeline.py took 0.156 seconds
[2025-04-29T19:51:41.686+0000] {processor.py:186} INFO - Started process (PID=273) to work on /opt/airflow/dags/etl_pipeline.py
[2025-04-29T19:51:41.687+0000] {processor.py:914} INFO - Processing file /opt/airflow/dags/etl_pipeline.py for tasks to queue
[2025-04-29T19:51:41.690+0000] {logging_mixin.py:190} INFO - [2025-04-29T19:51:41.690+0000] {dagbag.py:588} INFO - Filling up the DagBag from /opt/airflow/dags/etl_pipeline.py
[2025-04-29T19:51:41.717+0000] {processor.py:925} INFO - DAG(s) 'etl_pipeline' retrieved from /opt/airflow/dags/etl_pipeline.py
[2025-04-29T19:51:41.753+0000] {logging_mixin.py:190} INFO - [2025-04-29T19:51:41.752+0000] {dag.py:3239} INFO - Sync 1 DAGs
[2025-04-29T19:51:41.785+0000] {logging_mixin.py:190} INFO - [2025-04-29T19:51:41.785+0000] {dag.py:4180} INFO - Setting next_dagrun for etl_pipeline to 2025-04-29 00:00:00+00:00, run_after=2025-04-30 00:00:00+00:00
[2025-04-29T19:51:41.809+0000] {processor.py:208} INFO - Processing /opt/airflow/dags/etl_pipeline.py took 0.128 seconds
[2025-04-29T19:52:12.079+0000] {processor.py:186} INFO - Started process (PID=278) to work on /opt/airflow/dags/etl_pipeline.py
[2025-04-29T19:52:12.082+0000] {processor.py:914} INFO - Processing file /opt/airflow/dags/etl_pipeline.py for tasks to queue
[2025-04-29T19:52:12.085+0000] {logging_mixin.py:190} INFO - [2025-04-29T19:52:12.085+0000] {dagbag.py:588} INFO - Filling up the DagBag from /opt/airflow/dags/etl_pipeline.py
[2025-04-29T19:52:12.120+0000] {processor.py:925} INFO - DAG(s) 'etl_pipeline' retrieved from /opt/airflow/dags/etl_pipeline.py
[2025-04-29T19:52:12.151+0000] {logging_mixin.py:190} INFO - [2025-04-29T19:52:12.151+0000] {dag.py:3239} INFO - Sync 1 DAGs
[2025-04-29T19:52:12.184+0000] {logging_mixin.py:190} INFO - [2025-04-29T19:52:12.184+0000] {dag.py:4180} INFO - Setting next_dagrun for etl_pipeline to 2025-04-29 00:00:00+00:00, run_after=2025-04-30 00:00:00+00:00
[2025-04-29T19:52:12.205+0000] {processor.py:208} INFO - Processing /opt/airflow/dags/etl_pipeline.py took 0.133 seconds
[2025-04-29T19:52:42.379+0000] {processor.py:186} INFO - Started process (PID=283) to work on /opt/airflow/dags/etl_pipeline.py
[2025-04-29T19:52:42.380+0000] {processor.py:914} INFO - Processing file /opt/airflow/dags/etl_pipeline.py for tasks to queue
[2025-04-29T19:52:42.383+0000] {logging_mixin.py:190} INFO - [2025-04-29T19:52:42.383+0000] {dagbag.py:588} INFO - Filling up the DagBag from /opt/airflow/dags/etl_pipeline.py
[2025-04-29T19:52:42.411+0000] {processor.py:925} INFO - DAG(s) 'etl_pipeline' retrieved from /opt/airflow/dags/etl_pipeline.py
[2025-04-29T19:52:42.441+0000] {logging_mixin.py:190} INFO - [2025-04-29T19:52:42.441+0000] {dag.py:3239} INFO - Sync 1 DAGs
[2025-04-29T19:52:42.470+0000] {logging_mixin.py:190} INFO - [2025-04-29T19:52:42.469+0000] {dag.py:4180} INFO - Setting next_dagrun for etl_pipeline to 2025-04-29 00:00:00+00:00, run_after=2025-04-30 00:00:00+00:00
[2025-04-29T19:52:42.490+0000] {processor.py:208} INFO - Processing /opt/airflow/dags/etl_pipeline.py took 0.119 seconds
[2025-04-29T19:53:12.683+0000] {processor.py:186} INFO - Started process (PID=288) to work on /opt/airflow/dags/etl_pipeline.py
[2025-04-29T19:53:12.684+0000] {processor.py:914} INFO - Processing file /opt/airflow/dags/etl_pipeline.py for tasks to queue
[2025-04-29T19:53:12.687+0000] {logging_mixin.py:190} INFO - [2025-04-29T19:53:12.686+0000] {dagbag.py:588} INFO - Filling up the DagBag from /opt/airflow/dags/etl_pipeline.py
[2025-04-29T19:53:12.710+0000] {processor.py:925} INFO - DAG(s) 'etl_pipeline' retrieved from /opt/airflow/dags/etl_pipeline.py
[2025-04-29T19:53:12.741+0000] {logging_mixin.py:190} INFO - [2025-04-29T19:53:12.740+0000] {dag.py:3239} INFO - Sync 1 DAGs
[2025-04-29T19:53:12.767+0000] {logging_mixin.py:190} INFO - [2025-04-29T19:53:12.767+0000] {dag.py:4180} INFO - Setting next_dagrun for etl_pipeline to 2025-04-29 00:00:00+00:00, run_after=2025-04-30 00:00:00+00:00
[2025-04-29T19:53:12.788+0000] {processor.py:208} INFO - Processing /opt/airflow/dags/etl_pipeline.py took 0.110 seconds
[2025-04-29T19:53:42.967+0000] {processor.py:186} INFO - Started process (PID=293) to work on /opt/airflow/dags/etl_pipeline.py
[2025-04-29T19:53:42.968+0000] {processor.py:914} INFO - Processing file /opt/airflow/dags/etl_pipeline.py for tasks to queue
[2025-04-29T19:53:42.970+0000] {logging_mixin.py:190} INFO - [2025-04-29T19:53:42.970+0000] {dagbag.py:588} INFO - Filling up the DagBag from /opt/airflow/dags/etl_pipeline.py
[2025-04-29T19:53:42.991+0000] {processor.py:925} INFO - DAG(s) 'etl_pipeline' retrieved from /opt/airflow/dags/etl_pipeline.py
[2025-04-29T19:53:43.021+0000] {logging_mixin.py:190} INFO - [2025-04-29T19:53:43.021+0000] {dag.py:3239} INFO - Sync 1 DAGs
[2025-04-29T19:53:43.048+0000] {logging_mixin.py:190} INFO - [2025-04-29T19:53:43.048+0000] {dag.py:4180} INFO - Setting next_dagrun for etl_pipeline to 2025-04-29 00:00:00+00:00, run_after=2025-04-30 00:00:00+00:00
[2025-04-29T19:53:43.070+0000] {processor.py:208} INFO - Processing /opt/airflow/dags/etl_pipeline.py took 0.108 seconds
[2025-04-29T19:54:13.261+0000] {processor.py:186} INFO - Started process (PID=298) to work on /opt/airflow/dags/etl_pipeline.py
[2025-04-29T19:54:13.262+0000] {processor.py:914} INFO - Processing file /opt/airflow/dags/etl_pipeline.py for tasks to queue
[2025-04-29T19:54:13.265+0000] {logging_mixin.py:190} INFO - [2025-04-29T19:54:13.264+0000] {dagbag.py:588} INFO - Filling up the DagBag from /opt/airflow/dags/etl_pipeline.py
[2025-04-29T19:54:13.287+0000] {processor.py:925} INFO - DAG(s) 'etl_pipeline' retrieved from /opt/airflow/dags/etl_pipeline.py
[2025-04-29T19:54:13.315+0000] {logging_mixin.py:190} INFO - [2025-04-29T19:54:13.315+0000] {dag.py:3239} INFO - Sync 1 DAGs
[2025-04-29T19:54:13.342+0000] {logging_mixin.py:190} INFO - [2025-04-29T19:54:13.341+0000] {dag.py:4180} INFO - Setting next_dagrun for etl_pipeline to 2025-04-29 00:00:00+00:00, run_after=2025-04-30 00:00:00+00:00
[2025-04-29T19:54:13.362+0000] {processor.py:208} INFO - Processing /opt/airflow/dags/etl_pipeline.py took 0.106 seconds
[2025-04-29T19:54:43.563+0000] {processor.py:186} INFO - Started process (PID=303) to work on /opt/airflow/dags/etl_pipeline.py
[2025-04-29T19:54:43.565+0000] {processor.py:914} INFO - Processing file /opt/airflow/dags/etl_pipeline.py for tasks to queue
[2025-04-29T19:54:43.567+0000] {logging_mixin.py:190} INFO - [2025-04-29T19:54:43.567+0000] {dagbag.py:588} INFO - Filling up the DagBag from /opt/airflow/dags/etl_pipeline.py
[2025-04-29T19:54:43.591+0000] {processor.py:925} INFO - DAG(s) 'etl_pipeline' retrieved from /opt/airflow/dags/etl_pipeline.py
[2025-04-29T19:54:43.622+0000] {logging_mixin.py:190} INFO - [2025-04-29T19:54:43.621+0000] {dag.py:3239} INFO - Sync 1 DAGs
[2025-04-29T19:54:43.648+0000] {logging_mixin.py:190} INFO - [2025-04-29T19:54:43.647+0000] {dag.py:4180} INFO - Setting next_dagrun for etl_pipeline to 2025-04-29 00:00:00+00:00, run_after=2025-04-30 00:00:00+00:00
[2025-04-29T19:54:43.671+0000] {processor.py:208} INFO - Processing /opt/airflow/dags/etl_pipeline.py took 0.114 seconds
[2025-04-29T19:55:13.853+0000] {processor.py:186} INFO - Started process (PID=308) to work on /opt/airflow/dags/etl_pipeline.py
[2025-04-29T19:55:13.855+0000] {processor.py:914} INFO - Processing file /opt/airflow/dags/etl_pipeline.py for tasks to queue
[2025-04-29T19:55:13.857+0000] {logging_mixin.py:190} INFO - [2025-04-29T19:55:13.857+0000] {dagbag.py:588} INFO - Filling up the DagBag from /opt/airflow/dags/etl_pipeline.py
[2025-04-29T19:55:13.882+0000] {processor.py:925} INFO - DAG(s) 'etl_pipeline' retrieved from /opt/airflow/dags/etl_pipeline.py
[2025-04-29T19:55:13.912+0000] {logging_mixin.py:190} INFO - [2025-04-29T19:55:13.912+0000] {dag.py:3239} INFO - Sync 1 DAGs
[2025-04-29T19:55:13.937+0000] {logging_mixin.py:190} INFO - [2025-04-29T19:55:13.936+0000] {dag.py:4180} INFO - Setting next_dagrun for etl_pipeline to 2025-04-29 00:00:00+00:00, run_after=2025-04-30 00:00:00+00:00
[2025-04-29T19:55:13.957+0000] {processor.py:208} INFO - Processing /opt/airflow/dags/etl_pipeline.py took 0.109 seconds
[2025-04-29T19:55:44.177+0000] {processor.py:186} INFO - Started process (PID=313) to work on /opt/airflow/dags/etl_pipeline.py
[2025-04-29T19:55:44.178+0000] {processor.py:914} INFO - Processing file /opt/airflow/dags/etl_pipeline.py for tasks to queue
[2025-04-29T19:55:44.180+0000] {logging_mixin.py:190} INFO - [2025-04-29T19:55:44.180+0000] {dagbag.py:588} INFO - Filling up the DagBag from /opt/airflow/dags/etl_pipeline.py
[2025-04-29T19:55:44.202+0000] {processor.py:925} INFO - DAG(s) 'etl_pipeline' retrieved from /opt/airflow/dags/etl_pipeline.py
[2025-04-29T19:55:44.230+0000] {logging_mixin.py:190} INFO - [2025-04-29T19:55:44.229+0000] {dag.py:3239} INFO - Sync 1 DAGs
[2025-04-29T19:55:44.255+0000] {logging_mixin.py:190} INFO - [2025-04-29T19:55:44.255+0000] {dag.py:4180} INFO - Setting next_dagrun for etl_pipeline to 2025-04-29 00:00:00+00:00, run_after=2025-04-30 00:00:00+00:00
[2025-04-29T19:55:44.277+0000] {processor.py:208} INFO - Processing /opt/airflow/dags/etl_pipeline.py took 0.105 seconds
[2025-04-29T19:56:14.471+0000] {processor.py:186} INFO - Started process (PID=318) to work on /opt/airflow/dags/etl_pipeline.py
[2025-04-29T19:56:14.473+0000] {processor.py:914} INFO - Processing file /opt/airflow/dags/etl_pipeline.py for tasks to queue
[2025-04-29T19:56:14.476+0000] {logging_mixin.py:190} INFO - [2025-04-29T19:56:14.475+0000] {dagbag.py:588} INFO - Filling up the DagBag from /opt/airflow/dags/etl_pipeline.py
[2025-04-29T19:56:14.513+0000] {processor.py:925} INFO - DAG(s) 'etl_pipeline' retrieved from /opt/airflow/dags/etl_pipeline.py
[2025-04-29T19:56:14.554+0000] {logging_mixin.py:190} INFO - [2025-04-29T19:56:14.554+0000] {dag.py:3239} INFO - Sync 1 DAGs
[2025-04-29T19:56:14.599+0000] {logging_mixin.py:190} INFO - [2025-04-29T19:56:14.598+0000] {dag.py:4180} INFO - Setting next_dagrun for etl_pipeline to 2025-04-29 00:00:00+00:00, run_after=2025-04-30 00:00:00+00:00
[2025-04-29T19:56:14.634+0000] {processor.py:208} INFO - Processing /opt/airflow/dags/etl_pipeline.py took 0.170 seconds
[2025-04-29T19:56:44.810+0000] {processor.py:186} INFO - Started process (PID=323) to work on /opt/airflow/dags/etl_pipeline.py
[2025-04-29T19:56:44.812+0000] {processor.py:914} INFO - Processing file /opt/airflow/dags/etl_pipeline.py for tasks to queue
[2025-04-29T19:56:44.815+0000] {logging_mixin.py:190} INFO - [2025-04-29T19:56:44.815+0000] {dagbag.py:588} INFO - Filling up the DagBag from /opt/airflow/dags/etl_pipeline.py
[2025-04-29T19:56:44.845+0000] {processor.py:925} INFO - DAG(s) 'etl_pipeline' retrieved from /opt/airflow/dags/etl_pipeline.py
[2025-04-29T19:56:44.882+0000] {logging_mixin.py:190} INFO - [2025-04-29T19:56:44.881+0000] {dag.py:3239} INFO - Sync 1 DAGs
[2025-04-29T19:56:44.915+0000] {logging_mixin.py:190} INFO - [2025-04-29T19:56:44.915+0000] {dag.py:4180} INFO - Setting next_dagrun for etl_pipeline to 2025-04-29 00:00:00+00:00, run_after=2025-04-30 00:00:00+00:00
[2025-04-29T19:56:44.943+0000] {processor.py:208} INFO - Processing /opt/airflow/dags/etl_pipeline.py took 0.140 seconds
[2025-04-29T19:57:15.142+0000] {processor.py:186} INFO - Started process (PID=328) to work on /opt/airflow/dags/etl_pipeline.py
[2025-04-29T19:57:15.144+0000] {processor.py:914} INFO - Processing file /opt/airflow/dags/etl_pipeline.py for tasks to queue
[2025-04-29T19:57:15.147+0000] {logging_mixin.py:190} INFO - [2025-04-29T19:57:15.147+0000] {dagbag.py:588} INFO - Filling up the DagBag from /opt/airflow/dags/etl_pipeline.py
[2025-04-29T19:57:15.178+0000] {processor.py:925} INFO - DAG(s) 'etl_pipeline' retrieved from /opt/airflow/dags/etl_pipeline.py
[2025-04-29T19:57:15.215+0000] {logging_mixin.py:190} INFO - [2025-04-29T19:57:15.215+0000] {dag.py:3239} INFO - Sync 1 DAGs
[2025-04-29T19:57:15.244+0000] {logging_mixin.py:190} INFO - [2025-04-29T19:57:15.244+0000] {dag.py:4180} INFO - Setting next_dagrun for etl_pipeline to 2025-04-29 00:00:00+00:00, run_after=2025-04-30 00:00:00+00:00
[2025-04-29T19:57:15.271+0000] {processor.py:208} INFO - Processing /opt/airflow/dags/etl_pipeline.py took 0.136 seconds
[2025-04-29T19:57:45.442+0000] {processor.py:186} INFO - Started process (PID=333) to work on /opt/airflow/dags/etl_pipeline.py
[2025-04-29T19:57:45.444+0000] {processor.py:914} INFO - Processing file /opt/airflow/dags/etl_pipeline.py for tasks to queue
[2025-04-29T19:57:45.446+0000] {logging_mixin.py:190} INFO - [2025-04-29T19:57:45.446+0000] {dagbag.py:588} INFO - Filling up the DagBag from /opt/airflow/dags/etl_pipeline.py
[2025-04-29T19:57:45.471+0000] {processor.py:925} INFO - DAG(s) 'etl_pipeline' retrieved from /opt/airflow/dags/etl_pipeline.py
[2025-04-29T19:57:45.501+0000] {logging_mixin.py:190} INFO - [2025-04-29T19:57:45.500+0000] {dag.py:3239} INFO - Sync 1 DAGs
[2025-04-29T19:57:45.528+0000] {logging_mixin.py:190} INFO - [2025-04-29T19:57:45.527+0000] {dag.py:4180} INFO - Setting next_dagrun for etl_pipeline to 2025-04-29 00:00:00+00:00, run_after=2025-04-30 00:00:00+00:00
[2025-04-29T19:57:45.549+0000] {processor.py:208} INFO - Processing /opt/airflow/dags/etl_pipeline.py took 0.114 seconds
[2025-04-29T19:58:15.746+0000] {processor.py:186} INFO - Started process (PID=338) to work on /opt/airflow/dags/etl_pipeline.py
[2025-04-29T19:58:15.747+0000] {processor.py:914} INFO - Processing file /opt/airflow/dags/etl_pipeline.py for tasks to queue
[2025-04-29T19:58:15.749+0000] {logging_mixin.py:190} INFO - [2025-04-29T19:58:15.749+0000] {dagbag.py:588} INFO - Filling up the DagBag from /opt/airflow/dags/etl_pipeline.py
[2025-04-29T19:58:15.777+0000] {processor.py:925} INFO - DAG(s) 'etl_pipeline' retrieved from /opt/airflow/dags/etl_pipeline.py
[2025-04-29T19:58:15.808+0000] {logging_mixin.py:190} INFO - [2025-04-29T19:58:15.808+0000] {dag.py:3239} INFO - Sync 1 DAGs
[2025-04-29T19:58:15.835+0000] {logging_mixin.py:190} INFO - [2025-04-29T19:58:15.835+0000] {dag.py:4180} INFO - Setting next_dagrun for etl_pipeline to 2025-04-29 00:00:00+00:00, run_after=2025-04-30 00:00:00+00:00
[2025-04-29T19:58:15.859+0000] {processor.py:208} INFO - Processing /opt/airflow/dags/etl_pipeline.py took 0.118 seconds
[2025-04-29T19:58:46.046+0000] {processor.py:186} INFO - Started process (PID=343) to work on /opt/airflow/dags/etl_pipeline.py
[2025-04-29T19:58:46.047+0000] {processor.py:914} INFO - Processing file /opt/airflow/dags/etl_pipeline.py for tasks to queue
[2025-04-29T19:58:46.049+0000] {logging_mixin.py:190} INFO - [2025-04-29T19:58:46.049+0000] {dagbag.py:588} INFO - Filling up the DagBag from /opt/airflow/dags/etl_pipeline.py
[2025-04-29T19:58:46.070+0000] {processor.py:925} INFO - DAG(s) 'etl_pipeline' retrieved from /opt/airflow/dags/etl_pipeline.py
[2025-04-29T19:58:46.099+0000] {logging_mixin.py:190} INFO - [2025-04-29T19:58:46.098+0000] {dag.py:3239} INFO - Sync 1 DAGs
[2025-04-29T19:58:46.127+0000] {logging_mixin.py:190} INFO - [2025-04-29T19:58:46.127+0000] {dag.py:4180} INFO - Setting next_dagrun for etl_pipeline to 2025-04-29 00:00:00+00:00, run_after=2025-04-30 00:00:00+00:00
[2025-04-29T19:58:46.147+0000] {processor.py:208} INFO - Processing /opt/airflow/dags/etl_pipeline.py took 0.107 seconds
[2025-04-29T19:59:16.371+0000] {processor.py:186} INFO - Started process (PID=348) to work on /opt/airflow/dags/etl_pipeline.py
[2025-04-29T19:59:16.372+0000] {processor.py:914} INFO - Processing file /opt/airflow/dags/etl_pipeline.py for tasks to queue
[2025-04-29T19:59:16.374+0000] {logging_mixin.py:190} INFO - [2025-04-29T19:59:16.374+0000] {dagbag.py:588} INFO - Filling up the DagBag from /opt/airflow/dags/etl_pipeline.py
[2025-04-29T19:59:16.396+0000] {processor.py:925} INFO - DAG(s) 'etl_pipeline' retrieved from /opt/airflow/dags/etl_pipeline.py
[2025-04-29T19:59:16.424+0000] {logging_mixin.py:190} INFO - [2025-04-29T19:59:16.424+0000] {dag.py:3239} INFO - Sync 1 DAGs
[2025-04-29T19:59:16.449+0000] {logging_mixin.py:190} INFO - [2025-04-29T19:59:16.449+0000] {dag.py:4180} INFO - Setting next_dagrun for etl_pipeline to 2025-04-29 00:00:00+00:00, run_after=2025-04-30 00:00:00+00:00
[2025-04-29T19:59:16.469+0000] {processor.py:208} INFO - Processing /opt/airflow/dags/etl_pipeline.py took 0.104 seconds
[2025-04-29T19:59:46.650+0000] {processor.py:186} INFO - Started process (PID=353) to work on /opt/airflow/dags/etl_pipeline.py
[2025-04-29T19:59:46.651+0000] {processor.py:914} INFO - Processing file /opt/airflow/dags/etl_pipeline.py for tasks to queue
[2025-04-29T19:59:46.653+0000] {logging_mixin.py:190} INFO - [2025-04-29T19:59:46.653+0000] {dagbag.py:588} INFO - Filling up the DagBag from /opt/airflow/dags/etl_pipeline.py
[2025-04-29T19:59:46.676+0000] {processor.py:925} INFO - DAG(s) 'etl_pipeline' retrieved from /opt/airflow/dags/etl_pipeline.py
[2025-04-29T19:59:46.702+0000] {logging_mixin.py:190} INFO - [2025-04-29T19:59:46.702+0000] {dag.py:3239} INFO - Sync 1 DAGs
[2025-04-29T19:59:46.730+0000] {logging_mixin.py:190} INFO - [2025-04-29T19:59:46.730+0000] {dag.py:4180} INFO - Setting next_dagrun for etl_pipeline to 2025-04-29 00:00:00+00:00, run_after=2025-04-30 00:00:00+00:00
[2025-04-29T19:59:46.753+0000] {processor.py:208} INFO - Processing /opt/airflow/dags/etl_pipeline.py took 0.108 seconds
[2025-04-29T20:00:16.976+0000] {processor.py:186} INFO - Started process (PID=358) to work on /opt/airflow/dags/etl_pipeline.py
[2025-04-29T20:00:16.977+0000] {processor.py:914} INFO - Processing file /opt/airflow/dags/etl_pipeline.py for tasks to queue
[2025-04-29T20:00:16.980+0000] {logging_mixin.py:190} INFO - [2025-04-29T20:00:16.979+0000] {dagbag.py:588} INFO - Filling up the DagBag from /opt/airflow/dags/etl_pipeline.py
[2025-04-29T20:00:17.002+0000] {processor.py:925} INFO - DAG(s) 'etl_pipeline' retrieved from /opt/airflow/dags/etl_pipeline.py
[2025-04-29T20:00:17.032+0000] {logging_mixin.py:190} INFO - [2025-04-29T20:00:17.032+0000] {dag.py:3239} INFO - Sync 1 DAGs
[2025-04-29T20:00:17.058+0000] {logging_mixin.py:190} INFO - [2025-04-29T20:00:17.058+0000] {dag.py:4180} INFO - Setting next_dagrun for etl_pipeline to 2025-04-29 00:00:00+00:00, run_after=2025-04-30 00:00:00+00:00
[2025-04-29T20:00:17.079+0000] {processor.py:208} INFO - Processing /opt/airflow/dags/etl_pipeline.py took 0.108 seconds
[2025-04-29T20:00:47.254+0000] {processor.py:186} INFO - Started process (PID=363) to work on /opt/airflow/dags/etl_pipeline.py
[2025-04-29T20:00:47.256+0000] {processor.py:914} INFO - Processing file /opt/airflow/dags/etl_pipeline.py for tasks to queue
[2025-04-29T20:00:47.259+0000] {logging_mixin.py:190} INFO - [2025-04-29T20:00:47.258+0000] {dagbag.py:588} INFO - Filling up the DagBag from /opt/airflow/dags/etl_pipeline.py
[2025-04-29T20:00:47.285+0000] {processor.py:925} INFO - DAG(s) 'etl_pipeline' retrieved from /opt/airflow/dags/etl_pipeline.py
[2025-04-29T20:00:47.315+0000] {logging_mixin.py:190} INFO - [2025-04-29T20:00:47.314+0000] {dag.py:3239} INFO - Sync 1 DAGs
[2025-04-29T20:00:47.341+0000] {logging_mixin.py:190} INFO - [2025-04-29T20:00:47.341+0000] {dag.py:4180} INFO - Setting next_dagrun for etl_pipeline to 2025-04-29 00:00:00+00:00, run_after=2025-04-30 00:00:00+00:00
[2025-04-29T20:00:47.364+0000] {processor.py:208} INFO - Processing /opt/airflow/dags/etl_pipeline.py took 0.115 seconds
[2025-04-29T20:01:17.561+0000] {processor.py:186} INFO - Started process (PID=368) to work on /opt/airflow/dags/etl_pipeline.py
[2025-04-29T20:01:17.562+0000] {processor.py:914} INFO - Processing file /opt/airflow/dags/etl_pipeline.py for tasks to queue
[2025-04-29T20:01:17.564+0000] {logging_mixin.py:190} INFO - [2025-04-29T20:01:17.564+0000] {dagbag.py:588} INFO - Filling up the DagBag from /opt/airflow/dags/etl_pipeline.py
[2025-04-29T20:01:17.587+0000] {processor.py:925} INFO - DAG(s) 'etl_pipeline' retrieved from /opt/airflow/dags/etl_pipeline.py
[2025-04-29T20:01:17.623+0000] {logging_mixin.py:190} INFO - [2025-04-29T20:01:17.622+0000] {dag.py:3239} INFO - Sync 1 DAGs
[2025-04-29T20:01:17.651+0000] {logging_mixin.py:190} INFO - [2025-04-29T20:01:17.650+0000] {dag.py:4180} INFO - Setting next_dagrun for etl_pipeline to 2025-04-29 00:00:00+00:00, run_after=2025-04-30 00:00:00+00:00
[2025-04-29T20:01:17.673+0000] {processor.py:208} INFO - Processing /opt/airflow/dags/etl_pipeline.py took 0.118 seconds
[2025-04-29T20:01:47.934+0000] {processor.py:186} INFO - Started process (PID=373) to work on /opt/airflow/dags/etl_pipeline.py
[2025-04-29T20:01:47.935+0000] {processor.py:914} INFO - Processing file /opt/airflow/dags/etl_pipeline.py for tasks to queue
[2025-04-29T20:01:47.938+0000] {logging_mixin.py:190} INFO - [2025-04-29T20:01:47.938+0000] {dagbag.py:588} INFO - Filling up the DagBag from /opt/airflow/dags/etl_pipeline.py
[2025-04-29T20:01:47.985+0000] {processor.py:925} INFO - DAG(s) 'etl_pipeline' retrieved from /opt/airflow/dags/etl_pipeline.py
[2025-04-29T20:01:48.045+0000] {logging_mixin.py:190} INFO - [2025-04-29T20:01:48.044+0000] {dag.py:3239} INFO - Sync 1 DAGs
[2025-04-29T20:01:48.089+0000] {logging_mixin.py:190} INFO - [2025-04-29T20:01:48.089+0000] {dag.py:4180} INFO - Setting next_dagrun for etl_pipeline to 2025-04-29 00:00:00+00:00, run_after=2025-04-30 00:00:00+00:00
[2025-04-29T20:01:48.120+0000] {processor.py:208} INFO - Processing /opt/airflow/dags/etl_pipeline.py took 0.194 seconds
[2025-04-29T20:02:18.279+0000] {processor.py:186} INFO - Started process (PID=378) to work on /opt/airflow/dags/etl_pipeline.py
[2025-04-29T20:02:18.281+0000] {processor.py:914} INFO - Processing file /opt/airflow/dags/etl_pipeline.py for tasks to queue
[2025-04-29T20:02:18.284+0000] {logging_mixin.py:190} INFO - [2025-04-29T20:02:18.284+0000] {dagbag.py:588} INFO - Filling up the DagBag from /opt/airflow/dags/etl_pipeline.py
[2025-04-29T20:02:18.329+0000] {processor.py:925} INFO - DAG(s) 'etl_pipeline' retrieved from /opt/airflow/dags/etl_pipeline.py
[2025-04-29T20:02:18.384+0000] {logging_mixin.py:190} INFO - [2025-04-29T20:02:18.384+0000] {dag.py:3239} INFO - Sync 1 DAGs
[2025-04-29T20:02:18.438+0000] {logging_mixin.py:190} INFO - [2025-04-29T20:02:18.437+0000] {dag.py:4180} INFO - Setting next_dagrun for etl_pipeline to 2025-04-29 00:00:00+00:00, run_after=2025-04-30 00:00:00+00:00
[2025-04-29T20:02:18.486+0000] {processor.py:208} INFO - Processing /opt/airflow/dags/etl_pipeline.py took 0.226 seconds
[2025-04-29T20:02:48.714+0000] {processor.py:186} INFO - Started process (PID=383) to work on /opt/airflow/dags/etl_pipeline.py
[2025-04-29T20:02:48.716+0000] {processor.py:914} INFO - Processing file /opt/airflow/dags/etl_pipeline.py for tasks to queue
[2025-04-29T20:02:48.719+0000] {logging_mixin.py:190} INFO - [2025-04-29T20:02:48.718+0000] {dagbag.py:588} INFO - Filling up the DagBag from /opt/airflow/dags/etl_pipeline.py
[2025-04-29T20:02:48.749+0000] {processor.py:925} INFO - DAG(s) 'etl_pipeline' retrieved from /opt/airflow/dags/etl_pipeline.py
[2025-04-29T20:02:48.791+0000] {logging_mixin.py:190} INFO - [2025-04-29T20:02:48.791+0000] {dag.py:3239} INFO - Sync 1 DAGs
[2025-04-29T20:02:48.822+0000] {logging_mixin.py:190} INFO - [2025-04-29T20:02:48.822+0000] {dag.py:4180} INFO - Setting next_dagrun for etl_pipeline to 2025-04-29 00:00:00+00:00, run_after=2025-04-30 00:00:00+00:00
[2025-04-29T20:02:48.849+0000] {processor.py:208} INFO - Processing /opt/airflow/dags/etl_pipeline.py took 0.143 seconds
[2025-04-29T20:03:19.005+0000] {processor.py:186} INFO - Started process (PID=388) to work on /opt/airflow/dags/etl_pipeline.py
[2025-04-29T20:03:19.006+0000] {processor.py:914} INFO - Processing file /opt/airflow/dags/etl_pipeline.py for tasks to queue
[2025-04-29T20:03:19.009+0000] {logging_mixin.py:190} INFO - [2025-04-29T20:03:19.008+0000] {dagbag.py:588} INFO - Filling up the DagBag from /opt/airflow/dags/etl_pipeline.py
[2025-04-29T20:03:19.036+0000] {processor.py:925} INFO - DAG(s) 'etl_pipeline' retrieved from /opt/airflow/dags/etl_pipeline.py
[2025-04-29T20:03:19.074+0000] {logging_mixin.py:190} INFO - [2025-04-29T20:03:19.074+0000] {dag.py:3239} INFO - Sync 1 DAGs
[2025-04-29T20:03:19.107+0000] {logging_mixin.py:190} INFO - [2025-04-29T20:03:19.106+0000] {dag.py:4180} INFO - Setting next_dagrun for etl_pipeline to 2025-04-29 00:00:00+00:00, run_after=2025-04-30 00:00:00+00:00
[2025-04-29T20:03:19.130+0000] {processor.py:208} INFO - Processing /opt/airflow/dags/etl_pipeline.py took 0.133 seconds
[2025-04-29T20:03:49.349+0000] {processor.py:186} INFO - Started process (PID=393) to work on /opt/airflow/dags/etl_pipeline.py
[2025-04-29T20:03:49.351+0000] {processor.py:914} INFO - Processing file /opt/airflow/dags/etl_pipeline.py for tasks to queue
[2025-04-29T20:03:49.355+0000] {logging_mixin.py:190} INFO - [2025-04-29T20:03:49.354+0000] {dagbag.py:588} INFO - Filling up the DagBag from /opt/airflow/dags/etl_pipeline.py
[2025-04-29T20:03:49.388+0000] {processor.py:925} INFO - DAG(s) 'etl_pipeline' retrieved from /opt/airflow/dags/etl_pipeline.py
[2025-04-29T20:03:49.428+0000] {logging_mixin.py:190} INFO - [2025-04-29T20:03:49.428+0000] {dag.py:3239} INFO - Sync 1 DAGs
[2025-04-29T20:03:49.468+0000] {logging_mixin.py:190} INFO - [2025-04-29T20:03:49.468+0000] {dag.py:4180} INFO - Setting next_dagrun for etl_pipeline to 2025-04-29 00:00:00+00:00, run_after=2025-04-30 00:00:00+00:00
[2025-04-29T20:03:49.501+0000] {processor.py:208} INFO - Processing /opt/airflow/dags/etl_pipeline.py took 0.158 seconds
[2025-04-29T20:04:19.666+0000] {processor.py:186} INFO - Started process (PID=398) to work on /opt/airflow/dags/etl_pipeline.py
[2025-04-29T20:04:19.668+0000] {processor.py:914} INFO - Processing file /opt/airflow/dags/etl_pipeline.py for tasks to queue
[2025-04-29T20:04:19.674+0000] {logging_mixin.py:190} INFO - [2025-04-29T20:04:19.673+0000] {dagbag.py:588} INFO - Filling up the DagBag from /opt/airflow/dags/etl_pipeline.py
[2025-04-29T20:04:19.703+0000] {processor.py:925} INFO - DAG(s) 'etl_pipeline' retrieved from /opt/airflow/dags/etl_pipeline.py
[2025-04-29T20:04:19.736+0000] {logging_mixin.py:190} INFO - [2025-04-29T20:04:19.735+0000] {dag.py:3239} INFO - Sync 1 DAGs
[2025-04-29T20:04:19.775+0000] {logging_mixin.py:190} INFO - [2025-04-29T20:04:19.775+0000] {dag.py:4180} INFO - Setting next_dagrun for etl_pipeline to 2025-04-29 00:00:00+00:00, run_after=2025-04-30 00:00:00+00:00
[2025-04-29T20:04:19.801+0000] {processor.py:208} INFO - Processing /opt/airflow/dags/etl_pipeline.py took 0.152 seconds
[2025-04-29T20:04:50.001+0000] {processor.py:186} INFO - Started process (PID=403) to work on /opt/airflow/dags/etl_pipeline.py
[2025-04-29T20:04:50.004+0000] {processor.py:914} INFO - Processing file /opt/airflow/dags/etl_pipeline.py for tasks to queue
[2025-04-29T20:04:50.013+0000] {logging_mixin.py:190} INFO - [2025-04-29T20:04:50.012+0000] {dagbag.py:588} INFO - Filling up the DagBag from /opt/airflow/dags/etl_pipeline.py
[2025-04-29T20:04:50.047+0000] {processor.py:925} INFO - DAG(s) 'etl_pipeline' retrieved from /opt/airflow/dags/etl_pipeline.py
[2025-04-29T20:04:50.088+0000] {logging_mixin.py:190} INFO - [2025-04-29T20:04:50.087+0000] {dag.py:3239} INFO - Sync 1 DAGs
[2025-04-29T20:04:50.130+0000] {logging_mixin.py:190} INFO - [2025-04-29T20:04:50.130+0000] {dag.py:4180} INFO - Setting next_dagrun for etl_pipeline to 2025-04-29 00:00:00+00:00, run_after=2025-04-30 00:00:00+00:00
[2025-04-29T20:04:50.156+0000] {processor.py:208} INFO - Processing /opt/airflow/dags/etl_pipeline.py took 0.174 seconds
[2025-04-29T20:05:20.319+0000] {processor.py:186} INFO - Started process (PID=408) to work on /opt/airflow/dags/etl_pipeline.py
[2025-04-29T20:05:20.321+0000] {processor.py:914} INFO - Processing file /opt/airflow/dags/etl_pipeline.py for tasks to queue
[2025-04-29T20:05:20.327+0000] {logging_mixin.py:190} INFO - [2025-04-29T20:05:20.326+0000] {dagbag.py:588} INFO - Filling up the DagBag from /opt/airflow/dags/etl_pipeline.py
[2025-04-29T20:05:20.367+0000] {processor.py:925} INFO - DAG(s) 'etl_pipeline' retrieved from /opt/airflow/dags/etl_pipeline.py
[2025-04-29T20:05:20.440+0000] {logging_mixin.py:190} INFO - [2025-04-29T20:05:20.439+0000] {dag.py:3239} INFO - Sync 1 DAGs
[2025-04-29T20:05:20.494+0000] {logging_mixin.py:190} INFO - [2025-04-29T20:05:20.493+0000] {dag.py:4180} INFO - Setting next_dagrun for etl_pipeline to 2025-04-29 00:00:00+00:00, run_after=2025-04-30 00:00:00+00:00
[2025-04-29T20:05:20.527+0000] {processor.py:208} INFO - Processing /opt/airflow/dags/etl_pipeline.py took 0.219 seconds
[2025-04-29T20:05:50.655+0000] {processor.py:186} INFO - Started process (PID=413) to work on /opt/airflow/dags/etl_pipeline.py
[2025-04-29T20:05:50.657+0000] {processor.py:914} INFO - Processing file /opt/airflow/dags/etl_pipeline.py for tasks to queue
[2025-04-29T20:05:50.659+0000] {logging_mixin.py:190} INFO - [2025-04-29T20:05:50.659+0000] {dagbag.py:588} INFO - Filling up the DagBag from /opt/airflow/dags/etl_pipeline.py
[2025-04-29T20:05:50.688+0000] {processor.py:925} INFO - DAG(s) 'etl_pipeline' retrieved from /opt/airflow/dags/etl_pipeline.py
[2025-04-29T20:05:50.732+0000] {logging_mixin.py:190} INFO - [2025-04-29T20:05:50.732+0000] {dag.py:3239} INFO - Sync 1 DAGs
[2025-04-29T20:05:50.768+0000] {logging_mixin.py:190} INFO - [2025-04-29T20:05:50.767+0000] {dag.py:4180} INFO - Setting next_dagrun for etl_pipeline to 2025-04-29 00:00:00+00:00, run_after=2025-04-30 00:00:00+00:00
[2025-04-29T20:05:50.792+0000] {processor.py:208} INFO - Processing /opt/airflow/dags/etl_pipeline.py took 0.143 seconds
[2025-04-29T20:06:21.010+0000] {processor.py:186} INFO - Started process (PID=418) to work on /opt/airflow/dags/etl_pipeline.py
[2025-04-29T20:06:21.011+0000] {processor.py:914} INFO - Processing file /opt/airflow/dags/etl_pipeline.py for tasks to queue
[2025-04-29T20:06:21.013+0000] {logging_mixin.py:190} INFO - [2025-04-29T20:06:21.013+0000] {dagbag.py:588} INFO - Filling up the DagBag from /opt/airflow/dags/etl_pipeline.py
[2025-04-29T20:06:21.036+0000] {processor.py:925} INFO - DAG(s) 'etl_pipeline' retrieved from /opt/airflow/dags/etl_pipeline.py
[2025-04-29T20:06:21.079+0000] {logging_mixin.py:190} INFO - [2025-04-29T20:06:21.079+0000] {dag.py:3239} INFO - Sync 1 DAGs
[2025-04-29T20:06:21.109+0000] {logging_mixin.py:190} INFO - [2025-04-29T20:06:21.109+0000] {dag.py:4180} INFO - Setting next_dagrun for etl_pipeline to 2025-04-29 00:00:00+00:00, run_after=2025-04-30 00:00:00+00:00
[2025-04-29T20:06:21.136+0000] {processor.py:208} INFO - Processing /opt/airflow/dags/etl_pipeline.py took 0.132 seconds
[2025-04-29T20:06:51.265+0000] {processor.py:186} INFO - Started process (PID=423) to work on /opt/airflow/dags/etl_pipeline.py
[2025-04-29T20:06:51.266+0000] {processor.py:914} INFO - Processing file /opt/airflow/dags/etl_pipeline.py for tasks to queue
[2025-04-29T20:06:51.268+0000] {logging_mixin.py:190} INFO - [2025-04-29T20:06:51.268+0000] {dagbag.py:588} INFO - Filling up the DagBag from /opt/airflow/dags/etl_pipeline.py
[2025-04-29T20:06:51.293+0000] {processor.py:925} INFO - DAG(s) 'etl_pipeline' retrieved from /opt/airflow/dags/etl_pipeline.py
[2025-04-29T20:06:51.331+0000] {logging_mixin.py:190} INFO - [2025-04-29T20:06:51.331+0000] {dag.py:3239} INFO - Sync 1 DAGs
[2025-04-29T20:06:51.366+0000] {logging_mixin.py:190} INFO - [2025-04-29T20:06:51.366+0000] {dag.py:4180} INFO - Setting next_dagrun for etl_pipeline to 2025-04-29 00:00:00+00:00, run_after=2025-04-30 00:00:00+00:00
[2025-04-29T20:06:51.394+0000] {processor.py:208} INFO - Processing /opt/airflow/dags/etl_pipeline.py took 0.135 seconds
[2025-04-29T20:07:21.607+0000] {processor.py:186} INFO - Started process (PID=428) to work on /opt/airflow/dags/etl_pipeline.py
[2025-04-29T20:07:21.608+0000] {processor.py:914} INFO - Processing file /opt/airflow/dags/etl_pipeline.py for tasks to queue
[2025-04-29T20:07:21.610+0000] {logging_mixin.py:190} INFO - [2025-04-29T20:07:21.610+0000] {dagbag.py:588} INFO - Filling up the DagBag from /opt/airflow/dags/etl_pipeline.py
[2025-04-29T20:07:21.633+0000] {processor.py:925} INFO - DAG(s) 'etl_pipeline' retrieved from /opt/airflow/dags/etl_pipeline.py
[2025-04-29T20:07:21.667+0000] {logging_mixin.py:190} INFO - [2025-04-29T20:07:21.667+0000] {dag.py:3239} INFO - Sync 1 DAGs
[2025-04-29T20:07:21.693+0000] {logging_mixin.py:190} INFO - [2025-04-29T20:07:21.692+0000] {dag.py:4180} INFO - Setting next_dagrun for etl_pipeline to 2025-04-29 00:00:00+00:00, run_after=2025-04-30 00:00:00+00:00
[2025-04-29T20:07:21.716+0000] {processor.py:208} INFO - Processing /opt/airflow/dags/etl_pipeline.py took 0.115 seconds
[2025-04-29T20:07:51.901+0000] {processor.py:186} INFO - Started process (PID=433) to work on /opt/airflow/dags/etl_pipeline.py
[2025-04-29T20:07:51.902+0000] {processor.py:914} INFO - Processing file /opt/airflow/dags/etl_pipeline.py for tasks to queue
[2025-04-29T20:07:51.904+0000] {logging_mixin.py:190} INFO - [2025-04-29T20:07:51.904+0000] {dagbag.py:588} INFO - Filling up the DagBag from /opt/airflow/dags/etl_pipeline.py
[2025-04-29T20:07:51.929+0000] {processor.py:925} INFO - DAG(s) 'etl_pipeline' retrieved from /opt/airflow/dags/etl_pipeline.py
[2025-04-29T20:07:51.960+0000] {logging_mixin.py:190} INFO - [2025-04-29T20:07:51.959+0000] {dag.py:3239} INFO - Sync 1 DAGs
[2025-04-29T20:07:51.989+0000] {logging_mixin.py:190} INFO - [2025-04-29T20:07:51.989+0000] {dag.py:4180} INFO - Setting next_dagrun for etl_pipeline to 2025-04-29 00:00:00+00:00, run_after=2025-04-30 00:00:00+00:00
[2025-04-29T20:07:52.016+0000] {processor.py:208} INFO - Processing /opt/airflow/dags/etl_pipeline.py took 0.121 seconds
[2025-04-29T20:08:22.214+0000] {processor.py:186} INFO - Started process (PID=438) to work on /opt/airflow/dags/etl_pipeline.py
[2025-04-29T20:08:22.216+0000] {processor.py:914} INFO - Processing file /opt/airflow/dags/etl_pipeline.py for tasks to queue
[2025-04-29T20:08:22.221+0000] {logging_mixin.py:190} INFO - [2025-04-29T20:08:22.220+0000] {dagbag.py:588} INFO - Filling up the DagBag from /opt/airflow/dags/etl_pipeline.py
[2025-04-29T20:08:22.255+0000] {processor.py:925} INFO - DAG(s) 'etl_pipeline' retrieved from /opt/airflow/dags/etl_pipeline.py
[2025-04-29T20:08:22.294+0000] {logging_mixin.py:190} INFO - [2025-04-29T20:08:22.294+0000] {dag.py:3239} INFO - Sync 1 DAGs
[2025-04-29T20:08:22.330+0000] {logging_mixin.py:190} INFO - [2025-04-29T20:08:22.329+0000] {dag.py:4180} INFO - Setting next_dagrun for etl_pipeline to 2025-04-29 00:00:00+00:00, run_after=2025-04-30 00:00:00+00:00
[2025-04-29T20:08:22.359+0000] {processor.py:208} INFO - Processing /opt/airflow/dags/etl_pipeline.py took 0.155 seconds
[2025-04-29T20:08:52.510+0000] {processor.py:186} INFO - Started process (PID=443) to work on /opt/airflow/dags/etl_pipeline.py
[2025-04-29T20:08:52.512+0000] {processor.py:914} INFO - Processing file /opt/airflow/dags/etl_pipeline.py for tasks to queue
[2025-04-29T20:08:52.516+0000] {logging_mixin.py:190} INFO - [2025-04-29T20:08:52.516+0000] {dagbag.py:588} INFO - Filling up the DagBag from /opt/airflow/dags/etl_pipeline.py
[2025-04-29T20:08:52.544+0000] {processor.py:925} INFO - DAG(s) 'etl_pipeline' retrieved from /opt/airflow/dags/etl_pipeline.py
[2025-04-29T20:08:52.578+0000] {logging_mixin.py:190} INFO - [2025-04-29T20:08:52.578+0000] {dag.py:3239} INFO - Sync 1 DAGs
[2025-04-29T20:08:52.603+0000] {logging_mixin.py:190} INFO - [2025-04-29T20:08:52.603+0000] {dag.py:4180} INFO - Setting next_dagrun for etl_pipeline to 2025-04-29 00:00:00+00:00, run_after=2025-04-30 00:00:00+00:00
[2025-04-29T20:08:52.630+0000] {processor.py:208} INFO - Processing /opt/airflow/dags/etl_pipeline.py took 0.135 seconds
[2025-04-29T20:09:22.865+0000] {processor.py:186} INFO - Started process (PID=448) to work on /opt/airflow/dags/etl_pipeline.py
[2025-04-29T20:09:22.866+0000] {processor.py:914} INFO - Processing file /opt/airflow/dags/etl_pipeline.py for tasks to queue
[2025-04-29T20:09:22.869+0000] {logging_mixin.py:190} INFO - [2025-04-29T20:09:22.868+0000] {dagbag.py:588} INFO - Filling up the DagBag from /opt/airflow/dags/etl_pipeline.py
[2025-04-29T20:09:22.893+0000] {processor.py:925} INFO - DAG(s) 'etl_pipeline' retrieved from /opt/airflow/dags/etl_pipeline.py
[2025-04-29T20:09:23.041+0000] {logging_mixin.py:190} INFO - [2025-04-29T20:09:23.041+0000] {dag.py:3239} INFO - Sync 1 DAGs
[2025-04-29T20:09:23.067+0000] {logging_mixin.py:190} INFO - [2025-04-29T20:09:23.066+0000] {dag.py:4180} INFO - Setting next_dagrun for etl_pipeline to 2025-04-29 00:00:00+00:00, run_after=2025-04-30 00:00:00+00:00
[2025-04-29T20:09:23.089+0000] {processor.py:208} INFO - Processing /opt/airflow/dags/etl_pipeline.py took 0.229 seconds
[2025-04-29T20:09:53.345+0000] {processor.py:186} INFO - Started process (PID=453) to work on /opt/airflow/dags/etl_pipeline.py
[2025-04-29T20:09:53.346+0000] {processor.py:914} INFO - Processing file /opt/airflow/dags/etl_pipeline.py for tasks to queue
[2025-04-29T20:09:53.348+0000] {logging_mixin.py:190} INFO - [2025-04-29T20:09:53.348+0000] {dagbag.py:588} INFO - Filling up the DagBag from /opt/airflow/dags/etl_pipeline.py
[2025-04-29T20:09:53.373+0000] {processor.py:925} INFO - DAG(s) 'etl_pipeline' retrieved from /opt/airflow/dags/etl_pipeline.py
[2025-04-29T20:09:53.404+0000] {logging_mixin.py:190} INFO - [2025-04-29T20:09:53.403+0000] {dag.py:3239} INFO - Sync 1 DAGs
[2025-04-29T20:09:53.432+0000] {logging_mixin.py:190} INFO - [2025-04-29T20:09:53.431+0000] {dag.py:4180} INFO - Setting next_dagrun for etl_pipeline to 2025-04-29 00:00:00+00:00, run_after=2025-04-30 00:00:00+00:00
[2025-04-29T20:09:53.459+0000] {processor.py:208} INFO - Processing /opt/airflow/dags/etl_pipeline.py took 0.119 seconds
[2025-04-29T20:10:23.590+0000] {processor.py:186} INFO - Started process (PID=458) to work on /opt/airflow/dags/etl_pipeline.py
[2025-04-29T20:10:23.592+0000] {processor.py:914} INFO - Processing file /opt/airflow/dags/etl_pipeline.py for tasks to queue
[2025-04-29T20:10:23.594+0000] {logging_mixin.py:190} INFO - [2025-04-29T20:10:23.593+0000] {dagbag.py:588} INFO - Filling up the DagBag from /opt/airflow/dags/etl_pipeline.py
[2025-04-29T20:10:23.616+0000] {processor.py:925} INFO - DAG(s) 'etl_pipeline' retrieved from /opt/airflow/dags/etl_pipeline.py
[2025-04-29T20:10:23.647+0000] {logging_mixin.py:190} INFO - [2025-04-29T20:10:23.647+0000] {dag.py:3239} INFO - Sync 1 DAGs
[2025-04-29T20:10:23.673+0000] {logging_mixin.py:190} INFO - [2025-04-29T20:10:23.672+0000] {dag.py:4180} INFO - Setting next_dagrun for etl_pipeline to 2025-04-29 00:00:00+00:00, run_after=2025-04-30 00:00:00+00:00
[2025-04-29T20:10:23.696+0000] {processor.py:208} INFO - Processing /opt/airflow/dags/etl_pipeline.py took 0.111 seconds
[2025-04-29T20:10:53.971+0000] {processor.py:186} INFO - Started process (PID=463) to work on /opt/airflow/dags/etl_pipeline.py
[2025-04-29T20:10:53.972+0000] {processor.py:914} INFO - Processing file /opt/airflow/dags/etl_pipeline.py for tasks to queue
[2025-04-29T20:10:53.975+0000] {logging_mixin.py:190} INFO - [2025-04-29T20:10:53.974+0000] {dagbag.py:588} INFO - Filling up the DagBag from /opt/airflow/dags/etl_pipeline.py
[2025-04-29T20:10:54.003+0000] {processor.py:925} INFO - DAG(s) 'etl_pipeline' retrieved from /opt/airflow/dags/etl_pipeline.py
[2025-04-29T20:10:54.039+0000] {logging_mixin.py:190} INFO - [2025-04-29T20:10:54.038+0000] {dag.py:3239} INFO - Sync 1 DAGs
[2025-04-29T20:10:54.069+0000] {logging_mixin.py:190} INFO - [2025-04-29T20:10:54.069+0000] {dag.py:4180} INFO - Setting next_dagrun for etl_pipeline to 2025-04-29 00:00:00+00:00, run_after=2025-04-30 00:00:00+00:00
[2025-04-29T20:10:54.096+0000] {processor.py:208} INFO - Processing /opt/airflow/dags/etl_pipeline.py took 0.131 seconds
[2025-04-29T20:11:24.226+0000] {processor.py:186} INFO - Started process (PID=468) to work on /opt/airflow/dags/etl_pipeline.py
[2025-04-29T20:11:24.227+0000] {processor.py:914} INFO - Processing file /opt/airflow/dags/etl_pipeline.py for tasks to queue
[2025-04-29T20:11:24.229+0000] {logging_mixin.py:190} INFO - [2025-04-29T20:11:24.229+0000] {dagbag.py:588} INFO - Filling up the DagBag from /opt/airflow/dags/etl_pipeline.py
[2025-04-29T20:11:24.253+0000] {processor.py:925} INFO - DAG(s) 'etl_pipeline' retrieved from /opt/airflow/dags/etl_pipeline.py
[2025-04-29T20:11:24.282+0000] {logging_mixin.py:190} INFO - [2025-04-29T20:11:24.282+0000] {dag.py:3239} INFO - Sync 1 DAGs
[2025-04-29T20:11:24.309+0000] {logging_mixin.py:190} INFO - [2025-04-29T20:11:24.309+0000] {dag.py:4180} INFO - Setting next_dagrun for etl_pipeline to 2025-04-29 00:00:00+00:00, run_after=2025-04-30 00:00:00+00:00
[2025-04-29T20:11:24.333+0000] {processor.py:208} INFO - Processing /opt/airflow/dags/etl_pipeline.py took 0.112 seconds
[2025-04-29T20:11:54.591+0000] {processor.py:186} INFO - Started process (PID=473) to work on /opt/airflow/dags/etl_pipeline.py
[2025-04-29T20:11:54.592+0000] {processor.py:914} INFO - Processing file /opt/airflow/dags/etl_pipeline.py for tasks to queue
[2025-04-29T20:11:54.595+0000] {logging_mixin.py:190} INFO - [2025-04-29T20:11:54.595+0000] {dagbag.py:588} INFO - Filling up the DagBag from /opt/airflow/dags/etl_pipeline.py
[2025-04-29T20:11:54.622+0000] {processor.py:925} INFO - DAG(s) 'etl_pipeline' retrieved from /opt/airflow/dags/etl_pipeline.py
[2025-04-29T20:11:54.657+0000] {logging_mixin.py:190} INFO - [2025-04-29T20:11:54.656+0000] {dag.py:3239} INFO - Sync 1 DAGs
[2025-04-29T20:11:54.689+0000] {logging_mixin.py:190} INFO - [2025-04-29T20:11:54.688+0000] {dag.py:4180} INFO - Setting next_dagrun for etl_pipeline to 2025-04-29 00:00:00+00:00, run_after=2025-04-30 00:00:00+00:00
[2025-04-29T20:11:54.716+0000] {processor.py:208} INFO - Processing /opt/airflow/dags/etl_pipeline.py took 0.131 seconds
[2025-04-29T20:12:24.840+0000] {processor.py:186} INFO - Started process (PID=478) to work on /opt/airflow/dags/etl_pipeline.py
[2025-04-29T20:12:24.842+0000] {processor.py:914} INFO - Processing file /opt/airflow/dags/etl_pipeline.py for tasks to queue
[2025-04-29T20:12:24.844+0000] {logging_mixin.py:190} INFO - [2025-04-29T20:12:24.844+0000] {dagbag.py:588} INFO - Filling up the DagBag from /opt/airflow/dags/etl_pipeline.py
[2025-04-29T20:12:24.872+0000] {processor.py:925} INFO - DAG(s) 'etl_pipeline' retrieved from /opt/airflow/dags/etl_pipeline.py
[2025-04-29T20:12:24.906+0000] {logging_mixin.py:190} INFO - [2025-04-29T20:12:24.905+0000] {dag.py:3239} INFO - Sync 1 DAGs
[2025-04-29T20:12:24.935+0000] {logging_mixin.py:190} INFO - [2025-04-29T20:12:24.935+0000] {dag.py:4180} INFO - Setting next_dagrun for etl_pipeline to 2025-04-29 00:00:00+00:00, run_after=2025-04-30 00:00:00+00:00
[2025-04-29T20:12:24.961+0000] {processor.py:208} INFO - Processing /opt/airflow/dags/etl_pipeline.py took 0.126 seconds
[2025-04-29T20:12:55.273+0000] {processor.py:186} INFO - Started process (PID=483) to work on /opt/airflow/dags/etl_pipeline.py
[2025-04-29T20:12:55.274+0000] {processor.py:914} INFO - Processing file /opt/airflow/dags/etl_pipeline.py for tasks to queue
[2025-04-29T20:12:55.277+0000] {logging_mixin.py:190} INFO - [2025-04-29T20:12:55.276+0000] {dagbag.py:588} INFO - Filling up the DagBag from /opt/airflow/dags/etl_pipeline.py
[2025-04-29T20:12:55.302+0000] {processor.py:925} INFO - DAG(s) 'etl_pipeline' retrieved from /opt/airflow/dags/etl_pipeline.py
[2025-04-29T20:12:55.345+0000] {logging_mixin.py:190} INFO - [2025-04-29T20:12:55.345+0000] {dag.py:3239} INFO - Sync 1 DAGs
[2025-04-29T20:12:55.381+0000] {logging_mixin.py:190} INFO - [2025-04-29T20:12:55.380+0000] {dag.py:4180} INFO - Setting next_dagrun for etl_pipeline to 2025-04-29 00:00:00+00:00, run_after=2025-04-30 00:00:00+00:00
[2025-04-29T20:12:55.403+0000] {processor.py:208} INFO - Processing /opt/airflow/dags/etl_pipeline.py took 0.135 seconds
[2025-04-29T20:13:25.543+0000] {processor.py:186} INFO - Started process (PID=488) to work on /opt/airflow/dags/etl_pipeline.py
[2025-04-29T20:13:25.545+0000] {processor.py:914} INFO - Processing file /opt/airflow/dags/etl_pipeline.py for tasks to queue
[2025-04-29T20:13:25.547+0000] {logging_mixin.py:190} INFO - [2025-04-29T20:13:25.547+0000] {dagbag.py:588} INFO - Filling up the DagBag from /opt/airflow/dags/etl_pipeline.py
[2025-04-29T20:13:25.571+0000] {processor.py:925} INFO - DAG(s) 'etl_pipeline' retrieved from /opt/airflow/dags/etl_pipeline.py
[2025-04-29T20:13:25.601+0000] {logging_mixin.py:190} INFO - [2025-04-29T20:13:25.601+0000] {dag.py:3239} INFO - Sync 1 DAGs
[2025-04-29T20:13:25.626+0000] {logging_mixin.py:190} INFO - [2025-04-29T20:13:25.626+0000] {dag.py:4180} INFO - Setting next_dagrun for etl_pipeline to 2025-04-29 00:00:00+00:00, run_after=2025-04-30 00:00:00+00:00
[2025-04-29T20:13:25.651+0000] {processor.py:208} INFO - Processing /opt/airflow/dags/etl_pipeline.py took 0.112 seconds
[2025-04-29T20:13:55.880+0000] {processor.py:186} INFO - Started process (PID=493) to work on /opt/airflow/dags/etl_pipeline.py
[2025-04-29T20:13:55.881+0000] {processor.py:914} INFO - Processing file /opt/airflow/dags/etl_pipeline.py for tasks to queue
[2025-04-29T20:13:55.884+0000] {logging_mixin.py:190} INFO - [2025-04-29T20:13:55.884+0000] {dagbag.py:588} INFO - Filling up the DagBag from /opt/airflow/dags/etl_pipeline.py
[2025-04-29T20:13:55.907+0000] {processor.py:925} INFO - DAG(s) 'etl_pipeline' retrieved from /opt/airflow/dags/etl_pipeline.py
[2025-04-29T20:13:55.938+0000] {logging_mixin.py:190} INFO - [2025-04-29T20:13:55.937+0000] {dag.py:3239} INFO - Sync 1 DAGs
[2025-04-29T20:13:55.964+0000] {logging_mixin.py:190} INFO - [2025-04-29T20:13:55.964+0000] {dag.py:4180} INFO - Setting next_dagrun for etl_pipeline to 2025-04-29 00:00:00+00:00, run_after=2025-04-30 00:00:00+00:00
[2025-04-29T20:13:55.990+0000] {processor.py:208} INFO - Processing /opt/airflow/dags/etl_pipeline.py took 0.116 seconds
[2025-04-29T20:14:26.122+0000] {processor.py:186} INFO - Started process (PID=498) to work on /opt/airflow/dags/etl_pipeline.py
[2025-04-29T20:14:26.123+0000] {processor.py:914} INFO - Processing file /opt/airflow/dags/etl_pipeline.py for tasks to queue
[2025-04-29T20:14:26.125+0000] {logging_mixin.py:190} INFO - [2025-04-29T20:14:26.124+0000] {dagbag.py:588} INFO - Filling up the DagBag from /opt/airflow/dags/etl_pipeline.py
[2025-04-29T20:14:26.146+0000] {processor.py:925} INFO - DAG(s) 'etl_pipeline' retrieved from /opt/airflow/dags/etl_pipeline.py
[2025-04-29T20:14:26.174+0000] {logging_mixin.py:190} INFO - [2025-04-29T20:14:26.174+0000] {dag.py:3239} INFO - Sync 1 DAGs
[2025-04-29T20:14:26.198+0000] {logging_mixin.py:190} INFO - [2025-04-29T20:14:26.198+0000] {dag.py:4180} INFO - Setting next_dagrun for etl_pipeline to 2025-04-29 00:00:00+00:00, run_after=2025-04-30 00:00:00+00:00
[2025-04-29T20:14:26.222+0000] {processor.py:208} INFO - Processing /opt/airflow/dags/etl_pipeline.py took 0.105 seconds
[2025-04-29T20:14:56.474+0000] {processor.py:186} INFO - Started process (PID=503) to work on /opt/airflow/dags/etl_pipeline.py
[2025-04-29T20:14:56.475+0000] {processor.py:914} INFO - Processing file /opt/airflow/dags/etl_pipeline.py for tasks to queue
[2025-04-29T20:14:56.478+0000] {logging_mixin.py:190} INFO - [2025-04-29T20:14:56.478+0000] {dagbag.py:588} INFO - Filling up the DagBag from /opt/airflow/dags/etl_pipeline.py
[2025-04-29T20:14:56.505+0000] {processor.py:925} INFO - DAG(s) 'etl_pipeline' retrieved from /opt/airflow/dags/etl_pipeline.py
[2025-04-29T20:14:56.535+0000] {logging_mixin.py:190} INFO - [2025-04-29T20:14:56.535+0000] {dag.py:3239} INFO - Sync 1 DAGs
[2025-04-29T20:14:56.563+0000] {logging_mixin.py:190} INFO - [2025-04-29T20:14:56.563+0000] {dag.py:4180} INFO - Setting next_dagrun for etl_pipeline to 2025-04-29 00:00:00+00:00, run_after=2025-04-30 00:00:00+00:00
[2025-04-29T20:14:56.586+0000] {processor.py:208} INFO - Processing /opt/airflow/dags/etl_pipeline.py took 0.117 seconds
[2025-04-29T20:15:26.718+0000] {processor.py:186} INFO - Started process (PID=508) to work on /opt/airflow/dags/etl_pipeline.py
[2025-04-29T20:15:26.719+0000] {processor.py:914} INFO - Processing file /opt/airflow/dags/etl_pipeline.py for tasks to queue
[2025-04-29T20:15:26.721+0000] {logging_mixin.py:190} INFO - [2025-04-29T20:15:26.721+0000] {dagbag.py:588} INFO - Filling up the DagBag from /opt/airflow/dags/etl_pipeline.py
[2025-04-29T20:15:26.745+0000] {processor.py:925} INFO - DAG(s) 'etl_pipeline' retrieved from /opt/airflow/dags/etl_pipeline.py
[2025-04-29T20:15:26.776+0000] {logging_mixin.py:190} INFO - [2025-04-29T20:15:26.776+0000] {dag.py:3239} INFO - Sync 1 DAGs
[2025-04-29T20:15:26.803+0000] {logging_mixin.py:190} INFO - [2025-04-29T20:15:26.803+0000] {dag.py:4180} INFO - Setting next_dagrun for etl_pipeline to 2025-04-29 00:00:00+00:00, run_after=2025-04-30 00:00:00+00:00
[2025-04-29T20:15:26.828+0000] {processor.py:208} INFO - Processing /opt/airflow/dags/etl_pipeline.py took 0.115 seconds
[2025-04-29T20:15:57.056+0000] {processor.py:186} INFO - Started process (PID=513) to work on /opt/airflow/dags/etl_pipeline.py
[2025-04-29T20:15:57.057+0000] {processor.py:914} INFO - Processing file /opt/airflow/dags/etl_pipeline.py for tasks to queue
[2025-04-29T20:15:57.060+0000] {logging_mixin.py:190} INFO - [2025-04-29T20:15:57.060+0000] {dagbag.py:588} INFO - Filling up the DagBag from /opt/airflow/dags/etl_pipeline.py
[2025-04-29T20:15:57.084+0000] {processor.py:925} INFO - DAG(s) 'etl_pipeline' retrieved from /opt/airflow/dags/etl_pipeline.py
[2025-04-29T20:15:57.116+0000] {logging_mixin.py:190} INFO - [2025-04-29T20:15:57.115+0000] {dag.py:3239} INFO - Sync 1 DAGs
[2025-04-29T20:15:57.143+0000] {logging_mixin.py:190} INFO - [2025-04-29T20:15:57.143+0000] {dag.py:4180} INFO - Setting next_dagrun for etl_pipeline to 2025-04-29 00:00:00+00:00, run_after=2025-04-30 00:00:00+00:00
[2025-04-29T20:15:57.166+0000] {processor.py:208} INFO - Processing /opt/airflow/dags/etl_pipeline.py took 0.116 seconds
[2025-04-29T20:35:11.272+0000] {processor.py:186} INFO - Started process (PID=518) to work on /opt/airflow/dags/etl_pipeline.py
[2025-04-29T20:35:11.282+0000] {processor.py:914} INFO - Processing file /opt/airflow/dags/etl_pipeline.py for tasks to queue
[2025-04-29T20:35:11.286+0000] {logging_mixin.py:190} INFO - [2025-04-29T20:35:11.286+0000] {dagbag.py:588} INFO - Filling up the DagBag from /opt/airflow/dags/etl_pipeline.py
[2025-04-29T20:35:11.390+0000] {processor.py:925} INFO - DAG(s) 'etl_pipeline' retrieved from /opt/airflow/dags/etl_pipeline.py
[2025-04-29T20:35:11.472+0000] {logging_mixin.py:190} INFO - [2025-04-29T20:35:11.471+0000] {dag.py:3239} INFO - Sync 1 DAGs
[2025-04-29T20:35:11.539+0000] {logging_mixin.py:190} INFO - [2025-04-29T20:35:11.539+0000] {dag.py:4180} INFO - Setting next_dagrun for etl_pipeline to 2025-04-29 00:00:00+00:00, run_after=2025-04-30 00:00:00+00:00
[2025-04-29T20:35:11.596+0000] {processor.py:208} INFO - Processing /opt/airflow/dags/etl_pipeline.py took 0.331 seconds
[2025-04-29T20:35:41.885+0000] {processor.py:186} INFO - Started process (PID=523) to work on /opt/airflow/dags/etl_pipeline.py
[2025-04-29T20:35:41.886+0000] {processor.py:914} INFO - Processing file /opt/airflow/dags/etl_pipeline.py for tasks to queue
[2025-04-29T20:35:41.889+0000] {logging_mixin.py:190} INFO - [2025-04-29T20:35:41.889+0000] {dagbag.py:588} INFO - Filling up the DagBag from /opt/airflow/dags/etl_pipeline.py
[2025-04-29T20:35:41.915+0000] {processor.py:925} INFO - DAG(s) 'etl_pipeline' retrieved from /opt/airflow/dags/etl_pipeline.py
[2025-04-29T20:35:41.949+0000] {logging_mixin.py:190} INFO - [2025-04-29T20:35:41.949+0000] {dag.py:3239} INFO - Sync 1 DAGs
[2025-04-29T20:35:41.976+0000] {logging_mixin.py:190} INFO - [2025-04-29T20:35:41.976+0000] {dag.py:4180} INFO - Setting next_dagrun for etl_pipeline to 2025-04-29 00:00:00+00:00, run_after=2025-04-30 00:00:00+00:00
[2025-04-29T20:35:42.001+0000] {processor.py:208} INFO - Processing /opt/airflow/dags/etl_pipeline.py took 0.123 seconds
