[2025-05-05T07:23:07.726+0000] {local_task_job_runner.py:123} INFO - ::group::Pre task execution logs
[2025-05-05T07:23:07.753+0000] {taskinstance.py:2614} INFO - Dependencies all met for dep_context=non-requeueable deps ti=<TaskInstance: etl_pipeline.transform_task scheduled__2025-05-04T00:00:00+00:00 [queued]>
[2025-05-05T07:23:07.768+0000] {taskinstance.py:2614} INFO - Dependencies all met for dep_context=requeueable deps ti=<TaskInstance: etl_pipeline.transform_task scheduled__2025-05-04T00:00:00+00:00 [queued]>
[2025-05-05T07:23:07.770+0000] {taskinstance.py:2867} INFO - Starting attempt 1 of 4
[2025-05-05T07:23:07.790+0000] {taskinstance.py:2890} INFO - Executing <Task(PythonOperator): transform_task> on 2025-05-04 00:00:00+00:00
[2025-05-05T07:23:07.798+0000] {standard_task_runner.py:104} INFO - Running: ['***', 'tasks', 'run', 'etl_pipeline', 'transform_task', 'scheduled__2025-05-04T00:00:00+00:00', '--job-id', '174', '--raw', '--subdir', 'DAGS_FOLDER/etl_pipeline.py', '--cfg-path', '/tmp/tmp5vmlxmjs']
[2025-05-05T07:23:07.801+0000] {standard_task_runner.py:105} INFO - Job 174: Subtask transform_task
[2025-05-05T07:23:07.803+0000] {logging_mixin.py:190} WARNING - /home/***/.local/lib/python3.12/site-packages/***/task/task_runner/standard_task_runner.py:70 DeprecationWarning: This process (pid=172) is multi-threaded, use of fork() may lead to deadlocks in the child.
[2025-05-05T07:23:07.804+0000] {standard_task_runner.py:72} INFO - Started process 173 to run task
[2025-05-05T07:23:07.858+0000] {task_command.py:467} INFO - Running <TaskInstance: etl_pipeline.transform_task scheduled__2025-05-04T00:00:00+00:00 [running]> on host e5bea2914fd7
[2025-05-05T07:23:07.952+0000] {taskinstance.py:3134} INFO - Exporting env vars: AIRFLOW_CTX_DAG_OWNER='***' AIRFLOW_CTX_DAG_ID='etl_pipeline' AIRFLOW_CTX_TASK_ID='transform_task' AIRFLOW_CTX_EXECUTION_DATE='2025-05-04T00:00:00+00:00' AIRFLOW_CTX_TRY_NUMBER='1' AIRFLOW_CTX_DAG_RUN_ID='scheduled__2025-05-04T00:00:00+00:00'
[2025-05-05T07:23:07.953+0000] {taskinstance.py:732} INFO - ::endgroup::
[2025-05-05T07:23:07.979+0000] {etl_pipeline.py:32} INFO - Données brutes : {'time': ['2025-05-05', '2025-05-06', '2025-05-07', '2025-05-08', '2025-05-09', '2025-05-10', '2025-05-11'], 'temperature_2m_min': [6.4, 6.6, 8.5, 8.8, 10.5, 9.0, 9.7], 'temperature_2m_max': [14.1, 15.6, 16.8, 16.4, 15.8, 20.6, 21.9], 'weather_code': [80, 61, 3, 80, 3, 3, 2], 'precipitation_sum': [0.0, 0.1, 0.0, 1.2, 0.0, 0.0, 0.0]}
[2025-05-05T07:23:07.980+0000] {etl_pipeline.py:39} INFO - Données transformées : [('2025-05-05', 6.4, 14.1, 0.0, 80), ('2025-05-06', 6.6, 15.6, 0.1, 61), ('2025-05-07', 8.5, 16.8, 0.0, 3), ('2025-05-08', 8.8, 16.4, 1.2, 80), ('2025-05-09', 10.5, 15.8, 0.0, 3), ('2025-05-10', 9.0, 20.6, 0.0, 3), ('2025-05-11', 9.7, 21.9, 0.0, 2)]
[2025-05-05T07:23:07.981+0000] {python.py:240} INFO - Done. Returned value was: [('2025-05-05', 6.4, 14.1, 0.0, 80), ('2025-05-06', 6.6, 15.6, 0.1, 61), ('2025-05-07', 8.5, 16.8, 0.0, 3), ('2025-05-08', 8.8, 16.4, 1.2, 80), ('2025-05-09', 10.5, 15.8, 0.0, 3), ('2025-05-10', 9.0, 20.6, 0.0, 3), ('2025-05-11', 9.7, 21.9, 0.0, 2)]
[2025-05-05T07:23:08.005+0000] {taskinstance.py:341} INFO - ::group::Post task execution logs
[2025-05-05T07:23:08.006+0000] {taskinstance.py:353} INFO - Marking task as SUCCESS. dag_id=etl_pipeline, task_id=transform_task, run_id=scheduled__2025-05-04T00:00:00+00:00, execution_date=20250504T000000, start_date=20250505T072307, end_date=20250505T072308
[2025-05-05T07:23:08.060+0000] {local_task_job_runner.py:266} INFO - Task exited with return code 0
[2025-05-05T07:23:08.086+0000] {taskinstance.py:3901} INFO - 1 downstream tasks scheduled from follow-on schedule check
[2025-05-05T07:23:08.088+0000] {local_task_job_runner.py:245} INFO - ::endgroup::
