[2025-04-26T01:05:03.368+0000] {processor.py:186} INFO - Started process (PID=164) to work on /opt/airflow/dags/etl_pipeline.py
[2025-04-26T01:05:03.369+0000] {processor.py:914} INFO - Processing file /opt/airflow/dags/etl_pipeline.py for tasks to queue
[2025-04-26T01:05:03.373+0000] {logging_mixin.py:190} INFO - [2025-04-26T01:05:03.373+0000] {dagbag.py:588} INFO - Filling up the DagBag from /opt/airflow/dags/etl_pipeline.py
[2025-04-26T01:05:03.414+0000] {processor.py:925} INFO - DAG(s) 'etl_pipeline' retrieved from /opt/airflow/dags/etl_pipeline.py
[2025-04-26T01:05:03.473+0000] {logging_mixin.py:190} INFO - [2025-04-26T01:05:03.473+0000] {dag.py:3239} INFO - Sync 1 DAGs
[2025-04-26T01:05:03.529+0000] {logging_mixin.py:190} INFO - [2025-04-26T01:05:03.529+0000] {dag.py:4180} INFO - Setting next_dagrun for etl_pipeline to 2025-04-26 00:00:00+00:00, run_after=2025-04-27 00:00:00+00:00
[2025-04-26T01:05:03.576+0000] {processor.py:208} INFO - Processing /opt/airflow/dags/etl_pipeline.py took 0.216 seconds
[2025-04-26T01:05:33.733+0000] {processor.py:186} INFO - Started process (PID=176) to work on /opt/airflow/dags/etl_pipeline.py
[2025-04-26T01:05:33.735+0000] {processor.py:914} INFO - Processing file /opt/airflow/dags/etl_pipeline.py for tasks to queue
[2025-04-26T01:05:33.739+0000] {logging_mixin.py:190} INFO - [2025-04-26T01:05:33.739+0000] {dagbag.py:588} INFO - Filling up the DagBag from /opt/airflow/dags/etl_pipeline.py
[2025-04-26T01:05:33.786+0000] {processor.py:925} INFO - DAG(s) 'etl_pipeline' retrieved from /opt/airflow/dags/etl_pipeline.py
[2025-04-26T01:05:33.839+0000] {logging_mixin.py:190} INFO - [2025-04-26T01:05:33.839+0000] {dag.py:3239} INFO - Sync 1 DAGs
[2025-04-26T01:05:33.889+0000] {logging_mixin.py:190} INFO - [2025-04-26T01:05:33.889+0000] {dag.py:4180} INFO - Setting next_dagrun for etl_pipeline to 2025-04-26 00:00:00+00:00, run_after=2025-04-27 00:00:00+00:00
[2025-04-26T01:05:33.927+0000] {processor.py:208} INFO - Processing /opt/airflow/dags/etl_pipeline.py took 0.205 seconds
[2025-04-26T01:06:04.308+0000] {processor.py:186} INFO - Started process (PID=181) to work on /opt/airflow/dags/etl_pipeline.py
[2025-04-26T01:06:04.312+0000] {processor.py:914} INFO - Processing file /opt/airflow/dags/etl_pipeline.py for tasks to queue
[2025-04-26T01:06:04.315+0000] {logging_mixin.py:190} INFO - [2025-04-26T01:06:04.315+0000] {dagbag.py:588} INFO - Filling up the DagBag from /opt/airflow/dags/etl_pipeline.py
[2025-04-26T01:06:04.359+0000] {processor.py:925} INFO - DAG(s) 'etl_pipeline' retrieved from /opt/airflow/dags/etl_pipeline.py
[2025-04-26T01:06:04.577+0000] {logging_mixin.py:190} INFO - [2025-04-26T01:06:04.577+0000] {dag.py:3239} INFO - Sync 1 DAGs
[2025-04-26T01:06:04.652+0000] {logging_mixin.py:190} INFO - [2025-04-26T01:06:04.652+0000] {dag.py:4180} INFO - Setting next_dagrun for etl_pipeline to 2025-04-26 00:00:00+00:00, run_after=2025-04-27 00:00:00+00:00
[2025-04-26T01:06:04.706+0000] {processor.py:208} INFO - Processing /opt/airflow/dags/etl_pipeline.py took 0.405 seconds
[2025-04-26T01:06:35.125+0000] {processor.py:186} INFO - Started process (PID=204) to work on /opt/airflow/dags/etl_pipeline.py
[2025-04-26T01:06:35.128+0000] {processor.py:914} INFO - Processing file /opt/airflow/dags/etl_pipeline.py for tasks to queue
[2025-04-26T01:06:35.132+0000] {logging_mixin.py:190} INFO - [2025-04-26T01:06:35.131+0000] {dagbag.py:588} INFO - Filling up the DagBag from /opt/airflow/dags/etl_pipeline.py
[2025-04-26T01:06:35.172+0000] {processor.py:925} INFO - DAG(s) 'etl_pipeline' retrieved from /opt/airflow/dags/etl_pipeline.py
[2025-04-26T01:06:35.224+0000] {logging_mixin.py:190} INFO - [2025-04-26T01:06:35.223+0000] {dag.py:3239} INFO - Sync 1 DAGs
[2025-04-26T01:06:35.261+0000] {logging_mixin.py:190} INFO - [2025-04-26T01:06:35.261+0000] {dag.py:4180} INFO - Setting next_dagrun for etl_pipeline to 2025-04-26 00:00:00+00:00, run_after=2025-04-27 00:00:00+00:00
[2025-04-26T01:06:35.300+0000] {processor.py:208} INFO - Processing /opt/airflow/dags/etl_pipeline.py took 0.186 seconds
[2025-04-26T01:07:05.474+0000] {processor.py:186} INFO - Started process (PID=209) to work on /opt/airflow/dags/etl_pipeline.py
[2025-04-26T01:07:05.476+0000] {processor.py:914} INFO - Processing file /opt/airflow/dags/etl_pipeline.py for tasks to queue
[2025-04-26T01:07:05.480+0000] {logging_mixin.py:190} INFO - [2025-04-26T01:07:05.480+0000] {dagbag.py:588} INFO - Filling up the DagBag from /opt/airflow/dags/etl_pipeline.py
[2025-04-26T01:07:05.537+0000] {processor.py:925} INFO - DAG(s) 'etl_pipeline' retrieved from /opt/airflow/dags/etl_pipeline.py
[2025-04-26T01:07:05.603+0000] {logging_mixin.py:190} INFO - [2025-04-26T01:07:05.602+0000] {dag.py:3239} INFO - Sync 1 DAGs
[2025-04-26T01:07:05.661+0000] {logging_mixin.py:190} INFO - [2025-04-26T01:07:05.661+0000] {dag.py:4180} INFO - Setting next_dagrun for etl_pipeline to 2025-04-26 00:00:00+00:00, run_after=2025-04-27 00:00:00+00:00
[2025-04-26T01:07:05.708+0000] {processor.py:208} INFO - Processing /opt/airflow/dags/etl_pipeline.py took 0.249 seconds
[2025-04-26T01:07:36.089+0000] {processor.py:186} INFO - Started process (PID=214) to work on /opt/airflow/dags/etl_pipeline.py
[2025-04-26T01:07:36.091+0000] {processor.py:914} INFO - Processing file /opt/airflow/dags/etl_pipeline.py for tasks to queue
[2025-04-26T01:07:36.094+0000] {logging_mixin.py:190} INFO - [2025-04-26T01:07:36.094+0000] {dagbag.py:588} INFO - Filling up the DagBag from /opt/airflow/dags/etl_pipeline.py
[2025-04-26T01:07:36.129+0000] {processor.py:925} INFO - DAG(s) 'etl_pipeline' retrieved from /opt/airflow/dags/etl_pipeline.py
[2025-04-26T01:07:36.180+0000] {logging_mixin.py:190} INFO - [2025-04-26T01:07:36.180+0000] {dag.py:3239} INFO - Sync 1 DAGs
[2025-04-26T01:07:36.229+0000] {logging_mixin.py:190} INFO - [2025-04-26T01:07:36.229+0000] {dag.py:4180} INFO - Setting next_dagrun for etl_pipeline to 2025-04-26 00:00:00+00:00, run_after=2025-04-27 00:00:00+00:00
[2025-04-26T01:07:36.275+0000] {processor.py:208} INFO - Processing /opt/airflow/dags/etl_pipeline.py took 0.194 seconds
[2025-04-26T01:08:06.584+0000] {processor.py:186} INFO - Started process (PID=219) to work on /opt/airflow/dags/etl_pipeline.py
[2025-04-26T01:08:06.587+0000] {processor.py:914} INFO - Processing file /opt/airflow/dags/etl_pipeline.py for tasks to queue
[2025-04-26T01:08:06.594+0000] {logging_mixin.py:190} INFO - [2025-04-26T01:08:06.593+0000] {dagbag.py:588} INFO - Filling up the DagBag from /opt/airflow/dags/etl_pipeline.py
[2025-04-26T01:08:06.651+0000] {processor.py:925} INFO - DAG(s) 'etl_pipeline' retrieved from /opt/airflow/dags/etl_pipeline.py
[2025-04-26T01:08:06.733+0000] {logging_mixin.py:190} INFO - [2025-04-26T01:08:06.732+0000] {dag.py:3239} INFO - Sync 1 DAGs
[2025-04-26T01:08:06.793+0000] {logging_mixin.py:190} INFO - [2025-04-26T01:08:06.792+0000] {dag.py:4180} INFO - Setting next_dagrun for etl_pipeline to 2025-04-26 00:00:00+00:00, run_after=2025-04-27 00:00:00+00:00
[2025-04-26T01:08:06.843+0000] {processor.py:208} INFO - Processing /opt/airflow/dags/etl_pipeline.py took 0.274 seconds
[2025-04-26T01:08:37.226+0000] {processor.py:186} INFO - Started process (PID=224) to work on /opt/airflow/dags/etl_pipeline.py
[2025-04-26T01:08:37.242+0000] {processor.py:914} INFO - Processing file /opt/airflow/dags/etl_pipeline.py for tasks to queue
[2025-04-26T01:08:37.262+0000] {logging_mixin.py:190} INFO - [2025-04-26T01:08:37.260+0000] {dagbag.py:588} INFO - Filling up the DagBag from /opt/airflow/dags/etl_pipeline.py
[2025-04-26T01:08:37.463+0000] {processor.py:925} INFO - DAG(s) 'etl_pipeline' retrieved from /opt/airflow/dags/etl_pipeline.py
[2025-04-26T01:08:37.723+0000] {logging_mixin.py:190} INFO - [2025-04-26T01:08:37.723+0000] {dag.py:3239} INFO - Sync 1 DAGs
[2025-04-26T01:08:37.777+0000] {logging_mixin.py:190} INFO - [2025-04-26T01:08:37.777+0000] {dag.py:4180} INFO - Setting next_dagrun for etl_pipeline to 2025-04-26 00:00:00+00:00, run_after=2025-04-27 00:00:00+00:00
[2025-04-26T01:08:37.824+0000] {processor.py:208} INFO - Processing /opt/airflow/dags/etl_pipeline.py took 0.654 seconds
[2025-04-26T01:09:08.282+0000] {processor.py:186} INFO - Started process (PID=229) to work on /opt/airflow/dags/etl_pipeline.py
[2025-04-26T01:09:08.285+0000] {processor.py:914} INFO - Processing file /opt/airflow/dags/etl_pipeline.py for tasks to queue
[2025-04-26T01:09:08.296+0000] {logging_mixin.py:190} INFO - [2025-04-26T01:09:08.294+0000] {dagbag.py:588} INFO - Filling up the DagBag from /opt/airflow/dags/etl_pipeline.py
[2025-04-26T01:09:08.385+0000] {processor.py:925} INFO - DAG(s) 'etl_pipeline' retrieved from /opt/airflow/dags/etl_pipeline.py
[2025-04-26T01:09:08.460+0000] {logging_mixin.py:190} INFO - [2025-04-26T01:09:08.459+0000] {dag.py:3239} INFO - Sync 1 DAGs
[2025-04-26T01:09:08.510+0000] {logging_mixin.py:190} INFO - [2025-04-26T01:09:08.509+0000] {dag.py:4180} INFO - Setting next_dagrun for etl_pipeline to 2025-04-26 00:00:00+00:00, run_after=2025-04-27 00:00:00+00:00
[2025-04-26T01:09:08.552+0000] {processor.py:208} INFO - Processing /opt/airflow/dags/etl_pipeline.py took 0.289 seconds
[2025-04-26T01:09:38.960+0000] {processor.py:186} INFO - Started process (PID=234) to work on /opt/airflow/dags/etl_pipeline.py
[2025-04-26T01:09:38.963+0000] {processor.py:914} INFO - Processing file /opt/airflow/dags/etl_pipeline.py for tasks to queue
[2025-04-26T01:09:38.967+0000] {logging_mixin.py:190} INFO - [2025-04-26T01:09:38.967+0000] {dagbag.py:588} INFO - Filling up the DagBag from /opt/airflow/dags/etl_pipeline.py
[2025-04-26T01:09:39.020+0000] {processor.py:925} INFO - DAG(s) 'etl_pipeline' retrieved from /opt/airflow/dags/etl_pipeline.py
[2025-04-26T01:09:39.075+0000] {logging_mixin.py:190} INFO - [2025-04-26T01:09:39.074+0000] {dag.py:3239} INFO - Sync 1 DAGs
[2025-04-26T01:09:39.125+0000] {logging_mixin.py:190} INFO - [2025-04-26T01:09:39.124+0000] {dag.py:4180} INFO - Setting next_dagrun for etl_pipeline to 2025-04-26 00:00:00+00:00, run_after=2025-04-27 00:00:00+00:00
[2025-04-26T01:09:39.176+0000] {processor.py:208} INFO - Processing /opt/airflow/dags/etl_pipeline.py took 0.226 seconds
[2025-04-26T01:10:09.311+0000] {processor.py:186} INFO - Started process (PID=239) to work on /opt/airflow/dags/etl_pipeline.py
[2025-04-26T01:10:09.313+0000] {processor.py:914} INFO - Processing file /opt/airflow/dags/etl_pipeline.py for tasks to queue
[2025-04-26T01:10:09.316+0000] {logging_mixin.py:190} INFO - [2025-04-26T01:10:09.316+0000] {dagbag.py:588} INFO - Filling up the DagBag from /opt/airflow/dags/etl_pipeline.py
[2025-04-26T01:10:09.345+0000] {processor.py:925} INFO - DAG(s) 'etl_pipeline' retrieved from /opt/airflow/dags/etl_pipeline.py
[2025-04-26T01:10:09.376+0000] {logging_mixin.py:190} INFO - [2025-04-26T01:10:09.376+0000] {dag.py:3239} INFO - Sync 1 DAGs
[2025-04-26T01:10:09.407+0000] {logging_mixin.py:190} INFO - [2025-04-26T01:10:09.407+0000] {dag.py:4180} INFO - Setting next_dagrun for etl_pipeline to 2025-04-26 00:00:00+00:00, run_after=2025-04-27 00:00:00+00:00
[2025-04-26T01:10:09.438+0000] {processor.py:208} INFO - Processing /opt/airflow/dags/etl_pipeline.py took 0.132 seconds
[2025-04-26T01:10:39.621+0000] {processor.py:186} INFO - Started process (PID=244) to work on /opt/airflow/dags/etl_pipeline.py
[2025-04-26T01:10:39.624+0000] {processor.py:914} INFO - Processing file /opt/airflow/dags/etl_pipeline.py for tasks to queue
[2025-04-26T01:10:39.628+0000] {logging_mixin.py:190} INFO - [2025-04-26T01:10:39.627+0000] {dagbag.py:588} INFO - Filling up the DagBag from /opt/airflow/dags/etl_pipeline.py
[2025-04-26T01:10:39.669+0000] {processor.py:925} INFO - DAG(s) 'etl_pipeline' retrieved from /opt/airflow/dags/etl_pipeline.py
[2025-04-26T01:10:39.714+0000] {logging_mixin.py:190} INFO - [2025-04-26T01:10:39.713+0000] {dag.py:3239} INFO - Sync 1 DAGs
[2025-04-26T01:10:39.763+0000] {logging_mixin.py:190} INFO - [2025-04-26T01:10:39.763+0000] {dag.py:4180} INFO - Setting next_dagrun for etl_pipeline to 2025-04-26 00:00:00+00:00, run_after=2025-04-27 00:00:00+00:00
[2025-04-26T01:10:39.800+0000] {processor.py:208} INFO - Processing /opt/airflow/dags/etl_pipeline.py took 0.188 seconds
[2025-04-26T01:11:10.293+0000] {processor.py:186} INFO - Started process (PID=249) to work on /opt/airflow/dags/etl_pipeline.py
[2025-04-26T01:11:10.297+0000] {processor.py:914} INFO - Processing file /opt/airflow/dags/etl_pipeline.py for tasks to queue
[2025-04-26T01:11:10.301+0000] {logging_mixin.py:190} INFO - [2025-04-26T01:11:10.300+0000] {dagbag.py:588} INFO - Filling up the DagBag from /opt/airflow/dags/etl_pipeline.py
[2025-04-26T01:11:10.346+0000] {processor.py:925} INFO - DAG(s) 'etl_pipeline' retrieved from /opt/airflow/dags/etl_pipeline.py
[2025-04-26T01:11:10.399+0000] {logging_mixin.py:190} INFO - [2025-04-26T01:11:10.399+0000] {dag.py:3239} INFO - Sync 1 DAGs
[2025-04-26T01:11:10.445+0000] {logging_mixin.py:190} INFO - [2025-04-26T01:11:10.444+0000] {dag.py:4180} INFO - Setting next_dagrun for etl_pipeline to 2025-04-26 00:00:00+00:00, run_after=2025-04-27 00:00:00+00:00
[2025-04-26T01:11:10.480+0000] {processor.py:208} INFO - Processing /opt/airflow/dags/etl_pipeline.py took 0.198 seconds
[2025-04-26T01:11:41.130+0000] {processor.py:186} INFO - Started process (PID=254) to work on /opt/airflow/dags/etl_pipeline.py
[2025-04-26T01:11:41.133+0000] {processor.py:914} INFO - Processing file /opt/airflow/dags/etl_pipeline.py for tasks to queue
[2025-04-26T01:11:41.137+0000] {logging_mixin.py:190} INFO - [2025-04-26T01:11:41.136+0000] {dagbag.py:588} INFO - Filling up the DagBag from /opt/airflow/dags/etl_pipeline.py
[2025-04-26T01:11:41.175+0000] {processor.py:925} INFO - DAG(s) 'etl_pipeline' retrieved from /opt/airflow/dags/etl_pipeline.py
[2025-04-26T01:11:41.236+0000] {logging_mixin.py:190} INFO - [2025-04-26T01:11:41.236+0000] {dag.py:3239} INFO - Sync 1 DAGs
[2025-04-26T01:11:41.276+0000] {logging_mixin.py:190} INFO - [2025-04-26T01:11:41.275+0000] {dag.py:4180} INFO - Setting next_dagrun for etl_pipeline to 2025-04-26 00:00:00+00:00, run_after=2025-04-27 00:00:00+00:00
[2025-04-26T01:11:41.426+0000] {processor.py:208} INFO - Processing /opt/airflow/dags/etl_pipeline.py took 0.328 seconds
[2025-04-26T01:12:11.716+0000] {processor.py:186} INFO - Started process (PID=259) to work on /opt/airflow/dags/etl_pipeline.py
[2025-04-26T01:12:11.717+0000] {processor.py:914} INFO - Processing file /opt/airflow/dags/etl_pipeline.py for tasks to queue
[2025-04-26T01:12:11.720+0000] {logging_mixin.py:190} INFO - [2025-04-26T01:12:11.719+0000] {dagbag.py:588} INFO - Filling up the DagBag from /opt/airflow/dags/etl_pipeline.py
[2025-04-26T01:12:11.747+0000] {processor.py:925} INFO - DAG(s) 'etl_pipeline' retrieved from /opt/airflow/dags/etl_pipeline.py
[2025-04-26T01:12:11.787+0000] {logging_mixin.py:190} INFO - [2025-04-26T01:12:11.787+0000] {dag.py:3239} INFO - Sync 1 DAGs
[2025-04-26T01:12:11.828+0000] {logging_mixin.py:190} INFO - [2025-04-26T01:12:11.827+0000] {dag.py:4180} INFO - Setting next_dagrun for etl_pipeline to 2025-04-26 00:00:00+00:00, run_after=2025-04-27 00:00:00+00:00
[2025-04-26T01:12:11.857+0000] {processor.py:208} INFO - Processing /opt/airflow/dags/etl_pipeline.py took 0.147 seconds
[2025-04-26T01:12:42.026+0000] {processor.py:186} INFO - Started process (PID=264) to work on /opt/airflow/dags/etl_pipeline.py
[2025-04-26T01:12:42.028+0000] {processor.py:914} INFO - Processing file /opt/airflow/dags/etl_pipeline.py for tasks to queue
[2025-04-26T01:12:42.031+0000] {logging_mixin.py:190} INFO - [2025-04-26T01:12:42.031+0000] {dagbag.py:588} INFO - Filling up the DagBag from /opt/airflow/dags/etl_pipeline.py
[2025-04-26T01:12:42.079+0000] {processor.py:925} INFO - DAG(s) 'etl_pipeline' retrieved from /opt/airflow/dags/etl_pipeline.py
[2025-04-26T01:12:42.152+0000] {logging_mixin.py:190} INFO - [2025-04-26T01:12:42.152+0000] {dag.py:3239} INFO - Sync 1 DAGs
[2025-04-26T01:12:42.224+0000] {logging_mixin.py:190} INFO - [2025-04-26T01:12:42.224+0000] {dag.py:4180} INFO - Setting next_dagrun for etl_pipeline to 2025-04-26 00:00:00+00:00, run_after=2025-04-27 00:00:00+00:00
[2025-04-26T01:12:42.273+0000] {processor.py:208} INFO - Processing /opt/airflow/dags/etl_pipeline.py took 0.264 seconds
[2025-04-26T01:13:12.462+0000] {processor.py:186} INFO - Started process (PID=269) to work on /opt/airflow/dags/etl_pipeline.py
[2025-04-26T01:13:12.464+0000] {processor.py:914} INFO - Processing file /opt/airflow/dags/etl_pipeline.py for tasks to queue
[2025-04-26T01:13:12.468+0000] {logging_mixin.py:190} INFO - [2025-04-26T01:13:12.468+0000] {dagbag.py:588} INFO - Filling up the DagBag from /opt/airflow/dags/etl_pipeline.py
[2025-04-26T01:13:12.511+0000] {processor.py:925} INFO - DAG(s) 'etl_pipeline' retrieved from /opt/airflow/dags/etl_pipeline.py
[2025-04-26T01:13:12.568+0000] {logging_mixin.py:190} INFO - [2025-04-26T01:13:12.567+0000] {dag.py:3239} INFO - Sync 1 DAGs
[2025-04-26T01:13:12.615+0000] {logging_mixin.py:190} INFO - [2025-04-26T01:13:12.614+0000] {dag.py:4180} INFO - Setting next_dagrun for etl_pipeline to 2025-04-26 00:00:00+00:00, run_after=2025-04-27 00:00:00+00:00
[2025-04-26T01:13:12.652+0000] {processor.py:208} INFO - Processing /opt/airflow/dags/etl_pipeline.py took 0.199 seconds
[2025-04-26T01:13:42.783+0000] {processor.py:186} INFO - Started process (PID=274) to work on /opt/airflow/dags/etl_pipeline.py
[2025-04-26T01:13:42.785+0000] {processor.py:914} INFO - Processing file /opt/airflow/dags/etl_pipeline.py for tasks to queue
[2025-04-26T01:13:42.791+0000] {logging_mixin.py:190} INFO - [2025-04-26T01:13:42.789+0000] {dagbag.py:588} INFO - Filling up the DagBag from /opt/airflow/dags/etl_pipeline.py
[2025-04-26T01:13:42.885+0000] {processor.py:925} INFO - DAG(s) 'etl_pipeline' retrieved from /opt/airflow/dags/etl_pipeline.py
[2025-04-26T01:13:42.943+0000] {logging_mixin.py:190} INFO - [2025-04-26T01:13:42.942+0000] {dag.py:3239} INFO - Sync 1 DAGs
[2025-04-26T01:13:42.996+0000] {logging_mixin.py:190} INFO - [2025-04-26T01:13:42.996+0000] {dag.py:4180} INFO - Setting next_dagrun for etl_pipeline to 2025-04-26 00:00:00+00:00, run_after=2025-04-27 00:00:00+00:00
[2025-04-26T01:13:43.035+0000] {processor.py:208} INFO - Processing /opt/airflow/dags/etl_pipeline.py took 0.260 seconds
[2025-04-26T01:14:13.536+0000] {processor.py:186} INFO - Started process (PID=279) to work on /opt/airflow/dags/etl_pipeline.py
[2025-04-26T01:14:13.538+0000] {processor.py:914} INFO - Processing file /opt/airflow/dags/etl_pipeline.py for tasks to queue
[2025-04-26T01:14:13.542+0000] {logging_mixin.py:190} INFO - [2025-04-26T01:14:13.541+0000] {dagbag.py:588} INFO - Filling up the DagBag from /opt/airflow/dags/etl_pipeline.py
[2025-04-26T01:14:13.584+0000] {processor.py:925} INFO - DAG(s) 'etl_pipeline' retrieved from /opt/airflow/dags/etl_pipeline.py
[2025-04-26T01:14:13.630+0000] {logging_mixin.py:190} INFO - [2025-04-26T01:14:13.630+0000] {dag.py:3239} INFO - Sync 1 DAGs
[2025-04-26T01:14:13.664+0000] {logging_mixin.py:190} INFO - [2025-04-26T01:14:13.664+0000] {dag.py:4180} INFO - Setting next_dagrun for etl_pipeline to 2025-04-26 00:00:00+00:00, run_after=2025-04-27 00:00:00+00:00
[2025-04-26T01:14:13.696+0000] {processor.py:208} INFO - Processing /opt/airflow/dags/etl_pipeline.py took 0.166 seconds
[2025-04-26T01:14:44.749+0000] {processor.py:186} INFO - Started process (PID=284) to work on /opt/airflow/dags/etl_pipeline.py
[2025-04-26T01:14:44.751+0000] {processor.py:914} INFO - Processing file /opt/airflow/dags/etl_pipeline.py for tasks to queue
[2025-04-26T01:14:44.758+0000] {logging_mixin.py:190} INFO - [2025-04-26T01:14:44.757+0000] {dagbag.py:588} INFO - Filling up the DagBag from /opt/airflow/dags/etl_pipeline.py
[2025-04-26T01:14:44.802+0000] {processor.py:925} INFO - DAG(s) 'etl_pipeline' retrieved from /opt/airflow/dags/etl_pipeline.py
[2025-04-26T01:14:44.843+0000] {logging_mixin.py:190} INFO - [2025-04-26T01:14:44.842+0000] {dag.py:3239} INFO - Sync 1 DAGs
[2025-04-26T01:14:44.880+0000] {logging_mixin.py:190} INFO - [2025-04-26T01:14:44.880+0000] {dag.py:4180} INFO - Setting next_dagrun for etl_pipeline to 2025-04-26 00:00:00+00:00, run_after=2025-04-27 00:00:00+00:00
[2025-04-26T01:14:44.912+0000] {processor.py:208} INFO - Processing /opt/airflow/dags/etl_pipeline.py took 0.171 seconds
[2025-04-26T01:15:15.135+0000] {processor.py:186} INFO - Started process (PID=289) to work on /opt/airflow/dags/etl_pipeline.py
[2025-04-26T01:15:15.136+0000] {processor.py:914} INFO - Processing file /opt/airflow/dags/etl_pipeline.py for tasks to queue
[2025-04-26T01:15:15.139+0000] {logging_mixin.py:190} INFO - [2025-04-26T01:15:15.138+0000] {dagbag.py:588} INFO - Filling up the DagBag from /opt/airflow/dags/etl_pipeline.py
[2025-04-26T01:15:15.168+0000] {processor.py:925} INFO - DAG(s) 'etl_pipeline' retrieved from /opt/airflow/dags/etl_pipeline.py
[2025-04-26T01:15:15.212+0000] {logging_mixin.py:190} INFO - [2025-04-26T01:15:15.211+0000] {dag.py:3239} INFO - Sync 1 DAGs
[2025-04-26T01:15:15.248+0000] {logging_mixin.py:190} INFO - [2025-04-26T01:15:15.248+0000] {dag.py:4180} INFO - Setting next_dagrun for etl_pipeline to 2025-04-26 00:00:00+00:00, run_after=2025-04-27 00:00:00+00:00
[2025-04-26T01:15:15.280+0000] {processor.py:208} INFO - Processing /opt/airflow/dags/etl_pipeline.py took 0.151 seconds
[2025-04-26T01:15:45.641+0000] {processor.py:186} INFO - Started process (PID=294) to work on /opt/airflow/dags/etl_pipeline.py
[2025-04-26T01:15:45.643+0000] {processor.py:914} INFO - Processing file /opt/airflow/dags/etl_pipeline.py for tasks to queue
[2025-04-26T01:15:45.647+0000] {logging_mixin.py:190} INFO - [2025-04-26T01:15:45.646+0000] {dagbag.py:588} INFO - Filling up the DagBag from /opt/airflow/dags/etl_pipeline.py
[2025-04-26T01:15:45.701+0000] {processor.py:925} INFO - DAG(s) 'etl_pipeline' retrieved from /opt/airflow/dags/etl_pipeline.py
[2025-04-26T01:15:45.760+0000] {logging_mixin.py:190} INFO - [2025-04-26T01:15:45.760+0000] {dag.py:3239} INFO - Sync 1 DAGs
[2025-04-26T01:15:45.830+0000] {logging_mixin.py:190} INFO - [2025-04-26T01:15:45.830+0000] {dag.py:4180} INFO - Setting next_dagrun for etl_pipeline to 2025-04-26 00:00:00+00:00, run_after=2025-04-27 00:00:00+00:00
[2025-04-26T01:15:45.869+0000] {processor.py:208} INFO - Processing /opt/airflow/dags/etl_pipeline.py took 0.236 seconds
[2025-04-26T01:16:16.031+0000] {processor.py:186} INFO - Started process (PID=299) to work on /opt/airflow/dags/etl_pipeline.py
[2025-04-26T01:16:16.032+0000] {processor.py:914} INFO - Processing file /opt/airflow/dags/etl_pipeline.py for tasks to queue
[2025-04-26T01:16:16.037+0000] {logging_mixin.py:190} INFO - [2025-04-26T01:16:16.036+0000] {dagbag.py:588} INFO - Filling up the DagBag from /opt/airflow/dags/etl_pipeline.py
[2025-04-26T01:16:16.085+0000] {processor.py:925} INFO - DAG(s) 'etl_pipeline' retrieved from /opt/airflow/dags/etl_pipeline.py
[2025-04-26T01:16:16.144+0000] {logging_mixin.py:190} INFO - [2025-04-26T01:16:16.144+0000] {dag.py:3239} INFO - Sync 1 DAGs
[2025-04-26T01:16:16.208+0000] {logging_mixin.py:190} INFO - [2025-04-26T01:16:16.207+0000] {dag.py:4180} INFO - Setting next_dagrun for etl_pipeline to 2025-04-26 00:00:00+00:00, run_after=2025-04-27 00:00:00+00:00
[2025-04-26T01:16:16.244+0000] {processor.py:208} INFO - Processing /opt/airflow/dags/etl_pipeline.py took 0.221 seconds
[2025-04-26T01:16:46.635+0000] {processor.py:186} INFO - Started process (PID=304) to work on /opt/airflow/dags/etl_pipeline.py
[2025-04-26T01:16:46.637+0000] {processor.py:914} INFO - Processing file /opt/airflow/dags/etl_pipeline.py for tasks to queue
[2025-04-26T01:16:46.641+0000] {logging_mixin.py:190} INFO - [2025-04-26T01:16:46.640+0000] {dagbag.py:588} INFO - Filling up the DagBag from /opt/airflow/dags/etl_pipeline.py
[2025-04-26T01:16:46.684+0000] {processor.py:925} INFO - DAG(s) 'etl_pipeline' retrieved from /opt/airflow/dags/etl_pipeline.py
[2025-04-26T01:16:46.741+0000] {logging_mixin.py:190} INFO - [2025-04-26T01:16:46.741+0000] {dag.py:3239} INFO - Sync 1 DAGs
[2025-04-26T01:16:46.788+0000] {logging_mixin.py:190} INFO - [2025-04-26T01:16:46.788+0000] {dag.py:4180} INFO - Setting next_dagrun for etl_pipeline to 2025-04-26 00:00:00+00:00, run_after=2025-04-27 00:00:00+00:00
[2025-04-26T01:16:46.852+0000] {processor.py:208} INFO - Processing /opt/airflow/dags/etl_pipeline.py took 0.226 seconds
[2025-04-26T01:17:17.028+0000] {processor.py:186} INFO - Started process (PID=309) to work on /opt/airflow/dags/etl_pipeline.py
[2025-04-26T01:17:17.030+0000] {processor.py:914} INFO - Processing file /opt/airflow/dags/etl_pipeline.py for tasks to queue
[2025-04-26T01:17:17.035+0000] {logging_mixin.py:190} INFO - [2025-04-26T01:17:17.034+0000] {dagbag.py:588} INFO - Filling up the DagBag from /opt/airflow/dags/etl_pipeline.py
[2025-04-26T01:17:17.078+0000] {processor.py:925} INFO - DAG(s) 'etl_pipeline' retrieved from /opt/airflow/dags/etl_pipeline.py
[2025-04-26T01:17:17.123+0000] {logging_mixin.py:190} INFO - [2025-04-26T01:17:17.122+0000] {dag.py:3239} INFO - Sync 1 DAGs
[2025-04-26T01:17:17.163+0000] {logging_mixin.py:190} INFO - [2025-04-26T01:17:17.163+0000] {dag.py:4180} INFO - Setting next_dagrun for etl_pipeline to 2025-04-26 00:00:00+00:00, run_after=2025-04-27 00:00:00+00:00
[2025-04-26T01:17:17.194+0000] {processor.py:208} INFO - Processing /opt/airflow/dags/etl_pipeline.py took 0.174 seconds
[2025-04-26T01:17:47.636+0000] {processor.py:186} INFO - Started process (PID=314) to work on /opt/airflow/dags/etl_pipeline.py
[2025-04-26T01:17:47.637+0000] {processor.py:914} INFO - Processing file /opt/airflow/dags/etl_pipeline.py for tasks to queue
[2025-04-26T01:17:47.641+0000] {logging_mixin.py:190} INFO - [2025-04-26T01:17:47.640+0000] {dagbag.py:588} INFO - Filling up the DagBag from /opt/airflow/dags/etl_pipeline.py
[2025-04-26T01:17:47.681+0000] {processor.py:925} INFO - DAG(s) 'etl_pipeline' retrieved from /opt/airflow/dags/etl_pipeline.py
[2025-04-26T01:17:47.727+0000] {logging_mixin.py:190} INFO - [2025-04-26T01:17:47.726+0000] {dag.py:3239} INFO - Sync 1 DAGs
[2025-04-26T01:17:47.768+0000] {logging_mixin.py:190} INFO - [2025-04-26T01:17:47.767+0000] {dag.py:4180} INFO - Setting next_dagrun for etl_pipeline to 2025-04-26 00:00:00+00:00, run_after=2025-04-27 00:00:00+00:00
[2025-04-26T01:17:47.800+0000] {processor.py:208} INFO - Processing /opt/airflow/dags/etl_pipeline.py took 0.172 seconds
[2025-04-26T01:18:18.017+0000] {processor.py:186} INFO - Started process (PID=319) to work on /opt/airflow/dags/etl_pipeline.py
[2025-04-26T01:18:18.019+0000] {processor.py:914} INFO - Processing file /opt/airflow/dags/etl_pipeline.py for tasks to queue
[2025-04-26T01:18:18.024+0000] {logging_mixin.py:190} INFO - [2025-04-26T01:18:18.023+0000] {dagbag.py:588} INFO - Filling up the DagBag from /opt/airflow/dags/etl_pipeline.py
[2025-04-26T01:18:18.072+0000] {processor.py:925} INFO - DAG(s) 'etl_pipeline' retrieved from /opt/airflow/dags/etl_pipeline.py
[2025-04-26T01:18:18.124+0000] {logging_mixin.py:190} INFO - [2025-04-26T01:18:18.123+0000] {dag.py:3239} INFO - Sync 1 DAGs
[2025-04-26T01:18:18.176+0000] {logging_mixin.py:190} INFO - [2025-04-26T01:18:18.175+0000] {dag.py:4180} INFO - Setting next_dagrun for etl_pipeline to 2025-04-26 00:00:00+00:00, run_after=2025-04-27 00:00:00+00:00
[2025-04-26T01:18:18.221+0000] {processor.py:208} INFO - Processing /opt/airflow/dags/etl_pipeline.py took 0.214 seconds
[2025-04-26T01:18:48.760+0000] {processor.py:186} INFO - Started process (PID=324) to work on /opt/airflow/dags/etl_pipeline.py
[2025-04-26T01:18:48.767+0000] {processor.py:914} INFO - Processing file /opt/airflow/dags/etl_pipeline.py for tasks to queue
[2025-04-26T01:18:48.782+0000] {logging_mixin.py:190} INFO - [2025-04-26T01:18:48.780+0000] {dagbag.py:588} INFO - Filling up the DagBag from /opt/airflow/dags/etl_pipeline.py
[2025-04-26T01:18:48.895+0000] {processor.py:925} INFO - DAG(s) 'etl_pipeline' retrieved from /opt/airflow/dags/etl_pipeline.py
[2025-04-26T01:18:48.980+0000] {logging_mixin.py:190} INFO - [2025-04-26T01:18:48.979+0000] {dag.py:3239} INFO - Sync 1 DAGs
[2025-04-26T01:18:49.048+0000] {logging_mixin.py:190} INFO - [2025-04-26T01:18:49.048+0000] {dag.py:4180} INFO - Setting next_dagrun for etl_pipeline to 2025-04-26 00:00:00+00:00, run_after=2025-04-27 00:00:00+00:00
[2025-04-26T01:18:49.101+0000] {processor.py:208} INFO - Processing /opt/airflow/dags/etl_pipeline.py took 0.378 seconds
[2025-04-26T01:19:19.804+0000] {processor.py:186} INFO - Started process (PID=329) to work on /opt/airflow/dags/etl_pipeline.py
[2025-04-26T01:19:19.808+0000] {processor.py:914} INFO - Processing file /opt/airflow/dags/etl_pipeline.py for tasks to queue
[2025-04-26T01:19:19.822+0000] {logging_mixin.py:190} INFO - [2025-04-26T01:19:19.819+0000] {dagbag.py:588} INFO - Filling up the DagBag from /opt/airflow/dags/etl_pipeline.py
[2025-04-26T01:19:19.930+0000] {processor.py:925} INFO - DAG(s) 'etl_pipeline' retrieved from /opt/airflow/dags/etl_pipeline.py
[2025-04-26T01:19:20.051+0000] {logging_mixin.py:190} INFO - [2025-04-26T01:19:20.050+0000] {dag.py:3239} INFO - Sync 1 DAGs
[2025-04-26T01:19:20.110+0000] {logging_mixin.py:190} INFO - [2025-04-26T01:19:20.109+0000] {dag.py:4180} INFO - Setting next_dagrun for etl_pipeline to 2025-04-26 00:00:00+00:00, run_after=2025-04-27 00:00:00+00:00
[2025-04-26T01:19:20.157+0000] {processor.py:208} INFO - Processing /opt/airflow/dags/etl_pipeline.py took 0.389 seconds
[2025-04-26T01:19:50.622+0000] {processor.py:186} INFO - Started process (PID=334) to work on /opt/airflow/dags/etl_pipeline.py
[2025-04-26T01:19:50.624+0000] {processor.py:914} INFO - Processing file /opt/airflow/dags/etl_pipeline.py for tasks to queue
[2025-04-26T01:19:50.631+0000] {logging_mixin.py:190} INFO - [2025-04-26T01:19:50.630+0000] {dagbag.py:588} INFO - Filling up the DagBag from /opt/airflow/dags/etl_pipeline.py
[2025-04-26T01:19:50.684+0000] {processor.py:925} INFO - DAG(s) 'etl_pipeline' retrieved from /opt/airflow/dags/etl_pipeline.py
[2025-04-26T01:19:50.743+0000] {logging_mixin.py:190} INFO - [2025-04-26T01:19:50.743+0000] {dag.py:3239} INFO - Sync 1 DAGs
[2025-04-26T01:19:50.810+0000] {logging_mixin.py:190} INFO - [2025-04-26T01:19:50.809+0000] {dag.py:4180} INFO - Setting next_dagrun for etl_pipeline to 2025-04-26 00:00:00+00:00, run_after=2025-04-27 00:00:00+00:00
[2025-04-26T01:19:50.861+0000] {processor.py:208} INFO - Processing /opt/airflow/dags/etl_pipeline.py took 0.252 seconds
[2025-04-26T01:20:21.071+0000] {processor.py:186} INFO - Started process (PID=339) to work on /opt/airflow/dags/etl_pipeline.py
[2025-04-26T01:20:21.073+0000] {processor.py:914} INFO - Processing file /opt/airflow/dags/etl_pipeline.py for tasks to queue
[2025-04-26T01:20:21.079+0000] {logging_mixin.py:190} INFO - [2025-04-26T01:20:21.079+0000] {dagbag.py:588} INFO - Filling up the DagBag from /opt/airflow/dags/etl_pipeline.py
[2025-04-26T01:20:21.131+0000] {processor.py:925} INFO - DAG(s) 'etl_pipeline' retrieved from /opt/airflow/dags/etl_pipeline.py
[2025-04-26T01:20:21.193+0000] {logging_mixin.py:190} INFO - [2025-04-26T01:20:21.192+0000] {dag.py:3239} INFO - Sync 1 DAGs
[2025-04-26T01:20:21.243+0000] {logging_mixin.py:190} INFO - [2025-04-26T01:20:21.243+0000] {dag.py:4180} INFO - Setting next_dagrun for etl_pipeline to 2025-04-26 00:00:00+00:00, run_after=2025-04-27 00:00:00+00:00
[2025-04-26T01:20:21.283+0000] {processor.py:208} INFO - Processing /opt/airflow/dags/etl_pipeline.py took 0.224 seconds
[2025-04-26T01:20:51.443+0000] {processor.py:186} INFO - Started process (PID=344) to work on /opt/airflow/dags/etl_pipeline.py
[2025-04-26T01:20:51.445+0000] {processor.py:914} INFO - Processing file /opt/airflow/dags/etl_pipeline.py for tasks to queue
[2025-04-26T01:20:51.449+0000] {logging_mixin.py:190} INFO - [2025-04-26T01:20:51.449+0000] {dagbag.py:588} INFO - Filling up the DagBag from /opt/airflow/dags/etl_pipeline.py
[2025-04-26T01:20:51.496+0000] {processor.py:925} INFO - DAG(s) 'etl_pipeline' retrieved from /opt/airflow/dags/etl_pipeline.py
[2025-04-26T01:20:51.543+0000] {logging_mixin.py:190} INFO - [2025-04-26T01:20:51.542+0000] {dag.py:3239} INFO - Sync 1 DAGs
[2025-04-26T01:20:51.585+0000] {logging_mixin.py:190} INFO - [2025-04-26T01:20:51.584+0000] {dag.py:4180} INFO - Setting next_dagrun for etl_pipeline to 2025-04-26 00:00:00+00:00, run_after=2025-04-27 00:00:00+00:00
[2025-04-26T01:20:51.628+0000] {processor.py:208} INFO - Processing /opt/airflow/dags/etl_pipeline.py took 0.193 seconds
[2025-04-26T01:21:21.759+0000] {processor.py:186} INFO - Started process (PID=349) to work on /opt/airflow/dags/etl_pipeline.py
[2025-04-26T01:21:21.761+0000] {processor.py:914} INFO - Processing file /opt/airflow/dags/etl_pipeline.py for tasks to queue
[2025-04-26T01:21:21.764+0000] {logging_mixin.py:190} INFO - [2025-04-26T01:21:21.763+0000] {dagbag.py:588} INFO - Filling up the DagBag from /opt/airflow/dags/etl_pipeline.py
[2025-04-26T01:21:21.794+0000] {processor.py:925} INFO - DAG(s) 'etl_pipeline' retrieved from /opt/airflow/dags/etl_pipeline.py
[2025-04-26T01:21:21.833+0000] {logging_mixin.py:190} INFO - [2025-04-26T01:21:21.832+0000] {dag.py:3239} INFO - Sync 1 DAGs
[2025-04-26T01:21:21.864+0000] {logging_mixin.py:190} INFO - [2025-04-26T01:21:21.863+0000] {dag.py:4180} INFO - Setting next_dagrun for etl_pipeline to 2025-04-26 00:00:00+00:00, run_after=2025-04-27 00:00:00+00:00
[2025-04-26T01:21:21.891+0000] {processor.py:208} INFO - Processing /opt/airflow/dags/etl_pipeline.py took 0.138 seconds
[2025-04-26T01:21:52.058+0000] {processor.py:186} INFO - Started process (PID=354) to work on /opt/airflow/dags/etl_pipeline.py
[2025-04-26T01:21:52.060+0000] {processor.py:914} INFO - Processing file /opt/airflow/dags/etl_pipeline.py for tasks to queue
[2025-04-26T01:21:52.069+0000] {logging_mixin.py:190} INFO - [2025-04-26T01:21:52.069+0000] {dagbag.py:588} INFO - Filling up the DagBag from /opt/airflow/dags/etl_pipeline.py
[2025-04-26T01:21:52.109+0000] {processor.py:925} INFO - DAG(s) 'etl_pipeline' retrieved from /opt/airflow/dags/etl_pipeline.py
[2025-04-26T01:21:52.149+0000] {logging_mixin.py:190} INFO - [2025-04-26T01:21:52.148+0000] {dag.py:3239} INFO - Sync 1 DAGs
[2025-04-26T01:21:52.177+0000] {logging_mixin.py:190} INFO - [2025-04-26T01:21:52.176+0000] {dag.py:4180} INFO - Setting next_dagrun for etl_pipeline to 2025-04-26 00:00:00+00:00, run_after=2025-04-27 00:00:00+00:00
[2025-04-26T01:21:52.202+0000] {processor.py:208} INFO - Processing /opt/airflow/dags/etl_pipeline.py took 0.159 seconds
[2025-04-26T01:22:22.494+0000] {processor.py:186} INFO - Started process (PID=359) to work on /opt/airflow/dags/etl_pipeline.py
[2025-04-26T01:22:22.496+0000] {processor.py:914} INFO - Processing file /opt/airflow/dags/etl_pipeline.py for tasks to queue
[2025-04-26T01:22:22.500+0000] {logging_mixin.py:190} INFO - [2025-04-26T01:22:22.499+0000] {dagbag.py:588} INFO - Filling up the DagBag from /opt/airflow/dags/etl_pipeline.py
[2025-04-26T01:22:22.564+0000] {processor.py:925} INFO - DAG(s) 'etl_pipeline' retrieved from /opt/airflow/dags/etl_pipeline.py
[2025-04-26T01:22:22.642+0000] {logging_mixin.py:190} INFO - [2025-04-26T01:22:22.642+0000] {dag.py:3239} INFO - Sync 1 DAGs
[2025-04-26T01:22:22.709+0000] {logging_mixin.py:190} INFO - [2025-04-26T01:22:22.709+0000] {dag.py:4180} INFO - Setting next_dagrun for etl_pipeline to 2025-04-26 00:00:00+00:00, run_after=2025-04-27 00:00:00+00:00
[2025-04-26T01:22:22.763+0000] {processor.py:208} INFO - Processing /opt/airflow/dags/etl_pipeline.py took 0.285 seconds
[2025-04-26T01:22:53.062+0000] {processor.py:186} INFO - Started process (PID=364) to work on /opt/airflow/dags/etl_pipeline.py
[2025-04-26T01:22:53.063+0000] {processor.py:914} INFO - Processing file /opt/airflow/dags/etl_pipeline.py for tasks to queue
[2025-04-26T01:22:53.066+0000] {logging_mixin.py:190} INFO - [2025-04-26T01:22:53.066+0000] {dagbag.py:588} INFO - Filling up the DagBag from /opt/airflow/dags/etl_pipeline.py
[2025-04-26T01:22:53.104+0000] {processor.py:925} INFO - DAG(s) 'etl_pipeline' retrieved from /opt/airflow/dags/etl_pipeline.py
[2025-04-26T01:22:53.139+0000] {logging_mixin.py:190} INFO - [2025-04-26T01:22:53.138+0000] {dag.py:3239} INFO - Sync 1 DAGs
[2025-04-26T01:22:53.170+0000] {logging_mixin.py:190} INFO - [2025-04-26T01:22:53.170+0000] {dag.py:4180} INFO - Setting next_dagrun for etl_pipeline to 2025-04-26 00:00:00+00:00, run_after=2025-04-27 00:00:00+00:00
[2025-04-26T01:22:53.201+0000] {processor.py:208} INFO - Processing /opt/airflow/dags/etl_pipeline.py took 0.146 seconds
