[2025-04-29T19:42:37.605+0000] {local_task_job_runner.py:123} INFO - ::group::Pre task execution logs
[2025-04-29T19:42:37.633+0000] {taskinstance.py:2614} INFO - Dependencies all met for dep_context=non-requeueable deps ti=<TaskInstance: etl_pipeline.transform_task scheduled__2025-04-26T00:00:00+00:00 [queued]>
[2025-04-29T19:42:37.646+0000] {taskinstance.py:2614} INFO - Dependencies all met for dep_context=requeueable deps ti=<TaskInstance: etl_pipeline.transform_task scheduled__2025-04-26T00:00:00+00:00 [queued]>
[2025-04-29T19:42:37.647+0000] {taskinstance.py:2867} INFO - Starting attempt 1 of 4
[2025-04-29T19:42:37.664+0000] {taskinstance.py:2890} INFO - Executing <Task(PythonOperator): transform_task> on 2025-04-26 00:00:00+00:00
[2025-04-29T19:42:37.675+0000] {standard_task_runner.py:104} INFO - Running: ['***', 'tasks', 'run', 'etl_pipeline', 'transform_task', 'scheduled__2025-04-26T00:00:00+00:00', '--job-id', '150', '--raw', '--subdir', 'DAGS_FOLDER/etl_pipeline.py', '--cfg-path', '/tmp/tmpniew_iv5']
[2025-04-29T19:42:37.678+0000] {standard_task_runner.py:105} INFO - Job 150: Subtask transform_task
[2025-04-29T19:42:37.678+0000] {logging_mixin.py:190} WARNING - /home/***/.local/lib/python3.12/site-packages/***/task/task_runner/standard_task_runner.py:70 DeprecationWarning: This process (pid=177) is multi-threaded, use of fork() may lead to deadlocks in the child.
[2025-04-29T19:42:37.679+0000] {standard_task_runner.py:72} INFO - Started process 178 to run task
[2025-04-29T19:42:37.733+0000] {task_command.py:467} INFO - Running <TaskInstance: etl_pipeline.transform_task scheduled__2025-04-26T00:00:00+00:00 [running]> on host e5bea2914fd7
[2025-04-29T19:42:37.834+0000] {taskinstance.py:3134} INFO - Exporting env vars: AIRFLOW_CTX_DAG_OWNER='***' AIRFLOW_CTX_DAG_ID='etl_pipeline' AIRFLOW_CTX_TASK_ID='transform_task' AIRFLOW_CTX_EXECUTION_DATE='2025-04-26T00:00:00+00:00' AIRFLOW_CTX_TRY_NUMBER='1' AIRFLOW_CTX_DAG_RUN_ID='scheduled__2025-04-26T00:00:00+00:00'
[2025-04-29T19:42:37.835+0000] {taskinstance.py:732} INFO - ::endgroup::
[2025-04-29T19:42:37.869+0000] {etl_pipeline.py:32} INFO - Données brutes : {'time': ['2025-04-29', '2025-04-30', '2025-05-01', '2025-05-02', '2025-05-03', '2025-05-04', '2025-05-05'], 'temperature_2m_min': [13.1, 15.2, 17.0, 16.0, 15.7, 12.1, 6.4], 'temperature_2m_max': [26.1, 28.0, 29.3, 27.6, 25.5, 17.2, 16.6], 'weather_code': [1, 1, 3, 3, 95, 61, 3], 'precipitation_sum': [0.0, 0.0, 0.0, 0.1, 7.8, 0.0, 0.0]}
[2025-04-29T19:42:37.870+0000] {etl_pipeline.py:39} INFO - Données transformées : [('2025-04-29', 13.1, 26.1, 0.0, 1), ('2025-04-30', 15.2, 28.0, 0.0, 1), ('2025-05-01', 17.0, 29.3, 0.0, 3), ('2025-05-02', 16.0, 27.6, 0.1, 3), ('2025-05-03', 15.7, 25.5, 7.8, 95), ('2025-05-04', 12.1, 17.2, 0.0, 61), ('2025-05-05', 6.4, 16.6, 0.0, 3)]
[2025-04-29T19:42:37.870+0000] {python.py:240} INFO - Done. Returned value was: [('2025-04-29', 13.1, 26.1, 0.0, 1), ('2025-04-30', 15.2, 28.0, 0.0, 1), ('2025-05-01', 17.0, 29.3, 0.0, 3), ('2025-05-02', 16.0, 27.6, 0.1, 3), ('2025-05-03', 15.7, 25.5, 7.8, 95), ('2025-05-04', 12.1, 17.2, 0.0, 61), ('2025-05-05', 6.4, 16.6, 0.0, 3)]
[2025-04-29T19:42:37.900+0000] {taskinstance.py:341} INFO - ::group::Post task execution logs
[2025-04-29T19:42:37.901+0000] {taskinstance.py:353} INFO - Marking task as SUCCESS. dag_id=etl_pipeline, task_id=transform_task, run_id=scheduled__2025-04-26T00:00:00+00:00, execution_date=20250426T000000, start_date=20250429T194237, end_date=20250429T194237
[2025-04-29T19:42:37.978+0000] {local_task_job_runner.py:266} INFO - Task exited with return code 0
[2025-04-29T19:42:38.005+0000] {taskinstance.py:3901} INFO - 1 downstream tasks scheduled from follow-on schedule check
[2025-04-29T19:42:38.007+0000] {local_task_job_runner.py:245} INFO - ::endgroup::
