[2025-05-06T20:12:51.582+0000] {local_task_job_runner.py:123} INFO - ::group::Pre task execution logs
[2025-05-06T20:12:51.631+0000] {taskinstance.py:2614} INFO - Dependencies all met for dep_context=non-requeueable deps ti=<TaskInstance: etl_pipeline.transform_task scheduled__2025-05-05T00:00:00+00:00 [queued]>
[2025-05-06T20:12:51.648+0000] {taskinstance.py:2614} INFO - Dependencies all met for dep_context=requeueable deps ti=<TaskInstance: etl_pipeline.transform_task scheduled__2025-05-05T00:00:00+00:00 [queued]>
[2025-05-06T20:12:51.649+0000] {taskinstance.py:2867} INFO - Starting attempt 1 of 4
[2025-05-06T20:12:51.694+0000] {taskinstance.py:2890} INFO - Executing <Task(PythonOperator): transform_task> on 2025-05-05 00:00:00+00:00
[2025-05-06T20:12:51.707+0000] {standard_task_runner.py:104} INFO - Running: ['***', 'tasks', 'run', 'etl_pipeline', 'transform_task', 'scheduled__2025-05-05T00:00:00+00:00', '--job-id', '177', '--raw', '--subdir', 'DAGS_FOLDER/etl_pipeline.py', '--cfg-path', '/tmp/tmp1m9li23f']
[2025-05-06T20:12:51.710+0000] {standard_task_runner.py:105} INFO - Job 177: Subtask transform_task
[2025-05-06T20:12:51.711+0000] {logging_mixin.py:190} WARNING - /home/***/.local/lib/python3.12/site-packages/***/task/task_runner/standard_task_runner.py:70 DeprecationWarning: This process (pid=876) is multi-threaded, use of fork() may lead to deadlocks in the child.
[2025-05-06T20:12:51.713+0000] {standard_task_runner.py:72} INFO - Started process 877 to run task
[2025-05-06T20:12:51.842+0000] {task_command.py:467} INFO - Running <TaskInstance: etl_pipeline.transform_task scheduled__2025-05-05T00:00:00+00:00 [running]> on host e5bea2914fd7
[2025-05-06T20:12:52.091+0000] {taskinstance.py:3134} INFO - Exporting env vars: AIRFLOW_CTX_DAG_OWNER='***' AIRFLOW_CTX_DAG_ID='etl_pipeline' AIRFLOW_CTX_TASK_ID='transform_task' AIRFLOW_CTX_EXECUTION_DATE='2025-05-05T00:00:00+00:00' AIRFLOW_CTX_TRY_NUMBER='1' AIRFLOW_CTX_DAG_RUN_ID='scheduled__2025-05-05T00:00:00+00:00'
[2025-05-06T20:12:52.095+0000] {taskinstance.py:732} INFO - ::endgroup::
[2025-05-06T20:12:52.157+0000] {etl_pipeline.py:32} INFO - Données brutes : {'time': ['2025-05-06', '2025-05-07', '2025-05-08', '2025-05-09', '2025-05-10', '2025-05-11', '2025-05-12'], 'temperature_2m_min': [7.1, 8.4, 9.2, 9.8, 9.5, 12.2, 14.0], 'temperature_2m_max': [16.1, 16.7, 18.2, 19.2, 22.6, 24.6, 25.0], 'weather_code': [3, 3, 3, 3, 1, 2, 80], 'precipitation_sum': [0.0, 0.0, 0.0, 0.1, 0.0, 0.6, 1.2]}
[2025-05-06T20:12:52.158+0000] {etl_pipeline.py:39} INFO - Données transformées : [('2025-05-06', 7.1, 16.1, 0.0, 3), ('2025-05-07', 8.4, 16.7, 0.0, 3), ('2025-05-08', 9.2, 18.2, 0.0, 3), ('2025-05-09', 9.8, 19.2, 0.1, 3), ('2025-05-10', 9.5, 22.6, 0.0, 1), ('2025-05-11', 12.2, 24.6, 0.6, 2), ('2025-05-12', 14.0, 25.0, 1.2, 80)]
[2025-05-06T20:12:52.159+0000] {python.py:240} INFO - Done. Returned value was: [('2025-05-06', 7.1, 16.1, 0.0, 3), ('2025-05-07', 8.4, 16.7, 0.0, 3), ('2025-05-08', 9.2, 18.2, 0.0, 3), ('2025-05-09', 9.8, 19.2, 0.1, 3), ('2025-05-10', 9.5, 22.6, 0.0, 1), ('2025-05-11', 12.2, 24.6, 0.6, 2), ('2025-05-12', 14.0, 25.0, 1.2, 80)]
[2025-05-06T20:12:52.206+0000] {taskinstance.py:341} INFO - ::group::Post task execution logs
[2025-05-06T20:12:52.208+0000] {taskinstance.py:353} INFO - Marking task as SUCCESS. dag_id=etl_pipeline, task_id=transform_task, run_id=scheduled__2025-05-05T00:00:00+00:00, execution_date=20250505T000000, start_date=20250506T201251, end_date=20250506T201252
[2025-05-06T20:12:52.300+0000] {local_task_job_runner.py:266} INFO - Task exited with return code 0
[2025-05-06T20:12:52.351+0000] {taskinstance.py:3901} INFO - 1 downstream tasks scheduled from follow-on schedule check
[2025-05-06T20:12:52.355+0000] {local_task_job_runner.py:245} INFO - ::endgroup::
