[2025-04-10T20:42:02.479+0000] {processor.py:186} INFO - Started process (PID=163) to work on /opt/airflow/dags/etl_pipeline.py
[2025-04-10T20:42:02.485+0000] {processor.py:914} INFO - Processing file /opt/airflow/dags/etl_pipeline.py for tasks to queue
[2025-04-10T20:42:02.496+0000] {logging_mixin.py:190} INFO - [2025-04-10T20:42:02.495+0000] {dagbag.py:588} INFO - Filling up the DagBag from /opt/airflow/dags/etl_pipeline.py
[2025-04-10T20:42:02.696+0000] {processor.py:925} INFO - DAG(s) 'etl_pipeline' retrieved from /opt/airflow/dags/etl_pipeline.py
[2025-04-10T20:42:03.044+0000] {logging_mixin.py:190} INFO - [2025-04-10T20:42:03.043+0000] {dag.py:3239} INFO - Sync 1 DAGs
[2025-04-10T20:42:03.271+0000] {logging_mixin.py:190} INFO - [2025-04-10T20:42:03.271+0000] {dag.py:4180} INFO - Setting next_dagrun for etl_pipeline to 2025-04-10 00:00:00+00:00, run_after=2025-04-11 00:00:00+00:00
[2025-04-10T20:42:03.410+0000] {processor.py:208} INFO - Processing /opt/airflow/dags/etl_pipeline.py took 0.985 seconds
[2025-04-10T20:42:34.835+0000] {processor.py:186} INFO - Started process (PID=178) to work on /opt/airflow/dags/etl_pipeline.py
[2025-04-10T20:42:34.851+0000] {processor.py:914} INFO - Processing file /opt/airflow/dags/etl_pipeline.py for tasks to queue
[2025-04-10T20:42:34.897+0000] {logging_mixin.py:190} INFO - [2025-04-10T20:42:34.895+0000] {dagbag.py:588} INFO - Filling up the DagBag from /opt/airflow/dags/etl_pipeline.py
[2025-04-10T20:42:35.282+0000] {processor.py:925} INFO - DAG(s) 'etl_pipeline' retrieved from /opt/airflow/dags/etl_pipeline.py
[2025-04-10T20:42:35.559+0000] {logging_mixin.py:190} INFO - [2025-04-10T20:42:35.558+0000] {dag.py:3239} INFO - Sync 1 DAGs
[2025-04-10T20:42:35.732+0000] {logging_mixin.py:190} INFO - [2025-04-10T20:42:35.732+0000] {dag.py:4180} INFO - Setting next_dagrun for etl_pipeline to 2025-04-10 00:00:00+00:00, run_after=2025-04-11 00:00:00+00:00
[2025-04-10T20:42:36.024+0000] {processor.py:208} INFO - Processing /opt/airflow/dags/etl_pipeline.py took 1.277 seconds
[2025-04-10T20:43:07.449+0000] {processor.py:186} INFO - Started process (PID=183) to work on /opt/airflow/dags/etl_pipeline.py
[2025-04-10T20:43:07.462+0000] {processor.py:914} INFO - Processing file /opt/airflow/dags/etl_pipeline.py for tasks to queue
[2025-04-10T20:43:07.502+0000] {logging_mixin.py:190} INFO - [2025-04-10T20:43:07.498+0000] {dagbag.py:588} INFO - Filling up the DagBag from /opt/airflow/dags/etl_pipeline.py
[2025-04-10T20:43:07.752+0000] {processor.py:925} INFO - DAG(s) 'etl_pipeline' retrieved from /opt/airflow/dags/etl_pipeline.py
[2025-04-10T20:43:08.168+0000] {logging_mixin.py:190} INFO - [2025-04-10T20:43:08.167+0000] {dag.py:3239} INFO - Sync 1 DAGs
[2025-04-10T20:43:08.325+0000] {logging_mixin.py:190} INFO - [2025-04-10T20:43:08.325+0000] {dag.py:4180} INFO - Setting next_dagrun for etl_pipeline to 2025-04-10 00:00:00+00:00, run_after=2025-04-11 00:00:00+00:00
[2025-04-10T20:43:08.477+0000] {processor.py:208} INFO - Processing /opt/airflow/dags/etl_pipeline.py took 1.180 seconds
[2025-04-10T20:43:40.357+0000] {processor.py:186} INFO - Started process (PID=188) to work on /opt/airflow/dags/etl_pipeline.py
[2025-04-10T20:43:40.369+0000] {processor.py:914} INFO - Processing file /opt/airflow/dags/etl_pipeline.py for tasks to queue
[2025-04-10T20:43:40.384+0000] {logging_mixin.py:190} INFO - [2025-04-10T20:43:40.383+0000] {dagbag.py:588} INFO - Filling up the DagBag from /opt/airflow/dags/etl_pipeline.py
[2025-04-10T20:43:40.992+0000] {processor.py:925} INFO - DAG(s) 'etl_pipeline' retrieved from /opt/airflow/dags/etl_pipeline.py
[2025-04-10T20:43:41.279+0000] {logging_mixin.py:190} INFO - [2025-04-10T20:43:41.277+0000] {dag.py:3239} INFO - Sync 1 DAGs
[2025-04-10T20:43:41.401+0000] {logging_mixin.py:190} INFO - [2025-04-10T20:43:41.401+0000] {dag.py:4180} INFO - Setting next_dagrun for etl_pipeline to 2025-04-10 00:00:00+00:00, run_after=2025-04-11 00:00:00+00:00
[2025-04-10T20:43:41.491+0000] {processor.py:208} INFO - Processing /opt/airflow/dags/etl_pipeline.py took 1.141 seconds
[2025-04-10T20:44:12.710+0000] {processor.py:186} INFO - Started process (PID=193) to work on /opt/airflow/dags/etl_pipeline.py
[2025-04-10T20:44:12.728+0000] {processor.py:914} INFO - Processing file /opt/airflow/dags/etl_pipeline.py for tasks to queue
[2025-04-10T20:44:12.754+0000] {logging_mixin.py:190} INFO - [2025-04-10T20:44:12.751+0000] {dagbag.py:588} INFO - Filling up the DagBag from /opt/airflow/dags/etl_pipeline.py
[2025-04-10T20:44:12.902+0000] {processor.py:925} INFO - DAG(s) 'etl_pipeline' retrieved from /opt/airflow/dags/etl_pipeline.py
[2025-04-10T20:44:13.502+0000] {logging_mixin.py:190} INFO - [2025-04-10T20:44:13.501+0000] {dag.py:3239} INFO - Sync 1 DAGs
[2025-04-10T20:44:13.689+0000] {logging_mixin.py:190} INFO - [2025-04-10T20:44:13.689+0000] {dag.py:4180} INFO - Setting next_dagrun for etl_pipeline to 2025-04-10 00:00:00+00:00, run_after=2025-04-11 00:00:00+00:00
[2025-04-10T20:44:13.845+0000] {processor.py:208} INFO - Processing /opt/airflow/dags/etl_pipeline.py took 1.142 seconds
[2025-04-10T20:44:44.086+0000] {processor.py:186} INFO - Started process (PID=198) to work on /opt/airflow/dags/etl_pipeline.py
[2025-04-10T20:44:44.088+0000] {processor.py:914} INFO - Processing file /opt/airflow/dags/etl_pipeline.py for tasks to queue
[2025-04-10T20:44:44.106+0000] {logging_mixin.py:190} INFO - [2025-04-10T20:44:44.102+0000] {dagbag.py:588} INFO - Filling up the DagBag from /opt/airflow/dags/etl_pipeline.py
[2025-04-10T20:44:44.350+0000] {processor.py:925} INFO - DAG(s) 'etl_pipeline' retrieved from /opt/airflow/dags/etl_pipeline.py
[2025-04-10T20:44:44.472+0000] {logging_mixin.py:190} INFO - [2025-04-10T20:44:44.472+0000] {dag.py:3239} INFO - Sync 1 DAGs
[2025-04-10T20:44:44.556+0000] {logging_mixin.py:190} INFO - [2025-04-10T20:44:44.555+0000] {dag.py:4180} INFO - Setting next_dagrun for etl_pipeline to 2025-04-10 00:00:00+00:00, run_after=2025-04-11 00:00:00+00:00
[2025-04-10T20:44:44.607+0000] {processor.py:208} INFO - Processing /opt/airflow/dags/etl_pipeline.py took 0.535 seconds
[2025-04-10T20:45:14.698+0000] {processor.py:186} INFO - Started process (PID=203) to work on /opt/airflow/dags/etl_pipeline.py
[2025-04-10T20:45:14.702+0000] {processor.py:914} INFO - Processing file /opt/airflow/dags/etl_pipeline.py for tasks to queue
[2025-04-10T20:45:14.705+0000] {logging_mixin.py:190} INFO - [2025-04-10T20:45:14.705+0000] {dagbag.py:588} INFO - Filling up the DagBag from /opt/airflow/dags/etl_pipeline.py
[2025-04-10T20:45:14.732+0000] {processor.py:925} INFO - DAG(s) 'etl_pipeline' retrieved from /opt/airflow/dags/etl_pipeline.py
[2025-04-10T20:45:14.776+0000] {logging_mixin.py:190} INFO - [2025-04-10T20:45:14.775+0000] {dag.py:3239} INFO - Sync 1 DAGs
[2025-04-10T20:45:14.816+0000] {logging_mixin.py:190} INFO - [2025-04-10T20:45:14.816+0000] {dag.py:4180} INFO - Setting next_dagrun for etl_pipeline to 2025-04-10 00:00:00+00:00, run_after=2025-04-11 00:00:00+00:00
[2025-04-10T20:45:14.845+0000] {processor.py:208} INFO - Processing /opt/airflow/dags/etl_pipeline.py took 0.152 seconds
[2025-04-10T20:45:48.716+0000] {processor.py:186} INFO - Started process (PID=208) to work on /opt/airflow/dags/etl_pipeline.py
[2025-04-10T20:45:48.719+0000] {processor.py:914} INFO - Processing file /opt/airflow/dags/etl_pipeline.py for tasks to queue
[2025-04-10T20:45:48.729+0000] {logging_mixin.py:190} INFO - [2025-04-10T20:45:48.728+0000] {dagbag.py:588} INFO - Filling up the DagBag from /opt/airflow/dags/etl_pipeline.py
[2025-04-10T20:45:48.804+0000] {processor.py:925} INFO - DAG(s) 'etl_pipeline' retrieved from /opt/airflow/dags/etl_pipeline.py
[2025-04-10T20:45:49.133+0000] {logging_mixin.py:190} INFO - [2025-04-10T20:45:49.132+0000] {dag.py:3239} INFO - Sync 1 DAGs
[2025-04-10T20:45:49.394+0000] {logging_mixin.py:190} INFO - [2025-04-10T20:45:49.393+0000] {dag.py:4180} INFO - Setting next_dagrun for etl_pipeline to 2025-04-10 00:00:00+00:00, run_after=2025-04-11 00:00:00+00:00
[2025-04-10T20:45:49.484+0000] {processor.py:208} INFO - Processing /opt/airflow/dags/etl_pipeline.py took 0.802 seconds
[2025-04-10T20:46:20.101+0000] {processor.py:186} INFO - Started process (PID=213) to work on /opt/airflow/dags/etl_pipeline.py
[2025-04-10T20:46:20.109+0000] {processor.py:914} INFO - Processing file /opt/airflow/dags/etl_pipeline.py for tasks to queue
[2025-04-10T20:46:20.133+0000] {logging_mixin.py:190} INFO - [2025-04-10T20:46:20.130+0000] {dagbag.py:588} INFO - Filling up the DagBag from /opt/airflow/dags/etl_pipeline.py
[2025-04-10T20:46:20.419+0000] {processor.py:925} INFO - DAG(s) 'etl_pipeline' retrieved from /opt/airflow/dags/etl_pipeline.py
[2025-04-10T20:46:20.643+0000] {logging_mixin.py:190} INFO - [2025-04-10T20:46:20.642+0000] {dag.py:3239} INFO - Sync 1 DAGs
[2025-04-10T20:46:20.811+0000] {logging_mixin.py:190} INFO - [2025-04-10T20:46:20.808+0000] {dag.py:4180} INFO - Setting next_dagrun for etl_pipeline to 2025-04-10 00:00:00+00:00, run_after=2025-04-11 00:00:00+00:00
[2025-04-10T20:46:20.926+0000] {processor.py:208} INFO - Processing /opt/airflow/dags/etl_pipeline.py took 0.925 seconds
[2025-04-10T20:46:51.689+0000] {processor.py:186} INFO - Started process (PID=218) to work on /opt/airflow/dags/etl_pipeline.py
[2025-04-10T20:46:51.696+0000] {processor.py:914} INFO - Processing file /opt/airflow/dags/etl_pipeline.py for tasks to queue
[2025-04-10T20:46:51.717+0000] {logging_mixin.py:190} INFO - [2025-04-10T20:46:51.714+0000] {dagbag.py:588} INFO - Filling up the DagBag from /opt/airflow/dags/etl_pipeline.py
[2025-04-10T20:46:51.858+0000] {processor.py:925} INFO - DAG(s) 'etl_pipeline' retrieved from /opt/airflow/dags/etl_pipeline.py
[2025-04-10T20:46:52.261+0000] {logging_mixin.py:190} INFO - [2025-04-10T20:46:52.258+0000] {dag.py:3239} INFO - Sync 1 DAGs
[2025-04-10T20:46:52.436+0000] {logging_mixin.py:190} INFO - [2025-04-10T20:46:52.435+0000] {dag.py:4180} INFO - Setting next_dagrun for etl_pipeline to 2025-04-10 00:00:00+00:00, run_after=2025-04-11 00:00:00+00:00
[2025-04-10T20:46:52.520+0000] {processor.py:208} INFO - Processing /opt/airflow/dags/etl_pipeline.py took 0.891 seconds
[2025-04-10T20:47:22.958+0000] {processor.py:186} INFO - Started process (PID=223) to work on /opt/airflow/dags/etl_pipeline.py
[2025-04-10T20:47:22.960+0000] {processor.py:914} INFO - Processing file /opt/airflow/dags/etl_pipeline.py for tasks to queue
[2025-04-10T20:47:22.964+0000] {logging_mixin.py:190} INFO - [2025-04-10T20:47:22.963+0000] {dagbag.py:588} INFO - Filling up the DagBag from /opt/airflow/dags/etl_pipeline.py
[2025-04-10T20:47:22.999+0000] {processor.py:925} INFO - DAG(s) 'etl_pipeline' retrieved from /opt/airflow/dags/etl_pipeline.py
[2025-04-10T20:47:23.052+0000] {logging_mixin.py:190} INFO - [2025-04-10T20:47:23.052+0000] {dag.py:3239} INFO - Sync 1 DAGs
[2025-04-10T20:47:23.132+0000] {logging_mixin.py:190} INFO - [2025-04-10T20:47:23.132+0000] {dag.py:4180} INFO - Setting next_dagrun for etl_pipeline to 2025-04-10 00:00:00+00:00, run_after=2025-04-11 00:00:00+00:00
[2025-04-10T20:47:23.183+0000] {processor.py:208} INFO - Processing /opt/airflow/dags/etl_pipeline.py took 0.233 seconds
[2025-04-10T20:47:53.485+0000] {processor.py:186} INFO - Started process (PID=228) to work on /opt/airflow/dags/etl_pipeline.py
[2025-04-10T20:47:53.487+0000] {processor.py:914} INFO - Processing file /opt/airflow/dags/etl_pipeline.py for tasks to queue
[2025-04-10T20:47:53.492+0000] {logging_mixin.py:190} INFO - [2025-04-10T20:47:53.491+0000] {dagbag.py:588} INFO - Filling up the DagBag from /opt/airflow/dags/etl_pipeline.py
[2025-04-10T20:47:53.536+0000] {processor.py:925} INFO - DAG(s) 'etl_pipeline' retrieved from /opt/airflow/dags/etl_pipeline.py
[2025-04-10T20:47:53.584+0000] {logging_mixin.py:190} INFO - [2025-04-10T20:47:53.584+0000] {dag.py:3239} INFO - Sync 1 DAGs
[2025-04-10T20:47:53.616+0000] {logging_mixin.py:190} INFO - [2025-04-10T20:47:53.616+0000] {dag.py:4180} INFO - Setting next_dagrun for etl_pipeline to 2025-04-10 00:00:00+00:00, run_after=2025-04-11 00:00:00+00:00
[2025-04-10T20:47:53.642+0000] {processor.py:208} INFO - Processing /opt/airflow/dags/etl_pipeline.py took 0.163 seconds
[2025-04-10T20:48:23.803+0000] {processor.py:186} INFO - Started process (PID=233) to work on /opt/airflow/dags/etl_pipeline.py
[2025-04-10T20:48:23.804+0000] {processor.py:914} INFO - Processing file /opt/airflow/dags/etl_pipeline.py for tasks to queue
[2025-04-10T20:48:23.807+0000] {logging_mixin.py:190} INFO - [2025-04-10T20:48:23.807+0000] {dagbag.py:588} INFO - Filling up the DagBag from /opt/airflow/dags/etl_pipeline.py
[2025-04-10T20:48:23.849+0000] {processor.py:925} INFO - DAG(s) 'etl_pipeline' retrieved from /opt/airflow/dags/etl_pipeline.py
[2025-04-10T20:48:23.894+0000] {logging_mixin.py:190} INFO - [2025-04-10T20:48:23.894+0000] {dag.py:3239} INFO - Sync 1 DAGs
[2025-04-10T20:48:23.932+0000] {logging_mixin.py:190} INFO - [2025-04-10T20:48:23.931+0000] {dag.py:4180} INFO - Setting next_dagrun for etl_pipeline to 2025-04-10 00:00:00+00:00, run_after=2025-04-11 00:00:00+00:00
[2025-04-10T20:48:23.964+0000] {processor.py:208} INFO - Processing /opt/airflow/dags/etl_pipeline.py took 0.167 seconds
[2025-04-10T20:48:54.223+0000] {processor.py:186} INFO - Started process (PID=238) to work on /opt/airflow/dags/etl_pipeline.py
[2025-04-10T20:48:54.225+0000] {processor.py:914} INFO - Processing file /opt/airflow/dags/etl_pipeline.py for tasks to queue
[2025-04-10T20:48:54.227+0000] {logging_mixin.py:190} INFO - [2025-04-10T20:48:54.227+0000] {dagbag.py:588} INFO - Filling up the DagBag from /opt/airflow/dags/etl_pipeline.py
[2025-04-10T20:48:54.257+0000] {processor.py:925} INFO - DAG(s) 'etl_pipeline' retrieved from /opt/airflow/dags/etl_pipeline.py
[2025-04-10T20:48:54.295+0000] {logging_mixin.py:190} INFO - [2025-04-10T20:48:54.294+0000] {dag.py:3239} INFO - Sync 1 DAGs
[2025-04-10T20:48:54.324+0000] {logging_mixin.py:190} INFO - [2025-04-10T20:48:54.323+0000] {dag.py:4180} INFO - Setting next_dagrun for etl_pipeline to 2025-04-10 00:00:00+00:00, run_after=2025-04-11 00:00:00+00:00
[2025-04-10T20:48:54.356+0000] {processor.py:208} INFO - Processing /opt/airflow/dags/etl_pipeline.py took 0.139 seconds
[2025-04-10T20:49:24.564+0000] {processor.py:186} INFO - Started process (PID=243) to work on /opt/airflow/dags/etl_pipeline.py
[2025-04-10T20:49:24.565+0000] {processor.py:914} INFO - Processing file /opt/airflow/dags/etl_pipeline.py for tasks to queue
[2025-04-10T20:49:24.568+0000] {logging_mixin.py:190} INFO - [2025-04-10T20:49:24.567+0000] {dagbag.py:588} INFO - Filling up the DagBag from /opt/airflow/dags/etl_pipeline.py
[2025-04-10T20:49:24.612+0000] {processor.py:925} INFO - DAG(s) 'etl_pipeline' retrieved from /opt/airflow/dags/etl_pipeline.py
[2025-04-10T20:49:24.651+0000] {logging_mixin.py:190} INFO - [2025-04-10T20:49:24.650+0000] {dag.py:3239} INFO - Sync 1 DAGs
[2025-04-10T20:49:24.687+0000] {logging_mixin.py:190} INFO - [2025-04-10T20:49:24.686+0000] {dag.py:4180} INFO - Setting next_dagrun for etl_pipeline to 2025-04-10 00:00:00+00:00, run_after=2025-04-11 00:00:00+00:00
[2025-04-10T20:49:24.708+0000] {processor.py:208} INFO - Processing /opt/airflow/dags/etl_pipeline.py took 0.175 seconds
[2025-04-10T20:49:54.879+0000] {processor.py:186} INFO - Started process (PID=248) to work on /opt/airflow/dags/etl_pipeline.py
[2025-04-10T20:49:54.881+0000] {processor.py:914} INFO - Processing file /opt/airflow/dags/etl_pipeline.py for tasks to queue
[2025-04-10T20:49:54.884+0000] {logging_mixin.py:190} INFO - [2025-04-10T20:49:54.884+0000] {dagbag.py:588} INFO - Filling up the DagBag from /opt/airflow/dags/etl_pipeline.py
[2025-04-10T20:49:54.916+0000] {processor.py:925} INFO - DAG(s) 'etl_pipeline' retrieved from /opt/airflow/dags/etl_pipeline.py
[2025-04-10T20:49:54.995+0000] {logging_mixin.py:190} INFO - [2025-04-10T20:49:54.994+0000] {dag.py:3239} INFO - Sync 1 DAGs
[2025-04-10T20:49:55.048+0000] {logging_mixin.py:190} INFO - [2025-04-10T20:49:55.048+0000] {dag.py:4180} INFO - Setting next_dagrun for etl_pipeline to 2025-04-10 00:00:00+00:00, run_after=2025-04-11 00:00:00+00:00
[2025-04-10T20:49:55.096+0000] {processor.py:208} INFO - Processing /opt/airflow/dags/etl_pipeline.py took 0.223 seconds
[2025-04-10T20:50:25.231+0000] {processor.py:186} INFO - Started process (PID=253) to work on /opt/airflow/dags/etl_pipeline.py
[2025-04-10T20:50:25.232+0000] {processor.py:914} INFO - Processing file /opt/airflow/dags/etl_pipeline.py for tasks to queue
[2025-04-10T20:50:25.234+0000] {logging_mixin.py:190} INFO - [2025-04-10T20:50:25.234+0000] {dagbag.py:588} INFO - Filling up the DagBag from /opt/airflow/dags/etl_pipeline.py
[2025-04-10T20:50:25.260+0000] {processor.py:925} INFO - DAG(s) 'etl_pipeline' retrieved from /opt/airflow/dags/etl_pipeline.py
[2025-04-10T20:50:25.329+0000] {logging_mixin.py:190} INFO - [2025-04-10T20:50:25.329+0000] {dag.py:3239} INFO - Sync 1 DAGs
[2025-04-10T20:50:25.370+0000] {logging_mixin.py:190} INFO - [2025-04-10T20:50:25.370+0000] {dag.py:4180} INFO - Setting next_dagrun for etl_pipeline to 2025-04-10 00:00:00+00:00, run_after=2025-04-11 00:00:00+00:00
[2025-04-10T20:50:25.399+0000] {processor.py:208} INFO - Processing /opt/airflow/dags/etl_pipeline.py took 0.174 seconds
[2025-04-10T20:50:55.677+0000] {processor.py:186} INFO - Started process (PID=258) to work on /opt/airflow/dags/etl_pipeline.py
[2025-04-10T20:50:55.678+0000] {processor.py:914} INFO - Processing file /opt/airflow/dags/etl_pipeline.py for tasks to queue
[2025-04-10T20:50:55.680+0000] {logging_mixin.py:190} INFO - [2025-04-10T20:50:55.680+0000] {dagbag.py:588} INFO - Filling up the DagBag from /opt/airflow/dags/etl_pipeline.py
[2025-04-10T20:50:55.707+0000] {processor.py:925} INFO - DAG(s) 'etl_pipeline' retrieved from /opt/airflow/dags/etl_pipeline.py
[2025-04-10T20:50:55.742+0000] {logging_mixin.py:190} INFO - [2025-04-10T20:50:55.742+0000] {dag.py:3239} INFO - Sync 1 DAGs
[2025-04-10T20:50:55.771+0000] {logging_mixin.py:190} INFO - [2025-04-10T20:50:55.770+0000] {dag.py:4180} INFO - Setting next_dagrun for etl_pipeline to 2025-04-10 00:00:00+00:00, run_after=2025-04-11 00:00:00+00:00
[2025-04-10T20:50:55.807+0000] {processor.py:208} INFO - Processing /opt/airflow/dags/etl_pipeline.py took 0.136 seconds
[2025-04-10T20:51:25.945+0000] {processor.py:186} INFO - Started process (PID=263) to work on /opt/airflow/dags/etl_pipeline.py
[2025-04-10T20:51:25.946+0000] {processor.py:914} INFO - Processing file /opt/airflow/dags/etl_pipeline.py for tasks to queue
[2025-04-10T20:51:25.949+0000] {logging_mixin.py:190} INFO - [2025-04-10T20:51:25.948+0000] {dagbag.py:588} INFO - Filling up the DagBag from /opt/airflow/dags/etl_pipeline.py
[2025-04-10T20:51:25.979+0000] {processor.py:925} INFO - DAG(s) 'etl_pipeline' retrieved from /opt/airflow/dags/etl_pipeline.py
[2025-04-10T20:51:26.032+0000] {logging_mixin.py:190} INFO - [2025-04-10T20:51:26.031+0000] {dag.py:3239} INFO - Sync 1 DAGs
[2025-04-10T20:51:26.084+0000] {logging_mixin.py:190} INFO - [2025-04-10T20:51:26.083+0000] {dag.py:4180} INFO - Setting next_dagrun for etl_pipeline to 2025-04-10 00:00:00+00:00, run_after=2025-04-11 00:00:00+00:00
[2025-04-10T20:51:26.120+0000] {processor.py:208} INFO - Processing /opt/airflow/dags/etl_pipeline.py took 0.182 seconds
[2025-04-10T20:51:56.392+0000] {processor.py:186} INFO - Started process (PID=268) to work on /opt/airflow/dags/etl_pipeline.py
[2025-04-10T20:51:56.396+0000] {processor.py:914} INFO - Processing file /opt/airflow/dags/etl_pipeline.py for tasks to queue
[2025-04-10T20:51:56.405+0000] {logging_mixin.py:190} INFO - [2025-04-10T20:51:56.403+0000] {dagbag.py:588} INFO - Filling up the DagBag from /opt/airflow/dags/etl_pipeline.py
[2025-04-10T20:51:56.480+0000] {processor.py:925} INFO - DAG(s) 'etl_pipeline' retrieved from /opt/airflow/dags/etl_pipeline.py
[2025-04-10T20:51:56.646+0000] {logging_mixin.py:190} INFO - [2025-04-10T20:51:56.646+0000] {dag.py:3239} INFO - Sync 1 DAGs
[2025-04-10T20:51:56.764+0000] {logging_mixin.py:190} INFO - [2025-04-10T20:51:56.763+0000] {dag.py:4180} INFO - Setting next_dagrun for etl_pipeline to 2025-04-10 00:00:00+00:00, run_after=2025-04-11 00:00:00+00:00
[2025-04-10T20:51:56.849+0000] {processor.py:208} INFO - Processing /opt/airflow/dags/etl_pipeline.py took 0.486 seconds
[2025-04-10T20:52:27.259+0000] {processor.py:186} INFO - Started process (PID=273) to work on /opt/airflow/dags/etl_pipeline.py
[2025-04-10T20:52:27.266+0000] {processor.py:914} INFO - Processing file /opt/airflow/dags/etl_pipeline.py for tasks to queue
[2025-04-10T20:52:27.273+0000] {logging_mixin.py:190} INFO - [2025-04-10T20:52:27.273+0000] {dagbag.py:588} INFO - Filling up the DagBag from /opt/airflow/dags/etl_pipeline.py
[2025-04-10T20:52:27.337+0000] {processor.py:925} INFO - DAG(s) 'etl_pipeline' retrieved from /opt/airflow/dags/etl_pipeline.py
[2025-04-10T20:52:27.453+0000] {logging_mixin.py:190} INFO - [2025-04-10T20:52:27.452+0000] {dag.py:3239} INFO - Sync 1 DAGs
[2025-04-10T20:52:27.562+0000] {logging_mixin.py:190} INFO - [2025-04-10T20:52:27.561+0000] {dag.py:4180} INFO - Setting next_dagrun for etl_pipeline to 2025-04-10 00:00:00+00:00, run_after=2025-04-11 00:00:00+00:00
[2025-04-10T20:52:27.613+0000] {processor.py:208} INFO - Processing /opt/airflow/dags/etl_pipeline.py took 0.395 seconds
[2025-04-10T20:52:57.888+0000] {processor.py:186} INFO - Started process (PID=278) to work on /opt/airflow/dags/etl_pipeline.py
[2025-04-10T20:52:57.890+0000] {processor.py:914} INFO - Processing file /opt/airflow/dags/etl_pipeline.py for tasks to queue
[2025-04-10T20:52:57.893+0000] {logging_mixin.py:190} INFO - [2025-04-10T20:52:57.892+0000] {dagbag.py:588} INFO - Filling up the DagBag from /opt/airflow/dags/etl_pipeline.py
[2025-04-10T20:52:57.925+0000] {processor.py:925} INFO - DAG(s) 'etl_pipeline' retrieved from /opt/airflow/dags/etl_pipeline.py
[2025-04-10T20:52:57.972+0000] {logging_mixin.py:190} INFO - [2025-04-10T20:52:57.972+0000] {dag.py:3239} INFO - Sync 1 DAGs
[2025-04-10T20:52:58.026+0000] {logging_mixin.py:190} INFO - [2025-04-10T20:52:58.025+0000] {dag.py:4180} INFO - Setting next_dagrun for etl_pipeline to 2025-04-10 00:00:00+00:00, run_after=2025-04-11 00:00:00+00:00
[2025-04-10T20:52:58.072+0000] {processor.py:208} INFO - Processing /opt/airflow/dags/etl_pipeline.py took 0.193 seconds
[2025-04-10T20:53:28.139+0000] {processor.py:186} INFO - Started process (PID=283) to work on /opt/airflow/dags/etl_pipeline.py
[2025-04-10T20:53:28.140+0000] {processor.py:914} INFO - Processing file /opt/airflow/dags/etl_pipeline.py for tasks to queue
[2025-04-10T20:53:28.143+0000] {logging_mixin.py:190} INFO - [2025-04-10T20:53:28.143+0000] {dagbag.py:588} INFO - Filling up the DagBag from /opt/airflow/dags/etl_pipeline.py
[2025-04-10T20:53:28.168+0000] {processor.py:925} INFO - DAG(s) 'etl_pipeline' retrieved from /opt/airflow/dags/etl_pipeline.py
[2025-04-10T20:53:28.202+0000] {logging_mixin.py:190} INFO - [2025-04-10T20:53:28.202+0000] {dag.py:3239} INFO - Sync 1 DAGs
[2025-04-10T20:53:28.235+0000] {logging_mixin.py:190} INFO - [2025-04-10T20:53:28.235+0000] {dag.py:4180} INFO - Setting next_dagrun for etl_pipeline to 2025-04-10 00:00:00+00:00, run_after=2025-04-11 00:00:00+00:00
[2025-04-10T20:53:28.267+0000] {processor.py:208} INFO - Processing /opt/airflow/dags/etl_pipeline.py took 0.134 seconds
[2025-04-10T20:53:58.414+0000] {processor.py:186} INFO - Started process (PID=288) to work on /opt/airflow/dags/etl_pipeline.py
[2025-04-10T20:53:58.416+0000] {processor.py:914} INFO - Processing file /opt/airflow/dags/etl_pipeline.py for tasks to queue
[2025-04-10T20:53:58.419+0000] {logging_mixin.py:190} INFO - [2025-04-10T20:53:58.418+0000] {dagbag.py:588} INFO - Filling up the DagBag from /opt/airflow/dags/etl_pipeline.py
[2025-04-10T20:53:58.455+0000] {processor.py:925} INFO - DAG(s) 'etl_pipeline' retrieved from /opt/airflow/dags/etl_pipeline.py
[2025-04-10T20:53:58.491+0000] {logging_mixin.py:190} INFO - [2025-04-10T20:53:58.491+0000] {dag.py:3239} INFO - Sync 1 DAGs
[2025-04-10T20:53:58.527+0000] {logging_mixin.py:190} INFO - [2025-04-10T20:53:58.527+0000] {dag.py:4180} INFO - Setting next_dagrun for etl_pipeline to 2025-04-10 00:00:00+00:00, run_after=2025-04-11 00:00:00+00:00
[2025-04-10T20:53:58.605+0000] {processor.py:208} INFO - Processing /opt/airflow/dags/etl_pipeline.py took 0.198 seconds
[2025-04-10T20:54:28.774+0000] {processor.py:186} INFO - Started process (PID=293) to work on /opt/airflow/dags/etl_pipeline.py
[2025-04-10T20:54:28.781+0000] {processor.py:914} INFO - Processing file /opt/airflow/dags/etl_pipeline.py for tasks to queue
[2025-04-10T20:54:28.788+0000] {logging_mixin.py:190} INFO - [2025-04-10T20:54:28.788+0000] {dagbag.py:588} INFO - Filling up the DagBag from /opt/airflow/dags/etl_pipeline.py
[2025-04-10T20:54:28.852+0000] {processor.py:925} INFO - DAG(s) 'etl_pipeline' retrieved from /opt/airflow/dags/etl_pipeline.py
[2025-04-10T20:54:28.921+0000] {logging_mixin.py:190} INFO - [2025-04-10T20:54:28.921+0000] {dag.py:3239} INFO - Sync 1 DAGs
[2025-04-10T20:54:28.964+0000] {logging_mixin.py:190} INFO - [2025-04-10T20:54:28.964+0000] {dag.py:4180} INFO - Setting next_dagrun for etl_pipeline to 2025-04-10 00:00:00+00:00, run_after=2025-04-11 00:00:00+00:00
[2025-04-10T20:54:29.001+0000] {processor.py:208} INFO - Processing /opt/airflow/dags/etl_pipeline.py took 0.235 seconds
[2025-04-10T20:54:59.173+0000] {processor.py:186} INFO - Started process (PID=298) to work on /opt/airflow/dags/etl_pipeline.py
[2025-04-10T20:54:59.175+0000] {processor.py:914} INFO - Processing file /opt/airflow/dags/etl_pipeline.py for tasks to queue
[2025-04-10T20:54:59.178+0000] {logging_mixin.py:190} INFO - [2025-04-10T20:54:59.178+0000] {dagbag.py:588} INFO - Filling up the DagBag from /opt/airflow/dags/etl_pipeline.py
[2025-04-10T20:54:59.244+0000] {processor.py:925} INFO - DAG(s) 'etl_pipeline' retrieved from /opt/airflow/dags/etl_pipeline.py
[2025-04-10T20:54:59.314+0000] {logging_mixin.py:190} INFO - [2025-04-10T20:54:59.314+0000] {dag.py:3239} INFO - Sync 1 DAGs
[2025-04-10T20:54:59.352+0000] {logging_mixin.py:190} INFO - [2025-04-10T20:54:59.352+0000] {dag.py:4180} INFO - Setting next_dagrun for etl_pipeline to 2025-04-10 00:00:00+00:00, run_after=2025-04-11 00:00:00+00:00
[2025-04-10T20:54:59.430+0000] {processor.py:208} INFO - Processing /opt/airflow/dags/etl_pipeline.py took 0.265 seconds
[2025-04-10T20:55:29.509+0000] {processor.py:186} INFO - Started process (PID=303) to work on /opt/airflow/dags/etl_pipeline.py
[2025-04-10T20:55:29.510+0000] {processor.py:914} INFO - Processing file /opt/airflow/dags/etl_pipeline.py for tasks to queue
[2025-04-10T20:55:29.513+0000] {logging_mixin.py:190} INFO - [2025-04-10T20:55:29.512+0000] {dagbag.py:588} INFO - Filling up the DagBag from /opt/airflow/dags/etl_pipeline.py
[2025-04-10T20:55:29.576+0000] {processor.py:925} INFO - DAG(s) 'etl_pipeline' retrieved from /opt/airflow/dags/etl_pipeline.py
[2025-04-10T20:55:29.650+0000] {logging_mixin.py:190} INFO - [2025-04-10T20:55:29.649+0000] {dag.py:3239} INFO - Sync 1 DAGs
[2025-04-10T20:55:29.717+0000] {logging_mixin.py:190} INFO - [2025-04-10T20:55:29.717+0000] {dag.py:4180} INFO - Setting next_dagrun for etl_pipeline to 2025-04-10 00:00:00+00:00, run_after=2025-04-11 00:00:00+00:00
[2025-04-10T20:55:29.743+0000] {processor.py:208} INFO - Processing /opt/airflow/dags/etl_pipeline.py took 0.241 seconds
[2025-04-10T20:55:59.942+0000] {processor.py:186} INFO - Started process (PID=308) to work on /opt/airflow/dags/etl_pipeline.py
[2025-04-10T20:55:59.943+0000] {processor.py:914} INFO - Processing file /opt/airflow/dags/etl_pipeline.py for tasks to queue
[2025-04-10T20:55:59.946+0000] {logging_mixin.py:190} INFO - [2025-04-10T20:55:59.946+0000] {dagbag.py:588} INFO - Filling up the DagBag from /opt/airflow/dags/etl_pipeline.py
[2025-04-10T20:55:59.975+0000] {processor.py:925} INFO - DAG(s) 'etl_pipeline' retrieved from /opt/airflow/dags/etl_pipeline.py
[2025-04-10T20:56:00.018+0000] {logging_mixin.py:190} INFO - [2025-04-10T20:56:00.017+0000] {dag.py:3239} INFO - Sync 1 DAGs
[2025-04-10T20:56:00.051+0000] {logging_mixin.py:190} INFO - [2025-04-10T20:56:00.050+0000] {dag.py:4180} INFO - Setting next_dagrun for etl_pipeline to 2025-04-10 00:00:00+00:00, run_after=2025-04-11 00:00:00+00:00
[2025-04-10T20:56:00.074+0000] {processor.py:208} INFO - Processing /opt/airflow/dags/etl_pipeline.py took 0.139 seconds
[2025-04-10T20:56:30.260+0000] {processor.py:186} INFO - Started process (PID=313) to work on /opt/airflow/dags/etl_pipeline.py
[2025-04-10T20:56:30.261+0000] {processor.py:914} INFO - Processing file /opt/airflow/dags/etl_pipeline.py for tasks to queue
[2025-04-10T20:56:30.264+0000] {logging_mixin.py:190} INFO - [2025-04-10T20:56:30.264+0000] {dagbag.py:588} INFO - Filling up the DagBag from /opt/airflow/dags/etl_pipeline.py
[2025-04-10T20:56:30.295+0000] {processor.py:925} INFO - DAG(s) 'etl_pipeline' retrieved from /opt/airflow/dags/etl_pipeline.py
[2025-04-10T20:56:30.348+0000] {logging_mixin.py:190} INFO - [2025-04-10T20:56:30.348+0000] {dag.py:3239} INFO - Sync 1 DAGs
[2025-04-10T20:56:30.385+0000] {logging_mixin.py:190} INFO - [2025-04-10T20:56:30.385+0000] {dag.py:4180} INFO - Setting next_dagrun for etl_pipeline to 2025-04-10 00:00:00+00:00, run_after=2025-04-11 00:00:00+00:00
[2025-04-10T20:56:30.409+0000] {processor.py:208} INFO - Processing /opt/airflow/dags/etl_pipeline.py took 0.158 seconds
[2025-04-10T20:57:00.541+0000] {processor.py:186} INFO - Started process (PID=318) to work on /opt/airflow/dags/etl_pipeline.py
[2025-04-10T20:57:00.542+0000] {processor.py:914} INFO - Processing file /opt/airflow/dags/etl_pipeline.py for tasks to queue
[2025-04-10T20:57:00.544+0000] {logging_mixin.py:190} INFO - [2025-04-10T20:57:00.544+0000] {dagbag.py:588} INFO - Filling up the DagBag from /opt/airflow/dags/etl_pipeline.py
[2025-04-10T20:57:00.568+0000] {processor.py:925} INFO - DAG(s) 'etl_pipeline' retrieved from /opt/airflow/dags/etl_pipeline.py
[2025-04-10T20:57:00.598+0000] {logging_mixin.py:190} INFO - [2025-04-10T20:57:00.598+0000] {dag.py:3239} INFO - Sync 1 DAGs
[2025-04-10T20:57:00.625+0000] {logging_mixin.py:190} INFO - [2025-04-10T20:57:00.624+0000] {dag.py:4180} INFO - Setting next_dagrun for etl_pipeline to 2025-04-10 00:00:00+00:00, run_after=2025-04-11 00:00:00+00:00
[2025-04-10T20:57:00.650+0000] {processor.py:208} INFO - Processing /opt/airflow/dags/etl_pipeline.py took 0.115 seconds
[2025-04-10T20:57:30.921+0000] {processor.py:186} INFO - Started process (PID=323) to work on /opt/airflow/dags/etl_pipeline.py
[2025-04-10T20:57:30.922+0000] {processor.py:914} INFO - Processing file /opt/airflow/dags/etl_pipeline.py for tasks to queue
[2025-04-10T20:57:30.925+0000] {logging_mixin.py:190} INFO - [2025-04-10T20:57:30.925+0000] {dagbag.py:588} INFO - Filling up the DagBag from /opt/airflow/dags/etl_pipeline.py
[2025-04-10T20:57:30.951+0000] {processor.py:925} INFO - DAG(s) 'etl_pipeline' retrieved from /opt/airflow/dags/etl_pipeline.py
[2025-04-10T20:57:30.985+0000] {logging_mixin.py:190} INFO - [2025-04-10T20:57:30.984+0000] {dag.py:3239} INFO - Sync 1 DAGs
[2025-04-10T20:57:31.014+0000] {logging_mixin.py:190} INFO - [2025-04-10T20:57:31.013+0000] {dag.py:4180} INFO - Setting next_dagrun for etl_pipeline to 2025-04-10 00:00:00+00:00, run_after=2025-04-11 00:00:00+00:00
[2025-04-10T20:57:31.038+0000] {processor.py:208} INFO - Processing /opt/airflow/dags/etl_pipeline.py took 0.122 seconds
[2025-04-10T20:58:01.172+0000] {processor.py:186} INFO - Started process (PID=328) to work on /opt/airflow/dags/etl_pipeline.py
[2025-04-10T20:58:01.174+0000] {processor.py:914} INFO - Processing file /opt/airflow/dags/etl_pipeline.py for tasks to queue
[2025-04-10T20:58:01.178+0000] {logging_mixin.py:190} INFO - [2025-04-10T20:58:01.177+0000] {dagbag.py:588} INFO - Filling up the DagBag from /opt/airflow/dags/etl_pipeline.py
[2025-04-10T20:58:01.217+0000] {processor.py:925} INFO - DAG(s) 'etl_pipeline' retrieved from /opt/airflow/dags/etl_pipeline.py
[2025-04-10T20:58:01.360+0000] {logging_mixin.py:190} INFO - [2025-04-10T20:58:01.359+0000] {dag.py:3239} INFO - Sync 1 DAGs
[2025-04-10T20:58:01.438+0000] {logging_mixin.py:190} INFO - [2025-04-10T20:58:01.437+0000] {dag.py:4180} INFO - Setting next_dagrun for etl_pipeline to 2025-04-10 00:00:00+00:00, run_after=2025-04-11 00:00:00+00:00
[2025-04-10T20:58:01.486+0000] {processor.py:208} INFO - Processing /opt/airflow/dags/etl_pipeline.py took 0.321 seconds
[2025-04-10T20:58:31.759+0000] {processor.py:186} INFO - Started process (PID=333) to work on /opt/airflow/dags/etl_pipeline.py
[2025-04-10T20:58:31.761+0000] {processor.py:914} INFO - Processing file /opt/airflow/dags/etl_pipeline.py for tasks to queue
[2025-04-10T20:58:31.764+0000] {logging_mixin.py:190} INFO - [2025-04-10T20:58:31.763+0000] {dagbag.py:588} INFO - Filling up the DagBag from /opt/airflow/dags/etl_pipeline.py
[2025-04-10T20:58:31.793+0000] {processor.py:925} INFO - DAG(s) 'etl_pipeline' retrieved from /opt/airflow/dags/etl_pipeline.py
[2025-04-10T20:58:31.858+0000] {logging_mixin.py:190} INFO - [2025-04-10T20:58:31.858+0000] {dag.py:3239} INFO - Sync 1 DAGs
[2025-04-10T20:58:31.908+0000] {logging_mixin.py:190} INFO - [2025-04-10T20:58:31.908+0000] {dag.py:4180} INFO - Setting next_dagrun for etl_pipeline to 2025-04-10 00:00:00+00:00, run_after=2025-04-11 00:00:00+00:00
[2025-04-10T20:58:31.937+0000] {processor.py:208} INFO - Processing /opt/airflow/dags/etl_pipeline.py took 0.190 seconds
[2025-04-10T20:59:01.984+0000] {processor.py:186} INFO - Started process (PID=338) to work on /opt/airflow/dags/etl_pipeline.py
[2025-04-10T20:59:01.985+0000] {processor.py:914} INFO - Processing file /opt/airflow/dags/etl_pipeline.py for tasks to queue
[2025-04-10T20:59:01.987+0000] {logging_mixin.py:190} INFO - [2025-04-10T20:59:01.987+0000] {dagbag.py:588} INFO - Filling up the DagBag from /opt/airflow/dags/etl_pipeline.py
[2025-04-10T20:59:02.009+0000] {processor.py:925} INFO - DAG(s) 'etl_pipeline' retrieved from /opt/airflow/dags/etl_pipeline.py
[2025-04-10T20:59:02.048+0000] {logging_mixin.py:190} INFO - [2025-04-10T20:59:02.048+0000] {dag.py:3239} INFO - Sync 1 DAGs
[2025-04-10T20:59:02.074+0000] {logging_mixin.py:190} INFO - [2025-04-10T20:59:02.074+0000] {dag.py:4180} INFO - Setting next_dagrun for etl_pipeline to 2025-04-10 00:00:00+00:00, run_after=2025-04-11 00:00:00+00:00
[2025-04-10T20:59:02.099+0000] {processor.py:208} INFO - Processing /opt/airflow/dags/etl_pipeline.py took 0.121 seconds
[2025-04-10T20:59:32.246+0000] {processor.py:186} INFO - Started process (PID=343) to work on /opt/airflow/dags/etl_pipeline.py
[2025-04-10T20:59:32.250+0000] {processor.py:914} INFO - Processing file /opt/airflow/dags/etl_pipeline.py for tasks to queue
[2025-04-10T20:59:32.257+0000] {logging_mixin.py:190} INFO - [2025-04-10T20:59:32.257+0000] {dagbag.py:588} INFO - Filling up the DagBag from /opt/airflow/dags/etl_pipeline.py
[2025-04-10T20:59:32.289+0000] {processor.py:925} INFO - DAG(s) 'etl_pipeline' retrieved from /opt/airflow/dags/etl_pipeline.py
[2025-04-10T20:59:32.320+0000] {logging_mixin.py:190} INFO - [2025-04-10T20:59:32.319+0000] {dag.py:3239} INFO - Sync 1 DAGs
[2025-04-10T20:59:32.346+0000] {logging_mixin.py:190} INFO - [2025-04-10T20:59:32.346+0000] {dag.py:4180} INFO - Setting next_dagrun for etl_pipeline to 2025-04-10 00:00:00+00:00, run_after=2025-04-11 00:00:00+00:00
[2025-04-10T20:59:32.365+0000] {processor.py:208} INFO - Processing /opt/airflow/dags/etl_pipeline.py took 0.138 seconds
[2025-04-10T21:00:02.588+0000] {processor.py:186} INFO - Started process (PID=348) to work on /opt/airflow/dags/etl_pipeline.py
[2025-04-10T21:00:02.590+0000] {processor.py:914} INFO - Processing file /opt/airflow/dags/etl_pipeline.py for tasks to queue
[2025-04-10T21:00:02.593+0000] {logging_mixin.py:190} INFO - [2025-04-10T21:00:02.593+0000] {dagbag.py:588} INFO - Filling up the DagBag from /opt/airflow/dags/etl_pipeline.py
[2025-04-10T21:00:02.622+0000] {processor.py:925} INFO - DAG(s) 'etl_pipeline' retrieved from /opt/airflow/dags/etl_pipeline.py
[2025-04-10T21:00:02.663+0000] {logging_mixin.py:190} INFO - [2025-04-10T21:00:02.662+0000] {dag.py:3239} INFO - Sync 1 DAGs
[2025-04-10T21:00:02.694+0000] {logging_mixin.py:190} INFO - [2025-04-10T21:00:02.693+0000] {dag.py:4180} INFO - Setting next_dagrun for etl_pipeline to 2025-04-10 00:00:00+00:00, run_after=2025-04-11 00:00:00+00:00
[2025-04-10T21:00:02.718+0000] {processor.py:208} INFO - Processing /opt/airflow/dags/etl_pipeline.py took 0.135 seconds
[2025-04-10T21:00:32.857+0000] {processor.py:186} INFO - Started process (PID=353) to work on /opt/airflow/dags/etl_pipeline.py
[2025-04-10T21:00:32.858+0000] {processor.py:914} INFO - Processing file /opt/airflow/dags/etl_pipeline.py for tasks to queue
[2025-04-10T21:00:32.862+0000] {logging_mixin.py:190} INFO - [2025-04-10T21:00:32.861+0000] {dagbag.py:588} INFO - Filling up the DagBag from /opt/airflow/dags/etl_pipeline.py
[2025-04-10T21:00:32.891+0000] {processor.py:925} INFO - DAG(s) 'etl_pipeline' retrieved from /opt/airflow/dags/etl_pipeline.py
[2025-04-10T21:00:32.921+0000] {logging_mixin.py:190} INFO - [2025-04-10T21:00:32.921+0000] {dag.py:3239} INFO - Sync 1 DAGs
[2025-04-10T21:00:32.946+0000] {logging_mixin.py:190} INFO - [2025-04-10T21:00:32.945+0000] {dag.py:4180} INFO - Setting next_dagrun for etl_pipeline to 2025-04-10 00:00:00+00:00, run_after=2025-04-11 00:00:00+00:00
[2025-04-10T21:00:32.969+0000] {processor.py:208} INFO - Processing /opt/airflow/dags/etl_pipeline.py took 0.119 seconds
[2025-04-10T21:01:03.358+0000] {processor.py:186} INFO - Started process (PID=358) to work on /opt/airflow/dags/etl_pipeline.py
[2025-04-10T21:01:03.367+0000] {processor.py:914} INFO - Processing file /opt/airflow/dags/etl_pipeline.py for tasks to queue
[2025-04-10T21:01:03.371+0000] {logging_mixin.py:190} INFO - [2025-04-10T21:01:03.370+0000] {dagbag.py:588} INFO - Filling up the DagBag from /opt/airflow/dags/etl_pipeline.py
[2025-04-10T21:01:03.413+0000] {processor.py:925} INFO - DAG(s) 'etl_pipeline' retrieved from /opt/airflow/dags/etl_pipeline.py
[2025-04-10T21:01:03.454+0000] {logging_mixin.py:190} INFO - [2025-04-10T21:01:03.453+0000] {dag.py:3239} INFO - Sync 1 DAGs
[2025-04-10T21:01:03.485+0000] {logging_mixin.py:190} INFO - [2025-04-10T21:01:03.485+0000] {dag.py:4180} INFO - Setting next_dagrun for etl_pipeline to 2025-04-10 00:00:00+00:00, run_after=2025-04-11 00:00:00+00:00
[2025-04-10T21:01:03.510+0000] {processor.py:208} INFO - Processing /opt/airflow/dags/etl_pipeline.py took 0.159 seconds
[2025-04-10T21:01:33.828+0000] {processor.py:186} INFO - Started process (PID=363) to work on /opt/airflow/dags/etl_pipeline.py
[2025-04-10T21:01:33.829+0000] {processor.py:914} INFO - Processing file /opt/airflow/dags/etl_pipeline.py for tasks to queue
[2025-04-10T21:01:33.832+0000] {logging_mixin.py:190} INFO - [2025-04-10T21:01:33.832+0000] {dagbag.py:588} INFO - Filling up the DagBag from /opt/airflow/dags/etl_pipeline.py
[2025-04-10T21:01:33.863+0000] {processor.py:925} INFO - DAG(s) 'etl_pipeline' retrieved from /opt/airflow/dags/etl_pipeline.py
[2025-04-10T21:01:33.907+0000] {logging_mixin.py:190} INFO - [2025-04-10T21:01:33.907+0000] {dag.py:3239} INFO - Sync 1 DAGs
[2025-04-10T21:01:33.938+0000] {logging_mixin.py:190} INFO - [2025-04-10T21:01:33.937+0000] {dag.py:4180} INFO - Setting next_dagrun for etl_pipeline to 2025-04-10 00:00:00+00:00, run_after=2025-04-11 00:00:00+00:00
[2025-04-10T21:01:33.959+0000] {processor.py:208} INFO - Processing /opt/airflow/dags/etl_pipeline.py took 0.138 seconds
[2025-04-10T21:02:04.090+0000] {processor.py:186} INFO - Started process (PID=368) to work on /opt/airflow/dags/etl_pipeline.py
[2025-04-10T21:02:04.091+0000] {processor.py:914} INFO - Processing file /opt/airflow/dags/etl_pipeline.py for tasks to queue
[2025-04-10T21:02:04.093+0000] {logging_mixin.py:190} INFO - [2025-04-10T21:02:04.093+0000] {dagbag.py:588} INFO - Filling up the DagBag from /opt/airflow/dags/etl_pipeline.py
[2025-04-10T21:02:04.115+0000] {processor.py:925} INFO - DAG(s) 'etl_pipeline' retrieved from /opt/airflow/dags/etl_pipeline.py
[2025-04-10T21:02:04.144+0000] {logging_mixin.py:190} INFO - [2025-04-10T21:02:04.143+0000] {dag.py:3239} INFO - Sync 1 DAGs
[2025-04-10T21:02:04.170+0000] {logging_mixin.py:190} INFO - [2025-04-10T21:02:04.170+0000] {dag.py:4180} INFO - Setting next_dagrun for etl_pipeline to 2025-04-10 00:00:00+00:00, run_after=2025-04-11 00:00:00+00:00
[2025-04-10T21:02:04.195+0000] {processor.py:208} INFO - Processing /opt/airflow/dags/etl_pipeline.py took 0.110 seconds
[2025-04-10T21:02:34.438+0000] {processor.py:186} INFO - Started process (PID=373) to work on /opt/airflow/dags/etl_pipeline.py
[2025-04-10T21:02:34.439+0000] {processor.py:914} INFO - Processing file /opt/airflow/dags/etl_pipeline.py for tasks to queue
[2025-04-10T21:02:34.441+0000] {logging_mixin.py:190} INFO - [2025-04-10T21:02:34.441+0000] {dagbag.py:588} INFO - Filling up the DagBag from /opt/airflow/dags/etl_pipeline.py
[2025-04-10T21:02:34.464+0000] {processor.py:925} INFO - DAG(s) 'etl_pipeline' retrieved from /opt/airflow/dags/etl_pipeline.py
[2025-04-10T21:02:34.495+0000] {logging_mixin.py:190} INFO - [2025-04-10T21:02:34.494+0000] {dag.py:3239} INFO - Sync 1 DAGs
[2025-04-10T21:02:34.525+0000] {logging_mixin.py:190} INFO - [2025-04-10T21:02:34.524+0000] {dag.py:4180} INFO - Setting next_dagrun for etl_pipeline to 2025-04-10 00:00:00+00:00, run_after=2025-04-11 00:00:00+00:00
[2025-04-10T21:02:34.549+0000] {processor.py:208} INFO - Processing /opt/airflow/dags/etl_pipeline.py took 0.116 seconds
[2025-04-10T21:03:04.715+0000] {processor.py:186} INFO - Started process (PID=378) to work on /opt/airflow/dags/etl_pipeline.py
[2025-04-10T21:03:04.716+0000] {processor.py:914} INFO - Processing file /opt/airflow/dags/etl_pipeline.py for tasks to queue
[2025-04-10T21:03:04.720+0000] {logging_mixin.py:190} INFO - [2025-04-10T21:03:04.719+0000] {dagbag.py:588} INFO - Filling up the DagBag from /opt/airflow/dags/etl_pipeline.py
[2025-04-10T21:03:04.756+0000] {processor.py:925} INFO - DAG(s) 'etl_pipeline' retrieved from /opt/airflow/dags/etl_pipeline.py
[2025-04-10T21:03:04.807+0000] {logging_mixin.py:190} INFO - [2025-04-10T21:03:04.807+0000] {dag.py:3239} INFO - Sync 1 DAGs
[2025-04-10T21:03:04.846+0000] {logging_mixin.py:190} INFO - [2025-04-10T21:03:04.846+0000] {dag.py:4180} INFO - Setting next_dagrun for etl_pipeline to 2025-04-10 00:00:00+00:00, run_after=2025-04-11 00:00:00+00:00
[2025-04-10T21:03:04.873+0000] {processor.py:208} INFO - Processing /opt/airflow/dags/etl_pipeline.py took 0.168 seconds
[2025-04-10T21:03:35.057+0000] {processor.py:186} INFO - Started process (PID=383) to work on /opt/airflow/dags/etl_pipeline.py
[2025-04-10T21:03:35.059+0000] {processor.py:914} INFO - Processing file /opt/airflow/dags/etl_pipeline.py for tasks to queue
[2025-04-10T21:03:35.063+0000] {logging_mixin.py:190} INFO - [2025-04-10T21:03:35.063+0000] {dagbag.py:588} INFO - Filling up the DagBag from /opt/airflow/dags/etl_pipeline.py
[2025-04-10T21:03:35.103+0000] {processor.py:925} INFO - DAG(s) 'etl_pipeline' retrieved from /opt/airflow/dags/etl_pipeline.py
[2025-04-10T21:03:35.212+0000] {logging_mixin.py:190} INFO - [2025-04-10T21:03:35.212+0000] {dag.py:3239} INFO - Sync 1 DAGs
[2025-04-10T21:03:35.286+0000] {logging_mixin.py:190} INFO - [2025-04-10T21:03:35.286+0000] {dag.py:4180} INFO - Setting next_dagrun for etl_pipeline to 2025-04-10 00:00:00+00:00, run_after=2025-04-11 00:00:00+00:00
[2025-04-10T21:03:35.345+0000] {processor.py:208} INFO - Processing /opt/airflow/dags/etl_pipeline.py took 0.297 seconds
[2025-04-10T21:04:05.605+0000] {processor.py:186} INFO - Started process (PID=388) to work on /opt/airflow/dags/etl_pipeline.py
[2025-04-10T21:04:05.607+0000] {processor.py:914} INFO - Processing file /opt/airflow/dags/etl_pipeline.py for tasks to queue
[2025-04-10T21:04:05.610+0000] {logging_mixin.py:190} INFO - [2025-04-10T21:04:05.609+0000] {dagbag.py:588} INFO - Filling up the DagBag from /opt/airflow/dags/etl_pipeline.py
[2025-04-10T21:04:05.640+0000] {processor.py:925} INFO - DAG(s) 'etl_pipeline' retrieved from /opt/airflow/dags/etl_pipeline.py
[2025-04-10T21:04:05.698+0000] {logging_mixin.py:190} INFO - [2025-04-10T21:04:05.698+0000] {dag.py:3239} INFO - Sync 1 DAGs
[2025-04-10T21:04:05.747+0000] {logging_mixin.py:190} INFO - [2025-04-10T21:04:05.747+0000] {dag.py:4180} INFO - Setting next_dagrun for etl_pipeline to 2025-04-10 00:00:00+00:00, run_after=2025-04-11 00:00:00+00:00
[2025-04-10T21:04:05.777+0000] {processor.py:208} INFO - Processing /opt/airflow/dags/etl_pipeline.py took 0.181 seconds
[2025-04-10T21:04:35.826+0000] {processor.py:186} INFO - Started process (PID=393) to work on /opt/airflow/dags/etl_pipeline.py
[2025-04-10T21:04:35.828+0000] {processor.py:914} INFO - Processing file /opt/airflow/dags/etl_pipeline.py for tasks to queue
[2025-04-10T21:04:35.830+0000] {logging_mixin.py:190} INFO - [2025-04-10T21:04:35.830+0000] {dagbag.py:588} INFO - Filling up the DagBag from /opt/airflow/dags/etl_pipeline.py
[2025-04-10T21:04:35.852+0000] {processor.py:925} INFO - DAG(s) 'etl_pipeline' retrieved from /opt/airflow/dags/etl_pipeline.py
[2025-04-10T21:04:35.898+0000] {logging_mixin.py:190} INFO - [2025-04-10T21:04:35.898+0000] {dag.py:3239} INFO - Sync 1 DAGs
[2025-04-10T21:04:35.933+0000] {logging_mixin.py:190} INFO - [2025-04-10T21:04:35.932+0000] {dag.py:4180} INFO - Setting next_dagrun for etl_pipeline to 2025-04-10 00:00:00+00:00, run_after=2025-04-11 00:00:00+00:00
[2025-04-10T21:04:35.959+0000] {processor.py:208} INFO - Processing /opt/airflow/dags/etl_pipeline.py took 0.137 seconds
[2025-04-10T21:05:06.063+0000] {processor.py:186} INFO - Started process (PID=398) to work on /opt/airflow/dags/etl_pipeline.py
[2025-04-10T21:05:06.065+0000] {processor.py:914} INFO - Processing file /opt/airflow/dags/etl_pipeline.py for tasks to queue
[2025-04-10T21:05:06.067+0000] {logging_mixin.py:190} INFO - [2025-04-10T21:05:06.067+0000] {dagbag.py:588} INFO - Filling up the DagBag from /opt/airflow/dags/etl_pipeline.py
[2025-04-10T21:05:06.091+0000] {processor.py:925} INFO - DAG(s) 'etl_pipeline' retrieved from /opt/airflow/dags/etl_pipeline.py
[2025-04-10T21:05:06.130+0000] {logging_mixin.py:190} INFO - [2025-04-10T21:05:06.130+0000] {dag.py:3239} INFO - Sync 1 DAGs
[2025-04-10T21:05:06.161+0000] {logging_mixin.py:190} INFO - [2025-04-10T21:05:06.161+0000] {dag.py:4180} INFO - Setting next_dagrun for etl_pipeline to 2025-04-10 00:00:00+00:00, run_after=2025-04-11 00:00:00+00:00
[2025-04-10T21:05:06.188+0000] {processor.py:208} INFO - Processing /opt/airflow/dags/etl_pipeline.py took 0.130 seconds
[2025-04-10T21:05:36.426+0000] {processor.py:186} INFO - Started process (PID=403) to work on /opt/airflow/dags/etl_pipeline.py
[2025-04-10T21:05:36.427+0000] {processor.py:914} INFO - Processing file /opt/airflow/dags/etl_pipeline.py for tasks to queue
[2025-04-10T21:05:36.430+0000] {logging_mixin.py:190} INFO - [2025-04-10T21:05:36.429+0000] {dagbag.py:588} INFO - Filling up the DagBag from /opt/airflow/dags/etl_pipeline.py
[2025-04-10T21:05:36.455+0000] {processor.py:925} INFO - DAG(s) 'etl_pipeline' retrieved from /opt/airflow/dags/etl_pipeline.py
[2025-04-10T21:05:36.495+0000] {logging_mixin.py:190} INFO - [2025-04-10T21:05:36.495+0000] {dag.py:3239} INFO - Sync 1 DAGs
[2025-04-10T21:05:36.528+0000] {logging_mixin.py:190} INFO - [2025-04-10T21:05:36.528+0000] {dag.py:4180} INFO - Setting next_dagrun for etl_pipeline to 2025-04-10 00:00:00+00:00, run_after=2025-04-11 00:00:00+00:00
[2025-04-10T21:05:36.554+0000] {processor.py:208} INFO - Processing /opt/airflow/dags/etl_pipeline.py took 0.133 seconds
[2025-04-10T21:06:06.665+0000] {processor.py:186} INFO - Started process (PID=408) to work on /opt/airflow/dags/etl_pipeline.py
[2025-04-10T21:06:06.666+0000] {processor.py:914} INFO - Processing file /opt/airflow/dags/etl_pipeline.py for tasks to queue
[2025-04-10T21:06:06.669+0000] {logging_mixin.py:190} INFO - [2025-04-10T21:06:06.668+0000] {dagbag.py:588} INFO - Filling up the DagBag from /opt/airflow/dags/etl_pipeline.py
[2025-04-10T21:06:06.697+0000] {processor.py:925} INFO - DAG(s) 'etl_pipeline' retrieved from /opt/airflow/dags/etl_pipeline.py
[2025-04-10T21:06:06.730+0000] {logging_mixin.py:190} INFO - [2025-04-10T21:06:06.730+0000] {dag.py:3239} INFO - Sync 1 DAGs
[2025-04-10T21:06:06.759+0000] {logging_mixin.py:190} INFO - [2025-04-10T21:06:06.759+0000] {dag.py:4180} INFO - Setting next_dagrun for etl_pipeline to 2025-04-10 00:00:00+00:00, run_after=2025-04-11 00:00:00+00:00
[2025-04-10T21:06:06.784+0000] {processor.py:208} INFO - Processing /opt/airflow/dags/etl_pipeline.py took 0.124 seconds
[2025-04-10T21:06:37.020+0000] {processor.py:186} INFO - Started process (PID=413) to work on /opt/airflow/dags/etl_pipeline.py
[2025-04-10T21:06:37.021+0000] {processor.py:914} INFO - Processing file /opt/airflow/dags/etl_pipeline.py for tasks to queue
[2025-04-10T21:06:37.023+0000] {logging_mixin.py:190} INFO - [2025-04-10T21:06:37.023+0000] {dagbag.py:588} INFO - Filling up the DagBag from /opt/airflow/dags/etl_pipeline.py
[2025-04-10T21:06:37.047+0000] {processor.py:925} INFO - DAG(s) 'etl_pipeline' retrieved from /opt/airflow/dags/etl_pipeline.py
[2025-04-10T21:06:37.076+0000] {logging_mixin.py:190} INFO - [2025-04-10T21:06:37.076+0000] {dag.py:3239} INFO - Sync 1 DAGs
[2025-04-10T21:06:37.104+0000] {logging_mixin.py:190} INFO - [2025-04-10T21:06:37.104+0000] {dag.py:4180} INFO - Setting next_dagrun for etl_pipeline to 2025-04-10 00:00:00+00:00, run_after=2025-04-11 00:00:00+00:00
[2025-04-10T21:06:37.125+0000] {processor.py:208} INFO - Processing /opt/airflow/dags/etl_pipeline.py took 0.110 seconds
[2025-04-10T21:07:07.304+0000] {processor.py:186} INFO - Started process (PID=418) to work on /opt/airflow/dags/etl_pipeline.py
[2025-04-10T21:07:07.306+0000] {processor.py:914} INFO - Processing file /opt/airflow/dags/etl_pipeline.py for tasks to queue
[2025-04-10T21:07:07.308+0000] {logging_mixin.py:190} INFO - [2025-04-10T21:07:07.308+0000] {dagbag.py:588} INFO - Filling up the DagBag from /opt/airflow/dags/etl_pipeline.py
[2025-04-10T21:07:07.334+0000] {processor.py:925} INFO - DAG(s) 'etl_pipeline' retrieved from /opt/airflow/dags/etl_pipeline.py
[2025-04-10T21:07:07.365+0000] {logging_mixin.py:190} INFO - [2025-04-10T21:07:07.365+0000] {dag.py:3239} INFO - Sync 1 DAGs
[2025-04-10T21:07:07.391+0000] {logging_mixin.py:190} INFO - [2025-04-10T21:07:07.391+0000] {dag.py:4180} INFO - Setting next_dagrun for etl_pipeline to 2025-04-10 00:00:00+00:00, run_after=2025-04-11 00:00:00+00:00
[2025-04-10T21:07:07.414+0000] {processor.py:208} INFO - Processing /opt/airflow/dags/etl_pipeline.py took 0.115 seconds
[2025-04-10T21:07:37.610+0000] {processor.py:186} INFO - Started process (PID=423) to work on /opt/airflow/dags/etl_pipeline.py
[2025-04-10T21:07:37.612+0000] {processor.py:914} INFO - Processing file /opt/airflow/dags/etl_pipeline.py for tasks to queue
[2025-04-10T21:07:37.616+0000] {logging_mixin.py:190} INFO - [2025-04-10T21:07:37.615+0000] {dagbag.py:588} INFO - Filling up the DagBag from /opt/airflow/dags/etl_pipeline.py
[2025-04-10T21:07:37.642+0000] {processor.py:925} INFO - DAG(s) 'etl_pipeline' retrieved from /opt/airflow/dags/etl_pipeline.py
[2025-04-10T21:07:37.671+0000] {logging_mixin.py:190} INFO - [2025-04-10T21:07:37.671+0000] {dag.py:3239} INFO - Sync 1 DAGs
[2025-04-10T21:07:37.701+0000] {logging_mixin.py:190} INFO - [2025-04-10T21:07:37.701+0000] {dag.py:4180} INFO - Setting next_dagrun for etl_pipeline to 2025-04-10 00:00:00+00:00, run_after=2025-04-11 00:00:00+00:00
[2025-04-10T21:07:37.725+0000] {processor.py:208} INFO - Processing /opt/airflow/dags/etl_pipeline.py took 0.121 seconds
[2025-04-10T21:08:07.890+0000] {processor.py:186} INFO - Started process (PID=428) to work on /opt/airflow/dags/etl_pipeline.py
[2025-04-10T21:08:07.891+0000] {processor.py:914} INFO - Processing file /opt/airflow/dags/etl_pipeline.py for tasks to queue
[2025-04-10T21:08:07.899+0000] {logging_mixin.py:190} INFO - [2025-04-10T21:08:07.899+0000] {dagbag.py:588} INFO - Filling up the DagBag from /opt/airflow/dags/etl_pipeline.py
[2025-04-10T21:08:07.928+0000] {processor.py:925} INFO - DAG(s) 'etl_pipeline' retrieved from /opt/airflow/dags/etl_pipeline.py
[2025-04-10T21:08:07.962+0000] {logging_mixin.py:190} INFO - [2025-04-10T21:08:07.961+0000] {dag.py:3239} INFO - Sync 1 DAGs
[2025-04-10T21:08:07.993+0000] {logging_mixin.py:190} INFO - [2025-04-10T21:08:07.993+0000] {dag.py:4180} INFO - Setting next_dagrun for etl_pipeline to 2025-04-10 00:00:00+00:00, run_after=2025-04-11 00:00:00+00:00
[2025-04-10T21:08:08.022+0000] {processor.py:208} INFO - Processing /opt/airflow/dags/etl_pipeline.py took 0.140 seconds
[2025-04-10T21:08:38.199+0000] {processor.py:186} INFO - Started process (PID=433) to work on /opt/airflow/dags/etl_pipeline.py
[2025-04-10T21:08:38.200+0000] {processor.py:914} INFO - Processing file /opt/airflow/dags/etl_pipeline.py for tasks to queue
[2025-04-10T21:08:38.203+0000] {logging_mixin.py:190} INFO - [2025-04-10T21:08:38.203+0000] {dagbag.py:588} INFO - Filling up the DagBag from /opt/airflow/dags/etl_pipeline.py
[2025-04-10T21:08:38.229+0000] {processor.py:925} INFO - DAG(s) 'etl_pipeline' retrieved from /opt/airflow/dags/etl_pipeline.py
[2025-04-10T21:08:38.258+0000] {logging_mixin.py:190} INFO - [2025-04-10T21:08:38.258+0000] {dag.py:3239} INFO - Sync 1 DAGs
[2025-04-10T21:08:38.283+0000] {logging_mixin.py:190} INFO - [2025-04-10T21:08:38.283+0000] {dag.py:4180} INFO - Setting next_dagrun for etl_pipeline to 2025-04-10 00:00:00+00:00, run_after=2025-04-11 00:00:00+00:00
[2025-04-10T21:08:38.305+0000] {processor.py:208} INFO - Processing /opt/airflow/dags/etl_pipeline.py took 0.111 seconds
[2025-04-10T21:09:08.510+0000] {processor.py:186} INFO - Started process (PID=438) to work on /opt/airflow/dags/etl_pipeline.py
[2025-04-10T21:09:08.512+0000] {processor.py:914} INFO - Processing file /opt/airflow/dags/etl_pipeline.py for tasks to queue
[2025-04-10T21:09:08.514+0000] {logging_mixin.py:190} INFO - [2025-04-10T21:09:08.514+0000] {dagbag.py:588} INFO - Filling up the DagBag from /opt/airflow/dags/etl_pipeline.py
[2025-04-10T21:09:08.539+0000] {processor.py:925} INFO - DAG(s) 'etl_pipeline' retrieved from /opt/airflow/dags/etl_pipeline.py
[2025-04-10T21:09:08.569+0000] {logging_mixin.py:190} INFO - [2025-04-10T21:09:08.569+0000] {dag.py:3239} INFO - Sync 1 DAGs
[2025-04-10T21:09:08.600+0000] {logging_mixin.py:190} INFO - [2025-04-10T21:09:08.600+0000] {dag.py:4180} INFO - Setting next_dagrun for etl_pipeline to 2025-04-10 00:00:00+00:00, run_after=2025-04-11 00:00:00+00:00
[2025-04-10T21:09:08.621+0000] {processor.py:208} INFO - Processing /opt/airflow/dags/etl_pipeline.py took 0.117 seconds
[2025-04-10T21:09:38.782+0000] {processor.py:186} INFO - Started process (PID=443) to work on /opt/airflow/dags/etl_pipeline.py
[2025-04-10T21:09:38.783+0000] {processor.py:914} INFO - Processing file /opt/airflow/dags/etl_pipeline.py for tasks to queue
[2025-04-10T21:09:38.786+0000] {logging_mixin.py:190} INFO - [2025-04-10T21:09:38.785+0000] {dagbag.py:588} INFO - Filling up the DagBag from /opt/airflow/dags/etl_pipeline.py
[2025-04-10T21:09:38.809+0000] {processor.py:925} INFO - DAG(s) 'etl_pipeline' retrieved from /opt/airflow/dags/etl_pipeline.py
[2025-04-10T21:09:38.838+0000] {logging_mixin.py:190} INFO - [2025-04-10T21:09:38.838+0000] {dag.py:3239} INFO - Sync 1 DAGs
[2025-04-10T21:09:38.866+0000] {logging_mixin.py:190} INFO - [2025-04-10T21:09:38.866+0000] {dag.py:4180} INFO - Setting next_dagrun for etl_pipeline to 2025-04-10 00:00:00+00:00, run_after=2025-04-11 00:00:00+00:00
[2025-04-10T21:09:38.888+0000] {processor.py:208} INFO - Processing /opt/airflow/dags/etl_pipeline.py took 0.111 seconds
[2025-04-10T21:10:09.094+0000] {processor.py:186} INFO - Started process (PID=448) to work on /opt/airflow/dags/etl_pipeline.py
[2025-04-10T21:10:09.095+0000] {processor.py:914} INFO - Processing file /opt/airflow/dags/etl_pipeline.py for tasks to queue
[2025-04-10T21:10:09.097+0000] {logging_mixin.py:190} INFO - [2025-04-10T21:10:09.097+0000] {dagbag.py:588} INFO - Filling up the DagBag from /opt/airflow/dags/etl_pipeline.py
[2025-04-10T21:10:09.121+0000] {processor.py:925} INFO - DAG(s) 'etl_pipeline' retrieved from /opt/airflow/dags/etl_pipeline.py
[2025-04-10T21:10:09.148+0000] {logging_mixin.py:190} INFO - [2025-04-10T21:10:09.148+0000] {dag.py:3239} INFO - Sync 1 DAGs
[2025-04-10T21:10:09.201+0000] {logging_mixin.py:190} INFO - [2025-04-10T21:10:09.200+0000] {dag.py:4180} INFO - Setting next_dagrun for etl_pipeline to 2025-04-10 00:00:00+00:00, run_after=2025-04-11 00:00:00+00:00
[2025-04-10T21:10:09.313+0000] {processor.py:208} INFO - Processing /opt/airflow/dags/etl_pipeline.py took 0.225 seconds
[2025-04-10T21:10:39.603+0000] {processor.py:186} INFO - Started process (PID=453) to work on /opt/airflow/dags/etl_pipeline.py
[2025-04-10T21:10:39.607+0000] {processor.py:914} INFO - Processing file /opt/airflow/dags/etl_pipeline.py for tasks to queue
[2025-04-10T21:10:39.616+0000] {logging_mixin.py:190} INFO - [2025-04-10T21:10:39.615+0000] {dagbag.py:588} INFO - Filling up the DagBag from /opt/airflow/dags/etl_pipeline.py
[2025-04-10T21:10:39.644+0000] {processor.py:925} INFO - DAG(s) 'etl_pipeline' retrieved from /opt/airflow/dags/etl_pipeline.py
[2025-04-10T21:10:39.710+0000] {logging_mixin.py:190} INFO - [2025-04-10T21:10:39.710+0000] {dag.py:3239} INFO - Sync 1 DAGs
[2025-04-10T21:10:39.749+0000] {logging_mixin.py:190} INFO - [2025-04-10T21:10:39.749+0000] {dag.py:4180} INFO - Setting next_dagrun for etl_pipeline to 2025-04-10 00:00:00+00:00, run_after=2025-04-11 00:00:00+00:00
[2025-04-10T21:10:39.774+0000] {processor.py:208} INFO - Processing /opt/airflow/dags/etl_pipeline.py took 0.193 seconds
[2025-04-10T21:11:10.022+0000] {processor.py:186} INFO - Started process (PID=458) to work on /opt/airflow/dags/etl_pipeline.py
[2025-04-10T21:11:10.023+0000] {processor.py:914} INFO - Processing file /opt/airflow/dags/etl_pipeline.py for tasks to queue
[2025-04-10T21:11:10.025+0000] {logging_mixin.py:190} INFO - [2025-04-10T21:11:10.025+0000] {dagbag.py:588} INFO - Filling up the DagBag from /opt/airflow/dags/etl_pipeline.py
[2025-04-10T21:11:10.048+0000] {processor.py:925} INFO - DAG(s) 'etl_pipeline' retrieved from /opt/airflow/dags/etl_pipeline.py
[2025-04-10T21:11:10.108+0000] {logging_mixin.py:190} INFO - [2025-04-10T21:11:10.107+0000] {dag.py:3239} INFO - Sync 1 DAGs
[2025-04-10T21:11:10.138+0000] {logging_mixin.py:190} INFO - [2025-04-10T21:11:10.137+0000] {dag.py:4180} INFO - Setting next_dagrun for etl_pipeline to 2025-04-10 00:00:00+00:00, run_after=2025-04-11 00:00:00+00:00
[2025-04-10T21:11:10.175+0000] {processor.py:208} INFO - Processing /opt/airflow/dags/etl_pipeline.py took 0.159 seconds
[2025-04-10T21:11:40.257+0000] {processor.py:186} INFO - Started process (PID=463) to work on /opt/airflow/dags/etl_pipeline.py
[2025-04-10T21:11:40.259+0000] {processor.py:914} INFO - Processing file /opt/airflow/dags/etl_pipeline.py for tasks to queue
[2025-04-10T21:11:40.262+0000] {logging_mixin.py:190} INFO - [2025-04-10T21:11:40.262+0000] {dagbag.py:588} INFO - Filling up the DagBag from /opt/airflow/dags/etl_pipeline.py
[2025-04-10T21:11:40.290+0000] {processor.py:925} INFO - DAG(s) 'etl_pipeline' retrieved from /opt/airflow/dags/etl_pipeline.py
[2025-04-10T21:11:40.322+0000] {logging_mixin.py:190} INFO - [2025-04-10T21:11:40.322+0000] {dag.py:3239} INFO - Sync 1 DAGs
[2025-04-10T21:11:40.350+0000] {logging_mixin.py:190} INFO - [2025-04-10T21:11:40.349+0000] {dag.py:4180} INFO - Setting next_dagrun for etl_pipeline to 2025-04-10 00:00:00+00:00, run_after=2025-04-11 00:00:00+00:00
[2025-04-10T21:11:40.372+0000] {processor.py:208} INFO - Processing /opt/airflow/dags/etl_pipeline.py took 0.121 seconds
[2025-04-10T21:12:10.560+0000] {processor.py:186} INFO - Started process (PID=468) to work on /opt/airflow/dags/etl_pipeline.py
[2025-04-10T21:12:10.561+0000] {processor.py:914} INFO - Processing file /opt/airflow/dags/etl_pipeline.py for tasks to queue
[2025-04-10T21:12:10.564+0000] {logging_mixin.py:190} INFO - [2025-04-10T21:12:10.563+0000] {dagbag.py:588} INFO - Filling up the DagBag from /opt/airflow/dags/etl_pipeline.py
[2025-04-10T21:12:10.587+0000] {processor.py:925} INFO - DAG(s) 'etl_pipeline' retrieved from /opt/airflow/dags/etl_pipeline.py
[2025-04-10T21:12:10.626+0000] {logging_mixin.py:190} INFO - [2025-04-10T21:12:10.626+0000] {dag.py:3239} INFO - Sync 1 DAGs
[2025-04-10T21:12:10.661+0000] {logging_mixin.py:190} INFO - [2025-04-10T21:12:10.661+0000] {dag.py:4180} INFO - Setting next_dagrun for etl_pipeline to 2025-04-10 00:00:00+00:00, run_after=2025-04-11 00:00:00+00:00
[2025-04-10T21:12:10.693+0000] {processor.py:208} INFO - Processing /opt/airflow/dags/etl_pipeline.py took 0.138 seconds
[2025-04-10T21:12:40.859+0000] {processor.py:186} INFO - Started process (PID=473) to work on /opt/airflow/dags/etl_pipeline.py
[2025-04-10T21:12:40.861+0000] {processor.py:914} INFO - Processing file /opt/airflow/dags/etl_pipeline.py for tasks to queue
[2025-04-10T21:12:40.864+0000] {logging_mixin.py:190} INFO - [2025-04-10T21:12:40.863+0000] {dagbag.py:588} INFO - Filling up the DagBag from /opt/airflow/dags/etl_pipeline.py
[2025-04-10T21:12:40.900+0000] {processor.py:925} INFO - DAG(s) 'etl_pipeline' retrieved from /opt/airflow/dags/etl_pipeline.py
[2025-04-10T21:12:40.932+0000] {logging_mixin.py:190} INFO - [2025-04-10T21:12:40.932+0000] {dag.py:3239} INFO - Sync 1 DAGs
[2025-04-10T21:12:40.958+0000] {logging_mixin.py:190} INFO - [2025-04-10T21:12:40.958+0000] {dag.py:4180} INFO - Setting next_dagrun for etl_pipeline to 2025-04-10 00:00:00+00:00, run_after=2025-04-11 00:00:00+00:00
[2025-04-10T21:12:40.980+0000] {processor.py:208} INFO - Processing /opt/airflow/dags/etl_pipeline.py took 0.129 seconds
[2025-04-10T21:13:11.179+0000] {processor.py:186} INFO - Started process (PID=478) to work on /opt/airflow/dags/etl_pipeline.py
[2025-04-10T21:13:11.181+0000] {processor.py:914} INFO - Processing file /opt/airflow/dags/etl_pipeline.py for tasks to queue
[2025-04-10T21:13:11.187+0000] {logging_mixin.py:190} INFO - [2025-04-10T21:13:11.185+0000] {dagbag.py:588} INFO - Filling up the DagBag from /opt/airflow/dags/etl_pipeline.py
[2025-04-10T21:13:11.219+0000] {processor.py:925} INFO - DAG(s) 'etl_pipeline' retrieved from /opt/airflow/dags/etl_pipeline.py
[2025-04-10T21:13:11.251+0000] {logging_mixin.py:190} INFO - [2025-04-10T21:13:11.251+0000] {dag.py:3239} INFO - Sync 1 DAGs
[2025-04-10T21:13:11.280+0000] {logging_mixin.py:190} INFO - [2025-04-10T21:13:11.280+0000] {dag.py:4180} INFO - Setting next_dagrun for etl_pipeline to 2025-04-10 00:00:00+00:00, run_after=2025-04-11 00:00:00+00:00
[2025-04-10T21:13:11.303+0000] {processor.py:208} INFO - Processing /opt/airflow/dags/etl_pipeline.py took 0.131 seconds
[2025-04-10T21:13:41.450+0000] {processor.py:186} INFO - Started process (PID=483) to work on /opt/airflow/dags/etl_pipeline.py
[2025-04-10T21:13:41.452+0000] {processor.py:914} INFO - Processing file /opt/airflow/dags/etl_pipeline.py for tasks to queue
[2025-04-10T21:13:41.455+0000] {logging_mixin.py:190} INFO - [2025-04-10T21:13:41.454+0000] {dagbag.py:588} INFO - Filling up the DagBag from /opt/airflow/dags/etl_pipeline.py
[2025-04-10T21:13:41.481+0000] {processor.py:925} INFO - DAG(s) 'etl_pipeline' retrieved from /opt/airflow/dags/etl_pipeline.py
[2025-04-10T21:13:41.512+0000] {logging_mixin.py:190} INFO - [2025-04-10T21:13:41.512+0000] {dag.py:3239} INFO - Sync 1 DAGs
[2025-04-10T21:13:41.537+0000] {logging_mixin.py:190} INFO - [2025-04-10T21:13:41.536+0000] {dag.py:4180} INFO - Setting next_dagrun for etl_pipeline to 2025-04-10 00:00:00+00:00, run_after=2025-04-11 00:00:00+00:00
[2025-04-10T21:13:41.556+0000] {processor.py:208} INFO - Processing /opt/airflow/dags/etl_pipeline.py took 0.113 seconds
[2025-04-10T21:14:11.773+0000] {processor.py:186} INFO - Started process (PID=488) to work on /opt/airflow/dags/etl_pipeline.py
[2025-04-10T21:14:11.775+0000] {processor.py:914} INFO - Processing file /opt/airflow/dags/etl_pipeline.py for tasks to queue
[2025-04-10T21:14:11.777+0000] {logging_mixin.py:190} INFO - [2025-04-10T21:14:11.777+0000] {dagbag.py:588} INFO - Filling up the DagBag from /opt/airflow/dags/etl_pipeline.py
[2025-04-10T21:14:11.805+0000] {processor.py:925} INFO - DAG(s) 'etl_pipeline' retrieved from /opt/airflow/dags/etl_pipeline.py
[2025-04-10T21:14:11.834+0000] {logging_mixin.py:190} INFO - [2025-04-10T21:14:11.834+0000] {dag.py:3239} INFO - Sync 1 DAGs
[2025-04-10T21:14:11.859+0000] {logging_mixin.py:190} INFO - [2025-04-10T21:14:11.859+0000] {dag.py:4180} INFO - Setting next_dagrun for etl_pipeline to 2025-04-10 00:00:00+00:00, run_after=2025-04-11 00:00:00+00:00
[2025-04-10T21:14:11.883+0000] {processor.py:208} INFO - Processing /opt/airflow/dags/etl_pipeline.py took 0.114 seconds
[2025-04-10T21:14:42.027+0000] {processor.py:186} INFO - Started process (PID=493) to work on /opt/airflow/dags/etl_pipeline.py
[2025-04-10T21:14:42.028+0000] {processor.py:914} INFO - Processing file /opt/airflow/dags/etl_pipeline.py for tasks to queue
[2025-04-10T21:14:42.031+0000] {logging_mixin.py:190} INFO - [2025-04-10T21:14:42.030+0000] {dagbag.py:588} INFO - Filling up the DagBag from /opt/airflow/dags/etl_pipeline.py
[2025-04-10T21:14:42.055+0000] {processor.py:925} INFO - DAG(s) 'etl_pipeline' retrieved from /opt/airflow/dags/etl_pipeline.py
[2025-04-10T21:14:42.085+0000] {logging_mixin.py:190} INFO - [2025-04-10T21:14:42.085+0000] {dag.py:3239} INFO - Sync 1 DAGs
[2025-04-10T21:14:42.111+0000] {logging_mixin.py:190} INFO - [2025-04-10T21:14:42.111+0000] {dag.py:4180} INFO - Setting next_dagrun for etl_pipeline to 2025-04-10 00:00:00+00:00, run_after=2025-04-11 00:00:00+00:00
[2025-04-10T21:14:42.132+0000] {processor.py:208} INFO - Processing /opt/airflow/dags/etl_pipeline.py took 0.110 seconds
[2025-04-10T21:15:12.367+0000] {processor.py:186} INFO - Started process (PID=498) to work on /opt/airflow/dags/etl_pipeline.py
[2025-04-10T21:15:12.371+0000] {processor.py:914} INFO - Processing file /opt/airflow/dags/etl_pipeline.py for tasks to queue
[2025-04-10T21:15:12.377+0000] {logging_mixin.py:190} INFO - [2025-04-10T21:15:12.376+0000] {dagbag.py:588} INFO - Filling up the DagBag from /opt/airflow/dags/etl_pipeline.py
[2025-04-10T21:15:12.402+0000] {processor.py:925} INFO - DAG(s) 'etl_pipeline' retrieved from /opt/airflow/dags/etl_pipeline.py
[2025-04-10T21:15:12.432+0000] {logging_mixin.py:190} INFO - [2025-04-10T21:15:12.432+0000] {dag.py:3239} INFO - Sync 1 DAGs
[2025-04-10T21:15:12.459+0000] {logging_mixin.py:190} INFO - [2025-04-10T21:15:12.459+0000] {dag.py:4180} INFO - Setting next_dagrun for etl_pipeline to 2025-04-10 00:00:00+00:00, run_after=2025-04-11 00:00:00+00:00
[2025-04-10T21:15:12.483+0000] {processor.py:208} INFO - Processing /opt/airflow/dags/etl_pipeline.py took 0.133 seconds
[2025-04-10T21:15:42.606+0000] {processor.py:186} INFO - Started process (PID=503) to work on /opt/airflow/dags/etl_pipeline.py
[2025-04-10T21:15:42.607+0000] {processor.py:914} INFO - Processing file /opt/airflow/dags/etl_pipeline.py for tasks to queue
[2025-04-10T21:15:42.610+0000] {logging_mixin.py:190} INFO - [2025-04-10T21:15:42.609+0000] {dagbag.py:588} INFO - Filling up the DagBag from /opt/airflow/dags/etl_pipeline.py
[2025-04-10T21:15:42.634+0000] {processor.py:925} INFO - DAG(s) 'etl_pipeline' retrieved from /opt/airflow/dags/etl_pipeline.py
[2025-04-10T21:15:42.664+0000] {logging_mixin.py:190} INFO - [2025-04-10T21:15:42.664+0000] {dag.py:3239} INFO - Sync 1 DAGs
[2025-04-10T21:15:42.690+0000] {logging_mixin.py:190} INFO - [2025-04-10T21:15:42.690+0000] {dag.py:4180} INFO - Setting next_dagrun for etl_pipeline to 2025-04-10 00:00:00+00:00, run_after=2025-04-11 00:00:00+00:00
[2025-04-10T21:15:42.713+0000] {processor.py:208} INFO - Processing /opt/airflow/dags/etl_pipeline.py took 0.112 seconds
[2025-04-10T21:16:12.964+0000] {processor.py:186} INFO - Started process (PID=508) to work on /opt/airflow/dags/etl_pipeline.py
[2025-04-10T21:16:12.965+0000] {processor.py:914} INFO - Processing file /opt/airflow/dags/etl_pipeline.py for tasks to queue
[2025-04-10T21:16:12.967+0000] {logging_mixin.py:190} INFO - [2025-04-10T21:16:12.967+0000] {dagbag.py:588} INFO - Filling up the DagBag from /opt/airflow/dags/etl_pipeline.py
[2025-04-10T21:16:12.992+0000] {processor.py:925} INFO - DAG(s) 'etl_pipeline' retrieved from /opt/airflow/dags/etl_pipeline.py
[2025-04-10T21:16:13.022+0000] {logging_mixin.py:190} INFO - [2025-04-10T21:16:13.021+0000] {dag.py:3239} INFO - Sync 1 DAGs
[2025-04-10T21:16:13.049+0000] {logging_mixin.py:190} INFO - [2025-04-10T21:16:13.049+0000] {dag.py:4180} INFO - Setting next_dagrun for etl_pipeline to 2025-04-10 00:00:00+00:00, run_after=2025-04-11 00:00:00+00:00
[2025-04-10T21:16:13.071+0000] {processor.py:208} INFO - Processing /opt/airflow/dags/etl_pipeline.py took 0.112 seconds
[2025-04-10T21:16:43.220+0000] {processor.py:186} INFO - Started process (PID=513) to work on /opt/airflow/dags/etl_pipeline.py
[2025-04-10T21:16:43.222+0000] {processor.py:914} INFO - Processing file /opt/airflow/dags/etl_pipeline.py for tasks to queue
[2025-04-10T21:16:43.224+0000] {logging_mixin.py:190} INFO - [2025-04-10T21:16:43.224+0000] {dagbag.py:588} INFO - Filling up the DagBag from /opt/airflow/dags/etl_pipeline.py
[2025-04-10T21:16:43.252+0000] {processor.py:925} INFO - DAG(s) 'etl_pipeline' retrieved from /opt/airflow/dags/etl_pipeline.py
[2025-04-10T21:16:43.282+0000] {logging_mixin.py:190} INFO - [2025-04-10T21:16:43.282+0000] {dag.py:3239} INFO - Sync 1 DAGs
[2025-04-10T21:16:43.310+0000] {logging_mixin.py:190} INFO - [2025-04-10T21:16:43.309+0000] {dag.py:4180} INFO - Setting next_dagrun for etl_pipeline to 2025-04-10 00:00:00+00:00, run_after=2025-04-11 00:00:00+00:00
[2025-04-10T21:16:43.334+0000] {processor.py:208} INFO - Processing /opt/airflow/dags/etl_pipeline.py took 0.120 seconds
[2025-04-10T21:17:13.595+0000] {processor.py:186} INFO - Started process (PID=518) to work on /opt/airflow/dags/etl_pipeline.py
[2025-04-10T21:17:13.597+0000] {processor.py:914} INFO - Processing file /opt/airflow/dags/etl_pipeline.py for tasks to queue
[2025-04-10T21:17:13.599+0000] {logging_mixin.py:190} INFO - [2025-04-10T21:17:13.599+0000] {dagbag.py:588} INFO - Filling up the DagBag from /opt/airflow/dags/etl_pipeline.py
[2025-04-10T21:17:13.622+0000] {processor.py:925} INFO - DAG(s) 'etl_pipeline' retrieved from /opt/airflow/dags/etl_pipeline.py
[2025-04-10T21:17:13.651+0000] {logging_mixin.py:190} INFO - [2025-04-10T21:17:13.650+0000] {dag.py:3239} INFO - Sync 1 DAGs
[2025-04-10T21:17:13.679+0000] {logging_mixin.py:190} INFO - [2025-04-10T21:17:13.679+0000] {dag.py:4180} INFO - Setting next_dagrun for etl_pipeline to 2025-04-10 00:00:00+00:00, run_after=2025-04-11 00:00:00+00:00
[2025-04-10T21:17:13.702+0000] {processor.py:208} INFO - Processing /opt/airflow/dags/etl_pipeline.py took 0.111 seconds
[2025-04-10T21:17:43.852+0000] {processor.py:186} INFO - Started process (PID=523) to work on /opt/airflow/dags/etl_pipeline.py
[2025-04-10T21:17:43.854+0000] {processor.py:914} INFO - Processing file /opt/airflow/dags/etl_pipeline.py for tasks to queue
[2025-04-10T21:17:43.856+0000] {logging_mixin.py:190} INFO - [2025-04-10T21:17:43.856+0000] {dagbag.py:588} INFO - Filling up the DagBag from /opt/airflow/dags/etl_pipeline.py
[2025-04-10T21:17:43.881+0000] {processor.py:925} INFO - DAG(s) 'etl_pipeline' retrieved from /opt/airflow/dags/etl_pipeline.py
[2025-04-10T21:17:43.911+0000] {logging_mixin.py:190} INFO - [2025-04-10T21:17:43.910+0000] {dag.py:3239} INFO - Sync 1 DAGs
[2025-04-10T21:17:43.938+0000] {logging_mixin.py:190} INFO - [2025-04-10T21:17:43.938+0000] {dag.py:4180} INFO - Setting next_dagrun for etl_pipeline to 2025-04-10 00:00:00+00:00, run_after=2025-04-11 00:00:00+00:00
[2025-04-10T21:17:43.962+0000] {processor.py:208} INFO - Processing /opt/airflow/dags/etl_pipeline.py took 0.114 seconds
[2025-04-10T21:18:14.199+0000] {processor.py:186} INFO - Started process (PID=528) to work on /opt/airflow/dags/etl_pipeline.py
[2025-04-10T21:18:14.201+0000] {processor.py:914} INFO - Processing file /opt/airflow/dags/etl_pipeline.py for tasks to queue
[2025-04-10T21:18:14.203+0000] {logging_mixin.py:190} INFO - [2025-04-10T21:18:14.203+0000] {dagbag.py:588} INFO - Filling up the DagBag from /opt/airflow/dags/etl_pipeline.py
[2025-04-10T21:18:14.230+0000] {processor.py:925} INFO - DAG(s) 'etl_pipeline' retrieved from /opt/airflow/dags/etl_pipeline.py
[2025-04-10T21:18:14.260+0000] {logging_mixin.py:190} INFO - [2025-04-10T21:18:14.260+0000] {dag.py:3239} INFO - Sync 1 DAGs
[2025-04-10T21:18:14.289+0000] {logging_mixin.py:190} INFO - [2025-04-10T21:18:14.289+0000] {dag.py:4180} INFO - Setting next_dagrun for etl_pipeline to 2025-04-10 00:00:00+00:00, run_after=2025-04-11 00:00:00+00:00
[2025-04-10T21:18:14.314+0000] {processor.py:208} INFO - Processing /opt/airflow/dags/etl_pipeline.py took 0.121 seconds
[2025-04-10T21:22:18.664+0000] {processor.py:186} INFO - Started process (PID=533) to work on /opt/airflow/dags/etl_pipeline.py
[2025-04-10T21:22:18.666+0000] {processor.py:914} INFO - Processing file /opt/airflow/dags/etl_pipeline.py for tasks to queue
[2025-04-10T21:22:18.676+0000] {logging_mixin.py:190} INFO - [2025-04-10T21:22:18.675+0000] {dagbag.py:588} INFO - Filling up the DagBag from /opt/airflow/dags/etl_pipeline.py
[2025-04-10T21:22:18.777+0000] {processor.py:925} INFO - DAG(s) 'etl_pipeline' retrieved from /opt/airflow/dags/etl_pipeline.py
[2025-04-10T21:22:18.870+0000] {logging_mixin.py:190} INFO - [2025-04-10T21:22:18.862+0000] {dag.py:3239} INFO - Sync 1 DAGs
[2025-04-10T21:22:18.939+0000] {logging_mixin.py:190} INFO - [2025-04-10T21:22:18.939+0000] {dag.py:4180} INFO - Setting next_dagrun for etl_pipeline to 2025-04-10 00:00:00+00:00, run_after=2025-04-11 00:00:00+00:00
[2025-04-10T21:22:18.992+0000] {processor.py:208} INFO - Processing /opt/airflow/dags/etl_pipeline.py took 0.334 seconds
